#auto generated file!
6.0;0.0;0.0;0.0
12.0;0.05357142857142857;1.05;0.0
18.0;3.875;0.15;0.0
24.0;12.160714285714286;0.35;0.0
30.0;21.625;1.5;0.0
36.0;47.875;0.05;0.0
42.0;89.23214285714286;0.75;0.0
48.0;95.98214285714286;3.95;0.0
54.0;97.60714285714286;7.35;0.0
60.0;100.60714285714286;3.4;0.0
66.0;88.875;0.9;0.0
72.0;76.73214285714286;6.0;0.0
78.0;74.5;3.0;0.0
84.0;60.55357142857143;0.75;0.0
90.0;47.517857142857146;1.8499999999999999;0.0
96.0;46.80357142857143;0.15;0.0
102.0;65.96428571428571;0.4;0.0
108.0;92.73214285714286;3.05;0.0
114.0;95.17857142857143;4.5;0.0
120.0;93.01785714285714;2.5;0.0
126.0;86.46428571428571;0.0;0.0
132.0;68.66071428571429;0.0;0.0
138.0;41.125;0.4;0.0
144.0;31.232142857142858;0.0;0.0
150.0;19.375;0.15;0.0
156.0;19.25;0.6;0.0
162.0;19.964285714285715;0.44999999999999996;0.0
168.0;34.82142857142857;0.0;0.0
174.0;55.107142857142854;0.0;0.0
180.0;77.67857142857143;0.05;0.0
186.0;91.89285714285714;0.3;0.0
192.0;91.55357142857143;1.65;0.0
198.0;91.32142857142857;2.75;0.0
204.0;85.19642857142857;1.4;0.0
210.0;76.98214285714286;1.55;0.0
216.0;71.46428571428571;0.9;0.0
222.0;66.91071428571429;0.15;0.0
228.0;70.39285714285714;0.35;0.0
234.0;80.48214285714286;1.5;0.0
240.0;83.55357142857143;3.3;0.0
246.0;79.16071428571429;5.3;0.0
252.0;78.98214285714286;2.25;0.0
258.0;83.08928571428571;4.5;0.0
264.0;84.58928571428571;4.5;0.0
270.0;84.21428571428571;5.25;0.0
276.0;79.89285714285714;3.9;0.0
282.0;83.01785714285714;3.15;0.0
288.0;89.73214285714286;2.25;0.0
294.0;97.5;1.9;0.0
