#auto generated file!
6.0;0.0;0.0;0.0
12.0;0.9285714285714286;0.0;0.0
18.0;7.482142857142857;0.0;0.0
24.0;14.482142857142858;0.0;0.0
30.0;25.482142857142858;0.0;0.0
36.0;51.25;0.0;0.0
42.0;79.73214285714286;1.05;0.0
48.0;98.17857142857143;2.2;0.0
54.0;63.5;2.85;0.0
60.0;11.571428571428571;0.75;0.0
66.0;16.0;0.0;0.0
72.0;37.375;0.0;0.0
78.0;45.017857142857146;0.0;0.0
84.0;52.82142857142857;0.0;0.0
90.0;53.5;0.0;0.0
96.0;55.392857142857146;0.0;0.0
102.0;71.89285714285714;0.0;0.0
108.0;80.41071428571429;1.6;0.0
114.0;83.71428571428571;0.9500000000000001;0.0
120.0;79.58928571428571;1.7000000000000002;0.0
126.0;74.78571428571429;0.15;0.0
132.0;53.19642857142857;0.0;0.0
138.0;35.285714285714285;0.15;0.0
144.0;16.946428571428573;0.15;0.0
150.0;12.303571428571429;0.15;0.0
156.0;16.767857142857142;0.15;0.0
162.0;18.553571428571427;0.15;0.0
168.0;32.82142857142857;0.15;0.0
174.0;54.732142857142854;0.15;0.0
180.0;70.53571428571429;0.15;0.0
186.0;79.64285714285714;1.15;0.0
192.0;80.21428571428571;0.3;0.0
198.0;79.64285714285714;0.15;0.0
204.0;79.21428571428571;0.3;0.0
210.0;75.19642857142857;0.0;0.0
216.0;78.71428571428571;0.0;0.0
222.0;75.19642857142857;0.0;0.0
228.0;79.17857142857143;0.75;0.0
234.0;78.5;2.25;0.0
240.0;79.5;0.44999999999999996;0.0
246.0;79.69642857142857;1.65;0.0
252.0;79.375;0.75;0.0
258.0;78.58928571428571;1.35;0.0
264.0;79.89285714285714;1.3499999999999999;0.0
270.0;78.58928571428571;4.1;0.0
276.0;80.41071428571429;3.9;0.0
282.0;80.01785714285714;0.85;0.0
288.0;80.19642857142857;0.8;0.0
294.0;79.46428571428571;1.5;0.0
