#auto generated file!
6.0;0.0;0.0;0.0
12.0;1.1607142857142858;0.0;0.0
18.0;6.071428571428571;0.0;0.0
24.0;11.142857142857142;0.0;0.0
30.0;21.75;0.0;0.0
36.0;38.660714285714285;0.0;0.0
42.0;69.69642857142857;0.0;0.0
48.0;79.875;1.5;0.0
54.0;79.33928571428571;1.5;0.0
60.0;79.17857142857143;2.45;0.0
66.0;79.55357142857143;0.44999999999999996;0.0
72.0;74.73214285714286;0.9;0.0
78.0;64.25;1.5;0.0
84.0;54.339285714285715;0.0;0.0
90.0;43.17857142857143;0.0;0.0
96.0;51.464285714285715;0.0;0.0
102.0;52.17857142857143;0.0;0.0
108.0;72.85714285714286;0.0;0.0
114.0;80.01785714285714;1.6500000000000001;0.0
120.0;76.80357142857143;0.0;0.0
126.0;77.51785714285714;0.0;0.0
132.0;54.160714285714285;0.0;0.0
138.0;28.357142857142858;0.0;0.0
144.0;12.214285714285714;0.0;0.0
150.0;8.339285714285714;0.0;0.0
156.0;9.089285714285714;0.0;0.0
162.0;13.678571428571429;0.0;0.0
168.0;21.607142857142858;0.0;0.0
174.0;40.464285714285715;0.0;0.0
180.0;55.82142857142857;0.0;0.0
186.0;70.28571428571429;0.0;0.0
192.0;74.58928571428571;0.0;0.0
198.0;76.23214285714286;0.0;0.0
204.0;72.01785714285714;0.0;0.0
210.0;57.19642857142857;0.0;0.0
216.0;48.125;0.0;0.0
222.0;51.839285714285715;0.0;0.0
228.0;62.57142857142857;0.0;0.0
234.0;78.75;0.6;0.0
240.0;79.83928571428571;1.65;0.0
246.0;80.16071428571429;0.75;0.0
252.0;78.60714285714286;0.0;0.0
258.0;79.375;0.0;0.0
264.0;79.25;0.15;0.0
270.0;79.80357142857143;1.65;0.0
276.0;75.5;0.0;0.0
282.0;78.75;1.4;0.0
288.0;79.0;0.0;0.0
294.0;78.16071428571429;0.3;0.0
