#auto generated file!
6.0;0.0;0.0;0.0
12.0;0.9821428571428571;0.0;0.0
18.0;10.178571428571429;0.0;0.0
24.0;19.553571428571427;0.0;0.0
30.0;44.035714285714285;0.0;0.0
36.0;80.66071428571429;4.15;0.0
42.0;79.83928571428571;0.35;0.0
48.0;53.125;1.2;0.0
54.0;16.178571428571427;0.15;0.0
60.0;8.125;0.75;0.0
66.0;4.982142857142857;0.0;0.0
72.0;4.392857142857143;0.0;0.0
78.0;34.5;0.0;0.0
84.0;52.17857142857143;0.0;0.0
90.0;64.89285714285714;0.0;0.0
96.0;80.41071428571429;2.5;0.0
102.0;79.58928571428571;2.25;0.0
108.0;80.35714285714286;0.9;0.0
114.0;79.60714285714286;1.1;0.0
120.0;80.25;0.3;0.0
126.0;80.01785714285714;1.25;0.0
132.0;78.83928571428571;0.75;0.0
138.0;79.35714285714286;0.0;0.0
144.0;69.46428571428571;0.3;0.0
150.0;44.17857142857143;0.75;0.0
156.0;30.160714285714285;0.0;0.0
162.0;41.964285714285715;0.0;0.0
168.0;23.446428571428573;0.0;0.0
174.0;4.339285714285714;0.0;0.0
180.0;2.392857142857143;0.0;0.0
186.0;2.7142857142857144;0.0;0.0
192.0;2.9642857142857144;0.0;0.0
198.0;2.1964285714285716;0.0;0.0
204.0;2.107142857142857;0.0;0.0
210.0;58.92857142857143;0.0;0.0
216.0;80.44642857142857;1.35;0.0
222.0;79.07142857142857;0.44999999999999996;0.0
228.0;79.85714285714286;2.55;0.0
234.0;80.46428571428571;1.4;0.0
240.0;80.28571428571429;0.3;0.0
246.0;79.57142857142857;0.15;0.0
252.0;80.125;0.44999999999999996;0.0
258.0;79.96428571428571;0.44999999999999996;0.0
264.0;80.57142857142857;3.3;0.0
270.0;80.08928571428571;2.75;0.0
276.0;79.83928571428571;1.15;0.0
282.0;79.82142857142857;1.15;0.0
288.0;79.89285714285714;0.9;0.0
294.0;79.85714285714286;0.49999999999999994;0.0
