Simulation started at 25/01/2020 13:55:26
----------------------------------------------------------------------
Scenario started at 25/01/2020 13:55:26
Scenario: TWO_TIER_WITH_EO - Policy: DEEP_EDGE - #iteration: 17
Duration: 5.0 min (warm up period: 1.0 min) - #devices: 0
Creating tasks...Done, 
Creating device locations...Done.
SimManager is starting...Done.
.........10.........20.........30.........40.........50.........60.........70.........80.........90.........100
# of tasks (Edge/Cloud/Mobile): 0(0/0/0)
# of failed tasks (Edge/Cloud/Mobile): 0(0/0/0)
# of completed tasks (Edge/Cloud/Mobile): 0(0/0/0)
# of uncompleted tasks (Edge/Cloud/Mobile): 0(0/0/0)
# of failed tasks due to vm capacity (Edge/Cloud/Mobile): 0(0/0/0)
# of failed tasks due to Mobility/Network(WLAN/MAN/WAN): 0/0(0/0/0)
percentage of failed tasks: NaN%
average service time: NaN seconds. (on Edge: NaN, on Cloud: NaN, on Mobile: NaN)
average processing time: NaN seconds. (on Edge: NaN, on Cloud: NaN, on Mobile: NaN)
average network delay: NaN seconds. (LAN delay: NaN, MAN delay: NaN, WAN delay: NaN)
average server utilization Edge/Cloud/Mobile: 0,000000/0,000000/0,000000
average cost: NaN$
Scenario finished at 25/01/2020 13:55:27. It took 856 Milli Seconds
----------------------------------------------------------------------
Scenario started at 25/01/2020 13:55:27
Scenario: TWO_TIER_WITH_EO - Policy: FUZZY_BASED - #iteration: 17
Duration: 5.0 min (warm up period: 1.0 min) - #devices: 0
Creating tasks...Done, 
Creating device locations...Done.
SimManager is starting...Done.
.........10.........20.........30.........40.........50.........60.........70.........80.........90.........100
# of tasks (Edge/Cloud/Mobile): 0(0/0/0)
# of failed tasks (Edge/Cloud/Mobile): 0(0/0/0)
# of completed tasks (Edge/Cloud/Mobile): 0(0/0/0)
# of uncompleted tasks (Edge/Cloud/Mobile): 0(0/0/0)
# of failed tasks due to vm capacity (Edge/Cloud/Mobile): 0(0/0/0)
# of failed tasks due to Mobility/Network(WLAN/MAN/WAN): 0/0(0/0/0)
percentage of failed tasks: NaN%
average service time: NaN seconds. (on Edge: NaN, on Cloud: NaN, on Mobile: NaN)
average processing time: NaN seconds. (on Edge: NaN, on Cloud: NaN, on Mobile: NaN)
average network delay: NaN seconds. (LAN delay: NaN, MAN delay: NaN, WAN delay: NaN)
average server utilization Edge/Cloud/Mobile: 0,000000/0,000000/0,000000
average cost: NaN$
Scenario finished at 25/01/2020 13:55:27. It took 292 Milli Seconds
----------------------------------------------------------------------
Scenario started at 25/01/2020 13:55:27
Scenario: TWO_TIER_WITH_EO - Policy: DEEP_EDGE - #iteration: 17
Duration: 5.0 min (warm up period: 1.0 min) - #devices: 200
Creating tasks...Done, 
Creating device locations...Done.
SimManager is starting...Done.
...o.n.l.f.Nd4jBackend - Loaded [CpuBackend] backend
o.n.n.NativeOpsHolder - Number of threads used for linear algebra: 1
o.n.n.Nd4jBlas - Number of threads used for OpenMP BLAS: 4
o.n.l.a.o.e.DefaultOpExecutioner - Backend used: [CPU]; OS: [Mac OS X]
o.n.l.a.o.e.DefaultOpExecutioner - Cores: [8]; Memory: [1,8GB];
o.n.l.a.o.e.DefaultOpExecutioner - Blas vendor: [OPENBLAS]
o.d.n.m.MultiLayerNetwork - Starting MultiLayerNetwork with WorkspaceModes set to [training: ENABLED; inference: ENABLED], cacheMode set to [NONE]
Model is created successfully
......10.........20.........30.........40.........50.........60.........70.........80.........90.........100
# of tasks (Edge/Cloud/Mobile): 6727(5756/971/0)
# of failed tasks (Edge/Cloud/Mobile): 25(23/2/0)
# of completed tasks (Edge/Cloud/Mobile): 6702(5733/969/0)
# of uncompleted tasks (Edge/Cloud/Mobile): 22(22/0/0)
# of failed tasks due to vm capacity (Edge/Cloud/Mobile): 0(0/0/0)
# of failed tasks due to Mobility/Network(WLAN/MAN/WAN): 25/0(0/0/0)
percentage of failed tasks: 0,371637%
average service time: 0,880940 seconds. (on Edge: 0,887477, on Cloud: 0,842265, on Mobile: NaN)
average processing time: 0,748903 seconds. (on Edge: 0,837179, on Cloud: 0,226626, on Mobile: NaN)
average network delay: 0,132037 seconds. (LAN delay: 0,050298, MAN delay: NaN, WAN delay: 0,615640)
average server utilization Edge/Cloud/Mobile: 0,989796/0,459184/0,000000
average cost: 0.0$
Scenario finished at 25/01/2020 13:55:46. It took 18 Seconds
----------------------------------------------------------------------
Scenario started at 25/01/2020 13:55:46
Scenario: TWO_TIER_WITH_EO - Policy: FUZZY_BASED - #iteration: 17
Duration: 5.0 min (warm up period: 1.0 min) - #devices: 200
Creating tasks...Done, 
Creating device locations...Done.
SimManager is starting...Done.
.........10.........20.........30.........40.........50.........60.........70.........80.........90.........100
# of tasks (Edge/Cloud/Mobile): 6879(5947/932/0)
# of failed tasks (Edge/Cloud/Mobile): 24(23/1/0)
# of completed tasks (Edge/Cloud/Mobile): 6855(5924/931/0)
# of uncompleted tasks (Edge/Cloud/Mobile): 26(24/0/2)
# of failed tasks due to vm capacity (Edge/Cloud/Mobile): 0(0/0/0)
# of failed tasks due to Mobility/Network(WLAN/MAN/WAN): 24/0(0/0/0)
percentage of failed tasks: 0,348888%
average service time: 0,848025 seconds. (on Edge: 0,848842, on Cloud: 0,842822, on Mobile: NaN)
average processing time: 0,719439 seconds. (on Edge: 0,798758, on Cloud: 0,214728, on Mobile: NaN)
average network delay: 0,128586 seconds. (LAN delay: 0,050084, MAN delay: NaN, WAN delay: 0,628095)
average server utilization Edge/Cloud/Mobile: 1,009475/0,438776/0,000000
average cost: 0.0$
Scenario finished at 25/01/2020 13:56:36. It took 50 Seconds
----------------------------------------------------------------------
Scenario started at 25/01/2020 13:56:36
Scenario: TWO_TIER_WITH_EO - Policy: DEEP_EDGE - #iteration: 17
Duration: 5.0 min (warm up period: 1.0 min) - #devices: 400
Creating tasks...Done, 
Creating device locations...Done.
SimManager is starting...Done.
...Model is created successfully
......10.........20.........30.........40.........50.........60.........70.........80.........90.........100
# of tasks (Edge/Cloud/Mobile): 14470(12898/1572/0)
# of failed tasks (Edge/Cloud/Mobile): 58(52/6/0)
# of completed tasks (Edge/Cloud/Mobile): 14412(12846/1566/0)
# of uncompleted tasks (Edge/Cloud/Mobile): 65(60/0/5)
# of failed tasks due to vm capacity (Edge/Cloud/Mobile): 0(0/0/0)
# of failed tasks due to Mobility/Network(WLAN/MAN/WAN): 58/0(0/0/0)
percentage of failed tasks: 0,400829%
average service time: 0,871017 seconds. (on Edge: 0,866168, on Cloud: 0,910795, on Mobile: NaN)
average processing time: 0,744594 seconds. (on Edge: 0,808481, on Cloud: 0,220521, on Mobile: NaN)
average network delay: 0,126424 seconds. (LAN delay: 0,057687, MAN delay: NaN, WAN delay: 0,690274)
average server utilization Edge/Cloud/Mobile: 2,173469/0,755102/0,000000
average cost: 0.0$
Scenario finished at 25/01/2020 13:56:57. It took 21 Seconds
----------------------------------------------------------------------
Scenario started at 25/01/2020 13:56:57
Scenario: TWO_TIER_WITH_EO - Policy: FUZZY_BASED - #iteration: 17
Duration: 5.0 min (warm up period: 1.0 min) - #devices: 400
Creating tasks...Done, 
Creating device locations...Done.
SimManager is starting...Done.
.........10.........20.........30.........40.........50.........60.........70.........80.........90.........100
# of tasks (Edge/Cloud/Mobile): 12918(11047/1871/0)
# of failed tasks (Edge/Cloud/Mobile): 74(61/13/0)
# of completed tasks (Edge/Cloud/Mobile): 12844(10986/1858/0)
# of uncompleted tasks (Edge/Cloud/Mobile): 39(39/0/0)
# of failed tasks due to vm capacity (Edge/Cloud/Mobile): 0(0/0/0)
# of failed tasks due to Mobility/Network(WLAN/MAN/WAN): 74/0(0/0/0)
percentage of failed tasks: 0,572844%
average service time: 0,868574 seconds. (on Edge: 0,851811, on Cloud: 0,967689, on Mobile: NaN)
average processing time: 0,713002 seconds. (on Edge: 0,797299, on Cloud: 0,214568, on Mobile: NaN)
average network delay: 0,155572 seconds. (LAN delay: 0,054512, MAN delay: NaN, WAN delay: 0,753121)
average server utilization Edge/Cloud/Mobile: 1,810131/0,704082/0,000000
average cost: 0.0$
Scenario finished at 25/01/2020 13:58:29. It took 1 Minute 32 Seconds
----------------------------------------------------------------------
Scenario started at 25/01/2020 13:58:29
Scenario: TWO_TIER_WITH_EO - Policy: DEEP_EDGE - #iteration: 17
Duration: 5.0 min (warm up period: 1.0 min) - #devices: 600
Creating tasks...Done, 
Creating device locations...Done.
SimManager is starting...Done.
...Model is created successfully
......10.........20.........30.........40.........50.........60.........70.........80.........90.........100
# of tasks (Edge/Cloud/Mobile): 20343(17430/2913/0)
# of failed tasks (Edge/Cloud/Mobile): 83(66/17/0)
# of completed tasks (Edge/Cloud/Mobile): 20260(17364/2896/0)
# of uncompleted tasks (Edge/Cloud/Mobile): 66(65/0/1)
# of failed tasks due to vm capacity (Edge/Cloud/Mobile): 0(0/0/0)
# of failed tasks due to Mobility/Network(WLAN/MAN/WAN): 83/0(0/0/0)
percentage of failed tasks: 0,408003%
average service time: 0,912124 seconds. (on Edge: 0,894822, on Cloud: 1,015860, on Mobile: NaN)
average processing time: 0,743562 seconds. (on Edge: 0,831751, on Cloud: 0,214791, on Mobile: NaN)
average network delay: 0,168562 seconds. (LAN delay: 0,063071, MAN delay: NaN, WAN delay: 0,801069)
average server utilization Edge/Cloud/Mobile: 2,957362/1,076531/0,000000
average cost: 0.0$
Scenario finished at 25/01/2020 13:58:50. It took 20 Seconds
----------------------------------------------------------------------
Scenario started at 25/01/2020 13:58:50
Scenario: TWO_TIER_WITH_EO - Policy: FUZZY_BASED - #iteration: 17
Duration: 5.0 min (warm up period: 1.0 min) - #devices: 600
Creating tasks...Done, 
Creating device locations...Done.
SimManager is starting...Done.
.........10.........20.........30.........40.........50.........60.........70.........80.........90.........100
# of tasks (Edge/Cloud/Mobile): 19298(16520/2778/0)
# of failed tasks (Edge/Cloud/Mobile): 104(86/18/0)
# of completed tasks (Edge/Cloud/Mobile): 19194(16434/2760/0)
# of uncompleted tasks (Edge/Cloud/Mobile): 77(73/0/4)
# of failed tasks due to vm capacity (Edge/Cloud/Mobile): 0(0/0/0)
# of failed tasks due to Mobility/Network(WLAN/MAN/WAN): 104/0(0/0/0)
percentage of failed tasks: 0,538916%
average service time: 0,907511 seconds. (on Edge: 0,875595, on Cloud: 1,097552, on Mobile: NaN)
average processing time: 0,732000 seconds. (on Edge: 0,816164, on Cloud: 0,230854, on Mobile: NaN)
average network delay: 0,175511 seconds. (LAN delay: 0,059430, MAN delay: NaN, WAN delay: 0,866698)
average server utilization Edge/Cloud/Mobile: 2,860423/1,239796/0,000000
average cost: 0.0$
Scenario finished at 25/01/2020 14:01:01. It took 2 Minutes 10 Seconds
----------------------------------------------------------------------
Scenario started at 25/01/2020 14:01:01
Scenario: TWO_TIER_WITH_EO - Policy: DEEP_EDGE - #iteration: 17
Duration: 5.0 min (warm up period: 1.0 min) - #devices: 800
Creating tasks...Done, 
Creating device locations...Done.
SimManager is starting...Done.
...Model is created successfully
......10.........20.........30.........40.........50.........60.........70.........80.........90.........100
# of tasks (Edge/Cloud/Mobile): 27458(23948/3510/0)
# of failed tasks (Edge/Cloud/Mobile): 115(95/20/0)
# of completed tasks (Edge/Cloud/Mobile): 27343(23853/3490/0)
# of uncompleted tasks (Edge/Cloud/Mobile): 120(109/0/11)
# of failed tasks due to vm capacity (Edge/Cloud/Mobile): 0(0/0/0)
# of failed tasks due to Mobility/Network(WLAN/MAN/WAN): 115/0(0/0/0)
percentage of failed tasks: 0,418821%
average service time: 0,959428 seconds. (on Edge: 0,932602, on Cloud: 1,142771, on Mobile: NaN)
average processing time: 0,779427 seconds. (on Edge: 0,860692, on Cloud: 0,224010, on Mobile: NaN)
average network delay: 0,180000 seconds. (LAN delay: 0,071910, MAN delay: NaN, WAN delay: 0,918761)
average server utilization Edge/Cloud/Mobile: 4,198251/1,464286/0,000000
average cost: 0.0$
Scenario finished at 25/01/2020 14:01:34. It took 33 Seconds
----------------------------------------------------------------------
Scenario started at 25/01/2020 14:01:34
Scenario: TWO_TIER_WITH_EO - Policy: FUZZY_BASED - #iteration: 17
Duration: 5.0 min (warm up period: 1.0 min) - #devices: 800
Creating tasks...Done, 
Creating device locations...Done.
SimManager is starting...Done.
.........10.........20.........30.........40.........50.........60.........70.........80.........90.........100
# of tasks (Edge/Cloud/Mobile): 26694(23020/3674/0)
# of failed tasks (Edge/Cloud/Mobile): 140(122/18/0)
# of completed tasks (Edge/Cloud/Mobile): 26554(22898/3656/0)
# of uncompleted tasks (Edge/Cloud/Mobile): 106(97/4/5)
# of failed tasks due to vm capacity (Edge/Cloud/Mobile): 0(0/0/0)
# of failed tasks due to Mobility/Network(WLAN/MAN/WAN): 140/0(0/0/0)
percentage of failed tasks: 0,524462%
average service time: 0,952569 seconds. (on Edge: 0,927295, on Cloud: 1,110867, on Mobile: NaN)
average processing time: 0,770273 seconds. (on Edge: 0,858191, on Cloud: 0,219632, on Mobile: NaN)
average network delay: 0,182296 seconds. (LAN delay: 0,069103, MAN delay: NaN, WAN delay: 0,891235)
average server utilization Edge/Cloud/Mobile: 4,081997/1,500000/0,000000
average cost: 0.0$
Scenario finished at 25/01/2020 14:04:33. It took 2 Minutes 59 Seconds
----------------------------------------------------------------------
Scenario started at 25/01/2020 14:04:33
Scenario: TWO_TIER_WITH_EO - Policy: DEEP_EDGE - #iteration: 17
Duration: 5.0 min (warm up period: 1.0 min) - #devices: 1000
Creating tasks...Done, 
Creating device locations...Done.
SimManager is starting...Done.
...Model is created successfully
......10.........20.........30.........40.........50.........60.........70.........80.........90.........100
# of tasks (Edge/Cloud/Mobile): 31534(26447/5087/0)
# of failed tasks (Edge/Cloud/Mobile): 154(119/35/0)
# of completed tasks (Edge/Cloud/Mobile): 31380(26328/5052/0)
# of uncompleted tasks (Edge/Cloud/Mobile): 126(115/2/9)
# of failed tasks due to vm capacity (Edge/Cloud/Mobile): 0(0/0/0)
# of failed tasks due to Mobility/Network(WLAN/MAN/WAN): 154/0(0/0/0)
percentage of failed tasks: 0,488362%
average service time: 0,987198 seconds. (on Edge: 0,928761, on Cloud: 1,291741, on Mobile: NaN)
average processing time: 0,752474 seconds. (on Edge: 0,855140, on Cloud: 0,217442, on Mobile: NaN)
average network delay: 0,234724 seconds. (LAN delay: 0,073621, MAN delay: NaN, WAN delay: 1,074299)
average server utilization Edge/Cloud/Mobile: 4,764942/2,025510/0,000000
average cost: 0.0$
Scenario finished at 25/01/2020 14:05:14. It took 41 Seconds
----------------------------------------------------------------------
Scenario started at 25/01/2020 14:05:14
Scenario: TWO_TIER_WITH_EO - Policy: FUZZY_BASED - #iteration: 17
Duration: 5.0 min (warm up period: 1.0 min) - #devices: 1000
Creating tasks...Done, 
Creating device locations...Done.
SimManager is starting...Done.
.........10.........20.........30.........40.........50.........60.........70.........80.........90.........100
# of tasks (Edge/Cloud/Mobile): 34578(30248/4330/0)
# of failed tasks (Edge/Cloud/Mobile): 161(144/17/0)
# of completed tasks (Edge/Cloud/Mobile): 34417(30104/4313/0)
# of uncompleted tasks (Edge/Cloud/Mobile): 199(183/1/15)
# of failed tasks due to vm capacity (Edge/Cloud/Mobile): 0(0/0/0)
# of failed tasks due to Mobility/Network(WLAN/MAN/WAN): 161/0(0/0/0)
percentage of failed tasks: 0,465614%
average service time: 1,055348 seconds. (on Edge: 1,039025, on Cloud: 1,169275, on Mobile: NaN)
average processing time: 0,866046 seconds. (on Edge: 0,958616, on Cloud: 0,219924, on Mobile: NaN)
average network delay: 0,189302 seconds. (LAN delay: 0,080373, MAN delay: 0,012930, WAN delay: 0,949351)
average server utilization Edge/Cloud/Mobile: 6,061224/1,892857/0,000000
average cost: 0.0$
Scenario finished at 25/01/2020 14:09:13. It took 3 Minutes 58 Seconds
----------------------------------------------------------------------
Scenario started at 25/01/2020 14:09:13
Scenario: TWO_TIER_WITH_EO - Policy: DEEP_EDGE - #iteration: 17
Duration: 5.0 min (warm up period: 1.0 min) - #devices: 1200
Creating tasks...Done, 
Creating device locations...Done.
SimManager is starting...Done.
...Model is created successfully
......10.........20.........30.........40.........50.........60.........70.........80.........90.........100
# of tasks (Edge/Cloud/Mobile): 39973(34407/5566/0)
# of failed tasks (Edge/Cloud/Mobile): 224(185/39/0)
# of completed tasks (Edge/Cloud/Mobile): 39749(34222/5527/0)
# of uncompleted tasks (Edge/Cloud/Mobile): 515(481/2/32)
# of failed tasks due to vm capacity (Edge/Cloud/Mobile): 0(0/0/0)
# of failed tasks due to Mobility/Network(WLAN/MAN/WAN): 224/0(0/0/0)
percentage of failed tasks: 0,560378%
average service time: 1,534242 seconds. (on Edge: 1,564504, on Cloud: 1,346862, on Mobile: NaN)
average processing time: 1,299242 seconds. (on Edge: 1,473710, on Cloud: 0,218974, on Mobile: NaN)
average network delay: 0,234999 seconds. (LAN delay: 0,090636, MAN delay: 0,012934, WAN delay: 1,127888)
average server utilization Edge/Cloud/Mobile: 10,363338/2,091837/0,000000
average cost: 0.0$
Scenario finished at 25/01/2020 14:10:08. It took 55 Seconds
----------------------------------------------------------------------
Scenario started at 25/01/2020 14:10:08
Scenario: TWO_TIER_WITH_EO - Policy: FUZZY_BASED - #iteration: 17
Duration: 5.0 min (warm up period: 1.0 min) - #devices: 1200
Creating tasks...Done, 
Creating device locations...Done.
SimManager is starting...Done.
.........10.........20.........30.........40.........50.........60.........70.........80.........90.........100
# of tasks (Edge/Cloud/Mobile): 39178(33671/5507/0)
# of failed tasks (Edge/Cloud/Mobile): 220(177/43/0)
# of completed tasks (Edge/Cloud/Mobile): 38958(33494/5464/0)
# of uncompleted tasks (Edge/Cloud/Mobile): 240(226/0/14)
# of failed tasks due to vm capacity (Edge/Cloud/Mobile): 0(0/0/0)
# of failed tasks due to Mobility/Network(WLAN/MAN/WAN): 220/0(0/0/0)
percentage of failed tasks: 0,561540%
average service time: 1,174315 seconds. (on Edge: 1,149791, on Cloud: 1,324650, on Mobile: NaN)
average processing time: 0,944624 seconds. (on Edge: 1,062354, on Cloud: 0,222945, on Mobile: NaN)
average network delay: 0,229692 seconds. (LAN delay: 0,087131, MAN delay: 0,012978, WAN delay: 1,101705)
average server utilization Edge/Cloud/Mobile: 7,647959/2,260204/0,000000
average cost: 0.0$
Scenario finished at 25/01/2020 14:14:43. It took 4 Minutes 34 Seconds
----------------------------------------------------------------------
Scenario started at 25/01/2020 14:14:43
Scenario: TWO_TIER_WITH_EO - Policy: DEEP_EDGE - #iteration: 17
Duration: 5.0 min (warm up period: 1.0 min) - #devices: 1400
Creating tasks...Done, 
Creating device locations...Done.
SimManager is starting...Done.
...Model is created successfully
......10.........20.........30.........40.........50.........60.........70.........80.........90.........100
# of tasks (Edge/Cloud/Mobile): 46424(39839/6585/0)
# of failed tasks (Edge/Cloud/Mobile): 311(273/38/0)
# of completed tasks (Edge/Cloud/Mobile): 46113(39566/6547/0)
# of uncompleted tasks (Edge/Cloud/Mobile): 845(819/2/24)
# of failed tasks due to vm capacity (Edge/Cloud/Mobile): 0(0/0/0)
# of failed tasks due to Mobility/Network(WLAN/MAN/WAN): 311/0(0/0/0)
percentage of failed tasks: 0,669912%
average service time: 1,721254 seconds. (on Edge: 1,767777, on Cloud: 1,440100, on Mobile: NaN)
average processing time: 1,465619 seconds. (on Edge: 1,670589, on Cloud: 0,226910, on Mobile: NaN)
average network delay: 0,255635 seconds. (LAN delay: 0,097022, MAN delay: 0,013165, WAN delay: 1,213190)
average server utilization Edge/Cloud/Mobile: 13,514577/3,076531/0,000000
average cost: 0.0$
Scenario finished at 25/01/2020 14:15:58. It took 1 Minute 15 Seconds
----------------------------------------------------------------------
Scenario started at 25/01/2020 14:15:58
Scenario: TWO_TIER_WITH_EO - Policy: FUZZY_BASED - #iteration: 17
Duration: 5.0 min (warm up period: 1.0 min) - #devices: 1400
Creating tasks...Done, 
Creating device locations...Done.
SimManager is starting...Done.
.........10.........20.........30.........40.........50.........60.........70.........80.........90.........100
# of tasks (Edge/Cloud/Mobile): 47510(41809/5701/0)
# of failed tasks (Edge/Cloud/Mobile): 293(251/42/0)
# of completed tasks (Edge/Cloud/Mobile): 47217(41558/5659/0)
# of uncompleted tasks (Edge/Cloud/Mobile): 307(283/0/24)
# of failed tasks due to vm capacity (Edge/Cloud/Mobile): 0(0/0/0)
# of failed tasks due to Mobility/Network(WLAN/MAN/WAN): 293/0(0/0/0)
percentage of failed tasks: 0,616712%
average service time: 1,276925 seconds. (on Edge: 1,266157, on Cloud: 1,356001, on Mobile: NaN)
average processing time: 1,054123 seconds. (on Edge: 1,166349, on Cloud: 0,229968, on Mobile: NaN)
average network delay: 0,222801 seconds. (LAN delay: 0,099117, MAN delay: 0,013215, WAN delay: 1,126033)
average server utilization Edge/Cloud/Mobile: 10,938411/2,882653/0,000000
average cost: 0.0$
Scenario finished at 25/01/2020 14:21:32. It took 5 Minutes 33 Seconds
----------------------------------------------------------------------
Scenario started at 25/01/2020 14:21:32
Scenario: TWO_TIER_WITH_EO - Policy: DEEP_EDGE - #iteration: 17
Duration: 5.0 min (warm up period: 1.0 min) - #devices: 1600
Creating tasks...Done, 
Creating device locations...Done.
SimManager is starting...Done.
...Model is created successfully
......10.........20.........30.........40.........50.........60.........70.........80.........90.........100
# of tasks (Edge/Cloud/Mobile): 51907(44279/7628/0)
# of failed tasks (Edge/Cloud/Mobile): 433(374/59/0)
# of completed tasks (Edge/Cloud/Mobile): 51474(43905/7569/0)
# of uncompleted tasks (Edge/Cloud/Mobile): 841(808/1/32)
# of failed tasks due to vm capacity (Edge/Cloud/Mobile): 1(1/0/0)
# of failed tasks due to Mobility/Network(WLAN/MAN/WAN): 432/0(0/0/0)
percentage of failed tasks: 0,834184%
average service time: 1,913240 seconds. (on Edge: 1,973884, on Cloud: 1,561466, on Mobile: NaN)
average processing time: 1,629619 seconds. (on Edge: 1,870896, on Cloud: 0,230058, on Mobile: NaN)
average network delay: 0,283621 seconds. (LAN delay: 0,102750, MAN delay: 0,013223, WAN delay: 1,331409)
average server utilization Edge/Cloud/Mobile: 17,685496/3,515306/0,000000
average cost: 0.0$
Scenario finished at 25/01/2020 14:23:08. It took 1 Minute 36 Seconds
----------------------------------------------------------------------
Scenario started at 25/01/2020 14:23:08
Scenario: TWO_TIER_WITH_EO - Policy: FUZZY_BASED - #iteration: 17
Duration: 5.0 min (warm up period: 1.0 min) - #devices: 1600
Creating tasks...Done, 
Creating device locations...Done.
SimManager is starting...Done.
.........10.........20.........30.........40.........50.........60.........70.........80.........90.........100
# of tasks (Edge/Cloud/Mobile): 52038(45375/6663/0)
# of failed tasks (Edge/Cloud/Mobile): 344(291/53/0)
# of completed tasks (Edge/Cloud/Mobile): 51694(45084/6610/0)
# of uncompleted tasks (Edge/Cloud/Mobile): 419(395/1/23)
# of failed tasks due to vm capacity (Edge/Cloud/Mobile): 0(0/0/0)
# of failed tasks due to Mobility/Network(WLAN/MAN/WAN): 344/0(0/0/0)
percentage of failed tasks: 0,661055%
average service time: 1,418534 seconds. (on Edge: 1,427603, on Cloud: 1,356683, on Mobile: NaN)
average processing time: 1,180239 seconds. (on Edge: 1,319800, on Cloud: 0,228349, on Mobile: NaN)
average network delay: 0,238295 seconds. (LAN delay: 0,106569, MAN delay: 0,013493, WAN delay: 1,128334)
average server utilization Edge/Cloud/Mobile: 14,341837/2,923469/0,000000
average cost: 0.0$
Scenario finished at 25/01/2020 14:29:26. It took 6 Minutes 17 Seconds
----------------------------------------------------------------------
Scenario started at 25/01/2020 14:29:26
Scenario: TWO_TIER_WITH_EO - Policy: DEEP_EDGE - #iteration: 17
Duration: 5.0 min (warm up period: 1.0 min) - #devices: 1800
Creating tasks...Done, 
Creating device locations...Done.
SimManager is starting...Done.
...Model is created successfully
......10.........20.........30.........40.........50.........60.........70.........80.........90.........100
# of tasks (Edge/Cloud/Mobile): 59703(51226/8477/0)
# of failed tasks (Edge/Cloud/Mobile): 807(740/67/0)
# of completed tasks (Edge/Cloud/Mobile): 58896(50486/8410/0)
# of uncompleted tasks (Edge/Cloud/Mobile): 1581(1556/2/23)
# of failed tasks due to vm capacity (Edge/Cloud/Mobile): 69(69/0/0)
# of failed tasks due to Mobility/Network(WLAN/MAN/WAN): 738/0(0/0/0)
percentage of failed tasks: 1,351691%
average service time: 3,245767 seconds. (on Edge: 3,521447, on Cloud: 1,590835, on Mobile: NaN)
average processing time: 2,948212 seconds. (on Edge: 3,399302, on Cloud: 0,240279, on Mobile: NaN)
average network delay: 0,297554 seconds. (LAN delay: 0,121036, MAN delay: 0,013849, WAN delay: 1,350556)
average server utilization Edge/Cloud/Mobile: 36,380466/3,989796/0,000000
average cost: 0.0$
Scenario finished at 25/01/2020 14:31:34. It took 2 Minutes 7 Seconds
----------------------------------------------------------------------
Scenario started at 25/01/2020 14:31:34
Scenario: TWO_TIER_WITH_EO - Policy: FUZZY_BASED - #iteration: 17
Duration: 5.0 min (warm up period: 1.0 min) - #devices: 1800
Creating tasks...Done, 
Creating device locations...Done.
SimManager is starting...Done.
.........10.........20.........30.........40.........50.........60.........70.........80.........90.........100
# of tasks (Edge/Cloud/Mobile): 58757(51904/6853/0)
# of failed tasks (Edge/Cloud/Mobile): 547(494/53/0)
# of completed tasks (Edge/Cloud/Mobile): 58210(51410/6800/0)
# of uncompleted tasks (Edge/Cloud/Mobile): 825(776/3/46)
# of failed tasks due to vm capacity (Edge/Cloud/Mobile): 19(19/0/0)
# of failed tasks due to Mobility/Network(WLAN/MAN/WAN): 528/0(0/0/0)
percentage of failed tasks: 0,930953%
average service time: 2,025237 seconds. (on Edge: 2,083488, on Cloud: 1,584844, on Mobile: NaN)
average processing time: 1,761591 seconds. (on Edge: 1,963996, on Cloud: 0,231352, on Mobile: NaN)
average network delay: 0,263646 seconds. (LAN delay: 0,116714, MAN delay: 0,013975, WAN delay: 1,353492)
average server utilization Edge/Cloud/Mobile: 25,297012/3,113265/0,000000
average cost: 0.0$
Scenario finished at 25/01/2020 14:38:59. It took 7 Minutes 25 Seconds
----------------------------------------------------------------------
Scenario started at 25/01/2020 14:38:59
Scenario: TWO_TIER_WITH_EO - Policy: DEEP_EDGE - #iteration: 17
Duration: 5.0 min (warm up period: 1.0 min) - #devices: 2000
Creating tasks...Done, 
Creating device locations...Done.
SimManager is starting...Done.
...Model is created successfully
......10.........20.........30.........40.........50.........60.........70.........80.........90.........100
# of tasks (Edge/Cloud/Mobile): 65168(56288/8880/0)
# of failed tasks (Edge/Cloud/Mobile): 2091(2022/69/0)
# of completed tasks (Edge/Cloud/Mobile): 63077(54266/8811/0)
# of uncompleted tasks (Edge/Cloud/Mobile): 1962(1904/3/55)
# of failed tasks due to vm capacity (Edge/Cloud/Mobile): 978(978/0/0)
# of failed tasks due to Mobility/Network(WLAN/MAN/WAN): 1113/0(0/0/0)
percentage of failed tasks: 3,208630%
average service time: 3,748783 seconds. (on Edge: 4,069912, on Cloud: 1,770985, on Mobile: NaN)
average processing time: 3,420551 seconds. (on Edge: 3,934496, on Cloud: 0,255224, on Mobile: NaN)
average network delay: 0,328232 seconds. (LAN delay: 0,133392, MAN delay: 0,014895, WAN delay: 1,515761)
average server utilization Edge/Cloud/Mobile: 47,524052/4,974490/0,000000
average cost: 0.0$
Scenario finished at 25/01/2020 14:41:18. It took 2 Minutes 19 Seconds
----------------------------------------------------------------------
Scenario started at 25/01/2020 14:41:18
Scenario: TWO_TIER_WITH_EO - Policy: FUZZY_BASED - #iteration: 17
Duration: 5.0 min (warm up period: 1.0 min) - #devices: 2000
Creating tasks...Done, 
Creating device locations...Done.
SimManager is starting...Done.
.........10.........20.........30.........40.........50.........60.........70.........80.........90.........100
# of tasks (Edge/Cloud/Mobile): 67205(58131/9074/0)
# of failed tasks (Edge/Cloud/Mobile): 1853(1553/300/0)
# of completed tasks (Edge/Cloud/Mobile): 65352(56578/8774/0)
# of uncompleted tasks (Edge/Cloud/Mobile): 1546(1365/30/151)
# of failed tasks due to vm capacity (Edge/Cloud/Mobile): 689(689/0/0)
# of failed tasks due to Mobility/Network(WLAN/MAN/WAN): 952/212(0/0/212)
percentage of failed tasks: 2,757235%
average service time: 3,287883 seconds. (on Edge: 3,405074, on Cloud: 2,532193, on Mobile: NaN)
average processing time: 2,854406 seconds. (on Edge: 3,266935, on Cloud: 0,194261, on Mobile: NaN)
average network delay: 0,433478 seconds. (LAN delay: 0,133136, MAN delay: 0,014656, WAN delay: 2,337931)
average server utilization Edge/Cloud/Mobile: 46,414723/3,332653/0,000000
average cost: 0.0$
Scenario finished at 25/01/2020 14:50:09. It took 8 Minutes 50 Seconds
----------------------------------------------------------------------
Scenario started at 25/01/2020 14:50:09
Scenario: TWO_TIER_WITH_EO - Policy: DEEP_EDGE - #iteration: 17
Duration: 5.0 min (warm up period: 1.0 min) - #devices: 2200
Creating tasks...Done, 
Creating device locations...Done.
SimManager is starting...Done.
...Model is created successfully
......10.........20.........30.........40.........50.........60.........70.........80.........90.........100
# of tasks (Edge/Cloud/Mobile): 71747(61933/9814/0)
# of failed tasks (Edge/Cloud/Mobile): 4483(4391/92/0)
# of completed tasks (Edge/Cloud/Mobile): 67264(57542/9722/0)
# of uncompleted tasks (Edge/Cloud/Mobile): 2088(2038/1/49)
# of failed tasks due to vm capacity (Edge/Cloud/Mobile): 3025(3025/0/0)
# of failed tasks due to Mobility/Network(WLAN/MAN/WAN): 1458/0(0/0/0)
percentage of failed tasks: 6,248345%
average service time: 4,774223 seconds. (on Edge: 5,271053, on Cloud: 1,833614, on Mobile: NaN)
average processing time: 4,421052 seconds. (on Edge: 5,123659, on Cloud: 0,262502, on Mobile: NaN)
average network delay: 0,353171 seconds. (LAN delay: 0,143728, MAN delay: 0,015673, WAN delay: 1,571112)
average server utilization Edge/Cloud/Mobile: 65,180758/4,897959/0,000000
average cost: 0.0$
Scenario finished at 25/01/2020 14:52:56. It took 2 Minutes 47 Seconds
----------------------------------------------------------------------
Scenario started at 25/01/2020 14:52:56
Scenario: TWO_TIER_WITH_EO - Policy: FUZZY_BASED - #iteration: 17
Duration: 5.0 min (warm up period: 1.0 min) - #devices: 2200
Creating tasks...Done, 
Creating device locations...Done.
SimManager is starting...Done.
.........10.........20.........30.........40.........50.........60.........70.........80.........90.........100
# of tasks (Edge/Cloud/Mobile): 71134(60058/11076/0)
# of failed tasks (Edge/Cloud/Mobile): 5807(5172/635/0)
# of completed tasks (Edge/Cloud/Mobile): 65327(54886/10441/0)
# of uncompleted tasks (Edge/Cloud/Mobile): 1585(1414/30/141)
# of failed tasks due to vm capacity (Edge/Cloud/Mobile): 998(998/0/0)
# of failed tasks due to Mobility/Network(WLAN/MAN/WAN): 1184/3625(5/3145/475)
percentage of failed tasks: 8,163466%
average service time: 3,401617 seconds. (on Edge: 3,541513, on Cloud: 2,666215, on Mobile: NaN)
average processing time: 2,897556 seconds. (on Edge: 3,405084, on Cloud: 0,229596, on Mobile: NaN)
average network delay: 0,504060 seconds. (LAN delay: 0,132057, MAN delay: 0,015623, WAN delay: 2,436620)
average server utilization Edge/Cloud/Mobile: 42,865160/4,873469/0,000000
average cost: 0.0$
Scenario finished at 25/01/2020 15:02:41. It took 9 Minutes 45 Seconds
----------------------------------------------------------------------
Scenario started at 25/01/2020 15:02:41
Scenario: TWO_TIER_WITH_EO - Policy: DEEP_EDGE - #iteration: 17
Duration: 5.0 min (warm up period: 1.0 min) - #devices: 2400
Creating tasks...Done, 
Creating device locations...Done.
SimManager is starting...Done.
...Model is created successfully
......10.........20.........30.........40.........50.........60.........70.........80.........90.........100
# of tasks (Edge/Cloud/Mobile): 79717(69478/10239/0)
# of failed tasks (Edge/Cloud/Mobile): 9017(8906/111/0)
# of completed tasks (Edge/Cloud/Mobile): 70700(60572/10128/0)
# of uncompleted tasks (Edge/Cloud/Mobile): 2245(2177/0/68)
# of failed tasks due to vm capacity (Edge/Cloud/Mobile): 7183(7183/0/0)
# of failed tasks due to Mobility/Network(WLAN/MAN/WAN): 1831/3(3/0/0)
percentage of failed tasks: 11,311264%
average service time: 5,463635 seconds. (on Edge: 6,049504, on Cloud: 1,959756, on Mobile: NaN)
average processing time: 5,088835 seconds. (on Edge: 5,891026, on Cloud: 0,291216, on Mobile: NaN)
average network delay: 0,374800 seconds. (LAN delay: 0,153098, MAN delay: 0,017788, WAN delay: 1,668541)
average server utilization Edge/Cloud/Mobile: 77,877187/6,739796/0,000000
average cost: 0.0$
Scenario finished at 25/01/2020 15:05:54. It took 3 Minutes 12 Seconds
----------------------------------------------------------------------
Scenario started at 25/01/2020 15:05:54
Scenario: TWO_TIER_WITH_EO - Policy: FUZZY_BASED - #iteration: 17
Duration: 5.0 min (warm up period: 1.0 min) - #devices: 2400
Creating tasks...Done, 
Creating device locations...Done.
SimManager is starting...Done.
.........10.........20.........30.........40.........50.........60.........70.........80.........90.........100
# of tasks (Edge/Cloud/Mobile): 78077(65645/12432/0)
# of failed tasks (Edge/Cloud/Mobile): 7957(6463/1494/0)
# of completed tasks (Edge/Cloud/Mobile): 70120(59182/10938/0)
# of uncompleted tasks (Edge/Cloud/Mobile): 2064(1784/55/225)
# of failed tasks due to vm capacity (Edge/Cloud/Mobile): 1620(1620/0/0)
# of failed tasks due to Mobility/Network(WLAN/MAN/WAN): 1439/4898(4/3591/1303)
percentage of failed tasks: 10,191221%
average service time: 4,095639 seconds. (on Edge: 4,232752, on Cloud: 3,353767, on Mobile: NaN)
average processing time: 3,479882 seconds. (on Edge: 4,082718, on Cloud: 0,218133, on Mobile: NaN)
average network delay: 0,615757 seconds. (LAN delay: 0,143350, MAN delay: 0,016909, WAN delay: 3,135634)
average server utilization Edge/Cloud/Mobile: 57,853499/4,891837/0,000000
average cost: 0.0$
Scenario finished at 25/01/2020 15:16:14. It took 10 Minutes 19 Seconds
----------------------------------------------------------------------
Simulation finished at 25/01/2020 15:16:14. It took 1 Hour 20 Minutes 47 Seconds
