Simulation started at 25/01/2020 13:54:01
----------------------------------------------------------------------
Scenario started at 25/01/2020 13:54:01
Scenario: TWO_TIER_WITH_EO - Policy: DEEP_EDGE - #iteration: 21
Duration: 5.0 min (warm up period: 1.0 min) - #devices: 0
Creating tasks...Done, 
Creating device locations...Done.
SimManager is starting...Done.
.........10.........20.........30.........40.........50.........60.........70.........80.........90.........100
# of tasks (Edge/Cloud/Mobile): 0(0/0/0)
# of failed tasks (Edge/Cloud/Mobile): 0(0/0/0)
# of completed tasks (Edge/Cloud/Mobile): 0(0/0/0)
# of uncompleted tasks (Edge/Cloud/Mobile): 0(0/0/0)
# of failed tasks due to vm capacity (Edge/Cloud/Mobile): 0(0/0/0)
# of failed tasks due to Mobility/Network(WLAN/MAN/WAN): 0/0(0/0/0)
percentage of failed tasks: NaN%
average service time: NaN seconds. (on Edge: NaN, on Cloud: NaN, on Mobile: NaN)
average processing time: NaN seconds. (on Edge: NaN, on Cloud: NaN, on Mobile: NaN)
average network delay: NaN seconds. (LAN delay: NaN, MAN delay: NaN, WAN delay: NaN)
average server utilization Edge/Cloud/Mobile: 0,000000/0,000000/0,000000
average cost: NaN$
Scenario finished at 25/01/2020 13:54:02. It took 814 Milli Seconds
----------------------------------------------------------------------
Scenario started at 25/01/2020 13:54:02
Scenario: TWO_TIER_WITH_EO - Policy: FUZZY_BASED - #iteration: 21
Duration: 5.0 min (warm up period: 1.0 min) - #devices: 0
Creating tasks...Done, 
Creating device locations...Done.
SimManager is starting...Done.
.........10.........20.........30.........40.........50.........60.........70.........80.........90.........100
# of tasks (Edge/Cloud/Mobile): 0(0/0/0)
# of failed tasks (Edge/Cloud/Mobile): 0(0/0/0)
# of completed tasks (Edge/Cloud/Mobile): 0(0/0/0)
# of uncompleted tasks (Edge/Cloud/Mobile): 0(0/0/0)
# of failed tasks due to vm capacity (Edge/Cloud/Mobile): 0(0/0/0)
# of failed tasks due to Mobility/Network(WLAN/MAN/WAN): 0/0(0/0/0)
percentage of failed tasks: NaN%
average service time: NaN seconds. (on Edge: NaN, on Cloud: NaN, on Mobile: NaN)
average processing time: NaN seconds. (on Edge: NaN, on Cloud: NaN, on Mobile: NaN)
average network delay: NaN seconds. (LAN delay: NaN, MAN delay: NaN, WAN delay: NaN)
average server utilization Edge/Cloud/Mobile: 0,000000/0,000000/0,000000
average cost: NaN$
Scenario finished at 25/01/2020 13:54:02. It took 286 Milli Seconds
----------------------------------------------------------------------
Scenario started at 25/01/2020 13:54:02
Scenario: TWO_TIER_WITH_EO - Policy: DEEP_EDGE - #iteration: 21
Duration: 5.0 min (warm up period: 1.0 min) - #devices: 200
Creating tasks...Done, 
Creating device locations...Done.
SimManager is starting...Done.
...o.n.l.f.Nd4jBackend - Loaded [CpuBackend] backend
o.n.n.NativeOpsHolder - Number of threads used for linear algebra: 1
o.n.n.Nd4jBlas - Number of threads used for OpenMP BLAS: 4
o.n.l.a.o.e.DefaultOpExecutioner - Backend used: [CPU]; OS: [Mac OS X]
o.n.l.a.o.e.DefaultOpExecutioner - Cores: [8]; Memory: [1,8GB];
o.n.l.a.o.e.DefaultOpExecutioner - Blas vendor: [OPENBLAS]
o.d.n.m.MultiLayerNetwork - Starting MultiLayerNetwork with WorkspaceModes set to [training: ENABLED; inference: ENABLED], cacheMode set to [NONE]
Model is created successfully
......10.........20.........30.........40.........50.........60.........70.........80.........90.........100
# of tasks (Edge/Cloud/Mobile): 6571(5651/920/0)
# of failed tasks (Edge/Cloud/Mobile): 28(26/2/0)
# of completed tasks (Edge/Cloud/Mobile): 6543(5625/918/0)
# of uncompleted tasks (Edge/Cloud/Mobile): 22(21/0/1)
# of failed tasks due to vm capacity (Edge/Cloud/Mobile): 0(0/0/0)
# of failed tasks due to Mobility/Network(WLAN/MAN/WAN): 28/0(0/0/0)
percentage of failed tasks: 0,426115%
average service time: 0,858639 seconds. (on Edge: 0,847443, on Cloud: 0,927244, on Mobile: NaN)
average processing time: 0,717036 seconds. (on Edge: 0,798946, on Cloud: 0,215138, on Mobile: NaN)
average network delay: 0,141603 seconds. (LAN delay: 0,048496, MAN delay: NaN, WAN delay: 0,712106)
average server utilization Edge/Cloud/Mobile: 0,942055/0,413265/0,000000
average cost: 0.0$
Scenario finished at 25/01/2020 13:54:19. It took 16 Seconds
----------------------------------------------------------------------
Scenario started at 25/01/2020 13:54:19
Scenario: TWO_TIER_WITH_EO - Policy: FUZZY_BASED - #iteration: 21
Duration: 5.0 min (warm up period: 1.0 min) - #devices: 200
Creating tasks...Done, 
Creating device locations...Done.
SimManager is starting...Done.
.........10.........20.........30.........40.........50.........60.........70.........80.........90.........100
# of tasks (Edge/Cloud/Mobile): 7653(6905/748/0)
# of failed tasks (Edge/Cloud/Mobile): 44(40/4/0)
# of completed tasks (Edge/Cloud/Mobile): 7609(6865/744/0)
# of uncompleted tasks (Edge/Cloud/Mobile): 27(25/1/1)
# of failed tasks due to vm capacity (Edge/Cloud/Mobile): 0(0/0/0)
# of failed tasks due to Mobility/Network(WLAN/MAN/WAN): 44/0(0/0/0)
percentage of failed tasks: 0,574938%
average service time: 0,895732 seconds. (on Edge: 0,891200, on Cloud: 0,937554, on Mobile: NaN)
average processing time: 0,784837 seconds. (on Edge: 0,841073, on Cloud: 0,265932, on Mobile: NaN)
average network delay: 0,110896 seconds. (LAN delay: 0,050126, MAN delay: NaN, WAN delay: 0,671623)
average server utilization Edge/Cloud/Mobile: 1,244898/0,346939/0,000000
average cost: 0.0$
Scenario finished at 25/01/2020 13:55:16. It took 57 Seconds
----------------------------------------------------------------------
Scenario started at 25/01/2020 13:55:16
Scenario: TWO_TIER_WITH_EO - Policy: DEEP_EDGE - #iteration: 21
Duration: 5.0 min (warm up period: 1.0 min) - #devices: 400
Creating tasks...Done, 
Creating device locations...Done.
SimManager is starting...Done.
...Model is created successfully
......10.........20.........30.........40.........50.........60.........70.........80.........90.........100
# of tasks (Edge/Cloud/Mobile): 14266(12327/1939/0)
# of failed tasks (Edge/Cloud/Mobile): 60(51/9/0)
# of completed tasks (Edge/Cloud/Mobile): 14206(12276/1930/0)
# of uncompleted tasks (Edge/Cloud/Mobile): 55(51/0/4)
# of failed tasks due to vm capacity (Edge/Cloud/Mobile): 0(0/0/0)
# of failed tasks due to Mobility/Network(WLAN/MAN/WAN): 60/0(0/0/0)
percentage of failed tasks: 0,420580%
average service time: 0,892311 seconds. (on Edge: 0,882947, on Cloud: 0,951870, on Mobile: NaN)
average processing time: 0,741887 seconds. (on Edge: 0,824536, on Cloud: 0,216190, on Mobile: NaN)
average network delay: 0,150424 seconds. (LAN delay: 0,058411, MAN delay: NaN, WAN delay: 0,735680)
average server utilization Edge/Cloud/Mobile: 2,126822/0,663265/0,000000
average cost: 0.0$
Scenario finished at 25/01/2020 13:55:35. It took 18 Seconds
----------------------------------------------------------------------
Scenario started at 25/01/2020 13:55:35
Scenario: TWO_TIER_WITH_EO - Policy: FUZZY_BASED - #iteration: 21
Duration: 5.0 min (warm up period: 1.0 min) - #devices: 400
Creating tasks...Done, 
Creating device locations...Done.
SimManager is starting...Done.
.........10.........20.........30.........40.........50.........60.........70.........80.........90.........100
# of tasks (Edge/Cloud/Mobile): 13790(11968/1822/0)
# of failed tasks (Edge/Cloud/Mobile): 66(54/12/0)
# of completed tasks (Edge/Cloud/Mobile): 13724(11914/1810/0)
# of uncompleted tasks (Edge/Cloud/Mobile): 61(59/0/2)
# of failed tasks due to vm capacity (Edge/Cloud/Mobile): 0(0/0/0)
# of failed tasks due to Mobility/Network(WLAN/MAN/WAN): 66/0(0/0/0)
percentage of failed tasks: 0,478608%
average service time: 0,903343 seconds. (on Edge: 0,895172, on Cloud: 0,957123, on Mobile: NaN)
average processing time: 0,756918 seconds. (on Edge: 0,837961, on Cloud: 0,223474, on Mobile: NaN)
average network delay: 0,146424 seconds. (LAN delay: 0,057212, MAN delay: NaN, WAN delay: 0,733649)
average server utilization Edge/Cloud/Mobile: 2,202988/0,806122/0,000000
average cost: 0.0$
Scenario finished at 25/01/2020 13:57:25. It took 1 Minute 49 Seconds
----------------------------------------------------------------------
Scenario started at 25/01/2020 13:57:25
Scenario: TWO_TIER_WITH_EO - Policy: DEEP_EDGE - #iteration: 21
Duration: 5.0 min (warm up period: 1.0 min) - #devices: 600
Creating tasks...Done, 
Creating device locations...Done.
SimManager is starting...Done.
...Model is created successfully
......10.........20.........30.........40.........50.........60.........70.........80.........90.........100
# of tasks (Edge/Cloud/Mobile): 19449(16239/3210/0)
# of failed tasks (Edge/Cloud/Mobile): 89(69/20/0)
# of completed tasks (Edge/Cloud/Mobile): 19360(16170/3190/0)
# of uncompleted tasks (Edge/Cloud/Mobile): 78(73/0/5)
# of failed tasks due to vm capacity (Edge/Cloud/Mobile): 0(0/0/0)
# of failed tasks due to Mobility/Network(WLAN/MAN/WAN): 89/0(0/0/0)
percentage of failed tasks: 0,457607%
average service time: 0,943177 seconds. (on Edge: 0,919168, on Cloud: 1,064880, on Mobile: NaN)
average processing time: 0,748544 seconds. (on Edge: 0,854822, on Cloud: 0,209828, on Mobile: NaN)
average network delay: 0,194633 seconds. (LAN delay: 0,064346, MAN delay: NaN, WAN delay: 0,855052)
average server utilization Edge/Cloud/Mobile: 2,829810/1,372449/0,000000
average cost: 0.0$
Scenario finished at 25/01/2020 13:57:50. It took 24 Seconds
----------------------------------------------------------------------
Scenario started at 25/01/2020 13:57:50
Scenario: TWO_TIER_WITH_EO - Policy: FUZZY_BASED - #iteration: 21
Duration: 5.0 min (warm up period: 1.0 min) - #devices: 600
Creating tasks...Done, 
Creating device locations...Done.
SimManager is starting...Done.
.........10.........20.........30.........40.........50.........60.........70.........80.........90.........100
# of tasks (Edge/Cloud/Mobile): 19127(16149/2978/0)
# of failed tasks (Edge/Cloud/Mobile): 84(66/18/0)
# of completed tasks (Edge/Cloud/Mobile): 19043(16083/2960/0)
# of uncompleted tasks (Edge/Cloud/Mobile): 73(67/0/6)
# of failed tasks due to vm capacity (Edge/Cloud/Mobile): 0(0/0/0)
# of failed tasks due to Mobility/Network(WLAN/MAN/WAN): 84/0(0/0/0)
percentage of failed tasks: 0,439170%
average service time: 0,914485 seconds. (on Edge: 0,890645, on Cloud: 1,044018, on Mobile: NaN)
average processing time: 0,735234 seconds. (on Edge: 0,830281, on Cloud: 0,218800, on Mobile: NaN)
average network delay: 0,179251 seconds. (LAN delay: 0,060364, MAN delay: NaN, WAN delay: 0,825217)
average server utilization Edge/Cloud/Mobile: 2,831633/1,122449/0,000000
average cost: 0.0$
Scenario finished at 25/01/2020 13:59:58. It took 2 Minutes 8 Seconds
----------------------------------------------------------------------
Scenario started at 25/01/2020 13:59:58
Scenario: TWO_TIER_WITH_EO - Policy: DEEP_EDGE - #iteration: 21
Duration: 5.0 min (warm up period: 1.0 min) - #devices: 800
Creating tasks...Done, 
Creating device locations...Done.
SimManager is starting...Done.
...Model is created successfully
......10.........20.........30.........40.........50.........60.........70.........80.........90.........100
# of tasks (Edge/Cloud/Mobile): 25894(21747/4147/0)
# of failed tasks (Edge/Cloud/Mobile): 121(102/19/0)
# of completed tasks (Edge/Cloud/Mobile): 25773(21645/4128/0)
# of uncompleted tasks (Edge/Cloud/Mobile): 150(141/1/8)
# of failed tasks due to vm capacity (Edge/Cloud/Mobile): 0(0/0/0)
# of failed tasks due to Mobility/Network(WLAN/MAN/WAN): 121/0(0/0/0)
percentage of failed tasks: 0,467290%
average service time: 0,954633 seconds. (on Edge: 0,910819, on Cloud: 1,184371, on Mobile: NaN)
average processing time: 0,741675 seconds. (on Edge: 0,841682, on Cloud: 0,217290, on Mobile: NaN)
average network delay: 0,212958 seconds. (LAN delay: 0,069137, MAN delay: NaN, WAN delay: 0,967081)
average server utilization Edge/Cloud/Mobile: 3,729227/1,698980/0,000000
average cost: 0.0$
Scenario finished at 25/01/2020 14:00:30. It took 31 Seconds
----------------------------------------------------------------------
Scenario started at 25/01/2020 14:00:30
Scenario: TWO_TIER_WITH_EO - Policy: FUZZY_BASED - #iteration: 21
Duration: 5.0 min (warm up period: 1.0 min) - #devices: 800
Creating tasks...Done, 
Creating device locations...Done.
SimManager is starting...Done.
.........10.........20.........30.........40.........50.........60.........70.........80.........90.........100
# of tasks (Edge/Cloud/Mobile): 26991(23369/3622/0)
# of failed tasks (Edge/Cloud/Mobile): 132(114/18/0)
# of completed tasks (Edge/Cloud/Mobile): 26859(23255/3604/0)
# of uncompleted tasks (Edge/Cloud/Mobile): 132(118/1/13)
# of failed tasks due to vm capacity (Edge/Cloud/Mobile): 0(0/0/0)
# of failed tasks due to Mobility/Network(WLAN/MAN/WAN): 132/0(0/0/0)
percentage of failed tasks: 0,489052%
average service time: 0,975229 seconds. (on Edge: 0,955655, on Cloud: 1,101531, on Mobile: NaN)
average processing time: 0,796515 seconds. (on Edge: 0,886119, on Cloud: 0,218335, on Mobile: NaN)
average network delay: 0,178714 seconds. (LAN delay: 0,069535, MAN delay: NaN, WAN delay: 0,883197)
average server utilization Edge/Cloud/Mobile: 4,361516/1,647959/0,000000
average cost: 0.0$
Scenario finished at 25/01/2020 14:03:34. It took 3 Minutes 4 Seconds
----------------------------------------------------------------------
Scenario started at 25/01/2020 14:03:34
Scenario: TWO_TIER_WITH_EO - Policy: DEEP_EDGE - #iteration: 21
Duration: 5.0 min (warm up period: 1.0 min) - #devices: 1000
Creating tasks...Done, 
Creating device locations...Done.
SimManager is starting...Done.
...Model is created successfully
......10.........20.........30.........40.........50.........60.........70.........80.........90.........100
# of tasks (Edge/Cloud/Mobile): 34076(29279/4797/0)
# of failed tasks (Edge/Cloud/Mobile): 186(160/26/0)
# of completed tasks (Edge/Cloud/Mobile): 33890(29119/4771/0)
# of uncompleted tasks (Edge/Cloud/Mobile): 254(250/0/4)
# of failed tasks due to vm capacity (Edge/Cloud/Mobile): 0(0/0/0)
# of failed tasks due to Mobility/Network(WLAN/MAN/WAN): 186/0(0/0/0)
percentage of failed tasks: 0,545839%
average service time: 1,185907 seconds. (on Edge: 1,178940, on Cloud: 1,228425, on Mobile: NaN)
average processing time: 0,972725 seconds. (on Edge: 1,096476, on Cloud: 0,217428, on Mobile: NaN)
average network delay: 0,213182 seconds. (LAN delay: 0,082439, MAN delay: 0,012798, WAN delay: 1,010998)
average server utilization Edge/Cloud/Mobile: 6,560860/1,780612/0,000000
average cost: 0.0$
Scenario finished at 25/01/2020 14:04:20. It took 45 Seconds
----------------------------------------------------------------------
Scenario started at 25/01/2020 14:04:20
Scenario: TWO_TIER_WITH_EO - Policy: FUZZY_BASED - #iteration: 21
Duration: 5.0 min (warm up period: 1.0 min) - #devices: 1000
Creating tasks...Done, 
Creating device locations...Done.
SimManager is starting...Done.
.........10.........20.........30.........40.........50.........60.........70.........80.........90.........100
# of tasks (Edge/Cloud/Mobile): 32270(27791/4479/0)
# of failed tasks (Edge/Cloud/Mobile): 167(138/29/0)
# of completed tasks (Edge/Cloud/Mobile): 32103(27653/4450/0)
# of uncompleted tasks (Edge/Cloud/Mobile): 133(123/0/10)
# of failed tasks due to vm capacity (Edge/Cloud/Mobile): 0(0/0/0)
# of failed tasks due to Mobility/Network(WLAN/MAN/WAN): 167/0(0/0/0)
percentage of failed tasks: 0,517509%
average service time: 0,978231 seconds. (on Edge: 0,936603, on Cloud: 1,236913, on Mobile: NaN)
average processing time: 0,773548 seconds. (on Edge: 0,862343, on Cloud: 0,221763, on Mobile: NaN)
average network delay: 0,204683 seconds. (LAN delay: 0,074258, MAN delay: 0,012954, WAN delay: 1,015150)
average server utilization Edge/Cloud/Mobile: 5,092930/1,974490/0,000000
average cost: 0.0$
Scenario finished at 25/01/2020 14:08:05. It took 3 Minutes 45 Seconds
----------------------------------------------------------------------
Scenario started at 25/01/2020 14:08:05
Scenario: TWO_TIER_WITH_EO - Policy: DEEP_EDGE - #iteration: 21
Duration: 5.0 min (warm up period: 1.0 min) - #devices: 1200
Creating tasks...Done, 
Creating device locations...Done.
SimManager is starting...Done.
...Model is created successfully
......10.........20.........30.........40.........50.........60.........70.........80.........90.........100
# of tasks (Edge/Cloud/Mobile): 40659(35004/5655/0)
# of failed tasks (Edge/Cloud/Mobile): 262(216/46/0)
# of completed tasks (Edge/Cloud/Mobile): 40397(34788/5609/0)
# of uncompleted tasks (Edge/Cloud/Mobile): 380(362/2/16)
# of failed tasks due to vm capacity (Edge/Cloud/Mobile): 0(0/0/0)
# of failed tasks due to Mobility/Network(WLAN/MAN/WAN): 262/0(0/0/0)
percentage of failed tasks: 0,644384%
average service time: 1,386419 seconds. (on Edge: 1,397497, on Cloud: 1,317707, on Mobile: NaN)
average processing time: 1,157525 seconds. (on Edge: 1,308686, on Cloud: 0,219998, on Mobile: NaN)
average network delay: 0,228894 seconds. (LAN delay: 0,088780, MAN delay: 0,013034, WAN delay: 1,097708)
average server utilization Edge/Cloud/Mobile: 9,404519/2,484694/0,000000
average cost: 0.0$
Scenario finished at 25/01/2020 14:08:58. It took 52 Seconds
----------------------------------------------------------------------
Scenario started at 25/01/2020 14:08:58
Scenario: TWO_TIER_WITH_EO - Policy: FUZZY_BASED - #iteration: 21
Duration: 5.0 min (warm up period: 1.0 min) - #devices: 1200
Creating tasks...Done, 
Creating device locations...Done.
SimManager is starting...Done.
.........10.........20.........30.........40.........50.........60.........70.........80.........90.........100
# of tasks (Edge/Cloud/Mobile): 40106(35067/5039/0)
# of failed tasks (Edge/Cloud/Mobile): 223(191/32/0)
# of completed tasks (Edge/Cloud/Mobile): 39883(34876/5007/0)
# of uncompleted tasks (Edge/Cloud/Mobile): 259(231/0/28)
# of failed tasks due to vm capacity (Edge/Cloud/Mobile): 0(0/0/0)
# of failed tasks due to Mobility/Network(WLAN/MAN/WAN): 223/0(0/0/0)
percentage of failed tasks: 0,556027%
average service time: 1,191091 seconds. (on Edge: 1,177418, on Cloud: 1,286331, on Mobile: NaN)
average processing time: 0,978304 seconds. (on Edge: 1,086383, on Cloud: 0,225487, on Mobile: NaN)
average network delay: 0,212787 seconds. (LAN delay: 0,090518, MAN delay: 0,013004, WAN delay: 1,060844)
average server utilization Edge/Cloud/Mobile: 8,288265/2,397959/0,000000
average cost: 0.0$
Scenario finished at 25/01/2020 14:13:37. It took 4 Minutes 39 Seconds
----------------------------------------------------------------------
Scenario started at 25/01/2020 14:13:37
Scenario: TWO_TIER_WITH_EO - Policy: DEEP_EDGE - #iteration: 21
Duration: 5.0 min (warm up period: 1.0 min) - #devices: 1400
Creating tasks...Done, 
Creating device locations...Done.
SimManager is starting...Done.
...Model is created successfully
......10.........20.........30.........40.........50.........60.........70.........80.........90.........100
# of tasks (Edge/Cloud/Mobile): 47101(40310/6791/0)
# of failed tasks (Edge/Cloud/Mobile): 288(244/44/0)
# of completed tasks (Edge/Cloud/Mobile): 46813(40066/6747/0)
# of uncompleted tasks (Edge/Cloud/Mobile): 618(602/2/14)
# of failed tasks due to vm capacity (Edge/Cloud/Mobile): 0(0/0/0)
# of failed tasks due to Mobility/Network(WLAN/MAN/WAN): 288/0(0/0/0)
percentage of failed tasks: 0,611452%
average service time: 1,474816 seconds. (on Edge: 1,479036, on Cloud: 1,449757, on Mobile: NaN)
average processing time: 1,215295 seconds. (on Edge: 1,384193, on Cloud: 0,212321, on Mobile: NaN)
average network delay: 0,259521 seconds. (LAN delay: 0,094840, MAN delay: 0,013319, WAN delay: 1,237436)
average server utilization Edge/Cloud/Mobile: 11,827259/2,596939/0,000000
average cost: 0.0$
Scenario finished at 25/01/2020 14:15:05. It took 1 Minute 27 Seconds
----------------------------------------------------------------------
Scenario started at 25/01/2020 14:15:05
Scenario: TWO_TIER_WITH_EO - Policy: FUZZY_BASED - #iteration: 21
Duration: 5.0 min (warm up period: 1.0 min) - #devices: 1400
Creating tasks...Done, 
Creating device locations...Done.
SimManager is starting...Done.
.........10.........20.........30.........40.........50.........60.........70.........80.........90.........100
# of tasks (Edge/Cloud/Mobile): 46042(40178/5864/0)
# of failed tasks (Edge/Cloud/Mobile): 263(217/46/0)
# of completed tasks (Edge/Cloud/Mobile): 45779(39961/5818/0)
# of uncompleted tasks (Edge/Cloud/Mobile): 388(367/0/21)
# of failed tasks due to vm capacity (Edge/Cloud/Mobile): 0(0/0/0)
# of failed tasks due to Mobility/Network(WLAN/MAN/WAN): 263/0(0/0/0)
percentage of failed tasks: 0,571218%
average service time: 1,241896 seconds. (on Edge: 1,223802, on Cloud: 1,366172, on Mobile: NaN)
average processing time: 1,017641 seconds. (on Edge: 1,130806, on Cloud: 0,240370, on Mobile: NaN)
average network delay: 0,224254 seconds. (LAN delay: 0,092482, MAN delay: 0,013169, WAN delay: 1,125802)
average server utilization Edge/Cloud/Mobile: 10,182216/3,239796/0,000000
average cost: 0.0$
Scenario finished at 25/01/2020 14:20:29. It took 5 Minutes 24 Seconds
----------------------------------------------------------------------
Scenario started at 25/01/2020 14:20:29
Scenario: TWO_TIER_WITH_EO - Policy: DEEP_EDGE - #iteration: 21
Duration: 5.0 min (warm up period: 1.0 min) - #devices: 1600
Creating tasks...Done, 
Creating device locations...Done.
SimManager is starting...Done.
...Model is created successfully
......10.........20.........30.........40.........50.........60.........70.........80.........90.........100
# of tasks (Edge/Cloud/Mobile): 52046(44531/7515/0)
# of failed tasks (Edge/Cloud/Mobile): 444(401/43/0)
# of completed tasks (Edge/Cloud/Mobile): 51602(44130/7472/0)
# of uncompleted tasks (Edge/Cloud/Mobile): 924(904/2/18)
# of failed tasks due to vm capacity (Edge/Cloud/Mobile): 0(0/0/0)
# of failed tasks due to Mobility/Network(WLAN/MAN/WAN): 444/0(0/0/0)
percentage of failed tasks: 0,853091%
average service time: 2,003182 seconds. (on Edge: 2,087195, on Cloud: 1,506996, on Mobile: NaN)
average processing time: 1,728905 seconds. (on Edge: 1,984043, on Cloud: 0,222046, on Mobile: NaN)
average network delay: 0,274277 seconds. (LAN delay: 0,103012, MAN delay: 0,013207, WAN delay: 1,284950)
average server utilization Edge/Cloud/Mobile: 18,579446/3,382653/0,000000
average cost: 0.0$
Scenario finished at 25/01/2020 14:22:01. It took 1 Minute 31 Seconds
----------------------------------------------------------------------
Scenario started at 25/01/2020 14:22:01
Scenario: TWO_TIER_WITH_EO - Policy: FUZZY_BASED - #iteration: 21
Duration: 5.0 min (warm up period: 1.0 min) - #devices: 1600
Creating tasks...Done, 
Creating device locations...Done.
SimManager is starting...Done.
.........10.........20.........30.........40.........50.........60.........70.........80.........90.........100
# of tasks (Edge/Cloud/Mobile): 52826(46195/6631/0)
# of failed tasks (Edge/Cloud/Mobile): 330(289/41/0)
# of completed tasks (Edge/Cloud/Mobile): 52496(45906/6590/0)
# of uncompleted tasks (Edge/Cloud/Mobile): 381(352/4/25)
# of failed tasks due to vm capacity (Edge/Cloud/Mobile): 0(0/0/0)
# of failed tasks due to Mobility/Network(WLAN/MAN/WAN): 330/0(0/0/0)
percentage of failed tasks: 0,624692%
average service time: 1,406693 seconds. (on Edge: 1,409486, on Cloud: 1,387234, on Mobile: NaN)
average processing time: 1,166785 seconds. (on Edge: 1,300867, on Cloud: 0,232763, on Mobile: NaN)
average network delay: 0,239908 seconds. (LAN delay: 0,107526, MAN delay: 0,013490, WAN delay: 1,154471)
average server utilization Edge/Cloud/Mobile: 14,698980/3,158163/0,000000
average cost: 0.0$
Scenario finished at 25/01/2020 14:28:29. It took 6 Minutes 28 Seconds
----------------------------------------------------------------------
Scenario started at 25/01/2020 14:28:29
Scenario: TWO_TIER_WITH_EO - Policy: DEEP_EDGE - #iteration: 21
Duration: 5.0 min (warm up period: 1.0 min) - #devices: 1800
Creating tasks...Done, 
Creating device locations...Done.
SimManager is starting...Done.
...Model is created successfully
......10.........20.........30.........40.........50.........60.........70.........80.........90.........100
# of tasks (Edge/Cloud/Mobile): 59343(50990/8353/0)
# of failed tasks (Edge/Cloud/Mobile): 853(792/61/0)
# of completed tasks (Edge/Cloud/Mobile): 58490(50198/8292/0)
# of uncompleted tasks (Edge/Cloud/Mobile): 1597(1564/6/27)
# of failed tasks due to vm capacity (Edge/Cloud/Mobile): 81(81/0/0)
# of failed tasks due to Mobility/Network(WLAN/MAN/WAN): 772/0(0/0/0)
percentage of failed tasks: 1,437406%
average service time: 3,184729 seconds. (on Edge: 3,435276, on Cloud: 1,667971, on Mobile: NaN)
average processing time: 2,877367 seconds. (on Edge: 3,313085, on Cloud: 0,239624, on Mobile: NaN)
average network delay: 0,307362 seconds. (LAN delay: 0,121107, MAN delay: 0,013771, WAN delay: 1,428347)
average server utilization Edge/Cloud/Mobile: 36,796647/3,882653/0,000000
average cost: 0.0$
Scenario finished at 25/01/2020 14:30:32. It took 2 Minutes 2 Seconds
----------------------------------------------------------------------
Scenario started at 25/01/2020 14:30:32
Scenario: TWO_TIER_WITH_EO - Policy: FUZZY_BASED - #iteration: 21
Duration: 5.0 min (warm up period: 1.0 min) - #devices: 1800
Creating tasks...Done, 
Creating device locations...Done.
SimManager is starting...Done.
.........10.........20.........30.........40.........50.........60.........70.........80.........90.........100
# of tasks (Edge/Cloud/Mobile): 60159(53118/7041/0)
# of failed tasks (Edge/Cloud/Mobile): 637(581/56/0)
# of completed tasks (Edge/Cloud/Mobile): 59522(52537/6985/0)
# of uncompleted tasks (Edge/Cloud/Mobile): 821(783/2/36)
# of failed tasks due to vm capacity (Edge/Cloud/Mobile): 0(0/0/0)
# of failed tasks due to Mobility/Network(WLAN/MAN/WAN): 635/2(0/0/2)
percentage of failed tasks: 1,058861%
average service time: 2,239006 seconds. (on Edge: 2,323042, on Cloud: 1,606935, on Mobile: NaN)
average processing time: 1,964409 seconds. (on Edge: 2,195182, on Cloud: 0,228671, on Mobile: NaN)
average network delay: 0,274597 seconds. (LAN delay: 0,124072, MAN delay: 0,014493, WAN delay: 1,378264)
average server utilization Edge/Cloud/Mobile: 28,141764/3,290816/0,000000
average cost: 0.0$
Scenario finished at 25/01/2020 14:38:07. It took 7 Minutes 35 Seconds
----------------------------------------------------------------------
Scenario started at 25/01/2020 14:38:07
Scenario: TWO_TIER_WITH_EO - Policy: DEEP_EDGE - #iteration: 21
Duration: 5.0 min (warm up period: 1.0 min) - #devices: 2000
Creating tasks...Done, 
Creating device locations...Done.
SimManager is starting...Done.
...Model is created successfully
......10.........20.........30.........40.........50.........60.........70.........80.........90.........100
# of tasks (Edge/Cloud/Mobile): 65219(56412/8807/0)
# of failed tasks (Edge/Cloud/Mobile): 1695(1616/79/0)
# of completed tasks (Edge/Cloud/Mobile): 63524(54796/8728/0)
# of uncompleted tasks (Edge/Cloud/Mobile): 1905(1854/1/50)
# of failed tasks due to vm capacity (Edge/Cloud/Mobile): 509(509/0/0)
# of failed tasks due to Mobility/Network(WLAN/MAN/WAN): 1186/0(0/0/0)
percentage of failed tasks: 2,598936%
average service time: 3,989789 seconds. (on Edge: 4,333117, on Cloud: 1,834313, on Mobile: NaN)
average processing time: 3,661212 seconds. (on Edge: 4,195591, on Cloud: 0,306277, on Mobile: NaN)
average network delay: 0,328577 seconds. (LAN delay: 0,135514, MAN delay: 0,014295, WAN delay: 1,528036)
average server utilization Edge/Cloud/Mobile: 50,618805/5,903061/0,000000
average cost: 0.0$
Scenario finished at 25/01/2020 14:40:30. It took 2 Minutes 22 Seconds
----------------------------------------------------------------------
Scenario started at 25/01/2020 14:40:30
Scenario: TWO_TIER_WITH_EO - Policy: FUZZY_BASED - #iteration: 21
Duration: 5.0 min (warm up period: 1.0 min) - #devices: 2000
Creating tasks...Done, 
Creating device locations...Done.
SimManager is starting...Done.
.........10.........20.........30.........40.........50.........60.........70.........80.........90.........100
# of tasks (Edge/Cloud/Mobile): 65093(57522/7571/0)
# of failed tasks (Edge/Cloud/Mobile): 3104(3039/65/0)
# of completed tasks (Edge/Cloud/Mobile): 61989(54483/7506/0)
# of uncompleted tasks (Edge/Cloud/Mobile): 1280(1183/11/86)
# of failed tasks due to vm capacity (Edge/Cloud/Mobile): 0(0/0/0)
# of failed tasks due to Mobility/Network(WLAN/MAN/WAN): 716/2388(0/2379/9)
percentage of failed tasks: 4,768562%
average service time: 2,317073 seconds. (on Edge: 2,403263, on Cloud: 1,691452, on Mobile: NaN)
average processing time: 2,025416 seconds. (on Edge: 2,272404, on Cloud: 0,232629, on Mobile: NaN)
average network delay: 0,291658 seconds. (LAN delay: 0,126930, MAN delay: 0,014679, WAN delay: 1,458823)
average server utilization Edge/Cloud/Mobile: 31,071429/3,126531/0,000000
average cost: 0.0$
Scenario finished at 25/01/2020 14:48:57. It took 8 Minutes 26 Seconds
----------------------------------------------------------------------
Scenario started at 25/01/2020 14:48:57
Scenario: TWO_TIER_WITH_EO - Policy: DEEP_EDGE - #iteration: 21
Duration: 5.0 min (warm up period: 1.0 min) - #devices: 2200
Creating tasks...Done, 
Creating device locations...Done.
SimManager is starting...Done.
...Model is created successfully
......10.........20.........30.........40.........50.........60.........70.........80.........90.........100
# of tasks (Edge/Cloud/Mobile): 70440(60102/10338/0)
# of failed tasks (Edge/Cloud/Mobile): 3453(3353/100/0)
# of completed tasks (Edge/Cloud/Mobile): 66987(56749/10238/0)
# of uncompleted tasks (Edge/Cloud/Mobile): 2010(1965/3/42)
# of failed tasks due to vm capacity (Edge/Cloud/Mobile): 2105(2105/0/0)
# of failed tasks due to Mobility/Network(WLAN/MAN/WAN): 1348/0(0/0/0)
percentage of failed tasks: 4,902044%
average service time: 4,168025 seconds. (on Edge: 4,565393, on Cloud: 1,965420, on Mobile: NaN)
average processing time: 3,810563 seconds. (on Edge: 4,429130, on Cloud: 0,381856, on Mobile: NaN)
average network delay: 0,357462 seconds. (LAN delay: 0,133876, MAN delay: 0,015092, WAN delay: 1,583564)
average server utilization Edge/Cloud/Mobile: 56,572886/9,913265/0,000000
average cost: 0.0$
Scenario finished at 25/01/2020 14:51:19. It took 2 Minutes 21 Seconds
----------------------------------------------------------------------
Scenario started at 25/01/2020 14:51:19
Scenario: TWO_TIER_WITH_EO - Policy: FUZZY_BASED - #iteration: 21
Duration: 5.0 min (warm up period: 1.0 min) - #devices: 2200
Creating tasks...Done, 
Creating device locations...Done.
SimManager is starting...Done.
.........10.........20.........30.........40.........50.........60.........70.........80.........90.........100
# of tasks (Edge/Cloud/Mobile): 74988(64481/10507/0)
# of failed tasks (Edge/Cloud/Mobile): 13900(13210/690/0)
# of completed tasks (Edge/Cloud/Mobile): 61088(51271/9817/0)
# of uncompleted tasks (Edge/Cloud/Mobile): 1649(1443/27/179)
# of failed tasks due to vm capacity (Edge/Cloud/Mobile): 821(821/0/0)
# of failed tasks due to Mobility/Network(WLAN/MAN/WAN): 848/12231(0/11653/578)
percentage of failed tasks: 18,536299%
average service time: 2,954615 seconds. (on Edge: 3,103908, on Cloud: 2,174903, on Mobile: NaN)
average processing time: 2,518244 seconds. (on Edge: 2,961184, on Cloud: 0,204913, on Mobile: NaN)
average network delay: 0,436371 seconds. (LAN delay: 0,138627, MAN delay: 0,014752, WAN delay: 1,969991)
average server utilization Edge/Cloud/Mobile: 39,107507/3,452041/0,000000
average cost: 0.0$
Scenario finished at 25/01/2020 15:01:30. It took 10 Minutes 11 Seconds
----------------------------------------------------------------------
Scenario started at 25/01/2020 15:01:30
Scenario: TWO_TIER_WITH_EO - Policy: DEEP_EDGE - #iteration: 21
Duration: 5.0 min (warm up period: 1.0 min) - #devices: 2400
Creating tasks...Done, 
Creating device locations...Done.
SimManager is starting...Done.
...Model is created successfully
......10.........20.........30.........40.........50.........60.........70.........80.........90.........100
# of tasks (Edge/Cloud/Mobile): 79799(69370/10429/0)
# of failed tasks (Edge/Cloud/Mobile): 8661(8567/94/0)
# of completed tasks (Edge/Cloud/Mobile): 71138(60803/10335/0)
# of uncompleted tasks (Edge/Cloud/Mobile): 2243(2188/1/54)
# of failed tasks due to vm capacity (Edge/Cloud/Mobile): 6879(6879/0/0)
# of failed tasks due to Mobility/Network(WLAN/MAN/WAN): 1782/0(0/0/0)
percentage of failed tasks: 10,853519%
average service time: 5,435520 seconds. (on Edge: 6,013864, on Cloud: 2,033000, on Mobile: NaN)
average processing time: 5,061967 seconds. (on Edge: 5,860256, on Cloud: 0,365469, on Mobile: NaN)
average network delay: 0,373552 seconds. (LAN delay: 0,148627, MAN delay: 0,017257, WAN delay: 1,667531)
average server utilization Edge/Cloud/Mobile: 77,162901/6,524490/0,000000
average cost: 0.0$
Scenario finished at 25/01/2020 15:04:24. It took 2 Minutes 54 Seconds
----------------------------------------------------------------------
Scenario started at 25/01/2020 15:04:24
Scenario: TWO_TIER_WITH_EO - Policy: FUZZY_BASED - #iteration: 21
Duration: 5.0 min (warm up period: 1.0 min) - #devices: 2400
Creating tasks...Done, 
Creating device locations...Done.
SimManager is starting...Done.
.........10.........20.........30.........40.........50.........60.........70.........80.........90.........100
# of tasks (Edge/Cloud/Mobile): 78212(66041/12171/0)
# of failed tasks (Edge/Cloud/Mobile): 14898(13343/1555/0)
# of completed tasks (Edge/Cloud/Mobile): 63314(52698/10616/0)
# of uncompleted tasks (Edge/Cloud/Mobile): 1701(1464/60/177)
# of failed tasks due to vm capacity (Edge/Cloud/Mobile): 1644(1644/0/0)
# of failed tasks due to Mobility/Network(WLAN/MAN/WAN): 1154/12100(33/10672/1395)
percentage of failed tasks: 19,048228%
average service time: 3,593273 seconds. (on Edge: 3,714884, on Cloud: 2,989595, on Mobile: NaN)
average processing time: 3,025242 seconds. (on Edge: 3,567119, on Cloud: 0,335358, on Mobile: NaN)
average network delay: 0,568030 seconds. (LAN delay: 0,142784, MAN delay: 0,015658, WAN delay: 2,654237)
average server utilization Edge/Cloud/Mobile: 43,478134/6,465306/0,000000
average cost: 0.0$
Scenario finished at 25/01/2020 15:14:41. It took 10 Minutes 16 Seconds
----------------------------------------------------------------------
Simulation finished at 25/01/2020 15:14:41. It took 1 Hour 20 Minutes 39 Seconds
