#auto generated file!
6.0;0.0;0.0;0.0
12.0;0.0;0.0;0.0
18.0;36.42857142857143;0.0;0.0
24.0;79.01785714285714;16.5;0.0
30.0;144.10714285714286;91.5;0.0
36.0;142.5;124.5;0.0
42.0;138.48214285714286;132.0;0.0
48.0;158.30357142857142;141.0;0.0
54.0;122.41071428571429;125.25;0.0
60.0;77.41071428571429;134.25;0.0
66.0;80.89285714285714;126.0;0.0
72.0;75.0;68.25;0.0
78.0;77.67857142857143;0.75;0.0
84.0;83.03571428571429;57.75;0.0
90.0;75.53571428571429;96.0;0.0
96.0;78.48214285714286;3.0;0.0
102.0;71.25;0.0;0.0
108.0;71.51785714285714;0.0;0.0
114.0;142.76785714285714;37.5;0.0
120.0;220.17857142857142;89.25;0.0
126.0;203.83928571428572;82.5;0.0
132.0;150.26785714285714;19.5;0.0
138.0;106.07142857142857;0.0;0.0
144.0;80.89285714285714;0.0;0.0
150.0;60.80357142857143;0.0;0.0
156.0;46.339285714285715;0.0;0.0
162.0;32.67857142857143;0.0;0.0
168.0;24.642857142857142;0.0;0.0
174.0;19.553571428571427;0.0;0.0
180.0;16.607142857142858;0.0;0.0
186.0;15.267857142857142;0.0;0.0
192.0;17.142857142857142;0.0;0.0
198.0;59.464285714285715;0.0;0.0
204.0;82.76785714285714;23.25;0.0
210.0;143.03571428571428;96.0;0.0
216.0;162.05357142857142;115.5;0.0
222.0;166.33928571428572;130.5;0.0
228.0;134.73214285714286;117.75;0.0
234.0;163.66071428571428;145.5;0.0
240.0;115.17857142857143;145.5;0.0
246.0;80.35714285714286;126.0;0.0
252.0;78.21428571428571;111.75;0.0
258.0;62.410714285714285;1.5;0.0
264.0;65.35714285714286;0.0;0.0
270.0;70.44642857142857;0.0;0.0
276.0;76.33928571428571;0.0;0.0
282.0;83.30357142857143;52.5;0.0
288.0;71.78571428571429;44.25;0.0
294.0;150.26785714285714;48.0;0.0
