#auto generated file!
6.0;0.0;0.0;0.0
12.0;0.0;0.0;0.0
18.0;4.821428571428571;0.0;0.0
24.0;18.75;0.0;0.0
30.0;35.625;0.0;0.0
36.0;47.67857142857143;0.0;0.0
42.0;66.96428571428571;0.0;0.0
48.0;79.82142857142857;5.25;0.0
54.0;79.82142857142857;12.0;0.0
60.0;79.82142857142857;18.0;0.0
66.0;79.01785714285714;37.5;0.0
72.0;80.35714285714286;86.25;0.0
78.0;81.96428571428571;102.75;0.0
84.0;77.94642857142857;80.25;0.0
90.0;77.67857142857143;36.75;0.0
96.0;80.08928571428571;23.25;0.0
102.0;77.14285714285714;10.5;0.0
108.0;66.96428571428571;1.5;0.0
114.0;47.142857142857146;0.0;0.0
120.0;28.392857142857142;0.75;0.0
126.0;24.107142857142858;0.75;0.0
132.0;6.696428571428571;0.0;0.0
138.0;1.3392857142857142;0.75;0.0
144.0;0.26785714285714285;0.0;0.0
150.0;0.0;0.0;0.0
156.0;0.0;0.0;0.0
162.0;0.0;0.0;0.0
168.0;0.0;0.0;0.0
174.0;0.0;0.0;0.0
180.0;0.0;0.0;0.0
186.0;0.0;0.0;0.0
192.0;0.8035714285714286;0.0;0.0
198.0;7.767857142857143;0.0;0.0
204.0;15.0;0.0;0.0
210.0;35.089285714285715;0.0;0.0
216.0;48.214285714285715;0.0;0.0
222.0;68.03571428571429;0.0;0.0
228.0;79.01785714285714;3.75;0.0
234.0;79.01785714285714;6.75;0.0
240.0;79.82142857142857;19.5;0.0
246.0;79.55357142857143;30.0;0.0
252.0;80.35714285714286;51.0;0.0
258.0;80.89285714285714;30.75;0.0
264.0;79.55357142857143;27.75;0.0
270.0;78.75;6.0;0.0
276.0;78.75;4.5;0.0
282.0;77.14285714285714;2.25;0.0
288.0;68.57142857142857;6.0;0.0
294.0;42.589285714285715;1.5;0.0
