#auto generated file!
6.0;0.0;0.0;0.0
12.0;0.6785714285714286;0.25;0.0
18.0;8.303571428571429;2.0;0.0
24.0;14.785714285714286;1.05;0.0
30.0;28.232142857142858;0.25;0.0
36.0;46.32142857142857;2.5;0.0
42.0;62.589285714285715;8.8;0.0
48.0;97.30357142857143;7.800000000000001;0.0
54.0;103.76785714285714;0.6;0.0
60.0;101.55357142857143;0.3;0.0
66.0;100.25;0.5;0.0
72.0;90.78571428571429;1.7;0.0
78.0;71.67857142857143;1.3;0.0
84.0;60.44642857142857;0.3;0.0
90.0;43.75;9.15;0.0
96.0;40.357142857142854;3.75;0.0
102.0;48.285714285714285;6.75;0.0
108.0;55.339285714285715;6.1;0.0
114.0;79.78571428571429;11.600000000000001;0.0
120.0;95.23214285714286;3.05;0.0
126.0;89.19642857142857;2.15;0.0
132.0;59.625;1.7999999999999998;0.0
138.0;31.0;0.9500000000000001;0.0
144.0;17.410714285714285;0.0;0.0
150.0;16.714285714285715;0.15;0.0
156.0;22.035714285714285;0.3;0.0
162.0;30.767857142857142;0.2;0.0
168.0;41.517857142857146;0.6;0.0
174.0;62.410714285714285;0.49999999999999994;0.0
180.0;91.48214285714286;1.65;0.0
186.0;100.25;2.35;0.0
192.0;98.07142857142857;1.45;0.0
198.0;98.41071428571429;0.5;0.0
204.0;91.64285714285714;2.35;0.0
210.0;78.53571428571429;1.4500000000000002;0.0
216.0;71.98214285714286;0.9;0.0
222.0;83.85714285714286;0.3;0.0
228.0;92.44642857142857;4.199999999999999;0.0
234.0;95.53571428571429;6.35;0.0
240.0;91.21428571428571;8.3;0.0
246.0;84.14285714285714;3.55;0.0
252.0;77.26785714285714;7.5;0.0
258.0;65.32142857142857;5.449999999999999;0.0
264.0;64.5;1.95;0.0
270.0;66.625;4.65;0.0
276.0;68.85714285714286;1.7499999999999998;0.0
282.0;71.875;5.65;0.0
288.0;95.21428571428571;2.4999999999999996;0.0
294.0;111.0;2.4499999999999997;0.0
