#auto generated file!
6.0;0.0;0.0;0.0
12.0;0.0;0.0;0.0
18.0;0.35714285714285715;2.2;0.0
24.0;3.8392857142857144;1.25;0.0
30.0;9.75;1.8000000000000003;0.0
36.0;22.285714285714285;2.5;0.0
42.0;33.69642857142857;2.75;0.0
48.0;45.625;1.95;0.0
54.0;22.714285714285715;1.9;0.0
60.0;3.8035714285714284;1.9500000000000002;0.0
66.0;36.32142857142857;2.9499999999999997;0.0
72.0;27.696428571428573;1.05;0.0
78.0;21.821428571428573;3.8;0.0
84.0;16.785714285714285;3.35;0.0
90.0;15.089285714285714;4.45;0.0
96.0;16.964285714285715;3.0999999999999996;0.0
102.0;22.232142857142858;4.25;0.0
108.0;32.25;2.2;0.0
114.0;49.714285714285715;1.4;0.0
120.0;53.160714285714285;4.949999999999999;0.0
126.0;32.0;2.2;0.0
132.0;9.607142857142858;2.0;0.0
138.0;7.428571428571429;1.8499999999999999;0.0
144.0;5.053571428571429;1.65;0.0
150.0;3.642857142857143;2.25;0.0
156.0;5.089285714285714;1.8;0.0
162.0;11.5;1.25;0.0
168.0;19.196428571428573;1.7;0.0
174.0;28.375;0.9000000000000001;0.0
180.0;27.982142857142858;1.8;0.0
186.0;28.410714285714285;1.5;0.0
192.0;23.535714285714285;1.4;0.0
198.0;18.625;1.7500000000000002;0.0
204.0;14.785714285714286;0.6499999999999999;0.0
210.0;12.089285714285714;4.0;0.0
216.0;13.482142857142858;2.05;0.0
222.0;19.107142857142858;4.199999999999999;0.0
228.0;34.035714285714285;2.1;0.0
234.0;35.07142857142857;1.9500000000000002;0.0
240.0;29.357142857142858;2.65;0.0
246.0;34.732142857142854;1.35;0.0
252.0;27.821428571428573;7.300000000000001;0.0
258.0;24.428571428571427;7.15;0.0
264.0;25.910714285714285;3.55;0.0
270.0;23.857142857142858;3.1499999999999995;0.0
276.0;20.464285714285715;8.299999999999999;0.0
282.0;25.892857142857142;3.1999999999999997;0.0
288.0;31.875;1.65;0.0
294.0;28.535714285714285;2.1;0.0
