#auto generated file!
6.0;0.0;0.0;0.0
12.0;0.16071428571428573;0.0;0.0
18.0;1.1071428571428572;1.35;0.0
24.0;1.3214285714285714;1.2;0.0
30.0;1.6071428571428572;2.8;0.0
36.0;2.875;2.9;0.0
42.0;5.017857142857143;0.9;0.0
48.0;8.642857142857142;6.6;0.0
54.0;11.107142857142858;3.3;0.0
60.0;7.660714285714286;3.5999999999999996;0.0
66.0;4.053571428571429;4.6;0.0
72.0;2.482142857142857;9.3;0.0
78.0;1.4464285714285714;3.15;0.0
84.0;1.0535714285714286;6.0;0.0
90.0;1.5357142857142858;3.0;0.0
96.0;2.1607142857142856;2.8;0.0
102.0;3.375;3.3499999999999996;0.0
108.0;6.517857142857143;1.6;0.0
114.0;8.696428571428571;3.5999999999999996;0.0
120.0;5.714285714285714;2.4;0.0
126.0;2.3392857142857144;1.8000000000000003;0.0
132.0;1.2321428571428572;2.4499999999999997;0.0
138.0;0.75;1.4999999999999998;0.0
144.0;0.8571428571428571;1.2;0.0
150.0;1.0535714285714286;0.6;0.0
156.0;1.1785714285714286;0.6;0.0
162.0;2.392857142857143;0.44999999999999996;0.0
168.0;4.553571428571429;1.0499999999999998;0.0
174.0;5.0;1.6999999999999997;0.0
180.0;5.196428571428571;2.25;0.0
186.0;4.035714285714286;2.05;0.0
192.0;4.25;1.3;0.0
198.0;3.357142857142857;2.0;0.0
204.0;2.517857142857143;3.4000000000000004;0.0
210.0;2.125;2.5;0.0
216.0;3.0535714285714284;2.8499999999999996;0.0
222.0;4.321428571428571;1.6500000000000001;0.0
228.0;4.214285714285714;1.5;0.0
234.0;6.375;4.95;0.0
240.0;5.035714285714286;3.5499999999999994;0.0
246.0;4.375;6.699999999999999;0.0
252.0;2.7857142857142856;3.9499999999999997;0.0
258.0;4.857142857142857;4.5;0.0
264.0;3.125;5.0;0.0
270.0;4.5;6.3;0.0
276.0;6.107142857142857;5.35;0.0
282.0;6.142857142857143;1.5;0.0
288.0;7.571428571428571;3.6;0.0
294.0;8.428571428571429;1.05;0.0
