#auto generated file!
6.0;0.0;0.0;0.0
12.0;0.0;0.0;0.0
18.0;7.5;0.0;0.0
24.0;17.678571428571427;0.0;0.0
30.0;23.839285714285715;0.0;0.0
36.0;36.69642857142857;0.0;0.0
42.0;50.357142857142854;0.0;0.0
48.0;74.19642857142857;0.0;0.0
54.0;79.82142857142857;4.5;0.0
60.0;79.82142857142857;9.75;0.0
66.0;81.16071428571429;41.25;0.0
72.0;80.89285714285714;71.25;0.0
78.0;80.625;89.25;0.0
84.0;80.625;74.25;0.0
90.0;79.55357142857143;42.0;0.0
96.0;78.48214285714286;7.5;0.0
102.0;73.92857142857143;2.25;0.0
108.0;64.28571428571429;0.0;0.0
114.0;42.05357142857143;0.0;0.0
120.0;30.0;0.0;0.0
126.0;16.339285714285715;0.75;0.0
132.0;7.5;0.0;0.0
138.0;2.142857142857143;0.0;0.0
144.0;0.8035714285714286;0.0;0.0
150.0;0.5357142857142857;0.0;0.0
156.0;0.0;0.0;0.0
162.0;0.0;0.0;0.0
168.0;0.0;0.0;0.0
174.0;0.0;0.0;0.0
180.0;0.0;0.0;0.0
186.0;0.0;0.0;0.0
192.0;2.142857142857143;0.0;0.0
198.0;6.696428571428571;0.0;0.0
204.0;14.464285714285714;0.0;0.0
210.0;30.0;0.0;0.0
216.0;43.392857142857146;0.0;0.0
222.0;62.94642857142857;0.0;0.0
228.0;80.89285714285714;7.5;0.0
234.0;80.625;5.25;0.0
240.0;79.55357142857143;9.0;0.0
246.0;79.01785714285714;10.5;0.0
252.0;81.16071428571429;10.5;0.0
258.0;81.16071428571429;21.0;0.0
264.0;79.55357142857143;6.75;0.0
270.0;80.89285714285714;6.0;0.0
276.0;78.75;6.75;0.0
282.0;74.73214285714286;1.5;0.0
288.0;70.17857142857143;2.25;0.0
294.0;51.42857142857143;1.5;0.0
