#auto generated file!
6.0;0.0;0.0;0.0
12.0;0.0;0.0;0.0
18.0;6.696428571428571;0.0;0.0
24.0;21.696428571428573;0.0;0.0
30.0;25.446428571428573;0.0;0.0
36.0;42.05357142857143;0.0;0.0
42.0;48.482142857142854;0.0;0.0
48.0;79.82142857142857;0.0;0.0
54.0;80.35714285714286;13.5;0.0
60.0;79.01785714285714;10.5;0.0
66.0;79.28571428571429;5.25;0.0
72.0;80.35714285714286;28.5;0.0
78.0;81.42857142857143;99.0;0.0
84.0;81.16071428571429;91.5;0.0
90.0;80.625;42.0;0.0
96.0;78.75;3.0;0.0
102.0;71.25;0.75;0.0
108.0;75.26785714285714;0.0;0.0
114.0;65.89285714285714;0.0;0.0
120.0;42.05357142857143;0.0;0.0
126.0;21.696428571428573;0.0;0.0
132.0;9.107142857142858;0.0;0.0
138.0;2.4107142857142856;0.0;0.0
144.0;0.8035714285714286;0.0;0.0
150.0;0.0;0.0;0.0
156.0;0.0;0.0;0.0
162.0;0.0;0.0;0.0
168.0;0.0;0.0;0.0
174.0;0.0;0.0;0.0
180.0;0.0;0.0;0.0
186.0;0.0;0.0;0.0
192.0;0.8035714285714286;0.0;0.0
198.0;5.625;0.0;0.0
204.0;16.875;0.0;0.0
210.0;32.142857142857146;0.0;0.0
216.0;45.535714285714285;0.0;0.0
222.0;61.875;0.0;0.0
228.0;79.55357142857143;3.0;0.0
234.0;79.55357142857143;8.25;0.0
240.0;80.08928571428571;13.5;0.0
246.0;79.28571428571429;36.0;0.0
252.0;84.64285714285714;48.75;0.0
258.0;80.08928571428571;41.25;0.0
264.0;79.82142857142857;15.0;0.0
270.0;81.16071428571429;10.5;0.0
276.0;79.82142857142857;0.0;0.0
282.0;74.19642857142857;0.0;0.0
288.0;71.51785714285714;0.0;0.0
294.0;55.44642857142857;0.0;0.0
