#auto generated file!
6.0;0.0;0.0;0.0
12.0;0.0;0.05;0.0
18.0;0.0;1.2000000000000002;0.0
24.0;0.10714285714285714;1.65;0.0
30.0;0.875;1.55;0.0
36.0;1.8571428571428572;3.25;0.0
42.0;1.8392857142857142;3.4000000000000004;0.0
48.0;4.517857142857143;2.4;0.0
54.0;5.482142857142857;3.2;0.0
60.0;4.696428571428571;0.9000000000000001;0.0
66.0;2.392857142857143;2.25;0.0
72.0;1.125;2.9;0.0
78.0;0.6785714285714286;1.95;0.0
84.0;0.8035714285714286;2.7;0.0
90.0;0.26785714285714285;3.8999999999999995;0.0
96.0;0.21428571428571427;2.0;0.0
102.0;0.5714285714285714;0.7;0.0
108.0;3.625;2.6999999999999997;0.0
114.0;3.0357142857142856;2.9;0.0
120.0;2.875;2.05;0.0
126.0;0.9107142857142857;2.0;0.0
132.0;0.17857142857142858;1.1;0.0
138.0;0.30357142857142855;1.45;0.0
144.0;0.05357142857142857;0.44999999999999996;0.0
150.0;0.16071428571428573;0.44999999999999996;0.0
156.0;0.05357142857142857;1.05;0.0
162.0;0.5892857142857143;0.5;0.0
168.0;1.6785714285714286;1.2499999999999998;0.0
174.0;1.9464285714285714;1.65;0.0
180.0;1.9642857142857142;1.7000000000000002;0.0
186.0;2.375;3.3999999999999995;0.0
192.0;1.8035714285714286;0.55;0.0
198.0;0.8571428571428571;0.7;0.0
204.0;1.3392857142857142;0.65;0.0
210.0;1.0178571428571428;1.95;0.0
216.0;1.2678571428571428;1.6;0.0
222.0;1.8214285714285714;0.3;0.0
228.0;3.875;0.44999999999999996;0.0
234.0;2.6785714285714284;2.7;0.0
240.0;2.6785714285714284;2.25;0.0
246.0;1.7678571428571428;1.05;0.0
252.0;1.2857142857142858;2.65;0.0
258.0;1.1071428571428572;4.15;0.0
264.0;1.8035714285714286;3.8;0.0
270.0;1.9642857142857142;0.9500000000000001;0.0
276.0;1.3392857142857142;1.5499999999999998;0.0
282.0;0.9285714285714286;2.65;0.0
288.0;0.9285714285714286;1.3;0.0
294.0;3.392857142857143;1.95;0.0
