#auto generated file!
6.0;0.0;0.0;0.0
12.0;1.5178571428571428;0.0;0.0
18.0;6.785714285714286;0.0;0.0
24.0;14.160714285714286;0.0;0.0
30.0;26.232142857142858;0.0;0.0
36.0;57.214285714285715;0.0;0.0
42.0;82.25;3.5;0.0
48.0;110.35714285714286;1.5;0.0
54.0;74.375;2.85;0.0
60.0;19.25;0.75;0.0
66.0;19.482142857142858;0.0;0.0
72.0;46.767857142857146;0.0;0.0
78.0;57.464285714285715;0.0;0.0
84.0;55.714285714285715;0.0;0.0
90.0;56.30357142857143;0.0;0.0
96.0;60.517857142857146;0.0;0.0
102.0;79.67857142857143;1.5999999999999999;0.0
108.0;82.46428571428571;2.9499999999999997;0.0
114.0;102.94642857142857;1.8;0.0
120.0;105.26785714285714;1.7;0.0
126.0;86.76785714285714;2.15;0.0
132.0;72.85714285714286;0.0;0.0
138.0;51.267857142857146;0.15;0.0
144.0;23.75;0.15;0.0
150.0;11.553571428571429;0.15;0.0
156.0;14.232142857142858;0.15;0.0
162.0;24.178571428571427;0.15;0.0
168.0;39.5;0.15;0.0
174.0;69.55357142857143;0.15;0.0
180.0;25.875;0.15;0.0
186.0;3.125;0.15;0.0
192.0;23.160714285714285;0.15;0.0
198.0;44.44642857142857;0.15;0.0
204.0;47.392857142857146;0.15;0.0
210.0;49.517857142857146;0.15;0.0
216.0;54.339285714285715;0.15;0.0
222.0;63.535714285714285;0.15;0.0
228.0;79.83928571428571;0.3;0.0
234.0;78.73214285714286;1.65;0.0
240.0;79.08928571428571;1.5;0.0
246.0;78.92857142857143;0.0;0.0
252.0;80.16071428571429;2.85;0.0
258.0;78.875;3.0;0.0
264.0;80.07142857142857;1.65;0.0
270.0;80.19642857142857;0.4;0.0
276.0;79.42857142857143;1.3;0.0
282.0;78.875;3.35;0.0
288.0;84.28571428571429;0.7;0.0
294.0;89.625;2.6500000000000004;0.0
