#auto generated file!
6.0;0.0;0.0;0.0
12.0;0.125;0.25;0.0
18.0;0.8035714285714286;0.0;0.0
24.0;2.107142857142857;1.5;0.0
30.0;3.375;2.25;0.0
36.0;3.732142857142857;1.0;0.0
42.0;5.589285714285714;2.5;0.0
48.0;7.5;4.75;0.0
54.0;7.678571428571429;4.25;0.0
60.0;6.357142857142857;5.0;0.0
66.0;3.1607142857142856;1.5;0.0
72.0;4.142857142857143;4.5;0.0
78.0;4.053571428571429;0.75;0.0
84.0;3.232142857142857;2.25;0.0
90.0;4.017857142857143;2.5;0.0
96.0;4.357142857142857;0.75;0.0
102.0;4.607142857142857;1.5;0.0
108.0;5.196428571428571;1.0;0.0
114.0;6.321428571428571;3.5;0.0
120.0;4.446428571428571;1.0;0.0
126.0;3.857142857142857;1.75;0.0
132.0;2.892857142857143;0.25;0.0
138.0;3.267857142857143;0.75;0.0
144.0;3.4285714285714284;0.0;0.0
150.0;3.142857142857143;0.0;0.0
156.0;3.9285714285714284;0.0;0.0
162.0;6.035714285714286;0.25;0.0
168.0;8.410714285714286;0.0;0.0
174.0;7.482142857142857;0.75;0.0
180.0;5.339285714285714;0.5;0.0
186.0;4.357142857142857;0.75;0.0
192.0;2.982142857142857;0.75;0.0
198.0;4.535714285714286;1.25;0.0
204.0;3.5535714285714284;1.0;0.0
210.0;2.857142857142857;0.25;0.0
216.0;3.517857142857143;2.5;0.0
222.0;6.5;1.5;0.0
228.0;5.785714285714286;2.25;0.0
234.0;6.160714285714286;2.25;0.0
240.0;4.660714285714286;2.5;0.0
246.0;3.75;7.5;0.0
252.0;2.4107142857142856;2.75;0.0
258.0;2.7857142857142856;6.25;0.0
264.0;3.0535714285714284;3.75;0.0
270.0;2.732142857142857;2.25;0.0
276.0;4.339285714285714;0.5;0.0
282.0;4.946428571428571;2.75;0.0
288.0;5.642857142857143;1.25;0.0
294.0;6.964285714285714;1.5;0.0
