#auto generated file!
6.0;0.0;0.0;0.0
12.0;0.0;1.5;0.0
18.0;1.875;14.25;0.0
24.0;26.25;47.25;0.0
30.0;95.625;108.0;0.0
36.0;142.76785714285714;129.0;0.0
42.0;122.41071428571429;121.5;0.0
48.0;220.98214285714286;135.0;0.0
54.0;160.44642857142858;113.25;0.0
60.0;112.5;126.75;0.0
66.0;76.875;114.0;0.0
72.0;62.94642857142857;115.5;0.0
78.0;56.25;155.25;0.0
84.0;47.94642857142857;138.75;0.0
90.0;26.517857142857142;111.75;0.0
96.0;14.464285714285714;112.5;0.0
102.0;17.410714285714285;138.0;0.0
108.0;61.875;123.0;0.0
114.0;104.19642857142857;123.75;0.0
120.0;94.55357142857143;122.25;0.0
126.0;58.125;103.5;0.0
132.0;29.732142857142858;31.5;0.0
138.0;10.982142857142858;0.0;0.0
144.0;4.017857142857143;0.0;0.0
150.0;1.875;0.0;0.0
156.0;0.5357142857142857;0.0;0.0
162.0;0.26785714285714285;0.0;0.0
168.0;0.0;0.0;0.0
174.0;0.0;0.0;0.0
180.0;0.0;0.0;0.0
186.0;0.0;0.0;0.0
192.0;0.0;2.25;0.0
198.0;1.6071428571428572;11.25;0.0
204.0;29.196428571428573;60.75;0.0
210.0;76.875;120.75;0.0
216.0;132.58928571428572;135.75;0.0
222.0;119.19642857142857;128.25;0.0
228.0;115.71428571428571;112.5;0.0
234.0;122.41071428571429;140.25;0.0
240.0;81.96428571428571;141.75;0.0
246.0;64.82142857142857;137.25;0.0
252.0;40.982142857142854;135.75;0.0
258.0;26.785714285714285;133.5;0.0
264.0;16.875;139.5;0.0
270.0;11.517857142857142;152.25;0.0
276.0;15.0;145.5;0.0
282.0;55.17857142857143;111.75;0.0
288.0;125.625;128.25;0.0
294.0;120.80357142857143;117.0;0.0
