#auto generated file!
6.0;0.0;0.0;0.0
12.0;1.0714285714285714;0.0;0.0
18.0;9.25;0.0;0.0
24.0;21.392857142857142;0.0;0.0
30.0;45.142857142857146;0.0;0.0
36.0;79.67857142857143;4.85;0.0
42.0;78.5;1.55;0.0
48.0;47.535714285714285;0.15;0.0
54.0;14.303571428571429;0.44999999999999996;0.0
60.0;8.285714285714286;0.15;0.0
66.0;6.303571428571429;0.0;0.0
72.0;3.875;0.0;0.0
78.0;33.55357142857143;0.0;0.0
84.0;50.392857142857146;0.0;0.0
90.0;72.0;0.0;0.0
96.0;80.03571428571429;1.2000000000000002;0.0
102.0;79.94642857142857;4.05;0.0
108.0;79.32142857142857;1.8;0.0
114.0;79.16071428571429;0.65;0.0
120.0;79.89285714285714;1.05;0.0
126.0;80.17857142857143;0.3;0.0
132.0;79.0;0.6;0.0
138.0;75.08928571428571;0.15;0.0
144.0;63.482142857142854;0.0;0.0
150.0;45.92857142857143;0.15;0.0
156.0;32.142857142857146;0.0;0.0
162.0;45.625;0.0;0.0
168.0;26.571428571428573;0.15;0.0
174.0;4.375;0.0;0.0
180.0;2.0535714285714284;0.0;0.0
186.0;3.0714285714285716;0.0;0.0
192.0;2.6964285714285716;0.0;0.0
198.0;2.982142857142857;0.0;0.0
204.0;2.4285714285714284;0.0;0.0
210.0;60.589285714285715;0.0;0.0
216.0;78.76785714285714;1.5;0.0
222.0;80.10714285714286;1.5;0.0
228.0;79.83928571428571;0.5;0.0
234.0;79.76785714285714;0.75;0.0
240.0;79.21428571428571;2.8499999999999996;0.0
246.0;79.32142857142857;1.0;0.0
252.0;80.03571428571429;1.75;0.0
258.0;80.0;1.2999999999999998;0.0
264.0;79.92857142857143;1.55;0.0
270.0;80.30357142857143;0.44999999999999996;0.0
276.0;80.05357142857143;0.4;0.0
282.0;79.80357142857143;1.7000000000000002;0.0
288.0;79.83928571428571;2.3499999999999996;0.0
294.0;78.33928571428571;2.2;0.0
