#auto generated file!
6.0;0.0;0.0;0.0
12.0;0.5357142857142857;0.0;0.0
18.0;2.142857142857143;0.75;0.0
24.0;2.4107142857142856;0.75;0.0
30.0;6.964285714285714;0.75;0.0
36.0;13.928571428571429;0.0;0.0
42.0;18.214285714285715;3.0;0.0
48.0;20.089285714285715;2.25;0.0
54.0;19.553571428571427;3.0;0.0
60.0;30.267857142857142;3.0;0.0
66.0;38.30357142857143;0.75;0.0
72.0;43.660714285714285;0.75;0.0
78.0;38.57142857142857;5.25;0.0
84.0;35.357142857142854;2.25;0.0
90.0;24.642857142857142;7.5;0.0
96.0;25.714285714285715;0.75;0.0
102.0;22.767857142857142;0.75;0.0
108.0;19.285714285714285;0.0;0.0
114.0;10.446428571428571;0.75;0.0
120.0;11.517857142857142;0.0;0.0
126.0;6.160714285714286;1.5;0.0
132.0;1.0714285714285714;0.0;0.0
138.0;0.5357142857142857;0.0;0.0
144.0;0.0;0.0;0.0
150.0;0.0;0.0;0.0
156.0;0.0;0.0;0.0
162.0;0.0;0.0;0.0
168.0;0.0;0.0;0.0
174.0;0.0;0.0;0.0
180.0;0.0;0.0;0.0
186.0;0.0;0.0;0.0
192.0;0.0;0.0;0.0
198.0;2.6785714285714284;3.0;0.0
204.0;8.035714285714286;0.75;0.0
210.0;10.178571428571429;0.75;0.0
216.0;11.785714285714286;1.5;0.0
222.0;16.607142857142858;0.75;0.0
228.0;24.642857142857142;2.25;0.0
234.0;35.357142857142854;2.25;0.0
240.0;33.482142857142854;1.5;0.0
246.0;40.982142857142854;4.5;0.0
252.0;44.464285714285715;0.75;0.0
258.0;44.732142857142854;0.75;0.0
264.0;39.642857142857146;1.5;0.0
270.0;27.053571428571427;2.25;0.0
276.0;25.714285714285715;3.0;0.0
282.0;25.178571428571427;0.75;0.0
288.0;21.964285714285715;0.0;0.0
294.0;15.803571428571429;0.0;0.0
