#auto generated file!
6.0;0.0;0.0;0.0
12.0;1.1785714285714286;0.0;0.0
18.0;8.767857142857142;0.0;0.0
24.0;19.464285714285715;0.0;0.0
30.0;39.410714285714285;0.0;0.0
36.0;80.17857142857143;3.6500000000000004;0.0
42.0;80.14285714285714;1.5499999999999998;0.0
48.0;79.875;0.55;0.0
54.0;45.642857142857146;1.5;0.0
60.0;19.446428571428573;0.3;0.0
66.0;10.839285714285714;0.3;0.0
72.0;25.196428571428573;0.0;0.0
78.0;44.607142857142854;0.75;0.0
84.0;59.30357142857143;0.0;0.0
90.0;60.285714285714285;0.0;0.0
96.0;79.375;0.0;0.0
102.0;80.03571428571429;2.3499999999999996;0.0
108.0;79.08928571428571;1.2;0.0
114.0;80.0;0.4;0.0
120.0;79.91071428571429;0.44999999999999996;0.0
126.0;79.80357142857143;0.85;0.0
132.0;76.53571428571429;0.3;0.0
138.0;64.83928571428571;1.2;0.0
144.0;42.964285714285715;0.15;0.0
150.0;22.071428571428573;0.15;0.0
156.0;20.964285714285715;0.0;0.0
162.0;30.071428571428573;0.0;0.0
168.0;62.05357142857143;0.0;0.0
174.0;34.107142857142854;0.15;0.0
180.0;3.767857142857143;0.0;0.0
186.0;2.1964285714285716;0.0;0.0
192.0;2.6607142857142856;0.0;0.0
198.0;1.3928571428571428;0.0;0.0
204.0;39.69642857142857;0.0;0.0
210.0;56.410714285714285;0.0;0.0
216.0;71.25;0.0;0.0
222.0;78.69642857142857;1.6500000000000001;0.0
228.0;81.14285714285714;1.7999999999999998;0.0
234.0;79.19642857142857;1.2;0.0
240.0;80.0;0.6;0.0
246.0;80.82142857142857;2.7;0.0
252.0;79.71428571428571;1.9;0.0
258.0;79.67857142857143;3.15;0.0
264.0;79.82142857142857;1.9;0.0
270.0;79.375;2.55;0.0
276.0;79.78571428571429;1.5;0.0
282.0;79.85714285714286;1.35;0.0
288.0;79.78571428571429;2.5999999999999996;0.0
294.0;80.10714285714286;0.0;0.0
