#auto generated file!
6.0;0.0;0.0;0.0
12.0;0.0;0.15;0.0
18.0;0.16071428571428573;1.3;0.0
24.0;1.2678571428571428;3.8;0.0
30.0;4.982142857142857;0.8500000000000001;0.0
36.0;10.160714285714286;2.95;0.0
42.0;18.75;3.0;0.0
48.0;21.642857142857142;3.8;0.0
54.0;21.678571428571427;1.25;0.0
60.0;19.160714285714285;1.8;0.0
66.0;10.446428571428571;3.95;0.0
72.0;12.428571428571429;1.5;0.0
78.0;10.25;5.25;0.0
84.0;8.321428571428571;3.1499999999999995;0.0
90.0;9.25;3.6;0.0
96.0;12.196428571428571;1.2;0.0
102.0;14.785714285714286;1.25;0.0
108.0;16.5;1.05;0.0
114.0;20.357142857142858;3.3999999999999995;0.0
120.0;12.285714285714286;2.5;0.0
126.0;4.857142857142857;2.1999999999999997;0.0
132.0;3.1785714285714284;0.7000000000000001;0.0
138.0;3.0714285714285716;1.3;0.0
144.0;1.6785714285714286;1.2;0.0
150.0;1.5535714285714286;1.3499999999999999;0.0
156.0;3.5;0.65;0.0
162.0;5.625;0.75;0.0
168.0;9.946428571428571;0.75;0.0
174.0;12.0;1.1;0.0
180.0;10.482142857142858;1.65;0.0
186.0;7.75;0.9;0.0
192.0;7.053571428571429;2.1;0.0
198.0;6.142857142857143;1.2;0.0
204.0;6.428571428571429;2.9;0.0
210.0;5.25;1.6;0.0
216.0;5.482142857142857;1.5;0.0
222.0;7.642857142857143;2.25;0.0
228.0;14.678571428571429;1.0499999999999998;0.0
234.0;17.767857142857142;1.2;0.0
240.0;17.214285714285715;1.2;0.0
246.0;14.625;4.1499999999999995;0.0
252.0;11.035714285714286;4.25;0.0
258.0;13.446428571428571;4.25;0.0
264.0;14.571428571428571;5.15;0.0
270.0;14.892857142857142;2.65;0.0
276.0;11.375;4.25;0.0
282.0;12.375;2.05;0.0
288.0;19.767857142857142;2.35;0.0
294.0;14.142857142857142;0.9;0.0
