#auto generated file!
6.0;0.0;0.0;0.0
12.0;0.8928571428571429;0.0;0.0
18.0;7.535714285714286;0.5;0.0
24.0;19.196428571428573;1.0;0.0
30.0;36.19642857142857;3.25;0.0
36.0;48.82142857142857;12.25;0.0
42.0;75.16071428571429;11.3;0.0
48.0;103.91071428571429;1.7;0.0
54.0;103.16071428571429;0.9000000000000001;0.0
60.0;103.73214285714286;1.4000000000000001;0.0
66.0;101.125;1.4;0.0
72.0;96.19642857142857;1.2;0.0
78.0;96.375;2.4;0.0
84.0;92.16071428571429;5.25;0.0
90.0;76.91071428571429;6.0;0.0
96.0;77.44642857142857;8.6;0.0
102.0;89.23214285714286;3.8;0.0
108.0;103.67857142857143;5.05;0.0
114.0;103.53571428571429;6.4;0.0
120.0;103.125;0.9;0.0
126.0;98.92857142857143;1.75;0.0
132.0;90.69642857142857;2.25;0.0
138.0;67.35714285714286;0.9;0.0
144.0;47.92857142857143;1.95;0.0
150.0;26.875;0.0;0.0
156.0;26.642857142857142;0.0;0.0
162.0;36.410714285714285;0.75;0.0
168.0;52.0;1.0;0.0
174.0;98.375;1.9500000000000002;0.0
180.0;102.21428571428571;2.2;0.0
186.0;101.73214285714286;2.5;0.0
192.0;100.83928571428571;2.15;0.0
198.0;100.14285714285714;2.0;0.0
204.0;98.03571428571429;1.65;0.0
210.0;92.46428571428571;1.25;0.0
216.0;91.03571428571429;0.0;0.0
222.0;94.35714285714286;0.3;0.0
228.0;103.57142857142857;3.5999999999999996;0.0
234.0;123.71428571428571;1.95;0.0
240.0;114.73214285714286;2.15;0.0
246.0;103.60714285714286;4.05;0.0
252.0;91.25;1.9;0.0
258.0;96.98214285714286;3.3499999999999996;0.0
264.0;101.73214285714286;3.75;0.0
270.0;97.30357142857143;3.2499999999999996;0.0
276.0;94.92857142857143;1.35;0.0
282.0;106.57142857142857;3.9;0.0
288.0;119.58928571428571;5.3;0.0
294.0;125.375;1.5;0.0
