#auto generated file!
60.0;218;387;795
66.0;218;387;795
72.0;218;387;795
78.0;218;387;795
84.0;218;387;795
90.0;218;387;795
96.0;218;387;795
102.0;218;387;795
108.0;218;387;795
114.0;218;387;795
120.0;218;387;795
126.0;218;387;795
132.0;218;387;795
138.0;218;387;795
144.0;218;387;795
150.0;218;387;795
156.0;218;387;795
162.0;218;387;795
168.0;218;387;795
174.0;218;387;795
180.0;218;387;795
186.0;218;387;795
192.0;218;387;795
198.0;218;387;795
204.0;218;387;795
210.0;218;387;795
216.0;218;387;795
222.0;218;387;795
228.0;218;387;795
234.0;218;387;795
240.0;218;387;795
246.0;218;387;795
252.0;218;387;795
258.0;218;387;795
264.0;218;387;795
270.0;218;387;795
276.0;218;387;795
282.0;218;387;795
288.0;218;387;795
294.0;218;387;795
