#auto generated file!
6.0;0.0;0.0;0.0
12.0;0.0;0.0;0.0
18.0;8.035714285714286;0.0;0.0
24.0;21.160714285714285;0.0;0.0
30.0;31.875;0.0;0.0
36.0;50.089285714285715;0.0;0.0
42.0;60.80357142857143;0.0;0.0
48.0;79.82142857142857;2.25;0.0
54.0;80.08928571428571;7.5;0.0
60.0;79.82142857142857;5.25;0.0
66.0;80.08928571428571;52.5;0.0
72.0;79.28571428571429;110.25;0.0
78.0;79.01785714285714;114.75;0.0
84.0;77.67857142857143;109.5;0.0
90.0;80.625;66.0;0.0
96.0;80.89285714285714;7.5;0.0
102.0;75.26785714285714;5.25;0.0
108.0;78.48214285714286;0.0;0.0
114.0;53.57142857142857;1.5;0.0
120.0;37.767857142857146;0.75;0.0
126.0;20.089285714285715;0.0;0.0
132.0;8.035714285714286;0.0;0.0
138.0;1.875;0.0;0.0
144.0;0.5357142857142857;0.0;0.0
150.0;0.0;0.0;0.0
156.0;0.0;0.0;0.0
162.0;0.0;0.0;0.0
168.0;0.0;0.0;0.0
174.0;0.0;0.0;0.0
180.0;0.0;0.0;0.0
186.0;0.0;0.0;0.0
192.0;0.0;0.0;0.0
198.0;6.696428571428571;0.0;0.0
204.0;18.214285714285715;0.0;0.0
210.0;32.410714285714285;0.0;0.0
216.0;46.875;0.0;0.0
222.0;71.25;0.0;0.0
228.0;80.625;2.25;0.0
234.0;79.55357142857143;16.5;0.0
240.0;80.08928571428571;19.5;0.0
246.0;80.89285714285714;39.0;0.0
252.0;80.89285714285714;38.25;0.0
258.0;79.55357142857143;18.0;0.0
264.0;81.16071428571429;5.25;0.0
270.0;79.82142857142857;8.25;0.0
276.0;80.08928571428571;5.25;0.0
282.0;78.75;3.75;0.0
288.0;75.80357142857143;2.25;0.0
294.0;56.25;2.25;0.0
