#auto generated file!
6.0;0.0;0.0;0.0
12.0;0.0;0.0;0.0
18.0;8.035714285714286;0.0;0.0
24.0;20.892857142857142;0.0;0.0
30.0;42.857142857142854;0.0;0.0
36.0;61.607142857142854;0.0;0.0
42.0;79.28571428571429;1.5;0.0
48.0;80.08928571428571;8.25;0.0
54.0;81.42857142857143;12.0;0.0
60.0;79.01785714285714;31.5;0.0
66.0;80.08928571428571;17.25;0.0
72.0;79.28571428571429;38.25;0.0
78.0;79.01785714285714;66.75;0.0
84.0;79.28571428571429;72.75;0.0
90.0;79.55357142857143;52.5;0.0
96.0;79.55357142857143;1.5;0.0
102.0;76.875;1.5;0.0
108.0;68.30357142857143;0.75;0.0
114.0;47.142857142857146;0.0;0.0
120.0;31.607142857142858;0.0;0.0
126.0;15.267857142857142;0.0;0.0
132.0;6.160714285714286;0.0;0.0
138.0;1.875;0.0;0.0
144.0;1.3392857142857142;0.0;0.0
150.0;0.26785714285714285;0.0;0.0
156.0;0.26785714285714285;0.0;0.0
162.0;0.0;0.0;0.0
168.0;0.0;0.0;0.0
174.0;0.0;0.0;0.0
180.0;0.0;0.0;0.0
186.0;0.0;0.0;0.0
192.0;1.0714285714285714;0.0;0.0
198.0;10.714285714285714;0.0;0.0
204.0;21.696428571428573;0.0;0.0
210.0;32.142857142857146;0.0;0.0
216.0;56.517857142857146;0.0;0.0
222.0;78.48214285714286;0.0;0.0
228.0;79.55357142857143;7.5;0.0
234.0;81.16071428571429;3.0;0.0
240.0;80.08928571428571;18.75;0.0
246.0;80.625;34.5;0.0
252.0;95.35714285714286;66.0;0.0
258.0;87.05357142857143;99.75;0.0
264.0;79.55357142857143;96.75;0.0
270.0;80.08928571428571;75.75;0.0
276.0;78.48214285714286;16.5;0.0
282.0;78.21428571428571;3.75;0.0
288.0;64.28571428571429;0.75;0.0
294.0;43.92857142857143;0.0;0.0
