#auto generated file!
6.0;0.0;0.0;0.0
12.0;0.08928571428571429;0.0;0.0
18.0;6.482142857142857;0.15;0.0
24.0;11.785714285714286;0.4;0.0
30.0;22.178571428571427;0.7;0.0
36.0;40.67857142857143;1.5;0.0
42.0;82.19642857142857;2.4;0.0
48.0;94.19642857142857;2.25;0.0
54.0;96.33928571428571;7.35;0.0
60.0;96.51785714285714;6.9;0.0
66.0;89.08928571428571;6.0;0.0
72.0;75.26785714285714;3.75;0.0
78.0;73.03571428571429;1.7999999999999998;0.0
84.0;62.982142857142854;0.8;0.0
90.0;50.785714285714285;0.75;0.0
96.0;50.482142857142854;0.55;0.0
102.0;61.482142857142854;0.15;0.0
108.0;87.21428571428571;0.65;0.0
114.0;96.16071428571429;12.0;0.0
120.0;91.75;1.25;0.0
126.0;91.21428571428571;2.4;0.0
132.0;76.16071428571429;0.44999999999999996;0.0
138.0;47.607142857142854;0.6;0.0
144.0;25.535714285714285;0.3;0.0
150.0;14.392857142857142;0.0;0.0
156.0;11.732142857142858;0.0;0.0
162.0;17.589285714285715;0.3;0.0
168.0;27.339285714285715;0.3;0.0
174.0;49.857142857142854;0.3;0.0
180.0;68.23214285714286;0.15;0.0
186.0;82.25;0.3;0.0
192.0;90.75;0.9;0.0
198.0;87.875;0.25;0.0
204.0;82.57142857142857;1.0;0.0
210.0;76.35714285714286;0.75;0.0
216.0;65.23214285714286;0.44999999999999996;0.0
222.0;66.0;0.15;0.0
228.0;75.19642857142857;0.3;0.0
234.0;86.58928571428571;1.65;0.0
240.0;88.44642857142857;3.15;0.0
246.0;80.0;3.9;0.0
252.0;79.96428571428571;6.9;0.0
258.0;79.98214285714286;4.15;0.0
264.0;81.44642857142857;3.0;0.0
270.0;79.92857142857143;1.5;0.0
276.0;81.28571428571429;1.65;0.0
282.0;84.28571428571429;3.15;0.0
288.0;92.76785714285714;4.75;0.0
294.0;93.67857142857143;3.9;0.0
