#auto generated file!
6.0;0.0;0.0;0.0
12.0;0.25;0.0;0.0
18.0;2.4464285714285716;0.0;0.0
24.0;4.875;0.0;0.0
30.0;6.410714285714286;0.0;0.0
36.0;10.928571428571429;0.0;0.0
42.0;11.875;0.0;0.0
48.0;12.160714285714286;0.0;0.0
54.0;14.428571428571429;0.0;0.0
60.0;13.214285714285714;0.0;0.0
66.0;8.875;0.0;0.0
72.0;8.446428571428571;0.0;0.0
78.0;9.035714285714286;0.0;0.0
84.0;7.178571428571429;0.0;0.0
90.0;7.75;0.0;0.0
96.0;9.196428571428571;0.0;0.0
102.0;10.035714285714286;0.0;0.0
108.0;12.321428571428571;0.0;0.0
114.0;12.642857142857142;0.0;0.0
120.0;10.928571428571429;0.0;0.0
126.0;8.125;0.0;0.0
132.0;4.839285714285714;0.0;0.0
138.0;4.946428571428571;0.0;0.0
144.0;2.5;0.0;0.0
150.0;2.4642857142857144;0.0;0.0
156.0;3.3392857142857144;0.0;0.0
162.0;4.196428571428571;0.0;0.0
168.0;7.321428571428571;0.0;0.0
174.0;6.964285714285714;0.0;0.0
180.0;7.357142857142857;0.0;0.0
186.0;6.535714285714286;0.0;0.0
192.0;7.232142857142857;0.0;0.0
198.0;6.053571428571429;0.0;0.0
204.0;5.428571428571429;0.0;0.0
210.0;5.607142857142857;0.0;0.0
216.0;7.017857142857143;0.0;0.0
222.0;7.214285714285714;0.0;0.0
228.0;6.125;0.0;0.0
234.0;9.928571428571429;0.0;0.0
240.0;10.392857142857142;0.0;0.0
246.0;9.607142857142858;0.0;0.0
252.0;11.821428571428571;0.0;0.0
258.0;13.142857142857142;0.0;0.0
264.0;12.982142857142858;0.0;0.0
270.0;11.571428571428571;0.0;0.0
276.0;9.107142857142858;0.0;0.0
282.0;12.107142857142858;0.0;0.0
288.0;14.142857142857142;0.0;0.0
294.0;9.732142857142858;0.0;0.0
