#auto generated file!
6.0;0.0;0.0;0.0
12.0;1.1964285714285714;0.0;0.0
18.0;7.892857142857143;0.0;0.0
24.0;13.75;0.0;0.0
30.0;28.785714285714285;0.0;0.0
36.0;61.32142857142857;0.0;0.0
42.0;80.01785714285714;3.7500000000000004;0.0
48.0;79.14285714285714;0.44999999999999996;0.0
54.0;79.73214285714286;0.5;0.0
60.0;79.46428571428571;0.3;0.0
66.0;79.30357142857143;1.05;0.0
72.0;77.51785714285714;0.75;0.0
78.0;74.19642857142857;0.0;0.0
84.0;76.875;0.0;0.0
90.0;71.26785714285714;0.0;0.0
96.0;78.60714285714286;0.15;0.0
102.0;80.17857142857143;1.2999999999999998;0.0
108.0;79.91071428571429;0.7;0.0
114.0;79.92857142857143;1.3;0.0
120.0;80.07142857142857;0.9500000000000001;0.0
126.0;78.92857142857143;0.9;0.0
132.0;70.91071428571429;0.3;0.0
138.0;57.75;0.3;0.0
144.0;35.892857142857146;1.5;0.0
150.0;17.017857142857142;0.0;0.0
156.0;18.267857142857142;0.0;0.0
162.0;24.25;0.0;0.0
168.0;41.535714285714285;0.0;0.0
174.0;15.517857142857142;0.0;0.0
180.0;3.2142857142857144;0.0;0.0
186.0;1.8928571428571428;0.0;0.0
192.0;29.517857142857142;0.0;0.0
198.0;47.07142857142857;0.0;0.0
204.0;52.875;0.0;0.0
210.0;59.44642857142857;0.0;0.0
216.0;64.375;0.0;0.0
222.0;77.46428571428571;0.0;0.0
228.0;78.23214285714286;1.7999999999999998;0.0
234.0;78.96428571428571;2.25;0.0
240.0;80.17857142857143;1.3;0.0
246.0;79.89285714285714;1.4500000000000002;0.0
252.0;79.44642857142857;1.8;0.0
258.0;79.25;1.8;0.0
264.0;79.125;1.4;0.0
270.0;79.23214285714286;1.3;0.0
276.0;80.01785714285714;1.9500000000000002;0.0
282.0;79.625;2.3;0.0
288.0;80.625;0.15;0.0
294.0;80.25;1.2;0.0
