#auto generated file!
6.0;0.0;0.0;0.0
12.0;0.3392857142857143;0.4;0.0
18.0;1.5535714285714286;3.25;0.0
24.0;3.517857142857143;6.2;0.0
30.0;15.321428571428571;2.9999999999999996;0.0
36.0;36.82142857142857;3.45;0.0
42.0;67.0;3.4499999999999997;0.0
48.0;102.55357142857143;3.85;0.0
54.0;102.48214285714286;3.25;0.0
60.0;99.94642857142857;3.75;0.0
66.0;100.67857142857143;1.5;0.0
72.0;84.01785714285714;7.8;0.0
78.0;67.48214285714286;3.75;0.0
84.0;58.94642857142857;5.55;0.0
90.0;43.857142857142854;6.15;0.0
96.0;50.19642857142857;7.15;0.0
102.0;62.30357142857143;13.75;0.0
108.0;97.08928571428571;3.15;0.0
114.0;102.03571428571429;7.15;0.0
120.0;99.5;2.0;0.0
126.0;97.41071428571429;7.9;0.0
132.0;80.0;1.7999999999999998;0.0
138.0;57.92857142857143;1.8;0.0
144.0;29.607142857142858;0.9;0.0
150.0;9.553571428571429;0.44999999999999996;0.0
156.0;14.928571428571429;1.2;0.0
162.0;27.303571428571427;0.3;0.0
168.0;37.642857142857146;1.85;0.0
174.0;63.94642857142857;2.4000000000000004;0.0
180.0;75.5;2.85;0.0
186.0;79.60714285714286;1.8;0.0
192.0;86.30357142857143;1.0;0.0
198.0;72.32142857142857;2.85;0.0
204.0;58.19642857142857;1.65;0.0
210.0;48.44642857142857;1.1;0.0
216.0;30.928571428571427;5.35;0.0
222.0;30.107142857142858;3.15;0.0
228.0;45.107142857142854;8.55;0.0
234.0;55.57142857142857;5.699999999999999;0.0
240.0;63.17857142857143;7.950000000000001;0.0
246.0;61.55357142857143;5.300000000000001;0.0
252.0;51.25;6.199999999999999;0.0
258.0;46.410714285714285;8.75;0.0
264.0;59.125;5.65;0.0
270.0;66.92857142857143;7.0;0.0
276.0;68.625;7.05;0.0
282.0;81.32142857142857;4.3500000000000005;0.0
288.0;97.05357142857143;2.9;0.0
294.0;98.60714285714286;4.65;0.0
