#auto generated file!
6.0;0.0;0.0;0.0
12.0;0.5;0.0;0.0
18.0;1.6607142857142858;0.0;0.0
24.0;4.410714285714286;0.0;0.0
30.0;7.339285714285714;0.0;0.0
36.0;7.857142857142857;0.0;0.0
42.0;8.982142857142858;0.0;0.0
48.0;10.928571428571429;0.0;0.0
54.0;12.821428571428571;0.0;0.0
60.0;12.482142857142858;0.0;0.0
66.0;12.75;0.0;0.0
72.0;11.714285714285714;0.0;0.0
78.0;8.839285714285714;0.0;0.0
84.0;11.035714285714286;0.0;0.0
90.0;12.392857142857142;0.0;0.0
96.0;9.25;0.0;0.0
102.0;9.285714285714286;0.0;0.0
108.0;11.5;0.0;0.0
114.0;12.714285714285714;0.0;0.0
120.0;10.642857142857142;0.0;0.0
126.0;8.107142857142858;0.0;0.0
132.0;4.392857142857143;0.0;0.0
138.0;3.4107142857142856;0.0;0.0
144.0;2.3214285714285716;0.0;0.0
150.0;2.6964285714285716;0.0;0.0
156.0;3.5714285714285716;0.0;0.0
162.0;3.5714285714285716;0.0;0.0
168.0;7.214285714285714;0.0;0.0
174.0;7.25;0.0;0.0
180.0;7.142857142857143;0.0;0.0
186.0;8.178571428571429;0.0;0.0
192.0;5.714285714285714;0.0;0.0
198.0;7.857142857142857;0.0;0.0
204.0;5.642857142857143;0.0;0.0
210.0;6.535714285714286;0.0;0.0
216.0;4.821428571428571;0.0;0.0
222.0;9.285714285714286;0.0;0.0
228.0;10.053571428571429;0.0;0.0
234.0;9.535714285714286;0.0;0.0
240.0;12.875;0.0;0.0
246.0;11.053571428571429;0.0;0.0
252.0;11.214285714285714;0.0;0.0
258.0;10.25;0.0;0.0
264.0;13.214285714285714;0.0;0.0
270.0;14.625;0.0;0.0
276.0;13.607142857142858;0.0;0.0
282.0;11.714285714285714;0.0;0.0
288.0;9.732142857142858;0.0;0.0
294.0;7.982142857142857;0.0;0.0
