#auto generated file!
6.0;0.0;0.0;0.0
12.0;0.875;0.0;0.0
18.0;5.321428571428571;0.0;0.0
24.0;9.5;0.0;0.0
30.0;14.857142857142858;0.0;0.0
36.0;17.803571428571427;0.0;0.0
42.0;31.375;0.0;0.0
48.0;47.714285714285715;0.0;0.0
54.0;61.017857142857146;0.0;0.0
60.0;68.17857142857143;0.0;0.0
66.0;59.392857142857146;0.0;0.0
72.0;42.464285714285715;0.0;0.0
78.0;32.107142857142854;0.0;0.0
84.0;28.214285714285715;0.0;0.0
90.0;21.107142857142858;0.0;0.0
96.0;21.053571428571427;0.0;0.0
102.0;27.107142857142858;0.0;0.0
108.0;32.5;0.0;0.0
114.0;40.982142857142854;0.0;0.0
120.0;42.57142857142857;0.0;0.0
126.0;32.19642857142857;0.0;0.0
132.0;12.446428571428571;0.0;0.0
138.0;8.946428571428571;0.0;0.0
144.0;9.125;0.0;0.0
150.0;6.196428571428571;0.0;0.0
156.0;9.803571428571429;0.0;0.0
162.0;11.982142857142858;0.0;0.0
168.0;17.107142857142858;0.0;0.0
174.0;19.785714285714285;0.0;0.0
180.0;18.928571428571427;0.0;0.0
186.0;17.589285714285715;0.0;0.0
192.0;17.303571428571427;0.0;0.0
198.0;13.696428571428571;0.0;0.0
204.0;14.392857142857142;0.0;0.0
210.0;12.25;0.0;0.0
216.0;15.767857142857142;0.0;0.0
222.0;21.625;0.0;0.0
228.0;23.625;0.0;0.0
234.0;31.714285714285715;0.0;0.0
240.0;33.25;0.0;0.0
246.0;30.964285714285715;0.0;0.0
252.0;28.160714285714285;0.0;0.0
258.0;23.053571428571427;0.0;0.0
264.0;27.625;0.0;0.0
270.0;31.303571428571427;0.0;0.0
276.0;29.642857142857142;0.0;0.0
282.0;28.482142857142858;0.0;0.0
288.0;27.160714285714285;0.0;0.0
294.0;29.964285714285715;0.0;0.0
