#auto generated file!
6.0;0.0;0.0;0.0
12.0;0.17857142857142858;0.15;0.0
18.0;1.1071428571428572;1.9;0.0
24.0;1.8214285714285714;2.8;0.0
30.0;4.714285714285714;5.999999999999999;0.0
36.0;15.053571428571429;9.399999999999999;0.0
42.0;27.785714285714285;4.9;0.0
48.0;37.964285714285715;6.75;0.0
54.0;47.5;4.85;0.0
60.0;43.125;3.75;0.0
66.0;25.232142857142858;6.3;0.0
72.0;10.232142857142858;8.100000000000001;0.0
78.0;6.982142857142857;12.600000000000001;0.0
84.0;7.214285714285714;7.7;0.0
90.0;5.839285714285714;7.0;0.0
96.0;9.517857142857142;6.8;0.0
102.0;16.089285714285715;2.35;0.0
108.0;27.321428571428573;3.45;0.0
114.0;36.017857142857146;4.6;0.0
120.0;29.910714285714285;3.5999999999999996;0.0
126.0;19.553571428571427;2.75;0.0
132.0;9.678571428571429;2.1;0.0
138.0;3.9285714285714284;1.65;0.0
144.0;2.7857142857142856;0.44999999999999996;0.0
150.0;2.7142857142857144;1.3499999999999999;0.0
156.0;4.625;0.75;0.0
162.0;9.517857142857142;1.2;0.0
168.0;18.517857142857142;1.7999999999999998;0.0
174.0;24.982142857142858;1.1500000000000001;0.0
180.0;26.642857142857142;2.3000000000000003;0.0
186.0;24.5;3.15;0.0
192.0;20.107142857142858;1.3;0.0
198.0;14.232142857142858;4.6499999999999995;0.0
204.0;10.517857142857142;1.0;0.0
210.0;8.696428571428571;2.0;0.0
216.0;10.321428571428571;2.7;0.0
222.0;12.428571428571429;6.299999999999999;0.0
228.0;17.535714285714285;4.799999999999999;0.0
234.0;23.892857142857142;7.05;0.0
240.0;23.0;4.75;0.0
246.0;18.017857142857142;4.85;0.0
252.0;13.767857142857142;6.8;0.0
258.0;12.375;6.35;0.0
264.0;15.928571428571429;7.45;0.0
270.0;15.660714285714286;12.149999999999999;0.0
276.0;15.928571428571429;6.6499999999999995;0.0
282.0;18.553571428571427;13.200000000000001;0.0
288.0;26.214285714285715;3.1499999999999995;0.0
294.0;25.875;1.45;0.0
