#auto generated file!
6.0;0.0;0.0;0.0
12.0;0.48214285714285715;0.0;0.0
18.0;2.0357142857142856;1.25;0.0
24.0;4.696428571428571;3.0;0.0
30.0;6.035714285714286;4.25;0.0
36.0;9.410714285714286;6.0;0.0
42.0;13.785714285714286;8.0;0.0
48.0;21.517857142857142;5.5;0.0
54.0;31.446428571428573;4.25;0.0
60.0;31.357142857142858;2.0;0.0
66.0;26.214285714285715;3.25;0.0
72.0;16.035714285714285;4.5;0.0
78.0;8.910714285714286;3.75;0.0
84.0;6.732142857142857;4.5;0.0
90.0;5.696428571428571;2.0;0.0
96.0;7.321428571428571;4.5;0.0
102.0;9.857142857142858;6.0;0.0
108.0;15.160714285714286;9.5;0.0
114.0;25.803571428571427;8.75;0.0
120.0;21.785714285714285;2.75;0.0
126.0;16.589285714285715;1.5;0.0
132.0;11.892857142857142;0.5;0.0
138.0;10.607142857142858;0.75;0.0
144.0;9.75;0.0;0.0
150.0;11.625;0.0;0.0
156.0;10.785714285714286;0.0;0.0
162.0;17.571428571428573;0.0;0.0
168.0;27.482142857142858;0.5;0.0
174.0;44.0;2.25;0.0
180.0;51.232142857142854;2.0;0.0
186.0;48.82142857142857;1.5;0.0
192.0;39.875;2.0;0.0
198.0;34.94642857142857;2.5;0.0
204.0;30.017857142857142;1.5;0.0
210.0;22.857142857142858;1.0;0.0
216.0;19.125;3.25;0.0
222.0;22.375;4.5;0.0
228.0;32.285714285714285;1.5;0.0
234.0;42.69642857142857;2.25;0.0
240.0;42.05357142857143;3.5;0.0
246.0;36.05357142857143;7.5;0.0
252.0;29.017857142857142;12.0;0.0
258.0;25.089285714285715;15.25;0.0
264.0;25.678571428571427;4.5;0.0
270.0;31.517857142857142;5.5;0.0
276.0;32.75;8.5;0.0
282.0;36.625;3.25;0.0
288.0;46.214285714285715;2.5;0.0
294.0;57.75;0.75;0.0
