#auto generated file!
6.0;0.0;0.0;0.0
12.0;0.0;0.05;0.0
18.0;0.7857142857142857;2.05;0.0
24.0;5.642857142857143;1.95;0.0
30.0;12.839285714285714;1.9500000000000002;0.0
36.0;27.303571428571427;0.75;0.0
42.0;42.607142857142854;1.15;0.0
48.0;68.03571428571429;2.55;0.0
54.0;33.839285714285715;1.7999999999999998;0.0
60.0;6.732142857142857;1.6;0.0
66.0;28.642857142857142;1.5;0.0
72.0;26.517857142857142;2.15;0.0
78.0;18.392857142857142;1.35;0.0
84.0;15.821428571428571;6.0;0.0
90.0;20.107142857142858;3.0999999999999996;0.0
96.0;19.839285714285715;3.4499999999999993;0.0
102.0;23.875;1.15;0.0
108.0;37.875;1.7999999999999998;0.0
114.0;51.482142857142854;3.1;0.0
120.0;61.160714285714285;3.35;0.0
126.0;44.714285714285715;3.5;0.0
132.0;15.678571428571429;2.0500000000000003;0.0
138.0;5.892857142857143;1.0;0.0
144.0;4.160714285714286;1.7999999999999998;0.0
150.0;3.625;1.6499999999999997;0.0
156.0;6.339285714285714;0.75;0.0
162.0;8.375;0.8500000000000001;0.0
168.0;19.428571428571427;1.05;0.0
174.0;27.892857142857142;0.7000000000000001;0.0
180.0;27.196428571428573;1.8000000000000003;0.0
186.0;26.696428571428573;1.85;0.0
192.0;22.803571428571427;0.65;0.0
198.0;14.303571428571429;2.35;0.0
204.0;11.339285714285714;2.5999999999999996;0.0
210.0;10.517857142857142;0.55;0.0
216.0;14.803571428571429;4.0;0.0
222.0;19.214285714285715;3.7;0.0
228.0;24.196428571428573;2.9999999999999996;0.0
234.0;33.17857142857143;0.8999999999999999;0.0
240.0;25.196428571428573;5.3500000000000005;0.0
246.0;24.964285714285715;3.3999999999999995;0.0
252.0;26.5;5.3999999999999995;0.0
258.0;28.75;3.7499999999999996;0.0
264.0;30.375;4.7;0.0
270.0;30.75;2.9;0.0
276.0;24.910714285714285;1.7999999999999998;0.0
282.0;28.321428571428573;2.6999999999999997;0.0
288.0;35.57142857142857;1.05;0.0
294.0;34.94642857142857;3.9000000000000004;0.0
