#auto generated file!
6.0;0.0;0.0;0.0
12.0;0.3392857142857143;0.0;0.0
18.0;0.5535714285714286;0.15;0.0
24.0;1.8214285714285714;0.0;0.0
30.0;3.9107142857142856;0.65;0.0
36.0;7.339285714285714;0.15;0.0
42.0;8.732142857142858;0.4;0.0
48.0;9.357142857142858;0.44999999999999996;0.0
54.0;9.428571428571429;0.15;0.0
60.0;8.803571428571429;0.35;0.0
66.0;6.589285714285714;0.9;0.0
72.0;5.410714285714286;0.05;0.0
78.0;5.482142857142857;0.8;0.0
84.0;5.696428571428571;0.6;0.0
90.0;5.642857142857143;0.15;0.0
96.0;7.428571428571429;0.4;0.0
102.0;8.214285714285714;0.3;0.0
108.0;8.732142857142858;0.3;0.0
114.0;7.696428571428571;0.5;0.0
120.0;6.25;0.44999999999999996;0.0
126.0;5.053571428571429;0.15;0.0
132.0;3.2857142857142856;0.44999999999999996;0.0
138.0;2.6785714285714284;0.4;0.0
144.0;1.625;0.7000000000000001;0.0
150.0;1.625;0.44999999999999996;0.0
156.0;2.6964285714285716;0.3;0.0
162.0;3.392857142857143;0.4;0.0
168.0;4.696428571428571;0.3;0.0
174.0;5.089285714285714;0.15;0.0
180.0;5.071428571428571;0.55;0.0
186.0;4.821428571428571;0.6;0.0
192.0;4.803571428571429;0.75;0.0
198.0;4.178571428571429;0.44999999999999996;0.0
204.0;3.5892857142857144;0.15;0.0
210.0;3.5535714285714284;0.9;0.0
216.0;4.625;0.75;0.0
222.0;4.964285714285714;0.9;0.0
228.0;6.321428571428571;0.2;0.0
234.0;8.357142857142858;0.3;0.0
240.0;10.571428571428571;0.44999999999999996;0.0
246.0;8.071428571428571;2.4;0.0
252.0;8.267857142857142;0.0;0.0
258.0;9.982142857142858;0.75;0.0
264.0;6.821428571428571;1.15;0.0
270.0;6.875;0.0;0.0
276.0;8.214285714285714;0.3;0.0
282.0;8.5;0.6;0.0
288.0;6.803571428571429;0.15;0.0
294.0;5.107142857142857;0.15;0.0
