#auto generated file!
6.0;0.0;0.0;0.0
12.0;0.75;0.0;0.0
18.0;6.339285714285714;0.0;0.0
24.0;12.125;0.0;0.0
30.0;18.660714285714285;0.0;0.0
36.0;37.57142857142857;0.0;0.0
42.0;65.78571428571429;0.0;0.0
48.0;83.375;2.2;0.0
54.0;94.42857142857143;2.7;0.0
60.0;94.07142857142857;2.0;0.0
66.0;79.64285714285714;2.1;0.0
72.0;76.25;0.9;0.0
78.0;62.589285714285715;0.15;0.0
84.0;54.57142857142857;0.0;0.0
90.0;45.19642857142857;0.0;0.0
96.0;53.089285714285715;0.0;0.0
102.0;58.339285714285715;0.0;0.0
108.0;79.96428571428571;1.7000000000000002;0.0
114.0;79.60714285714286;2.6999999999999997;0.0
120.0;79.26785714285714;0.44999999999999996;0.0
126.0;73.89285714285714;0.75;0.0
132.0;58.69642857142857;0.0;0.0
138.0;26.017857142857142;0.0;0.0
144.0;10.482142857142858;0.0;0.0
150.0;8.678571428571429;0.0;0.0
156.0;12.0;0.0;0.0
162.0;13.928571428571429;0.0;0.0
168.0;28.875;0.0;0.0
174.0;46.357142857142854;0.0;0.0
180.0;58.94642857142857;0.0;0.0
186.0;69.14285714285714;0.0;0.0
192.0;76.07142857142857;0.0;0.0
198.0;78.78571428571429;0.0;0.0
204.0;72.08928571428571;0.0;0.0
210.0;51.035714285714285;0.0;0.0
216.0;35.535714285714285;0.0;0.0
222.0;33.69642857142857;0.0;0.0
228.0;44.267857142857146;0.0;0.0
234.0;61.42857142857143;0.0;0.0
240.0;69.98214285714286;0.0;0.0
246.0;79.91071428571429;0.0;0.0
252.0;75.01785714285714;0.0;0.0
258.0;79.51785714285714;1.3499999999999999;0.0
264.0;78.80357142857143;1.05;0.0
270.0;73.875;0.15;0.0
276.0;77.66071428571429;0.15;0.0
282.0;77.875;0.0;0.0
288.0;79.07142857142857;0.15;0.0
294.0;80.10714285714286;0.9;0.0
