#auto generated file!
6.0;0.0;0.0;0.0
12.0;0.07142857142857142;0.0;0.0
18.0;1.0178571428571428;0.8;0.0
24.0;1.5892857142857142;0.7;0.0
30.0;2.267857142857143;3.15;0.0
36.0;3.7142857142857144;7.749999999999999;0.0
42.0;9.982142857142858;2.85;0.0
48.0;16.928571428571427;2.8499999999999996;0.0
54.0;21.303571428571427;5.25;0.0
60.0;15.428571428571429;2.6999999999999997;0.0
66.0;7.428571428571429;5.049999999999999;0.0
72.0;3.4107142857142856;7.05;0.0
78.0;3.3214285714285716;5.699999999999999;0.0
84.0;2.6785714285714284;2.5500000000000003;0.0
90.0;2.142857142857143;3.1500000000000004;0.0
96.0;3.4464285714285716;4.4;0.0
102.0;5.517857142857143;7.85;0.0
108.0;9.035714285714286;3.2;0.0
114.0;12.928571428571429;5.0;0.0
120.0;9.285714285714286;2.9;0.0
126.0;3.6785714285714284;1.0;0.0
132.0;2.6607142857142856;1.3;0.0
138.0;1.6607142857142858;2.1;0.0
144.0;1.9285714285714286;1.6499999999999997;0.0
150.0;0.8035714285714286;1.4999999999999998;0.0
156.0;1.9642857142857142;0.9;0.0
162.0;3.017857142857143;1.65;0.0
168.0;6.517857142857143;1.5999999999999999;0.0
174.0;11.482142857142858;1.3499999999999999;0.0
180.0;10.892857142857142;1.4;0.0
186.0;7.642857142857143;2.9;0.0
192.0;6.196428571428571;2.1500000000000004;0.0
198.0;6.839285714285714;2.25;0.0
204.0;6.410714285714286;0.55;0.0
210.0;4.857142857142857;1.9000000000000001;0.0
216.0;4.553571428571429;1.7999999999999998;0.0
222.0;4.196428571428571;1.8;0.0
228.0;7.607142857142857;3.0;0.0
234.0;8.035714285714286;1.6500000000000001;0.0
240.0;6.642857142857143;5.25;0.0
246.0;7.892857142857143;6.8;0.0
252.0;7.339285714285714;3.6499999999999995;0.0
258.0;6.910714285714286;12.399999999999999;0.0
264.0;8.321428571428571;3.9499999999999997;0.0
270.0;7.142857142857143;3.15;0.0
276.0;8.0;4.0;0.0
282.0;7.803571428571429;4.25;0.0
288.0;10.142857142857142;3.7499999999999996;0.0
294.0;12.75;3.3;0.0
