#auto generated file!
6.0;0.0;0.0;0.0
12.0;0.26785714285714285;0.0;0.0
18.0;1.875;0.0;0.0
24.0;4.285714285714286;0.75;0.0
30.0;8.839285714285714;0.75;0.0
36.0;9.107142857142858;1.5;0.0
42.0;11.785714285714286;0.75;0.0
48.0;13.392857142857142;1.5;0.0
54.0;16.607142857142858;0.75;0.0
60.0;22.5;1.5;0.0
66.0;28.392857142857142;1.5;0.0
72.0;29.464285714285715;0.0;0.0
78.0;27.321428571428573;6.0;0.0
84.0;24.107142857142858;0.75;0.0
90.0;22.232142857142858;4.5;0.0
96.0;20.892857142857142;0.75;0.0
102.0;13.125;0.75;0.0
108.0;15.803571428571429;1.5;0.0
114.0;16.339285714285715;0.0;0.0
120.0;13.660714285714286;0.0;0.0
126.0;5.892857142857143;0.0;0.0
132.0;2.4107142857142856;0.0;0.0
138.0;1.0714285714285714;0.0;0.0
144.0;0.26785714285714285;0.0;0.0
150.0;0.0;0.0;0.0
156.0;0.0;0.0;0.0
162.0;0.0;0.0;0.0
168.0;0.0;0.0;0.0
174.0;0.0;0.0;0.0
180.0;0.0;0.0;0.0
186.0;0.0;0.0;0.0
192.0;0.0;0.0;0.0
198.0;2.4107142857142856;0.0;0.0
204.0;3.2142857142857144;3.75;0.0
210.0;7.5;0.0;0.0
216.0;13.392857142857142;0.75;0.0
222.0;14.196428571428571;3.0;0.0
228.0;20.892857142857142;0.75;0.0
234.0;19.285714285714285;2.25;0.0
240.0;24.910714285714285;0.75;0.0
246.0;32.67857142857143;1.5;0.0
252.0;32.94642857142857;1.5;0.0
258.0;29.732142857142858;0.75;0.0
264.0;27.321428571428573;3.75;0.0
270.0;21.696428571428573;1.5;0.0
276.0;20.625;2.25;0.0
282.0;17.410714285714285;2.25;0.0
288.0;16.607142857142858;1.5;0.0
294.0;10.178571428571429;0.75;0.0
