#auto generated file!
6.0;0.0;0.0;0.0
12.0;1.0178571428571428;0.0;0.0
18.0;6.446428571428571;0.0;0.0
24.0;18.678571428571427;0.0;0.0
30.0;37.30357142857143;0.0;0.0
36.0;80.39285714285714;0.7500000000000001;0.0
42.0;106.44642857142857;1.75;0.0
48.0;98.39285714285714;2.8499999999999996;0.0
54.0;39.69642857142857;0.15;0.0
60.0;16.017857142857142;0.0;0.0
66.0;20.125;0.0;0.0
72.0;72.96428571428571;0.0;0.0
78.0;79.05357142857143;0.44999999999999996;0.0
84.0;77.71428571428571;0.75;0.0
90.0;79.03571428571429;0.9;0.0
96.0;78.14285714285714;2.85;0.0
102.0;80.25;3.6000000000000005;0.0
108.0;110.94642857142857;2.9499999999999997;0.0
114.0;134.44642857142858;3.2;0.0
120.0;128.83928571428572;4.35;0.0
126.0;109.16071428571429;4.65;0.0
132.0;80.17857142857143;1.45;0.0
138.0;57.839285714285715;0.15;0.0
144.0;40.017857142857146;0.15;0.0
150.0;15.857142857142858;0.15;0.0
156.0;16.875;0.15;0.0
162.0;26.839285714285715;0.15;0.0
168.0;51.42857142857143;0.15;0.0
174.0;22.446428571428573;0.15;0.0
180.0;4.0;0.15;0.0
186.0;3.267857142857143;0.15;0.0
192.0;2.25;0.15;0.0
198.0;2.25;0.15;0.0
204.0;31.196428571428573;0.15;0.0
210.0;49.25;0.15;0.0
216.0;58.767857142857146;0.15;0.0
222.0;78.10714285714286;0.15;0.0
228.0;81.23214285714286;1.3499999999999999;0.0
234.0;96.71428571428571;2.55;0.0
240.0;107.53571428571429;1.9500000000000002;0.0
246.0;101.41071428571429;4.3;0.0
252.0;98.19642857142857;3.5;0.0
258.0;92.05357142857143;11.149999999999999;0.0
264.0;96.25;9.85;0.0
270.0;92.21428571428571;4.1499999999999995;0.0
276.0;88.89285714285714;3.6;0.0
282.0;91.67857142857143;3.1499999999999995;0.0
288.0;100.89285714285714;2.65;0.0
294.0;117.35714285714286;2.2;0.0
