#auto generated file!
6.0;0.0;0.0;0.0
12.0;0.44642857142857145;0.0;0.0
18.0;5.321428571428571;0.0;0.0
24.0;9.875;0.0;0.0
30.0;16.857142857142858;0.0;0.0
36.0;24.392857142857142;0.0;0.0
42.0;36.69642857142857;0.0;0.0
48.0;55.017857142857146;0.0;0.0
54.0;67.39285714285714;0.0;0.0
60.0;66.375;0.0;0.0
66.0;60.839285714285715;0.0;0.0
72.0;43.517857142857146;0.0;0.0
78.0;24.785714285714285;0.0;0.0
84.0;18.232142857142858;0.0;0.0
90.0;16.678571428571427;0.0;0.0
96.0;16.553571428571427;0.0;0.0
102.0;20.714285714285715;0.0;0.0
108.0;29.946428571428573;0.0;0.0
114.0;39.25;0.0;0.0
120.0;37.82142857142857;0.0;0.0
126.0;23.321428571428573;0.0;0.0
132.0;12.714285714285714;0.0;0.0
138.0;7.964285714285714;0.0;0.0
144.0;7.982142857142857;0.0;0.0
150.0;6.464285714285714;0.0;0.0
156.0;8.553571428571429;0.0;0.0
162.0;10.267857142857142;0.0;0.0
168.0;15.642857142857142;0.0;0.0
174.0;23.089285714285715;0.0;0.0
180.0;28.839285714285715;0.0;0.0
186.0;21.946428571428573;0.0;0.0
192.0;17.0;0.0;0.0
198.0;15.535714285714286;0.0;0.0
204.0;11.25;0.0;0.0
210.0;12.214285714285714;0.0;0.0
216.0;14.321428571428571;0.0;0.0
222.0;20.732142857142858;0.0;0.0
228.0;26.964285714285715;0.0;0.0
234.0;31.464285714285715;0.0;0.0
240.0;39.339285714285715;0.0;0.0
246.0;32.982142857142854;0.0;0.0
252.0;26.142857142857142;0.0;0.0
258.0;30.125;0.0;0.0
264.0;29.232142857142858;0.0;0.0
270.0;34.714285714285715;0.0;0.0
276.0;28.678571428571427;0.0;0.0
282.0;28.607142857142858;0.0;0.0
288.0;29.660714285714285;0.0;0.0
294.0;24.875;0.0;0.0
