#auto generated file!
6.0;0.0;0.0;0.0
12.0;0.0;0.4;0.0
18.0;0.5535714285714286;1.1;0.0
24.0;11.821428571428571;1.3;0.0
30.0;20.928571428571427;2.65;0.0
36.0;54.982142857142854;1.2999999999999998;0.0
42.0;63.160714285714285;2.8000000000000003;0.0
48.0;15.625;1.2999999999999998;0.0
54.0;5.910714285714286;2.55;0.0
60.0;3.3392857142857144;1.2;0.0
66.0;3.7142857142857144;3.05;0.0
72.0;17.464285714285715;1.45;0.0
78.0;26.125;2.85;0.0
84.0;31.410714285714285;4.4;0.0
90.0;29.571428571428573;0.85;0.0
96.0;32.357142857142854;2.1;0.0
102.0;52.125;4.95;0.0
108.0;101.60714285714286;4.6;0.0
114.0;78.57142857142857;2.3;0.0
120.0;21.267857142857142;4.6;0.0
126.0;43.625;3.0;0.0
132.0;24.946428571428573;1.0499999999999998;0.0
138.0;11.303571428571429;1.0;0.0
144.0;7.875;1.75;0.0
150.0;7.982142857142857;1.4;0.0
156.0;11.982142857142858;0.8999999999999999;0.0
162.0;20.160714285714285;1.2;0.0
168.0;41.982142857142854;1.2000000000000002;0.0
174.0;14.75;0.75;0.0
180.0;2.75;2.55;0.0
186.0;1.6964285714285714;1.9000000000000001;0.0
192.0;1.9285714285714286;1.7000000000000002;0.0
198.0;1.2321428571428572;0.9;0.0
204.0;20.017857142857142;1.2;0.0
210.0;25.303571428571427;0.55;0.0
216.0;24.75;3.1999999999999997;0.0
222.0;34.67857142857143;1.4999999999999998;0.0
228.0;51.910714285714285;1.0999999999999999;0.0
234.0;76.85714285714286;3.0;0.0
240.0;92.60714285714286;5.199999999999999;0.0
246.0;94.89285714285714;3.3000000000000003;0.0
252.0;102.16071428571429;5.7;0.0
258.0;100.64285714285714;5.649999999999999;0.0
264.0;96.83928571428571;4.05;0.0
270.0;98.28571428571429;4.3;0.0
276.0;107.33928571428571;5.199999999999999;0.0
282.0;120.25;4.699999999999999;0.0
288.0;125.55357142857143;1.55;0.0
294.0;127.14285714285714;2.3;0.0
