#auto generated file!
6.0;0.0;0.0;0.0
12.0;0.9821428571428571;0.0;0.0
18.0;9.142857142857142;0.0;0.0
24.0;20.678571428571427;0.0;0.0
30.0;49.42857142857143;0.0;0.0
36.0;83.46428571428571;3.0;0.0
42.0;91.57142857142857;3.1;0.0
48.0;27.017857142857142;0.0;0.0
54.0;7.053571428571429;0.0;0.0
60.0;3.892857142857143;0.0;0.0
66.0;2.392857142857143;0.0;0.0
72.0;32.089285714285715;0.0;0.0
78.0;74.78571428571429;0.0;0.0
84.0;78.48214285714286;0.0;0.0
90.0;78.64285714285714;0.9;0.0
96.0;80.39285714285714;1.15;0.0
102.0;100.28571428571429;1.55;0.0
108.0;126.0;1.9;0.0
114.0;83.85714285714286;2.5;0.0
120.0;21.714285714285715;0.0;0.0
126.0;19.553571428571427;0.0;0.0
132.0;49.142857142857146;0.0;0.0
138.0;48.57142857142857;0.0;0.0
144.0;29.857142857142858;0.0;0.0
150.0;21.821428571428573;0.0;0.0
156.0;21.803571428571427;0.0;0.0
162.0;38.392857142857146;0.0;0.0
168.0;23.660714285714285;0.0;0.0
174.0;3.4642857142857144;0.0;0.0
180.0;2.6785714285714284;0.0;0.0
186.0;2.9642857142857144;0.0;0.0
192.0;2.9642857142857144;0.0;0.0
198.0;3.0;0.0;0.0
204.0;3.107142857142857;0.0;0.0
210.0;42.57142857142857;0.0;0.0
216.0;68.5;0.0;0.0
222.0;80.26785714285714;2.4000000000000004;0.0
228.0;105.64285714285714;1.3499999999999999;0.0
234.0;145.01785714285714;4.95;0.0
240.0;166.76785714285714;2.7999999999999994;0.0
246.0;123.58928571428571;5.15;0.0
252.0;108.83928571428571;4.3;0.0
258.0;97.08928571428571;6.199999999999999;0.0
264.0;99.0;0.7000000000000001;0.0
270.0;95.625;4.949999999999999;0.0
276.0;100.75;3.05;0.0
282.0;109.89285714285714;2.6;0.0
288.0;120.01785714285714;3.5499999999999994;0.0
294.0;136.58928571428572;1.65;0.0
