#auto generated file!
6.0;0.0;0.0;0.0
12.0;1.0714285714285714;0.0;0.0
18.0;9.392857142857142;0.0;0.0
24.0;19.232142857142858;0.0;0.0
30.0;44.035714285714285;0.0;0.0
36.0;83.25;1.75;0.0
42.0;98.05357142857143;2.85;0.0
48.0;60.32142857142857;0.0;0.0
54.0;38.214285714285715;0.15;0.0
60.0;26.107142857142858;0.0;0.0
66.0;19.392857142857142;0.0;0.0
72.0;41.5;0.0;0.0
78.0;80.55357142857143;0.3;0.0
84.0;78.5;1.65;0.0
90.0;78.73214285714286;0.75;0.0
96.0;79.98214285714286;1.5999999999999999;0.0
102.0;93.14285714285714;3.25;0.0
108.0;116.01785714285714;2.6;0.0
114.0;150.44642857142858;2.65;0.0
120.0;95.44642857142857;1.05;0.0
126.0;95.625;2.45;0.0
132.0;79.71428571428571;0.3;0.0
138.0;74.85714285714286;0.0;0.0
144.0;61.44642857142857;0.0;0.0
150.0;35.214285714285715;0.0;0.0
156.0;21.982142857142858;0.0;0.0
162.0;28.553571428571427;0.0;0.0
168.0;59.535714285714285;0.0;0.0
174.0;26.589285714285715;0.0;0.0
180.0;3.5892857142857144;0.0;0.0
186.0;1.7321428571428572;0.0;0.0
192.0;1.7142857142857142;0.0;0.0
198.0;1.3928571428571428;0.0;0.0
204.0;1.6785714285714286;0.0;0.0
210.0;53.035714285714285;0.0;0.0
216.0;69.14285714285714;0.0;0.0
222.0;79.39285714285714;0.9500000000000001;0.0
228.0;88.875;3.95;0.0
234.0;112.07142857142857;3.3;0.0
240.0;117.0;0.8999999999999999;0.0
246.0;108.78571428571429;7.5;0.0
252.0;94.92857142857143;4.299999999999999;0.0
258.0;95.07142857142857;2.6999999999999997;0.0
264.0;99.625;1.25;0.0
270.0;100.10714285714286;3.9;0.0
276.0;97.53571428571429;5.799999999999999;0.0
282.0;97.55357142857143;2.45;0.0
288.0;107.80357142857143;1.4;0.0
294.0;120.42857142857143;2.25;0.0
