#auto generated file!
6.0;0.0;0.0;0.0
12.0;0.14285714285714285;0.15;0.0
18.0;1.4464285714285714;1.25;0.0
24.0;3.5714285714285716;8.799999999999999;0.0
30.0;20.196428571428573;1.6;0.0
36.0;42.035714285714285;2.55;0.0
42.0;79.76785714285714;5.549999999999999;0.0
48.0;103.28571428571429;2.9;0.0
54.0;103.03571428571429;2.0;0.0
60.0;102.25;1.6;0.0
66.0;100.98214285714286;3.0;0.0
72.0;88.80357142857143;6.449999999999999;0.0
78.0;74.53571428571429;3.75;0.0
84.0;62.017857142857146;6.75;0.0
90.0;46.94642857142857;9.9;0.0
96.0;58.267857142857146;4.0;0.0
102.0;69.33928571428571;9.0;0.0
108.0;104.75;5.4;0.0
114.0;101.53571428571429;4.65;0.0
120.0;101.53571428571429;5.25;0.0
126.0;97.57142857142857;3.0;0.0
132.0;89.57142857142857;0.65;0.0
138.0;67.69642857142857;1.5499999999999998;0.0
144.0;40.57142857142857;1.5;0.0
150.0;17.571428571428573;1.05;0.0
156.0;16.017857142857142;1.7999999999999998;0.0
162.0;24.75;1.7999999999999998;0.0
168.0;43.375;1.3499999999999999;0.0
174.0;73.92857142857143;3.4999999999999996;0.0
180.0;97.82142857142857;3.0;0.0
186.0;99.05357142857143;1.9;0.0
192.0;95.85714285714286;4.5;0.0
198.0;96.64285714285714;4.15;0.0
204.0;94.60714285714286;1.75;0.0
210.0;86.78571428571429;2.25;0.0
216.0;77.05357142857143;3.6;0.0
222.0;74.69642857142857;3.4499999999999997;0.0
228.0;97.19642857142857;5.8500000000000005;0.0
234.0;102.23214285714286;2.4;0.0
240.0;101.82142857142857;5.3;0.0
246.0;96.83928571428571;1.5;0.0
252.0;86.08928571428571;8.25;0.0
258.0;78.30357142857143;5.15;0.0
264.0;78.5;5.9;0.0
270.0;79.375;7.25;0.0
276.0;66.19642857142857;5.25;0.0
282.0;52.214285714285715;7.05;0.0
288.0;82.41071428571429;7.9;0.0
294.0;96.42857142857143;3.55;0.0
