#auto generated file!
6.0;0.0;0.0;0.0
12.0;0.32142857142857145;0.0;0.0
18.0;4.089285714285714;0.0;0.0
24.0;9.839285714285714;0.0;0.0
30.0;12.053571428571429;0.0;0.0
36.0;19.928571428571427;0.0;0.0
42.0;29.053571428571427;0.0;0.0
48.0;48.357142857142854;0.0;0.0
54.0;68.82142857142857;0.0;0.0
60.0;70.51785714285714;0.0;0.0
66.0;58.25;0.0;0.0
72.0;42.267857142857146;0.0;0.0
78.0;21.607142857142858;0.0;0.0
84.0;24.160714285714285;0.0;0.0
90.0;23.928571428571427;0.0;0.0
96.0;23.196428571428573;0.0;0.0
102.0;26.035714285714285;0.0;0.0
108.0;32.32142857142857;0.0;0.0
114.0;39.267857142857146;0.0;0.0
120.0;50.375;0.0;0.0
126.0;41.089285714285715;0.0;0.0
132.0;19.160714285714285;0.0;0.0
138.0;8.392857142857142;0.0;0.0
144.0;6.660714285714286;0.0;0.0
150.0;6.428571428571429;0.0;0.0
156.0;7.178571428571429;0.0;0.0
162.0;9.5;0.0;0.0
168.0;15.732142857142858;0.0;0.0
174.0;17.928571428571427;0.0;0.0
180.0;19.946428571428573;0.0;0.0
186.0;16.696428571428573;0.0;0.0
192.0;19.107142857142858;0.0;0.0
198.0;17.017857142857142;0.0;0.0
204.0;15.071428571428571;0.0;0.0
210.0;12.232142857142858;0.0;0.0
216.0;14.714285714285714;0.0;0.0
222.0;15.553571428571429;0.0;0.0
228.0;22.589285714285715;0.0;0.0
234.0;29.553571428571427;0.0;0.0
240.0;27.946428571428573;0.0;0.0
246.0;28.714285714285715;0.0;0.0
252.0;28.267857142857142;0.0;0.0
258.0;35.232142857142854;0.0;0.0
264.0;36.160714285714285;0.0;0.0
270.0;37.30357142857143;0.0;0.0
276.0;33.75;0.0;0.0
282.0;31.0;0.0;0.0
288.0;27.892857142857142;0.0;0.0
294.0;30.053571428571427;0.0;0.0
