#auto generated file!
6.0;0.0;0.0;0.0
12.0;0.0;0.0;0.0
18.0;0.6607142857142857;1.15;0.0
24.0;3.1964285714285716;1.6500000000000001;0.0
30.0;12.660714285714286;1.25;0.0
36.0;20.464285714285715;1.7;0.0
42.0;33.017857142857146;1.65;0.0
48.0;50.80357142857143;1.5499999999999998;0.0
54.0;70.33928571428571;2.35;0.0
60.0;80.57142857142857;2.0;0.0
66.0;68.46428571428571;0.9500000000000001;0.0
72.0;37.964285714285715;2.25;0.0
78.0;20.571428571428573;0.6;0.0
84.0;14.821428571428571;4.699999999999999;0.0
90.0;12.875;3.5999999999999996;0.0
96.0;19.678571428571427;2.1;0.0
102.0;23.696428571428573;1.9;0.0
108.0;29.875;2.05;0.0
114.0;40.785714285714285;3.15;0.0
120.0;31.553571428571427;2.1;0.0
126.0;15.196428571428571;2.6500000000000004;0.0
132.0;8.107142857142858;1.65;0.0
138.0;5.232142857142857;1.75;0.0
144.0;4.553571428571429;1.6500000000000001;0.0
150.0;3.642857142857143;1.05;0.0
156.0;9.660714285714286;1.25;0.0
162.0;9.821428571428571;1.4999999999999998;0.0
168.0;17.25;1.35;0.0
174.0;25.017857142857142;1.2999999999999998;0.0
180.0;21.464285714285715;1.65;0.0
186.0;18.892857142857142;2.0;0.0
192.0;11.410714285714286;0.6000000000000001;0.0
198.0;11.946428571428571;2.35;0.0
204.0;8.696428571428571;3.05;0.0
210.0;11.464285714285714;2.05;0.0
216.0;13.839285714285714;3.1499999999999995;0.0
222.0;15.5;2.45;0.0
228.0;20.589285714285715;0.6;0.0
234.0;25.982142857142858;0.75;0.0
240.0;19.214285714285715;2.65;0.0
246.0;19.928571428571427;4.25;0.0
252.0;18.0;5.25;0.0
258.0;21.696428571428573;1.05;0.0
264.0;22.0;2.3;0.0
270.0;21.946428571428573;3.5999999999999996;0.0
276.0;20.821428571428573;3.85;0.0
282.0;26.5;1.75;0.0
288.0;23.267857142857142;2.6999999999999997;0.0
294.0;24.357142857142858;1.6499999999999997;0.0
