#auto generated file!
6.0;0.0;0.0;0.0
12.0;0.17857142857142858;0.0;0.0
18.0;2.7857142857142856;0.0;0.0
24.0;4.714285714285714;0.0;0.0
30.0;7.732142857142857;0.0;0.0
36.0;11.982142857142858;0.0;0.0
42.0;17.196428571428573;0.0;0.0
48.0;18.339285714285715;0.0;0.0
54.0;19.785714285714285;0.0;0.0
60.0;18.928571428571427;0.0;0.0
66.0;17.035714285714285;0.0;0.0
72.0;11.214285714285714;0.0;0.0
78.0;13.357142857142858;0.0;0.0
84.0;11.428571428571429;0.0;0.0
90.0;11.464285714285714;0.0;0.0
96.0;14.035714285714286;0.0;0.0
102.0;12.571428571428571;0.0;0.0
108.0;17.875;0.0;0.0
114.0;23.071428571428573;0.0;0.0
120.0;15.75;0.0;0.0
126.0;12.571428571428571;0.0;0.0
132.0;7.464285714285714;0.0;0.0
138.0;5.75;0.0;0.0
144.0;3.7142857142857144;0.0;0.0
150.0;3.5535714285714284;0.0;0.0
156.0;5.982142857142857;0.0;0.0
162.0;6.732142857142857;0.0;0.0
168.0;9.178571428571429;0.0;0.0
174.0;10.589285714285714;0.0;0.0
180.0;10.339285714285714;0.0;0.0
186.0;9.714285714285714;0.0;0.0
192.0;7.357142857142857;0.0;0.0
198.0;9.267857142857142;0.0;0.0
204.0;7.571428571428571;0.0;0.0
210.0;6.678571428571429;0.0;0.0
216.0;9.321428571428571;0.0;0.0
222.0;11.696428571428571;0.0;0.0
228.0;15.696428571428571;0.0;0.0
234.0;15.267857142857142;0.0;0.0
240.0;15.696428571428571;0.0;0.0
246.0;13.875;0.0;0.0
252.0;16.910714285714285;0.0;0.0
258.0;14.892857142857142;0.0;0.0
264.0;14.035714285714286;0.0;0.0
270.0;16.428571428571427;0.0;0.0
276.0;15.375;0.0;0.0
282.0;15.928571428571429;0.0;0.0
288.0;17.142857142857142;0.0;0.0
294.0;12.839285714285714;0.0;0.0
