#auto generated file!
6.0;0.0;0.0;0.0
12.0;0.0;1.0;0.0
18.0;1.75;2.4;0.0
24.0;10.25;2.9;0.0
30.0;24.428571428571427;2.4;0.0
36.0;54.535714285714285;3.9;0.0
42.0;70.10714285714286;2.5500000000000003;0.0
48.0;19.375;2.8499999999999996;0.0
54.0;6.178571428571429;2.0;0.0
60.0;4.125;3.3000000000000003;0.0
66.0;1.5892857142857142;1.45;0.0
72.0;20.946428571428573;2.7;0.0
78.0;38.339285714285715;2.95;0.0
84.0;39.92857142857143;3.25;0.0
90.0;33.42857142857143;3.75;0.0
96.0;33.535714285714285;1.75;0.0
102.0;57.05357142857143;1.0499999999999998;0.0
108.0;100.625;3.95;0.0
114.0;73.0;3.3;0.0
120.0;15.910714285714286;2.65;0.0
126.0;41.785714285714285;2.65;0.0
132.0;27.464285714285715;1.6500000000000001;0.0
138.0;12.214285714285714;1.1;0.0
144.0;8.910714285714286;2.4;0.0
150.0;8.839285714285714;0.75;0.0
156.0;14.339285714285714;1.5;0.0
162.0;21.339285714285715;1.5;0.0
168.0;42.285714285714285;1.0;0.0
174.0;19.714285714285715;0.85;0.0
180.0;1.6071428571428572;2.7500000000000004;0.0
186.0;1.5714285714285714;1.85;0.0
192.0;2.125;1.3;0.0
198.0;1.9285714285714286;2.4;0.0
204.0;33.55357142857143;3.5;0.0
210.0;39.19642857142857;2.55;0.0
216.0;41.44642857142857;1.9000000000000001;0.0
222.0;52.964285714285715;3.3999999999999995;0.0
228.0;74.91071428571429;4.5;0.0
234.0;106.26785714285714;3.45;0.0
240.0;117.91071428571429;4.8;0.0
246.0;108.08928571428571;1.9;0.0
252.0;96.10714285714286;3.3;0.0
258.0;99.60714285714286;3.3000000000000003;0.0
264.0;99.21428571428571;4.7;0.0
270.0;100.14285714285714;2.5500000000000003;0.0
276.0;99.58928571428571;2.7499999999999996;0.0
282.0;112.35714285714286;1.6;0.0
288.0;124.375;2.1;0.0
294.0;138.0;2.9;0.0
