#auto generated file!
6.0;0.0;0.0;0.0
12.0;0.23214285714285715;1.15;0.0
18.0;1.3571428571428572;3.4499999999999997;0.0
24.0;2.8035714285714284;6.3;0.0
30.0;15.928571428571429;2.4000000000000004;0.0
36.0;30.678571428571427;12.249999999999998;0.0
42.0;62.25;11.0;0.0
48.0;94.03571428571429;6.05;0.0
54.0;101.91071428571429;1.9;0.0
60.0;99.83928571428571;2.6999999999999997;0.0
66.0;95.875;1.65;0.0
72.0;82.16071428571429;1.35;0.0
78.0;66.98214285714286;2.25;0.0
84.0;49.69642857142857;5.25;0.0
90.0;33.625;8.8;0.0
96.0;33.714285714285715;10.200000000000001;0.0
102.0;40.732142857142854;2.55;0.0
108.0;63.660714285714285;5.949999999999999;0.0
114.0;101.17857142857143;6.199999999999999;0.0
120.0;100.17857142857143;2.15;0.0
126.0;95.96428571428571;3.15;0.0
132.0;74.44642857142857;4.0;0.0
138.0;48.30357142857143;1.05;0.0
144.0;17.339285714285715;0.75;0.0
150.0;8.392857142857142;1.5;0.0
156.0;14.196428571428571;1.2;0.0
162.0;20.839285714285715;0.44999999999999996;0.0
168.0;37.5;1.9;0.0
174.0;61.17857142857143;1.3;0.0
180.0;74.98214285714286;1.0;0.0
186.0;81.16071428571429;2.6999999999999997;0.0
192.0;87.80357142857143;2.3;0.0
198.0;82.82142857142857;3.65;0.0
204.0;77.57142857142857;1.75;0.0
210.0;56.55357142857143;0.65;0.0
216.0;47.660714285714285;1.6999999999999997;0.0
222.0;39.160714285714285;2.9999999999999996;0.0
228.0;42.5;6.6;0.0
234.0;53.625;2.25;0.0
240.0;52.089285714285715;7.250000000000002;0.0
246.0;48.25;4.75;0.0
252.0;49.30357142857143;10.05;0.0
258.0;46.392857142857146;4.3;0.0
264.0;56.80357142857143;5.0;0.0
270.0;50.910714285714285;3.3;0.0
276.0;56.535714285714285;4.4;0.0
282.0;67.48214285714286;2.8;0.0
288.0;86.75;6.55;0.0
294.0;96.23214285714286;1.35;0.0
