#auto generated file!
6.0;0.0;0.0;0.0
12.0;1.5357142857142858;0.0;0.0
18.0;7.75;0.0;0.0
24.0;16.0;0.0;0.0
30.0;28.410714285714285;0.0;0.0
36.0;64.17857142857143;0.0;0.0
42.0;80.25;4.05;0.0
48.0;81.96428571428571;1.6;0.0
54.0;46.982142857142854;0.0;0.0
60.0;22.267857142857142;0.0;0.0
66.0;9.946428571428571;0.15;0.0
72.0;28.928571428571427;0.0;0.0
78.0;56.0;0.0;0.0
84.0;63.5;0.0;0.0
90.0;68.08928571428571;0.15;0.0
96.0;80.14285714285714;0.6;0.0
102.0;80.01785714285714;3.8999999999999995;0.0
108.0;80.07142857142857;1.65;0.0
114.0;80.5;1.0;0.0
120.0;79.71428571428571;0.5;0.0
126.0;79.60714285714286;0.65;0.0
132.0;78.73214285714286;0.3;0.0
138.0;64.91071428571429;0.15;0.0
144.0;45.17857142857143;0.3;0.0
150.0;15.767857142857142;0.15;0.0
156.0;16.303571428571427;0.0;0.0
162.0;26.517857142857142;0.0;0.0
168.0;47.94642857142857;0.0;0.0
174.0;17.910714285714285;0.0;0.0
180.0;3.0714285714285716;0.0;0.0
186.0;1.7857142857142858;0.0;0.0
192.0;2.0;0.15;0.0
198.0;2.0535714285714284;0.15;0.0
204.0;47.339285714285715;0.15;0.0
210.0;67.75;0.15;0.0
216.0;71.25;0.15;0.0
222.0;79.16071428571429;0.15;0.0
228.0;80.26785714285714;1.0499999999999998;0.0
234.0;78.75;1.95;0.0
240.0;79.53571428571429;3.4499999999999997;0.0
246.0;78.78571428571429;3.15;0.0
252.0;80.66071428571429;3.3;0.0
258.0;78.35714285714286;0.7;0.0
264.0;80.10714285714286;0.25;0.0
270.0;79.80357142857143;1.3;0.0
276.0;79.58928571428571;1.45;0.0
282.0;78.91071428571429;0.9500000000000001;0.0
288.0;80.01785714285714;0.6499999999999999;0.0
294.0;80.01785714285714;0.2;0.0
