#auto generated file!
6.0;0.0;0.0;0.0
12.0;0.25;0.0;0.0
18.0;0.9285714285714286;0.0;0.0
24.0;2.5357142857142856;0.0;0.0
30.0;6.535714285714286;0.0;0.0
36.0;8.25;0.0;0.0
42.0;6.428571428571429;0.0;0.0
48.0;5.732142857142857;0.0;0.0
54.0;6.446428571428571;0.0;0.0
60.0;5.964285714285714;0.0;0.0
66.0;4.875;0.0;0.0
72.0;4.303571428571429;0.0;0.0
78.0;4.553571428571429;0.0;0.0
84.0;7.446428571428571;0.0;0.0
90.0;5.196428571428571;0.0;0.0
96.0;6.946428571428571;0.0;0.0
102.0;7.339285714285714;0.0;0.0
108.0;8.5;0.0;0.0
114.0;8.660714285714286;0.0;0.0
120.0;6.75;0.0;0.0
126.0;4.089285714285714;0.0;0.0
132.0;2.8214285714285716;0.0;0.0
138.0;1.6964285714285714;0.0;0.0
144.0;1.5535714285714286;0.0;0.0
150.0;2.357142857142857;0.0;0.0
156.0;2.3214285714285716;0.0;0.0
162.0;2.8035714285714284;0.0;0.0
168.0;4.482142857142857;0.0;0.0
174.0;3.9285714285714284;0.0;0.0
180.0;4.482142857142857;0.0;0.0
186.0;4.142857142857143;0.0;0.0
192.0;3.607142857142857;0.0;0.0
198.0;3.125;0.0;0.0
204.0;3.357142857142857;0.0;0.0
210.0;3.625;0.0;0.0
216.0;4.642857142857143;0.0;0.0
222.0;5.464285714285714;0.0;0.0
228.0;7.767857142857143;0.0;0.0
234.0;3.9285714285714284;0.0;0.0
240.0;6.446428571428571;0.0;0.0
246.0;6.339285714285714;0.0;0.0
252.0;6.767857142857143;0.0;0.0
258.0;8.446428571428571;0.0;0.0
264.0;8.964285714285714;0.0;0.0
270.0;9.392857142857142;0.0;0.0
276.0;9.303571428571429;0.0;0.0
282.0;6.035714285714286;0.0;0.0
288.0;4.607142857142857;0.0;0.0
294.0;5.446428571428571;0.0;0.0
