#auto generated file!
60.0;326;602;872
66.0;330;607;863
72.0;329;611;860
78.0;328;619;853
84.0;328;623;849
90.0;334;626;840
96.0;342;632;826
102.0;352;639;809
108.0;359;646;795
114.0;358;652;790
120.0;363;660;777
126.0;371;665;764
132.0;373;677;750
138.0;376;676;748
144.0;381;679;740
150.0;384;676;740
156.0;387;681;732
162.0;389;683;728
168.0;388;688;724
174.0;387;691;722
180.0;394;684;722
186.0;391;687;722
192.0;394;695;711
198.0;398;704;698
204.0;401;702;697
210.0;403;708;689
216.0;407;710;683
222.0;410;714;676
228.0;414;715;671
234.0;422;724;654
240.0;427;724;649
246.0;428;725;647
252.0;433;722;645
258.0;433;720;647
264.0;444;716;640
270.0;445;711;644
276.0;448;722;630
282.0;446;728;626
288.0;443;726;631
294.0;455;721;624
