#auto generated file!
6.0;0.0;0.0;0.0
12.0;0.10714285714285714;0.15;0.0
18.0;1.2678571428571428;2.6;0.0
24.0;2.7857142857142856;2.8;0.0
30.0;11.839285714285714;4.5;0.0
36.0;24.732142857142858;9.100000000000003;0.0
42.0;44.160714285714285;2.85;0.0
48.0;75.05357142857143;3.4000000000000004;0.0
54.0;59.5;3.6999999999999997;0.0
60.0;66.23214285714286;1.2000000000000002;0.0
66.0;62.107142857142854;2.55;0.0
72.0;36.625;4.65;0.0
78.0;20.089285714285715;8.7;0.0
84.0;12.821428571428571;1.95;0.0
90.0;10.392857142857142;9.899999999999999;0.0
96.0;14.5;7.499999999999999;0.0
102.0;22.660714285714285;3.9499999999999997;0.0
108.0;45.214285714285715;6.65;0.0
114.0;63.464285714285715;5.449999999999999;0.0
120.0;73.76785714285714;2.3;0.0
126.0;63.607142857142854;2.0;0.0
132.0;36.44642857142857;1.2;0.0
138.0;13.607142857142858;3.0;0.0
144.0;5.285714285714286;0.8500000000000001;0.0
150.0;4.964285714285714;1.05;0.0
156.0;8.0;0.6;0.0
162.0;17.160714285714285;1.0499999999999998;0.0
168.0;26.589285714285715;2.25;0.0
174.0;40.214285714285715;3.4000000000000004;0.0
180.0;41.232142857142854;2.65;0.0
186.0;38.160714285714285;2.75;0.0
192.0;33.464285714285715;2.9;0.0
198.0;23.910714285714285;0.8500000000000001;0.0
204.0;21.892857142857142;3.8;0.0
210.0;17.714285714285715;3.65;0.0
216.0;20.053571428571427;5.85;0.0
222.0;27.660714285714285;4.35;0.0
228.0;28.553571428571427;5.3999999999999995;0.0
234.0;35.035714285714285;7.5;0.0
240.0;32.017857142857146;6.0;0.0
246.0;25.553571428571427;3.6999999999999997;0.0
252.0;23.803571428571427;6.4;0.0
258.0;29.428571428571427;6.5;0.0
264.0;31.803571428571427;5.15;0.0
270.0;28.5;2.25;0.0
276.0;29.642857142857142;0.75;0.0
282.0;32.714285714285715;3.8;0.0
288.0;36.767857142857146;5.1;0.0
294.0;43.607142857142854;3.0;0.0
