#auto generated file!
6.0;0.0;0.0;0.0
12.0;0.39285714285714285;0.0;0.0
18.0;3.4642857142857144;0.0;0.0
24.0;9.535714285714286;0.0;0.0
30.0;15.017857142857142;0.0;0.0
36.0;17.803571428571427;0.0;0.0
42.0;31.214285714285715;0.0;0.0
48.0;44.142857142857146;0.0;0.0
54.0;55.214285714285715;0.0;0.0
60.0;57.67857142857143;0.0;0.0
66.0;48.375;0.0;0.0
72.0;35.535714285714285;0.0;0.0
78.0;22.517857142857142;0.0;0.0
84.0;21.446428571428573;0.0;0.0
90.0;21.267857142857142;0.0;0.0
96.0;24.339285714285715;0.0;0.0
102.0;28.160714285714285;0.0;0.0
108.0;39.464285714285715;0.0;0.0
114.0;51.464285714285715;0.0;0.0
120.0;52.839285714285715;0.0;0.0
126.0;36.714285714285715;0.0;0.0
132.0;13.5;0.0;0.0
138.0;9.142857142857142;0.0;0.0
144.0;8.607142857142858;0.0;0.0
150.0;5.75;0.0;0.0
156.0;8.375;0.0;0.0
162.0;11.732142857142858;0.0;0.0
168.0;15.196428571428571;0.0;0.0
174.0;22.625;0.0;0.0
180.0;22.785714285714285;0.0;0.0
186.0;19.464285714285715;0.0;0.0
192.0;17.678571428571427;0.0;0.0
198.0;12.25;0.0;0.0
204.0;12.321428571428571;0.0;0.0
210.0;13.321428571428571;0.0;0.0
216.0;15.482142857142858;0.0;0.0
222.0;18.375;0.0;0.0
228.0;25.696428571428573;0.0;0.0
234.0;28.142857142857142;0.0;0.0
240.0;26.107142857142858;0.0;0.0
246.0;23.303571428571427;0.0;0.0
252.0;30.089285714285715;0.0;0.0
258.0;31.571428571428573;0.0;0.0
264.0;37.267857142857146;0.0;0.0
270.0;34.19642857142857;0.0;0.0
276.0;33.517857142857146;0.0;0.0
282.0;27.0;0.0;0.0
288.0;26.232142857142858;0.0;0.0
294.0;26.196428571428573;0.0;0.0
