#auto generated file!
6.0;0.0;0.0;0.0
12.0;0.0;0.0;0.0
18.0;0.0;2.5999999999999996;0.0
24.0;2.0357142857142856;2.4;0.0
30.0;5.571428571428571;2.45;0.0
36.0;12.339285714285714;2.35;0.0
42.0;13.214285714285714;3.65;0.0
48.0;18.071428571428573;2.55;0.0
54.0;18.571428571428573;1.7499999999999998;0.0
60.0;14.910714285714286;2.35;0.0
66.0;15.392857142857142;2.1999999999999997;0.0
72.0;10.607142857142858;1.1;0.0
78.0;11.410714285714286;3.75;0.0
84.0;8.714285714285714;2.9499999999999997;0.0
90.0;6.232142857142857;4.0;0.0
96.0;7.892857142857143;2.9499999999999997;0.0
102.0;12.857142857142858;1.9999999999999998;0.0
108.0;11.732142857142858;3.05;0.0
114.0;14.517857142857142;2.75;0.0
120.0;10.107142857142858;1.25;0.0
126.0;7.785714285714286;1.5;0.0
132.0;2.5;2.1;0.0
138.0;1.7321428571428572;1.05;0.0
144.0;2.1964285714285716;1.5999999999999999;0.0
150.0;1.2857142857142858;0.75;0.0
156.0;1.7142857142857142;1.0999999999999999;0.0
162.0;4.785714285714286;0.6;0.0
168.0;6.535714285714286;0.6499999999999999;0.0
174.0;10.857142857142858;0.8;0.0
180.0;7.196428571428571;1.75;0.0
186.0;7.660714285714286;2.25;0.0
192.0;6.517857142857143;0.7500000000000001;0.0
198.0;7.964285714285714;3.9;0.0
204.0;8.482142857142858;2.3499999999999996;0.0
210.0;4.803571428571429;0.5;0.0
216.0;5.553571428571429;1.5;0.0
222.0;7.517857142857143;1.2999999999999998;0.0
228.0;14.482142857142858;0.6;0.0
234.0;11.678571428571429;4.8;0.0
240.0;12.339285714285714;1.75;0.0
246.0;9.357142857142858;3.55;0.0
252.0;8.910714285714286;2.1;0.0
258.0;9.732142857142858;5.1;0.0
264.0;15.071428571428571;1.9500000000000002;0.0
270.0;11.196428571428571;3.3999999999999995;0.0
276.0;10.767857142857142;2.25;0.0
282.0;10.803571428571429;1.1;0.0
288.0;10.839285714285714;2.65;0.0
294.0;9.553571428571429;2.3499999999999996;0.0
