#auto generated file!
6.0;0.0;0.0;0.0
12.0;0.0;0.55;0.0
18.0;1.0;1.5;0.0
24.0;8.214285714285714;1.7000000000000002;0.0
30.0;20.303571428571427;1.9500000000000002;0.0
36.0;36.339285714285715;4.15;0.0
42.0;39.375;3.55;0.0
48.0;6.482142857142857;3.1999999999999993;0.0
54.0;4.196428571428571;0.6000000000000001;0.0
60.0;1.9464285714285714;2.3;0.0
66.0;3.0892857142857144;2.4;0.0
72.0;15.392857142857142;1.1;0.0
78.0;28.410714285714285;1.4;0.0
84.0;32.589285714285715;3.9499999999999997;0.0
90.0;31.142857142857142;3.0999999999999996;0.0
96.0;37.214285714285715;2.2;0.0
102.0;55.964285714285715;1.6;0.0
108.0;88.28571428571429;2.75;0.0
114.0;136.96428571428572;2.85;0.0
120.0;94.0;1.15;0.0
126.0;99.01785714285714;1.1;0.0
132.0;80.66071428571429;2.1;0.0
138.0;50.410714285714285;1.3;0.0
144.0;14.607142857142858;2.0500000000000003;0.0
150.0;8.017857142857142;1.2;0.0
156.0;12.125;1.05;0.0
162.0;16.071428571428573;1.0999999999999999;0.0
168.0;32.660714285714285;1.85;0.0
174.0;7.892857142857143;0.9500000000000001;0.0
180.0;2.25;1.6999999999999997;0.0
186.0;1.8035714285714286;1.1;0.0
192.0;1.5714285714285714;1.0;0.0
198.0;29.5;0.7000000000000001;0.0
204.0;38.05357142857143;1.2;0.0
210.0;33.285714285714285;3.0500000000000003;0.0
216.0;28.357142857142858;1.0;0.0
222.0;36.267857142857146;1.0499999999999998;0.0
228.0;50.375;2.7;0.0
234.0;81.30357142857143;1.2;0.0
240.0;98.58928571428571;1.7999999999999998;0.0
246.0;104.58928571428571;4.4;0.0
252.0;97.125;3.6;0.0
258.0;97.94642857142857;3.75;0.0
264.0;94.07142857142857;1.45;0.0
270.0;92.44642857142857;6.0;0.0
276.0;95.60714285714286;3.95;0.0
282.0;102.46428571428571;3.4499999999999997;0.0
288.0;108.60714285714286;1.0499999999999998;0.0
294.0;117.82142857142857;1.05;0.0
