#auto generated file!
6.0;0.0;0.0;0.0
12.0;0.017857142857142856;0.25;0.0
18.0;0.7857142857142857;0.15;0.0
24.0;1.1785714285714286;1.25;0.0
30.0;1.4642857142857142;1.0;0.0
36.0;2.107142857142857;3.05;0.0
42.0;2.4642857142857144;3.0;0.0
48.0;3.857142857142857;6.1;0.0
54.0;5.25;2.6999999999999997;0.0
60.0;2.5;1.35;0.0
66.0;1.9642857142857142;5.1499999999999995;0.0
72.0;1.2142857142857142;3.3;0.0
78.0;0.9107142857142857;2.8499999999999996;0.0
84.0;0.7857142857142857;2.8499999999999996;0.0
90.0;0.9821428571428571;2.9499999999999997;0.0
96.0;1.3214285714285714;6.449999999999999;0.0
102.0;2.142857142857143;3.45;0.0
108.0;4.303571428571429;4.75;0.0
114.0;4.446428571428571;1.9500000000000002;0.0
120.0;3.357142857142857;1.95;0.0
126.0;1.2857142857142858;1.9;0.0
132.0;0.9642857142857143;2.55;0.0
138.0;1.3392857142857142;1.5;0.0
144.0;0.75;1.0;0.0
150.0;0.625;0.6;0.0
156.0;0.6428571428571429;0.6;0.0
162.0;1.3928571428571428;0.8999999999999999;0.0
168.0;2.9642857142857144;1.7000000000000002;0.0
174.0;3.4107142857142856;1.1;0.0
180.0;2.642857142857143;1.6;0.0
186.0;2.1785714285714284;2.1500000000000004;0.0
192.0;1.75;1.6;0.0
198.0;1.2321428571428572;1.05;0.0
204.0;1.1607142857142858;0.75;0.0
210.0;1.1964285714285714;1.4500000000000002;0.0
216.0;1.5714285714285714;3.8499999999999996;0.0
222.0;2.25;5.55;0.0
228.0;3.6785714285714284;2.5500000000000003;0.0
234.0;3.482142857142857;1.35;0.0
240.0;2.857142857142857;6.699999999999999;0.0
246.0;1.6964285714285714;2.9999999999999996;0.0
252.0;1.8035714285714286;2.35;0.0
258.0;1.4821428571428572;5.550000000000001;0.0
264.0;1.3035714285714286;3.3000000000000003;0.0
270.0;1.8392857142857142;7.6;0.0
276.0;2.0892857142857144;3.7499999999999996;0.0
282.0;2.2142857142857144;1.8;0.0
288.0;2.982142857142857;4.1;0.0
294.0;3.2142857142857144;3.45;0.0
