#auto generated file!
6.0;0.0;0.0;0.0
12.0;0.0;0.0;0.0
18.0;0.0;1.75;0.0
24.0;1.625;2.3;0.0
30.0;3.4107142857142856;2.6;0.0
36.0;4.196428571428571;2.8500000000000005;0.0
42.0;10.464285714285714;1.0;0.0
48.0;14.75;2.8499999999999996;0.0
54.0;14.696428571428571;3.3499999999999996;0.0
60.0;14.142857142857142;0.6499999999999999;0.0
66.0;10.910714285714286;2.4499999999999997;0.0
72.0;9.214285714285714;2.85;0.0
78.0;9.392857142857142;2.35;0.0
84.0;7.410714285714286;3.8;0.0
90.0;4.732142857142857;1.95;0.0
96.0;5.625;1.9;0.0
102.0;6.982142857142857;0.8999999999999999;0.0
108.0;8.464285714285714;5.5;0.0
114.0;11.303571428571429;2.75;0.0
120.0;9.0;4.3;0.0
126.0;6.714285714285714;1.05;0.0
132.0;2.4285714285714284;1.55;0.0
138.0;2.607142857142857;1.15;0.0
144.0;1.2678571428571428;0.44999999999999996;0.0
150.0;1.8214285714285714;0.8500000000000001;0.0
156.0;1.9107142857142858;0.75;0.0
162.0;3.4107142857142856;0.44999999999999996;0.0
168.0;5.196428571428571;0.7;0.0
174.0;8.821428571428571;0.44999999999999996;0.0
180.0;5.678571428571429;0.6;0.0
186.0;7.214285714285714;0.3;0.0
192.0;5.267857142857143;1.95;0.0
198.0;5.035714285714286;2.0;0.0
204.0;5.125;0.35;0.0
210.0;3.25;2.1;0.0
216.0;4.125;1.9;0.0
222.0;5.410714285714286;3.0;0.0
228.0;7.946428571428571;1.5;0.0
234.0;8.089285714285714;2.8499999999999996;0.0
240.0;6.964285714285714;2.95;0.0
246.0;9.214285714285714;1.95;0.0
252.0;9.089285714285714;3.05;0.0
258.0;7.75;3.1499999999999995;0.0
264.0;6.303571428571429;2.8;0.0
270.0;5.607142857142857;6.549999999999999;0.0
276.0;5.982142857142857;1.3;0.0
282.0;8.285714285714286;1.7500000000000002;0.0
288.0;7.892857142857143;1.4499999999999997;0.0
294.0;9.446428571428571;1.4000000000000001;0.0
