#auto generated file!
6.0;0.0;0.0;0.0
12.0;0.7678571428571429;0.0;0.0
18.0;3.2857142857142856;0.0;0.0
24.0;8.517857142857142;1.5;0.0
30.0;15.910714285714286;1.0;0.0
36.0;27.535714285714285;2.0;0.0
42.0;34.42857142857143;1.25;0.0
48.0;44.55357142857143;1.0;0.0
54.0;49.982142857142854;3.75;0.0
60.0;45.125;4.5;0.0
66.0;39.785714285714285;6.0;0.0
72.0;27.25;2.25;0.0
78.0;24.0;4.5;0.0
84.0;21.410714285714285;3.75;0.0
90.0;19.517857142857142;2.0;0.0
96.0;25.75;1.5;0.0
102.0;30.446428571428573;1.9;0.0
108.0;38.714285714285715;3.45;0.0
114.0;43.160714285714285;1.0;0.0
120.0;35.25;3.65;0.0
126.0;26.535714285714285;1.75;0.0
132.0;16.232142857142858;0.65;0.0
138.0;11.535714285714286;1.0;0.0
144.0;8.375;1.0;0.0
150.0;10.196428571428571;0.05;0.0
156.0;12.357142857142858;0.0;0.0
162.0;18.964285714285715;0.05;0.0
168.0;21.839285714285715;0.25;0.0
174.0;30.375;1.5;0.0
180.0;28.696428571428573;2.25;0.0
186.0;23.625;1.0;0.0
192.0;20.035714285714285;0.5;0.0
198.0;18.678571428571427;2.0;0.0
204.0;17.803571428571427;1.5;0.0
210.0;17.571428571428573;1.0;0.0
216.0;19.0;0.05;0.0
222.0;24.321428571428573;1.5;0.0
228.0;32.44642857142857;0.75;0.0
234.0;32.214285714285715;1.95;0.0
240.0;35.464285714285715;4.0;0.0
246.0;27.910714285714285;2.75;0.0
252.0;20.946428571428573;2.5;0.0
258.0;17.5;3.0;0.0
264.0;19.285714285714285;6.25;0.0
270.0;19.589285714285715;4.0;0.0
276.0;19.017857142857142;5.15;0.0
282.0;24.339285714285715;4.05;0.0
288.0;24.946428571428573;2.7;0.0
294.0;30.642857142857142;0.3;0.0
