#auto generated file!
6.0;0.0;0.0;0.0
12.0;0.26785714285714285;0.0;0.0
18.0;5.767857142857143;0.0;0.0
24.0;14.571428571428571;0.0;0.0
30.0;25.053571428571427;0.0;0.0
36.0;45.285714285714285;0.0;0.0
42.0;81.08928571428571;2.0;0.0
48.0;79.98214285714286;2.7;0.0
54.0;80.17857142857143;1.0;0.0
60.0;79.30357142857143;1.3;0.0
66.0;80.92857142857143;0.6499999999999999;0.0
72.0;74.64285714285714;0.0;0.0
78.0;66.23214285714286;0.15;0.0
84.0;53.660714285714285;0.0;0.0
90.0;43.75;0.75;0.0
96.0;57.55357142857143;0.0;0.0
102.0;78.83928571428571;0.44999999999999996;0.0
108.0;80.375;0.44999999999999996;0.0
114.0;79.80357142857143;2.2;0.0
120.0;79.92857142857143;0.75;0.0
126.0;78.78571428571429;0.7;0.0
132.0;75.41071428571429;0.15;0.0
138.0;56.142857142857146;0.0;0.0
144.0;26.678571428571427;0.0;0.0
150.0;11.035714285714286;0.0;0.0
156.0;12.964285714285714;0.75;0.0
162.0;18.571428571428573;0.0;0.0
168.0;35.767857142857146;0.0;0.0
174.0;69.28571428571429;0.0;0.0
180.0;23.017857142857142;0.0;0.0
186.0;4.767857142857143;0.0;0.0
192.0;22.553571428571427;0.0;0.0
198.0;63.125;0.0;0.0
204.0;66.64285714285714;0.0;0.0
210.0;69.73214285714286;0.0;0.0
216.0;63.44642857142857;0.0;0.0
222.0;63.535714285714285;0.0;0.0
228.0;79.625;1.05;0.0
234.0;78.76785714285714;0.44999999999999996;0.0
240.0;80.08928571428571;0.7000000000000001;0.0
246.0;79.26785714285714;2.1;0.0
252.0;80.76785714285714;0.9;0.0
258.0;78.75;2.4;0.0
264.0;78.76785714285714;0.7000000000000001;0.0
270.0;78.89285714285714;1.9000000000000001;0.0
276.0;78.32142857142857;2.15;0.0
282.0;78.42857142857143;3.45;0.0
288.0;79.875;1.2;0.0
294.0;79.10714285714286;1.3499999999999999;0.0
