#auto generated file!
6.0;0.0;0.0;0.0
12.0;0.0;0.0;0.0
18.0;40.17857142857143;0.0;0.0
24.0;78.75;25.5;0.0
30.0;81.42857142857143;91.5;0.0
36.0;80.35714285714286;90.0;0.0
42.0;80.35714285714286;68.25;0.0
48.0;80.08928571428571;36.0;0.0
54.0;84.91071428571429;24.0;0.0
60.0;76.60714285714286;11.25;0.0
66.0;80.35714285714286;7.5;0.0
72.0;77.67857142857143;12.75;0.0
78.0;79.28571428571429;10.5;0.0
84.0;80.08928571428571;5.25;0.0
90.0;76.60714285714286;9.75;0.0
96.0;67.5;6.0;0.0
102.0;68.57142857142857;2.25;0.0
108.0;75.80357142857143;3.75;0.0
114.0;75.53571428571429;14.25;0.0
120.0;99.10714285714286;12.75;0.0
126.0;84.375;18.0;0.0
132.0;64.55357142857143;6.0;0.0
138.0;46.339285714285715;3.75;0.0
144.0;33.482142857142854;1.5;0.0
150.0;25.714285714285715;1.5;0.0
156.0;16.875;0.0;0.0
162.0;10.982142857142858;0.0;0.0
168.0;6.696428571428571;0.0;0.0
174.0;3.75;0.0;0.0
180.0;1.6071428571428572;0.0;0.0
186.0;0.26785714285714285;0.75;0.0
192.0;5.089285714285714;0.75;0.0
198.0;51.964285714285715;0.0;0.0
204.0;79.01785714285714;11.25;0.0
210.0;79.55357142857143;44.25;0.0
216.0;80.08928571428571;79.5;0.0
222.0;81.69642857142857;60.0;0.0
228.0;82.23214285714286;15.75;0.0
234.0;81.96428571428571;9.75;0.0
240.0;79.28571428571429;10.5;0.0
246.0;79.01785714285714;5.25;0.0
252.0;77.41071428571429;9.75;0.0
258.0;82.5;6.0;0.0
264.0;81.16071428571429;9.0;0.0
270.0;81.16071428571429;9.75;0.0
276.0;79.01785714285714;9.0;0.0
282.0;75.53571428571429;4.5;0.0
288.0;62.410714285714285;3.75;0.0
294.0;61.339285714285715;0.75;0.0
