#auto generated file!
6.0;0.0;0.0;0.0
12.0;0.375;0.25;0.0
18.0;7.232142857142857;0.0;0.0
24.0;14.232142857142858;0.0;0.0
30.0;25.5;0.65;0.0
36.0;68.94642857142857;1.0;0.0
42.0;97.82142857142857;4.35;0.0
48.0;97.44642857142857;1.6;0.0
54.0;101.73214285714286;1.5;0.0
60.0;92.14285714285714;3.4499999999999997;0.0
66.0;94.0;0.7000000000000001;0.0
72.0;89.33928571428571;2.25;0.0
78.0;79.16071428571429;5.4;0.0
84.0;76.08928571428571;2.4;0.0
90.0;76.08928571428571;2.25;0.0
96.0;83.44642857142857;6.0;0.0
102.0;94.69642857142857;6.0;0.0
108.0;98.375;12.950000000000001;0.0
114.0;103.66071428571429;4.699999999999999;0.0
120.0;103.14285714285714;1.8;0.0
126.0;94.16071428571429;3.4499999999999997;0.0
132.0;89.10714285714286;0.15;0.0
138.0;77.28571428571429;0.15;0.0
144.0;54.25;0.3;0.0
150.0;34.125;0.15;0.0
156.0;30.982142857142858;0.44999999999999996;0.0
162.0;41.857142857142854;0.7000000000000001;0.0
168.0;65.875;0.7999999999999999;0.0
174.0;98.33928571428571;2.65;0.0
180.0;96.32142857142857;3.5999999999999996;0.0
186.0;98.07142857142857;4.15;0.0
192.0;93.5;2.25;0.0
198.0;91.69642857142857;2.25;0.0
204.0;91.75;3.75;0.0
210.0;87.76785714285714;3.15;0.0
216.0;87.53571428571429;2.25;0.0
222.0;90.75;3.15;0.0
228.0;97.94642857142857;8.1;0.0
234.0;98.66071428571429;2.849999999999999;0.0
240.0;97.33928571428571;1.7999999999999998;0.0
246.0;93.53571428571429;5.9;0.0
252.0;91.51785714285714;6.25;0.0
258.0;92.875;8.9;0.0
264.0;92.5;12.0;0.0
270.0;91.83928571428571;5.5;0.0
276.0;92.78571428571429;5.25;0.0
282.0;98.01785714285714;7.25;0.0
288.0;98.48214285714286;1.1;0.0
294.0;101.21428571428571;0.0;0.0
