#auto generated file!
6.0;0.0;0.0;0.0
12.0;0.26785714285714285;0.0;0.0
18.0;25.446428571428573;1.5;0.0
24.0;71.51785714285714;3.75;0.0
30.0;103.66071428571429;7.5;0.0
36.0;104.19642857142857;32.25;0.0
42.0;103.66071428571429;27.75;0.0
48.0;95.625;18.0;0.0
54.0;126.69642857142857;67.5;0.0
60.0;139.55357142857142;56.25;0.0
66.0;117.32142857142857;17.25;0.0
72.0;110.89285714285714;0.0;0.0
78.0;95.625;0.75;0.0
84.0;130.71428571428572;19.5;0.0
90.0;151.60714285714286;9.75;0.0
96.0;127.23214285714286;3.75;0.0
102.0;117.85714285714286;6.75;0.0
108.0;119.46428571428571;6.75;0.0
114.0;107.94642857142857;3.0;0.0
120.0;95.625;13.5;0.0
126.0;75.53571428571429;3.0;0.0
132.0;32.142857142857146;0.75;0.0
138.0;8.839285714285714;0.0;0.0
144.0;2.4107142857142856;0.0;0.0
150.0;0.5357142857142857;0.0;0.0
156.0;0.0;0.0;0.0
162.0;0.0;0.0;0.0
168.0;0.0;0.0;0.0
174.0;0.0;0.0;0.0
180.0;0.0;0.0;0.0
186.0;0.0;0.0;0.0
192.0;4.821428571428571;0.75;0.0
198.0;29.732142857142858;0.75;0.0
204.0;66.42857142857143;5.25;0.0
210.0;97.23214285714286;18.0;0.0
216.0;99.91071428571429;8.25;0.0
222.0;113.83928571428571;3.0;0.0
228.0;102.58928571428571;3.0;0.0
234.0;117.32142857142857;6.75;0.0
240.0;125.08928571428571;15.75;0.0
246.0;130.17857142857142;1.5;0.0
252.0;117.32142857142857;3.0;0.0
258.0;138.48214285714286;21.0;0.0
264.0;117.58928571428571;3.75;0.0
270.0;116.51785714285714;9.0;0.0
276.0;138.21428571428572;6.75;0.0
282.0;113.57142857142857;0.75;0.0
288.0;122.94642857142857;3.75;0.0
294.0;107.14285714285714;7.5;0.0
