#auto generated file!
6.0;0.0;0.0;0.0
12.0;0.0;2.25;0.0
18.0;5.089285714285714;13.5;0.0
24.0;61.607142857142854;30.0;0.0
30.0;153.48214285714286;72.75;0.0
36.0;200.625;99.0;0.0
42.0;186.42857142857142;119.25;0.0
48.0;168.21428571428572;125.25;0.0
54.0;234.10714285714286;123.0;0.0
60.0;239.19642857142858;124.5;0.0
66.0;201.42857142857142;156.75;0.0
72.0;159.91071428571428;123.75;0.0
78.0;135.26785714285714;150.75;0.0
84.0;114.91071428571429;153.75;0.0
90.0;95.89285714285714;139.5;0.0
96.0;88.125;117.75;0.0
102.0;169.55357142857142;133.5;0.0
108.0;176.25;146.25;0.0
114.0;176.78571428571428;144.75;0.0
120.0;132.32142857142858;124.5;0.0
126.0;81.69642857142857;95.25;0.0
132.0;50.357142857142854;18.0;0.0
138.0;30.0;0.0;0.0
144.0;20.625;0.0;0.0
150.0;13.928571428571429;0.0;0.0
156.0;9.107142857142858;0.0;0.0
162.0;3.482142857142857;0.0;0.0
168.0;0.5357142857142857;0.0;0.0
174.0;0.0;0.0;0.0
180.0;0.0;0.0;0.0
186.0;0.0;0.0;0.0
192.0;0.0;3.0;0.0
198.0;8.839285714285714;12.0;0.0
204.0;66.96428571428571;42.0;0.0
210.0;149.19642857142858;93.75;0.0
216.0;180.0;135.75;0.0
222.0;202.76785714285714;120.0;0.0
228.0;182.94642857142858;113.25;0.0
234.0;127.5;129.75;0.0
240.0;80.625;136.5;0.0
246.0;53.30357142857143;128.25;0.0
252.0;61.607142857142854;123.0;0.0
258.0;52.767857142857146;119.25;0.0
264.0;49.82142857142857;147.75;0.0
270.0;38.30357142857143;129.0;0.0
276.0;34.82142857142857;138.0;0.0
282.0;23.303571428571427;124.5;0.0
288.0;88.92857142857143;121.5;0.0
294.0;89.73214285714286;105.0;0.0
