#auto generated file!
6.0;0.0;0.0;0.0
12.0;0.6607142857142857;0.0;0.0
18.0;7.214285714285714;0.0;0.0
24.0;10.696428571428571;0.0;0.0
30.0;17.767857142857142;0.0;0.0
36.0;28.428571428571427;0.0;0.0
42.0;56.607142857142854;0.0;0.0
48.0;79.98214285714286;0.0;0.0
54.0;79.48214285714286;3.75;0.0
60.0;78.91071428571429;0.3;0.0
66.0;70.67857142857143;0.0;0.0
72.0;51.32142857142857;0.0;0.0
78.0;38.642857142857146;0.0;0.0
84.0;23.232142857142858;0.0;0.0
90.0;25.714285714285715;0.0;0.0
96.0;31.107142857142858;0.0;0.0
102.0;44.767857142857146;0.0;0.0
108.0;54.767857142857146;0.0;0.0
114.0;75.57142857142857;0.0;0.0
120.0;78.96428571428571;0.0;0.0
126.0;74.55357142857143;0.0;0.0
132.0;46.517857142857146;0.0;0.0
138.0;16.464285714285715;0.0;0.0
144.0;8.25;0.0;0.0
150.0;7.142857142857143;0.0;0.0
156.0;11.410714285714286;0.0;0.0
162.0;11.321428571428571;0.0;0.0
168.0;19.214285714285715;0.0;0.0
174.0;26.375;0.0;0.0
180.0;25.535714285714285;0.0;0.0
186.0;23.339285714285715;0.0;0.0
192.0;21.892857142857142;0.0;0.0
198.0;20.482142857142858;0.0;0.0
204.0;17.910714285714285;0.0;0.0
210.0;19.035714285714285;0.0;0.0
216.0;20.875;0.0;0.0
222.0;20.910714285714285;0.0;0.0
228.0;31.964285714285715;0.0;0.0
234.0;46.375;0.0;0.0
240.0;46.392857142857146;0.0;0.0
246.0;48.464285714285715;0.0;0.0
252.0;50.660714285714285;0.0;0.0
258.0;51.82142857142857;0.0;0.0
264.0;50.94642857142857;0.0;0.0
270.0;55.660714285714285;0.0;0.0
276.0;54.339285714285715;0.0;0.0
282.0;56.535714285714285;0.0;0.0
288.0;58.94642857142857;0.0;0.0
294.0;55.410714285714285;0.0;0.0
