#auto generated file!
6.0;0.0;0.0;0.0
12.0;0.0;0.3;0.0
18.0;0.25;0.4;0.0
24.0;2.2142857142857144;2.6500000000000004;0.0
30.0;11.142857142857142;1.0;0.0
36.0;16.767857142857142;3.3499999999999996;0.0
42.0;18.232142857142858;1.8;0.0
48.0;28.053571428571427;1.85;0.0
54.0;38.142857142857146;2.4499999999999997;0.0
60.0;35.30357142857143;1.9;0.0
66.0;22.535714285714285;2.8;0.0
72.0;17.732142857142858;2.75;0.0
78.0;12.214285714285714;2.4;0.0
84.0;11.107142857142858;2.9999999999999996;0.0
90.0;7.625;1.8;0.0
96.0;11.785714285714286;2.4;0.0
102.0;18.357142857142858;1.85;0.0
108.0;19.107142857142858;6.0;0.0
114.0;21.303571428571427;3.6000000000000005;0.0
120.0;14.839285714285714;2.65;0.0
126.0;9.0;3.2499999999999996;0.0
132.0;3.7142857142857144;0.75;0.0
138.0;4.017857142857143;1.15;0.0
144.0;1.2678571428571428;0.44999999999999996;0.0
150.0;1.125;1.3;0.0
156.0;3.0535714285714284;0.6;0.0
162.0;7.125;1.7999999999999998;0.0
168.0;10.75;1.25;0.0
174.0;10.946428571428571;1.25;0.0
180.0;11.214285714285714;1.5500000000000003;0.0
186.0;11.214285714285714;0.9500000000000001;0.0
192.0;10.446428571428571;1.5;0.0
198.0;11.214285714285714;2.3;0.0
204.0;8.178571428571429;1.1;0.0
210.0;7.928571428571429;1.25;0.0
216.0;10.732142857142858;3.55;0.0
222.0;12.125;0.5;0.0
228.0;18.785714285714285;3.5999999999999996;0.0
234.0;16.410714285714285;1.3499999999999999;0.0
240.0;18.696428571428573;2.85;0.0
246.0;18.535714285714285;4.65;0.0
252.0;10.982142857142858;3.599999999999999;0.0
258.0;17.357142857142858;3.5;0.0
264.0;14.196428571428571;5.4;0.0
270.0;14.553571428571429;6.199999999999999;0.0
276.0;15.017857142857142;2.95;0.0
282.0;19.75;1.5;0.0
288.0;19.5;1.9000000000000001;0.0
294.0;15.517857142857142;1.4;0.0
