#auto generated file!
6.0;0.0;0.0;0.0
12.0;0.6785714285714286;0.0;0.0
18.0;7.875;0.0;0.0
24.0;13.839285714285714;0.0;0.0
30.0;19.482142857142858;0.0;0.0
36.0;32.267857142857146;0.0;0.0
42.0;57.857142857142854;0.0;0.0
48.0;79.42857142857143;1.65;0.0
54.0;79.875;1.3499999999999999;0.0
60.0;79.75;1.4;0.0
66.0;76.375;0.0;0.0
72.0;71.58928571428571;0.0;0.0
78.0;57.232142857142854;0.0;0.0
84.0;48.44642857142857;0.0;0.0
90.0;42.07142857142857;0.0;0.0
96.0;40.035714285714285;0.0;0.0
102.0;47.964285714285715;0.0;0.0
108.0;71.80357142857143;0.0;0.0
114.0;80.07142857142857;2.65;0.0
120.0;79.53571428571429;0.75;0.0
126.0;74.625;0.0;0.0
132.0;52.482142857142854;0.0;0.0
138.0;25.982142857142858;0.0;0.0
144.0;9.892857142857142;0.0;0.0
150.0;9.017857142857142;0.15;0.0
156.0;10.196428571428571;0.15;0.0
162.0;15.875;0.15;0.0
168.0;25.660714285714285;0.15;0.0
174.0;38.55357142857143;0.0;0.0
180.0;46.642857142857146;0.0;0.0
186.0;56.125;0.0;0.0
192.0;60.142857142857146;0.0;0.0
198.0;57.732142857142854;0.0;0.0
204.0;53.035714285714285;0.0;0.0
210.0;41.607142857142854;0.0;0.0
216.0;28.464285714285715;0.0;0.0
222.0;29.767857142857142;0.0;0.0
228.0;40.67857142857143;0.0;0.0
234.0;55.357142857142854;0.0;0.0
240.0;63.589285714285715;0.0;0.0
246.0;74.64285714285714;0.0;0.0
252.0;77.17857142857143;0.15;0.0
258.0;76.41071428571429;0.0;0.0
264.0;78.35714285714286;0.55;0.0
270.0;79.98214285714286;0.75;0.0
276.0;78.76785714285714;0.0;0.0
282.0;79.14285714285714;0.55;0.0
288.0;80.16071428571429;0.44999999999999996;0.0
294.0;78.21428571428571;0.0;0.0
