#auto generated file!
6.0;0.0;0.0;0.0
12.0;0.23214285714285715;0.0;0.0
18.0;2.125;1.0;0.0
24.0;4.392857142857143;2.0;0.0
30.0;5.875;2.0;0.0
36.0;8.178571428571429;4.75;0.0
42.0;11.017857142857142;9.25;0.0
48.0;18.696428571428573;4.75;0.0
54.0;27.625;4.5;0.0
60.0;29.214285714285715;6.5;0.0
66.0;24.892857142857142;6.75;0.0
72.0;19.214285714285715;6.75;0.0
78.0;19.017857142857142;6.75;0.0
84.0;16.5;5.25;0.0
90.0;13.678571428571429;9.0;0.0
96.0;12.375;3.5;0.0
102.0;13.178571428571429;2.5;0.0
108.0;21.107142857142858;3.0;0.0
114.0;26.303571428571427;7.5;0.0
120.0;27.964285714285715;1.75;0.0
126.0;22.642857142857142;2.5;0.0
132.0;16.285714285714285;2.25;0.0
138.0;13.392857142857142;0.25;0.0
144.0;11.517857142857142;0.0;0.0
150.0;11.053571428571429;0.0;0.0
156.0;9.803571428571429;0.0;0.0
162.0;16.696428571428573;0.5;0.0
168.0;25.982142857142858;0.0;0.0
174.0;42.089285714285715;1.5;0.0
180.0;49.32142857142857;1.0;0.0
186.0;48.19642857142857;2.5;0.0
192.0;41.535714285714285;3.25;0.0
198.0;38.107142857142854;2.75;0.0
204.0;34.17857142857143;2.25;0.0
210.0;28.178571428571427;3.75;0.0
216.0;22.571428571428573;2.75;0.0
222.0;24.303571428571427;3.75;0.0
228.0;33.839285714285715;2.25;0.0
234.0;48.42857142857143;5.25;0.0
240.0;49.80357142857143;7.75;0.0
246.0;37.55357142857143;7.5;0.0
252.0;28.607142857142858;3.5;0.0
258.0;23.196428571428573;8.25;0.0
264.0;27.0;3.75;0.0
270.0;27.482142857142858;3.0;0.0
276.0;28.071428571428573;3.5;0.0
282.0;28.339285714285715;3.75;0.0
288.0;36.125;3.25;0.0
294.0;45.142857142857146;1.75;0.0
