#auto generated file!
6.0;0.0;0.0;0.0
12.0;0.23214285714285715;0.75;0.0
18.0;2.7857142857142856;1.75;0.0
24.0;5.357142857142857;1.5;0.0
30.0;8.446428571428571;4.75;0.0
36.0;15.375;10.5;0.0
42.0;32.80357142857143;29.0;0.0
48.0;64.28571428571429;14.75;0.0
54.0;97.85714285714286;10.75;0.0
60.0;101.875;8.0;0.0
66.0;101.83928571428571;16.25;0.0
72.0;90.05357142857143;12.75;0.0
78.0;79.07142857142857;10.5;0.0
84.0;64.01785714285714;6.75;0.0
90.0;46.267857142857146;5.75;0.0
96.0;36.375;8.0;0.0
102.0;41.910714285714285;5.25;0.0
108.0;51.339285714285715;4.5;0.0
114.0;78.28571428571429;4.5;0.0
120.0;86.46428571428571;4.75;0.0
126.0;77.32142857142857;3.5;0.0
132.0;58.964285714285715;4.25;0.0
138.0;35.05357142857143;1.0;0.0
144.0;24.803571428571427;0.0;0.0
150.0;23.392857142857142;0.0;0.0
156.0;30.571428571428573;0.0;0.0
162.0;40.035714285714285;0.0;0.0
168.0;65.58928571428571;1.25;0.0
174.0;91.07142857142857;2.0;0.0
180.0;97.80357142857143;1.5;0.0
186.0;95.85714285714286;1.25;0.0
192.0;90.60714285714286;3.5;0.0
198.0;80.98214285714286;5.25;0.0
204.0;69.69642857142857;6.5;0.0
210.0;59.69642857142857;1.25;0.0
216.0;60.32142857142857;3.5;0.0
222.0;70.75;3.0;0.0
228.0;86.66071428571429;6.0;0.0
234.0;106.46428571428571;4.5;0.0
240.0;106.57142857142857;4.5;0.0
246.0;98.14285714285714;14.0;0.0
252.0;80.07142857142857;7.5;0.0
258.0;60.410714285714285;12.75;0.0
264.0;54.357142857142854;11.0;0.0
270.0;58.714285714285715;4.75;0.0
276.0;67.67857142857143;3.25;0.0
282.0;74.23214285714286;5.0;0.0
288.0;95.44642857142857;4.0;0.0
294.0;104.66071428571429;2.25;0.0
