#auto generated file!
6.0;0.0;0.0;0.0
12.0;0.8392857142857143;0.0;0.0
18.0;4.803571428571429;0.0;0.0
24.0;9.232142857142858;0.0;0.0
30.0;15.410714285714286;0.0;0.0
36.0;31.25;0.0;0.0
42.0;50.07142857142857;0.0;0.0
48.0;79.67857142857143;0.3;0.0
54.0;80.0;0.75;0.0
60.0;80.08928571428571;0.6;0.0
66.0;77.64285714285714;0.0;0.0
72.0;74.46428571428571;0.0;0.0
78.0;57.714285714285715;0.0;0.0
84.0;41.75;0.0;0.0
90.0;26.196428571428573;0.0;0.0
96.0;31.785714285714285;0.0;0.0
102.0;37.089285714285715;0.0;0.0
108.0;56.75;0.0;0.0
114.0;80.19642857142857;1.9;0.0
120.0;77.5;0.0;0.0
126.0;67.21428571428571;0.0;0.0
132.0;38.732142857142854;0.0;0.0
138.0;15.107142857142858;0.0;0.0
144.0;8.946428571428571;0.0;0.0
150.0;7.375;0.0;0.0
156.0;10.339285714285714;0.0;0.0
162.0;13.517857142857142;0.0;0.0
168.0;18.482142857142858;0.0;0.0
174.0;30.035714285714285;0.0;0.0
180.0;40.42857142857143;0.0;0.0
186.0;41.75;0.0;0.0
192.0;36.589285714285715;0.0;0.0
198.0;28.339285714285715;0.0;0.0
204.0;20.321428571428573;0.0;0.0
210.0;20.089285714285715;0.0;0.0
216.0;17.285714285714285;0.0;0.0
222.0;22.464285714285715;0.0;0.0
228.0;31.910714285714285;0.0;0.0
234.0;44.92857142857143;0.0;0.0
240.0;46.69642857142857;0.0;0.0
246.0;44.714285714285715;0.0;0.0
252.0;48.625;0.0;0.0
258.0;48.875;0.0;0.0
264.0;52.25;0.0;0.0
270.0;48.464285714285715;0.0;0.0
276.0;42.625;0.0;0.0
282.0;43.17857142857143;0.0;0.0
288.0;48.089285714285715;0.0;0.0
294.0;46.67857142857143;0.0;0.0
