#auto generated file!
6.0;0.0;0.0;0.0
12.0;0.8928571428571429;0.0;0.0
18.0;6.714285714285714;0.75;0.0
24.0;14.75;1.5;0.0
30.0;29.0;0.25;0.0
36.0;46.482142857142854;3.75;0.0
42.0;65.17857142857143;9.15;0.0
48.0;103.10714285714286;1.8;0.0
54.0;102.19642857142857;1.3;0.0
60.0;101.83928571428571;0.3;0.0
66.0;101.28571428571429;1.7;0.0
72.0;90.66071428571429;0.9;0.0
78.0;82.96428571428571;0.8;0.0
84.0;77.78571428571429;3.9;0.0
90.0;72.48214285714286;1.35;0.0
96.0;72.30357142857143;2.0;0.0
102.0;79.03571428571429;4.6;0.0
108.0;99.42857142857143;4.1499999999999995;0.0
114.0;103.05357142857143;2.75;0.0
120.0;100.96428571428571;0.9;0.0
126.0;97.80357142857143;3.1999999999999997;0.0
132.0;86.08928571428571;0.9;0.0
138.0;53.0;0.8500000000000001;0.0
144.0;31.892857142857142;0.65;0.0
150.0;21.071428571428573;0.15;0.0
156.0;23.107142857142858;0.2;0.0
162.0;35.214285714285715;0.4;0.0
168.0;44.5;2.1;0.0
174.0;72.875;2.15;0.0
180.0;98.14285714285714;1.75;0.0
186.0;100.21428571428571;1.65;0.0
192.0;100.05357142857143;1.25;0.0
198.0;100.05357142857143;3.0;0.0
204.0;93.64285714285714;1.0;0.0
210.0;89.42857142857143;0.75;0.0
216.0;82.66071428571429;1.55;0.0
222.0;87.92857142857143;0.3;0.0
228.0;96.67857142857143;2.4;0.0
234.0;100.67857142857143;2.2499999999999996;0.0
240.0;99.96428571428571;6.6;0.0
246.0;100.48214285714286;5.55;0.0
252.0;96.33928571428571;7.15;0.0
258.0;90.05357142857143;7.199999999999999;0.0
264.0;96.91071428571429;3.6500000000000004;0.0
270.0;96.19642857142857;6.35;0.0
276.0;100.82142857142857;5.1;0.0
282.0;103.67857142857143;4.9;0.0
288.0;113.48214285714286;2.65;0.0
294.0;117.67857142857143;1.3499999999999999;0.0
