#auto generated file!
6.0;0.0;0.0;0.0
12.0;0.3392857142857143;0.0;0.0
18.0;6.678571428571429;0.0;0.0
24.0;16.482142857142858;0.0;0.0
30.0;27.875;0.0;0.0
36.0;47.875;0.0;0.0
42.0;79.83928571428571;2.3000000000000003;0.0
48.0;104.94642857142857;0.85;0.0
54.0;70.91071428571429;2.4;0.0
60.0;15.196428571428571;0.0;0.0
66.0;19.125;0.0;0.0
72.0;49.625;0.0;0.0
78.0;60.07142857142857;0.0;0.0
84.0;61.160714285714285;0.0;0.0
90.0;57.714285714285715;0.0;0.0
96.0;63.625;0.0;0.0
102.0;80.16071428571429;1.05;0.0
108.0;81.91071428571429;4.85;0.0
114.0;99.19642857142857;2.4;0.0
120.0;103.03571428571429;1.0499999999999998;0.0
126.0;81.53571428571429;1.1;0.0
132.0;71.5;0.3;0.0
138.0;55.660714285714285;0.0;0.0
144.0;31.821428571428573;0.0;0.0
150.0;12.125;0.0;0.0
156.0;15.875;0.0;0.0
162.0;18.589285714285715;0.0;0.0
168.0;28.910714285714285;0.0;0.0
174.0;55.410714285714285;0.0;0.0
180.0;79.23214285714286;0.0;0.0
186.0;79.85714285714286;0.6;0.0
192.0;79.32142857142857;0.3;0.0
198.0;79.30357142857143;0.15;0.0
204.0;78.94642857142857;0.0;0.0
210.0;73.25;0.0;0.0
216.0;69.125;0.0;0.0
222.0;76.69642857142857;0.0;0.0
228.0;79.83928571428571;1.7999999999999998;0.0
234.0;79.73214285714286;1.9499999999999997;0.0
240.0;78.30357142857143;2.8499999999999996;0.0
246.0;79.60714285714286;1.2;0.0
252.0;80.23214285714286;5.1499999999999995;0.0
258.0;78.78571428571429;0.9;0.0
264.0;79.76785714285714;2.55;0.0
270.0;80.71428571428571;1.8;0.0
276.0;79.28571428571429;0.9500000000000001;0.0
282.0;79.125;1.8499999999999996;0.0
288.0;79.76785714285714;1.4999999999999998;0.0
294.0;81.82142857142857;2.5999999999999996;0.0
