#auto generated file!
6.0;0.0;0.0;0.0
12.0;0.35714285714285715;0.0;0.0
18.0;1.2321428571428572;0.6;0.0
24.0;2.267857142857143;2.4499999999999997;0.0
30.0;6.589285714285714;3.9499999999999997;0.0
36.0;20.017857142857142;4.75;0.0
42.0;37.75;3.65;0.0
48.0;55.464285714285715;8.2;0.0
54.0;73.39285714285714;6.3500000000000005;0.0
60.0;75.76785714285714;4.4;0.0
66.0;58.232142857142854;7.05;0.0
72.0;32.92857142857143;9.15;0.0
78.0;17.732142857142858;8.85;0.0
84.0;9.75;7.35;0.0
90.0;9.660714285714286;6.699999999999999;0.0
96.0;11.732142857142858;8.049999999999999;0.0
102.0;23.125;10.0;0.0
108.0;36.767857142857146;5.75;0.0
114.0;53.375;6.35;0.0
120.0;59.357142857142854;3.05;0.0
126.0;50.214285714285715;2.95;0.0
132.0;24.517857142857142;2.05;0.0
138.0;7.107142857142857;1.05;0.0
144.0;4.232142857142857;1.8;0.0
150.0;3.0535714285714284;0.3;0.0
156.0;5.553571428571429;2.0999999999999996;0.0
162.0;13.892857142857142;1.0;0.0
168.0;23.321428571428573;1.85;0.0
174.0;35.964285714285715;1.15;0.0
180.0;38.44642857142857;1.5499999999999998;0.0
186.0;38.642857142857146;0.8999999999999999;0.0
192.0;28.910714285714285;1.3;0.0
198.0;22.339285714285715;1.1;0.0
204.0;17.910714285714285;1.6;0.0
210.0;10.964285714285714;1.15;0.0
216.0;13.464285714285714;2.6999999999999997;0.0
222.0;20.392857142857142;3.1499999999999995;0.0
228.0;24.75;1.2;0.0
234.0;35.517857142857146;5.25;0.0
240.0;31.571428571428573;7.3500000000000005;0.0
246.0;26.446428571428573;7.0;0.0
252.0;23.946428571428573;8.899999999999999;0.0
258.0;28.892857142857142;4.85;0.0
264.0;27.375;5.699999999999999;0.0
270.0;29.214285714285715;7.3;0.0
276.0;26.642857142857142;8.5;0.0
282.0;32.517857142857146;6.5;0.0
288.0;38.785714285714285;3.15;0.0
294.0;39.25;3.15;0.0
