#auto generated file!
6.0;0.0;0.0;0.0
12.0;0.21428571428571427;0.0;0.0
18.0;2.5714285714285716;0.0;0.0
24.0;5.035714285714286;0.0;0.0
30.0;7.732142857142857;0.0;0.0
36.0;8.303571428571429;0.0;0.0
42.0;13.303571428571429;0.0;0.0
48.0;14.446428571428571;0.0;0.0
54.0;11.625;0.0;0.0
60.0;11.339285714285714;0.0;0.0
66.0;10.660714285714286;0.0;0.0
72.0;10.785714285714286;0.0;0.0
78.0;12.517857142857142;0.0;0.0
84.0;7.589285714285714;0.0;0.0
90.0;7.803571428571429;0.0;0.0
96.0;9.732142857142858;0.0;0.0
102.0;12.035714285714286;0.0;0.0
108.0;13.107142857142858;0.0;0.0
114.0;10.142857142857142;0.0;0.0
120.0;11.5;0.0;0.0
126.0;7.857142857142857;0.0;0.0
132.0;5.625;0.0;0.0
138.0;4.267857142857143;0.0;0.0
144.0;3.732142857142857;0.0;0.0
150.0;2.4464285714285716;0.0;0.0
156.0;4.017857142857143;0.0;0.0
162.0;5.428571428571429;0.0;0.0
168.0;7.25;0.0;0.0
174.0;6.696428571428571;0.0;0.0
180.0;9.392857142857142;0.0;0.0
186.0;9.053571428571429;0.0;0.0
192.0;6.928571428571429;0.0;0.0
198.0;5.75;0.0;0.0
204.0;7.428571428571429;0.0;0.0
210.0;7.321428571428571;0.0;0.0
216.0;6.571428571428571;0.0;0.0
222.0;8.0;0.0;0.0
228.0;12.214285714285714;0.0;0.0
234.0;11.839285714285714;0.0;0.0
240.0;13.642857142857142;0.0;0.0
246.0;14.625;0.0;0.0
252.0;15.785714285714286;0.0;0.0
258.0;12.25;0.0;0.0
264.0;11.553571428571429;0.0;0.0
270.0;9.982142857142858;0.0;0.0
276.0;10.053571428571429;0.0;0.0
282.0;9.875;0.0;0.0
288.0;10.428571428571429;0.0;0.0
294.0;10.285714285714286;0.0;0.0
