#auto generated file!
6.0;0.0;0.0;0.0
12.0;0.375;0.0;0.0
18.0;3.0714285714285716;0.0;0.0
24.0;3.8214285714285716;0.0;0.0
30.0;6.875;0.0;0.0
36.0;8.75;0.0;0.0
42.0;13.642857142857142;0.0;0.0
48.0;16.142857142857142;0.0;0.0
54.0;14.035714285714286;0.0;0.0
60.0;9.875;0.0;0.0
66.0;12.589285714285714;0.0;0.0
72.0;9.803571428571429;0.0;0.0
78.0;9.803571428571429;0.0;0.0
84.0;8.642857142857142;0.0;0.0
90.0;9.660714285714286;0.0;0.0
96.0;8.303571428571429;0.0;0.0
102.0;9.053571428571429;0.0;0.0
108.0;11.232142857142858;0.0;0.0
114.0;14.785714285714286;0.0;0.0
120.0;9.446428571428571;0.0;0.0
126.0;7.607142857142857;0.0;0.0
132.0;5.0;0.0;0.0
138.0;3.4642857142857144;0.0;0.0
144.0;2.517857142857143;0.0;0.0
150.0;3.107142857142857;0.0;0.0
156.0;3.142857142857143;0.0;0.0
162.0;4.625;0.0;0.0
168.0;7.428571428571429;0.0;0.0
174.0;7.982142857142857;0.0;0.0
180.0;9.107142857142858;0.0;0.0
186.0;7.392857142857143;0.0;0.0
192.0;7.232142857142857;0.0;0.0
198.0;6.910714285714286;0.0;0.0
204.0;5.071428571428571;0.0;0.0
210.0;5.928571428571429;0.0;0.0
216.0;7.732142857142857;0.0;0.0
222.0;9.857142857142858;0.0;0.0
228.0;10.660714285714286;0.0;0.0
234.0;11.625;0.0;0.0
240.0;8.678571428571429;0.0;0.0
246.0;9.875;0.0;0.0
252.0;11.160714285714286;0.0;0.0
258.0;11.375;0.0;0.0
264.0;10.892857142857142;0.0;0.0
270.0;13.267857142857142;0.0;0.0
276.0;8.732142857142858;0.0;0.0
282.0;9.232142857142858;0.0;0.0
288.0;10.321428571428571;0.0;0.0
294.0;8.464285714285714;0.0;0.0
