#auto generated file!
6.0;0.0;0.0;0.0
12.0;1.3571428571428572;0.0;0.0
18.0;10.5;0.0;0.0
24.0;19.214285714285715;0.0;0.0
30.0;32.875;0.0;0.0
36.0;69.44642857142857;0.0;0.0
42.0;80.08928571428571;1.3;0.0
48.0;80.05357142857143;1.3;0.0
54.0;41.07142857142857;1.05;0.0
60.0;12.75;0.44999999999999996;0.0
66.0;5.339285714285714;0.0;0.0
72.0;25.107142857142858;0.0;0.0
78.0;49.214285714285715;0.0;0.0
84.0;65.85714285714286;0.0;0.0
90.0;75.58928571428571;0.0;0.0
96.0;80.10714285714286;3.0;0.0
102.0;80.23214285714286;1.75;0.0
108.0;80.28571428571429;2.2;0.0
114.0;80.01785714285714;1.1;0.0
120.0;79.35714285714286;0.65;0.0
126.0;78.73214285714286;0.7;0.0
132.0;76.17857142857143;0.3;0.0
138.0;72.875;0.15;0.0
144.0;55.142857142857146;0.9;0.0
150.0;25.714285714285715;0.0;0.0
156.0;18.303571428571427;0.15;0.0
162.0;27.482142857142858;0.0;0.0
168.0;52.75;0.0;0.0
174.0;26.535714285714285;0.15;0.0
180.0;4.517857142857143;0.0;0.0
186.0;1.3392857142857142;0.0;0.0
192.0;0.9464285714285714;0.0;0.0
198.0;0.8214285714285714;0.0;0.0
204.0;1.4285714285714286;0.0;0.0
210.0;41.785714285714285;0.0;0.0
216.0;59.25;0.0;0.0
222.0;79.94642857142857;0.39999999999999997;0.0
228.0;80.39285714285714;1.4999999999999998;0.0
234.0;79.01785714285714;0.9;0.0
240.0;80.16071428571429;1.45;0.0
246.0;79.41071428571429;1.65;0.0
252.0;80.08928571428571;1.95;0.0
258.0;80.21428571428571;1.5499999999999998;0.0
264.0;80.01785714285714;1.2999999999999998;0.0
270.0;80.03571428571429;2.0;0.0
276.0;80.25;1.15;0.0
282.0;80.125;0.44999999999999996;0.0
288.0;79.89285714285714;1.1;0.0
294.0;79.875;1.5999999999999999;0.0
