#auto generated file!
6.0;0.0;0.0;0.0
12.0;0.39285714285714285;0.4;0.0
18.0;1.5714285714285714;3.05;0.0
24.0;7.375;1.55;0.0
30.0;20.017857142857142;5.449999999999999;0.0
36.0;43.30357142857143;7.1499999999999995;0.0
42.0;81.875;10.15;0.0
48.0;100.94642857142857;3.5499999999999994;0.0
54.0;102.35714285714286;3.65;0.0
60.0;101.5;1.2000000000000002;0.0
66.0;99.73214285714286;2.7;0.0
72.0;91.66071428571429;3.4499999999999997;0.0
78.0;83.375;5.4;0.0
84.0;65.39285714285714;5.4;0.0
90.0;56.32142857142857;4.9;0.0
96.0;55.892857142857146;4.65;0.0
102.0;70.83928571428571;6.65;0.0
108.0;102.58928571428571;1.9;0.0
114.0;101.01785714285714;5.2;0.0
120.0;99.92857142857143;4.3;0.0
126.0;95.55357142857143;2.9;0.0
132.0;83.375;3.7;0.0
138.0;60.535714285714285;1.75;0.0
144.0;31.571428571428573;0.44999999999999996;0.0
150.0;15.017857142857142;0.9;0.0
156.0;14.25;1.3499999999999999;0.0
162.0;23.357142857142858;1.0499999999999998;0.0
168.0;40.19642857142857;2.5;0.0
174.0;68.21428571428571;0.7;0.0
180.0;94.60714285714286;1.6;0.0
186.0;97.71428571428571;4.05;0.0
192.0;98.51785714285714;3.15;0.0
198.0;97.625;1.5;0.0
204.0;95.08928571428571;0.75;0.0
210.0;86.17857142857143;0.4;0.0
216.0;72.67857142857143;2.0999999999999996;0.0
222.0;74.41071428571429;2.05;0.0
228.0;84.58928571428571;4.05;0.0
234.0;99.76785714285714;2.6999999999999997;0.0
240.0;98.42857142857143;2.1;0.0
246.0;86.57142857142857;6.949999999999999;0.0
252.0;81.35714285714286;5.65;0.0
258.0;79.625;4.5;0.0
264.0;87.5;8.05;0.0
270.0;90.625;2.0;0.0
276.0;90.125;3.55;0.0
282.0;89.67857142857143;5.4;0.0
288.0;69.66071428571429;1.65;0.0
294.0;83.32142857142857;0.3;0.0
