#auto generated file!
6.0;0.0;0.0;0.0
12.0;0.125;0.0;0.0
18.0;0.8035714285714286;0.0;0.0
24.0;1.0535714285714286;2.8999999999999995;0.0
30.0;1.4821428571428572;1.3;0.0
36.0;2.375;3.35;0.0
42.0;4.125;5.049999999999999;0.0
48.0;4.142857142857143;5.55;0.0
54.0;4.446428571428571;6.049999999999999;0.0
60.0;2.8214285714285716;5.3999999999999995;0.0
66.0;1.4642857142857142;7.6499999999999995;0.0
72.0;0.7678571428571429;1.05;0.0
78.0;0.5714285714285714;2.85;0.0
84.0;0.625;3.1499999999999995;0.0
90.0;1.0;8.25;0.0
96.0;1.4285714285714286;8.45;0.0
102.0;1.6428571428571428;3.05;0.0
108.0;3.517857142857143;4.7;0.0
114.0;5.357142857142857;4.15;0.0
120.0;3.7142857142857144;2.9000000000000004;0.0
126.0;2.25;1.5;0.0
132.0;1.3392857142857142;2.05;0.0
138.0;1.1785714285714286;0.9;0.0
144.0;0.48214285714285715;0.8999999999999999;0.0
150.0;0.6607142857142857;1.4999999999999998;0.0
156.0;1.1785714285714286;1.0499999999999998;0.0
162.0;1.3035714285714286;0.9;0.0
168.0;2.857142857142857;0.44999999999999996;0.0
174.0;4.0;2.35;0.0
180.0;3.5892857142857144;2.1500000000000004;0.0
186.0;3.4285714285714284;2.25;0.0
192.0;3.0357142857142856;1.6;0.0
198.0;1.7678571428571428;2.0;0.0
204.0;1.4642857142857142;2.4999999999999996;0.0
210.0;1.0892857142857142;0.7000000000000001;0.0
216.0;1.8571428571428572;0.6;0.0
222.0;3.0357142857142856;1.65;0.0
228.0;4.035714285714286;3.45;0.0
234.0;4.607142857142857;5.7;0.0
240.0;5.214285714285714;1.0;0.0
246.0;3.2142857142857144;3.5;0.0
252.0;2.9285714285714284;4.75;0.0
258.0;1.9107142857142858;3.45;0.0
264.0;1.9642857142857142;2.35;0.0
270.0;2.4285714285714284;1.8;0.0
276.0;2.5714285714285716;0.9500000000000001;0.0
282.0;3.017857142857143;2.9;0.0
288.0;5.196428571428571;3.25;0.0
294.0;4.464285714285714;2.25;0.0
