#auto generated file!
6.0;0.0;0.0;0.0
12.0;0.6607142857142857;0.0;0.0
18.0;8.017857142857142;0.0;0.0
24.0;15.589285714285714;0.0;0.0
30.0;27.625;0.0;0.0
36.0;48.589285714285715;0.0;0.0
42.0;80.83928571428571;2.75;0.0
48.0;80.07142857142857;1.05;0.0
54.0;80.0;0.9500000000000001;0.0
60.0;79.875;1.1;0.0
66.0;78.91071428571429;0.9;0.0
72.0;76.73214285714286;0.15;0.0
78.0;70.51785714285714;0.75;0.0
84.0;62.92857142857143;0.0;0.0
90.0;51.482142857142854;0.0;0.0
96.0;53.339285714285715;0.0;0.0
102.0;68.60714285714286;0.0;0.0
108.0;80.07142857142857;2.0999999999999996;0.0
114.0;80.10714285714286;3.35;0.0
120.0;80.625;0.3;0.0
126.0;79.14285714285714;0.9;0.0
132.0;71.91071428571429;0.0;0.0
138.0;50.839285714285715;0.0;0.0
144.0;18.25;0.0;0.0
150.0;11.232142857142858;0.0;0.0
156.0;14.910714285714286;0.0;0.0
162.0;21.339285714285715;0.0;0.0
168.0;38.732142857142854;0.0;0.0
174.0;67.66071428571429;0.0;0.0
180.0;18.232142857142858;0.0;0.0
186.0;14.321428571428571;0.0;0.0
192.0;62.035714285714285;0.0;0.0
198.0;74.32142857142857;0.0;0.0
204.0;78.42857142857143;0.0;0.0
210.0;77.21428571428571;0.0;0.0
216.0;71.35714285714286;0.0;0.0
222.0;73.92857142857143;0.0;0.0
228.0;79.60714285714286;1.5;0.0
234.0;78.91071428571429;2.5500000000000003;0.0
240.0;79.16071428571429;2.55;0.0
246.0;78.01785714285714;0.3;0.0
252.0;79.35714285714286;1.3;0.0
258.0;78.94642857142857;2.85;0.0
264.0;78.39285714285714;0.0;0.0
270.0;79.5;2.6500000000000004;0.0
276.0;79.67857142857143;0.9;0.0
282.0;79.96428571428571;1.4;0.0
288.0;79.41071428571429;0.75;0.0
294.0;79.64285714285714;1.05;0.0
