#auto generated file!
6.0;0.0;0.0;0.0
12.0;0.6607142857142857;0.0;0.0
18.0;5.625;0.0;0.0
24.0;15.571428571428571;0.0;0.0
30.0;22.785714285714285;0.0;0.0
36.0;45.535714285714285;0.0;0.0
42.0;79.30357142857143;1.0;0.0
48.0;87.53571428571429;2.5;0.0
54.0;108.375;2.6;0.0
60.0;57.42857142857143;1.35;0.0
66.0;79.73214285714286;0.15;0.0
72.0;70.83928571428571;0.0;0.0
78.0;66.92857142857143;0.0;0.0
84.0;56.142857142857146;0.0;0.0
90.0;52.19642857142857;0.0;0.0
96.0;51.375;0.0;0.0
102.0;66.83928571428571;0.0;0.0
108.0;80.44642857142857;4.1;0.0
114.0;88.16071428571429;4.049999999999999;0.0
120.0;88.39285714285714;2.1;0.0
126.0;79.875;0.44999999999999996;0.0
132.0;65.80357142857143;0.0;0.0
138.0;45.80357142857143;0.0;0.0
144.0;21.446428571428573;0.0;0.0
150.0;10.857142857142858;0.0;0.0
156.0;12.732142857142858;0.0;0.0
162.0;15.660714285714286;0.0;0.0
168.0;26.196428571428573;0.0;0.0
174.0;50.32142857142857;0.0;0.0
180.0;74.94642857142857;0.0;0.0
186.0;79.44642857142857;0.25;0.0
192.0;78.96428571428571;0.65;0.0
198.0;79.17857142857143;0.0;0.0
204.0;77.42857142857143;1.2;0.0
210.0;66.625;0.0;0.0
216.0;54.0;0.0;0.0
222.0;53.44642857142857;0.0;0.0
228.0;61.642857142857146;0.0;0.0
234.0;71.58928571428571;0.0;0.0
240.0;78.03571428571429;0.0;0.0
246.0;79.14285714285714;0.3;0.0
252.0;79.64285714285714;2.2;0.0
258.0;79.69642857142857;1.5;0.0
264.0;79.23214285714286;1.9;0.0
270.0;79.5;3.45;0.0
276.0;78.89285714285714;3.45;0.0
282.0;80.01785714285714;1.2;0.0
288.0;79.83928571428571;1.05;0.0
294.0;79.69642857142857;1.5999999999999999;0.0
