#auto generated file!
6.0;0.0;0.0;0.0
12.0;0.3392857142857143;0.0;0.0
18.0;4.75;0.0;0.0
24.0;7.571428571428571;0.0;0.0
30.0;6.625;0.0;0.0
36.0;10.375;0.0;0.0
42.0;12.303571428571429;0.0;0.0
48.0;13.035714285714286;0.0;0.0
54.0;13.857142857142858;0.0;0.0
60.0;13.160714285714286;0.0;0.0
66.0;12.017857142857142;0.0;0.0
72.0;9.232142857142858;0.0;0.0
78.0;6.392857142857143;0.0;0.0
84.0;7.821428571428571;0.0;0.0
90.0;8.160714285714286;0.0;0.0
96.0;10.625;0.0;0.0
102.0;11.232142857142858;0.0;0.0
108.0;12.214285714285714;0.0;0.0
114.0;14.5;0.0;0.0
120.0;11.321428571428571;0.0;0.0
126.0;6.375;0.0;0.0
132.0;5.839285714285714;0.0;0.0
138.0;4.142857142857143;0.0;0.0
144.0;4.160714285714286;0.0;0.0
150.0;2.5357142857142856;0.0;0.0
156.0;3.3214285714285716;0.0;0.0
162.0;4.75;0.0;0.0
168.0;7.142857142857143;0.0;0.0
174.0;8.035714285714286;0.0;0.0
180.0;7.392857142857143;0.0;0.0
186.0;8.517857142857142;0.0;0.0
192.0;6.464285714285714;0.0;0.0
198.0;7.607142857142857;0.0;0.0
204.0;6.678571428571429;0.0;0.0
210.0;6.232142857142857;0.0;0.0
216.0;7.196428571428571;0.0;0.0
222.0;9.160714285714286;0.0;0.0
228.0;10.875;0.0;0.0
234.0;9.821428571428571;0.0;0.0
240.0;9.357142857142858;0.0;0.0
246.0;12.303571428571429;0.0;0.0
252.0;11.803571428571429;0.0;0.0
258.0;9.553571428571429;0.0;0.0
264.0;11.964285714285714;0.0;0.0
270.0;12.75;0.0;0.0
276.0;9.571428571428571;0.0;0.0
282.0;9.714285714285714;0.0;0.0
288.0;10.482142857142858;0.0;0.0
294.0;9.410714285714286;0.0;0.0
