#auto generated file!
6.0;0.0;0.0;0.0
12.0;0.2857142857142857;0.65;0.0
18.0;0.8392857142857143;1.15;0.0
24.0;1.4642857142857142;0.9500000000000001;0.0
30.0;2.0892857142857144;3.6499999999999995;0.0
36.0;1.8035714285714286;3.3499999999999996;0.0
42.0;4.428571428571429;5.949999999999999;0.0
48.0;10.964285714285714;3.55;0.0
54.0;12.214285714285714;1.5;0.0
60.0;7.375;5.549999999999999;0.0
66.0;3.857142857142857;5.1;0.0
72.0;1.6428571428571428;3.45;0.0
78.0;1.0178571428571428;1.8;0.0
84.0;1.4107142857142858;5.1;0.0
90.0;1.2321428571428572;5.65;0.0
96.0;1.9464285714285714;2.95;0.0
102.0;4.232142857142857;3.75;0.0
108.0;5.553571428571429;3.5;0.0
114.0;10.428571428571429;3.5;0.0
120.0;6.464285714285714;1.3499999999999999;0.0
126.0;2.625;2.75;0.0
132.0;1.2321428571428572;1.15;0.0
138.0;1.0178571428571428;1.7;0.0
144.0;0.75;1.3;0.0
150.0;0.875;0.6;0.0
156.0;1.6964285714285714;1.35;0.0
162.0;2.017857142857143;0.8999999999999999;0.0
168.0;3.8392857142857144;0.9500000000000001;0.0
174.0;6.625;1.75;0.0
180.0;6.053571428571429;1.8499999999999999;0.0
186.0;4.0;1.9;0.0
192.0;4.75;1.85;0.0
198.0;4.785714285714286;2.55;0.0
204.0;3.7142857142857144;0.95;0.0
210.0;2.0892857142857144;1.25;0.0
216.0;1.8571428571428572;1.9;0.0
222.0;3.5714285714285716;1.65;0.0
228.0;4.267857142857143;4.05;0.0
234.0;6.178571428571429;1.9499999999999997;0.0
240.0;4.285714285714286;3.95;0.0
246.0;4.285714285714286;5.999999999999999;0.0
252.0;3.875;6.1;0.0
258.0;3.892857142857143;6.549999999999999;0.0
264.0;4.0;6.5;0.0
270.0;3.9642857142857144;3.0999999999999996;0.0
276.0;5.660714285714286;6.300000000000001;0.0
282.0;6.089285714285714;3.75;0.0
288.0;8.160714285714286;3.0;0.0
294.0;7.017857142857143;2.25;0.0
