#auto generated file!
6.0;0.0;0.0;0.0
12.0;0.44642857142857145;0.0;0.0
18.0;1.7678571428571428;0.5;0.0
24.0;3.1964285714285716;0.75;0.0
30.0;5.071428571428571;2.5;0.0
36.0;7.035714285714286;5.75;0.0
42.0;10.625;3.25;0.0
48.0;15.767857142857142;2.5;0.0
54.0;17.625;7.5;0.0
60.0;12.75;4.5;0.0
66.0;9.928571428571429;6.25;0.0
72.0;5.946428571428571;5.25;0.0
78.0;6.0;7.5;0.0
84.0;5.089285714285714;3.75;0.0
90.0;6.392857142857143;3.5;0.0
96.0;6.357142857142857;5.5;0.0
102.0;9.267857142857142;6.5;0.0
108.0;12.589285714285714;4.5;0.0
114.0;12.75;4.5;0.0
120.0;12.803571428571429;4.75;0.0
126.0;9.589285714285714;3.0;0.0
132.0;5.946428571428571;1.75;0.0
138.0;5.410714285714286;0.25;0.0
144.0;4.928571428571429;0.0;0.0
150.0;5.875;0.0;0.0
156.0;5.553571428571429;0.0;0.0
162.0;10.910714285714286;0.5;0.0
168.0;15.232142857142858;0.0;0.0
174.0;19.714285714285715;0.75;0.0
180.0;20.678571428571427;1.5;0.0
186.0;20.482142857142858;1.75;0.0
192.0;13.339285714285714;1.5;0.0
198.0;11.607142857142858;2.75;0.0
204.0;8.482142857142858;0.25;0.0
210.0;9.517857142857142;1.75;0.0
216.0;11.142857142857142;3.5;0.0
222.0;12.625;1.5;0.0
228.0;19.589285714285715;2.25;0.0
234.0;24.839285714285715;3.0;0.0
240.0;20.839285714285715;4.25;0.0
246.0;16.821428571428573;3.0;0.0
252.0;9.892857142857142;6.5;0.0
258.0;4.964285714285714;6.25;0.0
264.0;5.625;7.0;0.0
270.0;5.571428571428571;8.25;0.0
276.0;7.410714285714286;5.0;0.0
282.0;12.785714285714286;6.0;0.0
288.0;19.107142857142858;2.75;0.0
294.0;26.357142857142858;1.5;0.0
