#auto generated file!
6.0;0.0;0.0;0.0
12.0;0.7857142857142857;0.0;0.0
18.0;5.732142857142857;0.0;0.0
24.0;12.071428571428571;0.0;0.0
30.0;19.625;0.0;0.0
36.0;34.375;0.0;0.0
42.0;62.785714285714285;0.0;0.0
48.0;80.83928571428571;1.0999999999999999;0.0
54.0;95.82142857142857;5.15;0.0
60.0;97.76785714285714;1.4;0.0
66.0;79.94642857142857;0.75;0.0
72.0;76.46428571428571;3.0;0.0
78.0;71.66071428571429;0.0;0.0
84.0;60.089285714285715;0.0;0.0
90.0;51.69642857142857;0.0;0.0
96.0;51.642857142857146;0.0;0.0
102.0;58.94642857142857;0.0;0.0
108.0;77.5;0.0;0.0
114.0;79.46428571428571;1.3499999999999999;0.0
120.0;79.96428571428571;1.4000000000000001;0.0
126.0;71.03571428571429;0.15;0.0
132.0;46.82142857142857;0.0;0.0
138.0;27.928571428571427;0.0;0.0
144.0;10.696428571428571;0.0;0.0
150.0;8.071428571428571;0.0;0.0
156.0;12.553571428571429;0.0;0.0
162.0;13.214285714285714;0.0;0.0
168.0;24.178571428571427;0.0;0.0
174.0;38.660714285714285;0.0;0.0
180.0;48.125;0.0;0.0
186.0;56.285714285714285;0.0;0.0
192.0;58.535714285714285;0.0;0.0
198.0;63.892857142857146;0.0;0.0
204.0;57.392857142857146;0.0;0.0
210.0;44.94642857142857;0.0;0.0
216.0;34.517857142857146;0.0;0.0
222.0;31.107142857142858;0.0;0.0
228.0;50.30357142857143;0.0;0.0
234.0;67.10714285714286;0.0;0.0
240.0;74.21428571428571;0.0;0.0
246.0;77.82142857142857;0.0;0.0
252.0;79.08928571428571;0.0;0.0
258.0;78.375;0.0;0.0
264.0;79.5;2.4;0.0
270.0;78.55357142857143;0.75;0.0
276.0;78.16071428571429;1.05;0.0
282.0;79.73214285714286;0.0;0.0
288.0;78.23214285714286;0.9;0.0
294.0;78.01785714285714;0.15;0.0
