#auto generated file!
6.0;0.0;0.0;0.0
12.0;0.0;0.0;0.0
18.0;0.625;2.55;0.0
24.0;4.464285714285714;1.1;0.0
30.0;14.089285714285714;3.3;0.0
36.0;21.660714285714285;1.1;0.0
42.0;41.67857142857143;2.9000000000000004;0.0
48.0;71.64285714285714;1.4;0.0
54.0;32.285714285714285;3.0;0.0
60.0;7.035714285714286;1.4000000000000001;0.0
66.0;24.017857142857142;5.3;0.0
72.0;20.196428571428573;1.4;0.0
78.0;18.5;2.25;0.0
84.0;19.839285714285715;2.25;0.0
90.0;14.928571428571429;2.7999999999999994;0.0
96.0;17.625;3.1999999999999997;0.0
102.0;24.482142857142858;2.3;0.0
108.0;46.035714285714285;1.85;0.0
114.0;63.875;1.45;0.0
120.0;66.44642857142857;4.1;0.0
126.0;45.285714285714285;2.15;0.0
132.0;13.5;1.6500000000000001;0.0
138.0;4.928571428571429;1.55;0.0
144.0;5.142857142857143;1.35;0.0
150.0;4.0;0.6;0.0
156.0;6.214285714285714;0.3;0.0
162.0;9.267857142857142;0.8999999999999999;0.0
168.0;16.375;1.3;0.0
174.0;23.285714285714285;1.25;0.0
180.0;26.160714285714285;1.2000000000000002;0.0
186.0;21.446428571428573;0.4;0.0
192.0;18.767857142857142;2.95;0.0
198.0;16.946428571428573;1.25;0.0
204.0;12.428571428571429;0.7000000000000001;0.0
210.0;12.625;1.5499999999999998;0.0
216.0;17.285714285714285;1.8;0.0
222.0;19.660714285714285;1.5;0.0
228.0;31.035714285714285;2.55;0.0
234.0;36.92857142857143;2.4;0.0
240.0;28.428571428571427;2.85;0.0
246.0;26.089285714285715;2.9499999999999997;0.0
252.0;25.410714285714285;1.7;0.0
258.0;18.321428571428573;4.35;0.0
264.0;21.196428571428573;10.05;0.0
270.0;20.339285714285715;4.15;0.0
276.0;22.946428571428573;2.25;0.0
282.0;26.267857142857142;2.35;0.0
288.0;32.25;2.75;0.0
294.0;26.410714285714285;1.7999999999999998;0.0
