#auto generated file!
6.0;0.0;0.0;0.0
12.0;0.75;0.0;0.0
18.0;6.714285714285714;0.0;0.0
24.0;11.892857142857142;0.0;0.0
30.0;22.107142857142858;0.0;0.0
36.0;42.232142857142854;0.0;0.0
42.0;75.44642857142857;0.0;0.0
48.0;93.83928571428571;2.65;0.0
54.0;56.785714285714285;0.15;0.0
60.0;12.660714285714286;0.0;0.0
66.0;49.82142857142857;0.0;0.0
72.0;47.30357142857143;0.0;0.0
78.0;44.25;0.0;0.0
84.0;46.482142857142854;0.0;0.0
90.0;46.767857142857146;0.0;0.0
96.0;51.892857142857146;0.0;0.0
102.0;68.33928571428571;0.0;0.0
108.0;80.21428571428571;2.95;0.0
114.0;82.42857142857143;3.4499999999999993;0.0
120.0;79.46428571428571;1.8;0.0
126.0;78.125;0.0;0.0
132.0;59.107142857142854;0.0;0.0
138.0;32.767857142857146;0.0;0.0
144.0;13.392857142857142;0.0;0.0
150.0;9.714285714285714;0.0;0.0
156.0;15.857142857142858;0.0;0.0
162.0;17.857142857142858;0.0;0.0
168.0;31.696428571428573;0.0;0.0
174.0;53.625;0.0;0.0
180.0;78.03571428571429;0.0;0.0
186.0;79.89285714285714;0.7000000000000001;0.0
192.0;79.48214285714286;0.15;0.0
198.0;76.39285714285714;0.15;0.0
204.0;69.19642857142857;0.0;0.0
210.0;61.839285714285715;0.0;0.0
216.0;56.392857142857146;0.0;0.0
222.0;58.660714285714285;0.0;0.0
228.0;67.89285714285714;0.0;0.0
234.0;78.91071428571429;0.9;0.0
240.0;79.42857142857143;0.44999999999999996;0.0
246.0;79.96428571428571;0.9;0.0
252.0;79.60714285714286;1.7;0.0
258.0;78.25;1.5;0.0
264.0;79.73214285714286;0.44999999999999996;0.0
270.0;78.23214285714286;1.5;0.0
276.0;79.5;0.15;0.0
282.0;79.14285714285714;1.0;0.0
288.0;80.03571428571429;1.4499999999999997;0.0
294.0;78.39285714285714;0.15;0.0
