#auto generated file!
6.0;0.0;0.0;0.0
12.0;0.14285714285714285;0.0;0.0
18.0;2.4642857142857144;0.0;0.0
24.0;3.482142857142857;0.0;0.0
30.0;6.767857142857143;0.0;0.0
36.0;6.607142857142857;0.0;0.0
42.0;12.214285714285714;0.0;0.0
48.0;11.625;0.0;0.0
54.0;12.696428571428571;0.0;0.0
60.0;12.446428571428571;0.0;0.0
66.0;12.625;0.0;0.0
72.0;9.267857142857142;0.0;0.0
78.0;9.714285714285714;0.0;0.0
84.0;10.857142857142858;0.0;0.0
90.0;10.553571428571429;0.0;0.0
96.0;11.035714285714286;0.0;0.0
102.0;9.196428571428571;0.0;0.0
108.0;12.446428571428571;0.0;0.0
114.0;13.267857142857142;0.0;0.0
120.0;10.303571428571429;0.0;0.0
126.0;7.464285714285714;0.0;0.0
132.0;4.357142857142857;0.0;0.0
138.0;3.3392857142857144;0.0;0.0
144.0;2.4642857142857144;0.0;0.0
150.0;2.0535714285714284;0.0;0.0
156.0;3.8214285714285716;0.0;0.0
162.0;4.303571428571429;0.0;0.0
168.0;5.357142857142857;0.0;0.0
174.0;7.803571428571429;0.0;0.0
180.0;7.017857142857143;0.0;0.0
186.0;7.178571428571429;0.0;0.0
192.0;6.589285714285714;0.0;0.0
198.0;5.303571428571429;0.0;0.0
204.0;5.589285714285714;0.0;0.0
210.0;5.428571428571429;0.0;0.0
216.0;6.196428571428571;0.0;0.0
222.0;7.071428571428571;0.0;0.0
228.0;9.071428571428571;0.0;0.0
234.0;10.178571428571429;0.0;0.0
240.0;11.732142857142858;0.0;0.0
246.0;11.178571428571429;0.0;0.0
252.0;11.625;0.0;0.0
258.0;11.803571428571429;0.0;0.0
264.0;12.035714285714286;0.0;0.0
270.0;11.0;0.0;0.0
276.0;10.946428571428571;0.0;0.0
282.0;11.0;0.0;0.0
288.0;11.5;0.0;0.0
294.0;9.25;0.0;0.0
