#auto generated file!
6.0;0.0;0.0;0.0
12.0;0.3392857142857143;0.15;0.0
18.0;1.3928571428571428;1.7;0.0
24.0;4.142857142857143;2.75;0.0
30.0;19.5;6.85;0.0
36.0;34.642857142857146;2.75;0.0
42.0;72.92857142857143;7.35;0.0
48.0;102.5;4.6;0.0
54.0;102.58928571428571;1.6;0.0
60.0;100.21428571428571;4.3;0.0
66.0;99.94642857142857;2.65;0.0
72.0;91.625;1.05;0.0
78.0;87.875;7.05;0.0
84.0;70.83928571428571;7.05;0.0
90.0;61.285714285714285;6.15;0.0
96.0;53.125;7.3;0.0
102.0;76.16071428571429;4.05;0.0
108.0;103.23214285714286;7.55;0.0
114.0;102.48214285714286;7.75;0.0
120.0;102.03571428571429;5.9;0.0
126.0;98.26785714285714;5.75;0.0
132.0;89.76785714285714;0.25;0.0
138.0;74.16071428571429;1.75;0.0
144.0;41.82142857142857;1.2;0.0
150.0;16.053571428571427;0.75;0.0
156.0;18.25;1.05;0.0
162.0;28.482142857142858;2.0500000000000003;0.0
168.0;46.232142857142854;2.4000000000000004;0.0
174.0;82.67857142857143;2.7;0.0
180.0;100.21428571428571;3.2;0.0
186.0;98.875;2.3499999999999996;0.0
192.0;96.89285714285714;2.75;0.0
198.0;98.41071428571429;3.3;0.0
204.0;96.375;2.0;0.0
210.0;85.42857142857143;1.5;0.0
216.0;68.69642857142857;1.65;0.0
222.0;64.21428571428571;3.3;0.0
228.0;72.32142857142857;4.05;0.0
234.0;82.42857142857143;2.4;0.0
240.0;95.08928571428571;5.65;0.0
246.0;99.39285714285714;6.1499999999999995;0.0
252.0;91.41071428571429;7.55;0.0
258.0;88.58928571428571;12.350000000000001;0.0
264.0;82.0;8.05;0.0
270.0;74.83928571428571;4.75;0.0
276.0;86.57142857142857;3.15;0.0
282.0;93.42857142857143;5.05;0.0
288.0;81.83928571428571;9.15;0.0
294.0;69.19642857142857;2.4;0.0
