#auto generated file!
6.0;0.0;0.0;0.0
12.0;0.5535714285714286;0.0;0.0
18.0;2.2142857142857144;0.0;0.0
24.0;7.446428571428571;0.0;0.0
30.0;11.446428571428571;0.0;0.0
36.0;18.339285714285715;0.0;0.0
42.0;26.857142857142858;0.0;0.0
48.0;24.017857142857142;0.0;0.0
54.0;30.464285714285715;0.0;0.0
60.0;29.303571428571427;0.0;0.0
66.0;26.517857142857142;0.0;0.0
72.0;20.357142857142858;0.0;0.0
78.0;16.660714285714285;0.0;0.0
84.0;17.035714285714285;0.0;0.0
90.0;13.928571428571429;0.0;0.0
96.0;13.5;0.0;0.0
102.0;16.821428571428573;0.0;0.0
108.0;23.267857142857142;0.0;0.0
114.0;24.5;0.0;0.0
120.0;24.553571428571427;0.0;0.0
126.0;16.339285714285715;0.0;0.0
132.0;9.803571428571429;0.0;0.0
138.0;7.285714285714286;0.0;0.0
144.0;6.392857142857143;0.0;0.0
150.0;4.232142857142857;0.0;0.0
156.0;5.625;0.0;0.0
162.0;8.321428571428571;0.0;0.0
168.0;11.339285714285714;0.0;0.0
174.0;15.125;0.0;0.0
180.0;15.446428571428571;0.0;0.0
186.0;14.214285714285714;0.0;0.0
192.0;13.196428571428571;0.0;0.0
198.0;11.964285714285714;0.0;0.0
204.0;10.357142857142858;0.0;0.0
210.0;10.589285714285714;0.0;0.0
216.0;12.910714285714286;0.0;0.0
222.0;12.464285714285714;0.0;0.0
228.0;18.910714285714285;0.0;0.0
234.0;23.714285714285715;0.0;0.0
240.0;23.321428571428573;0.0;0.0
246.0;16.178571428571427;0.0;0.0
252.0;20.642857142857142;0.0;0.0
258.0;21.821428571428573;0.0;0.0
264.0;23.160714285714285;0.0;0.0
270.0;20.5;0.0;0.0
276.0;21.482142857142858;0.0;0.0
282.0;21.839285714285715;0.0;0.0
288.0;18.5;0.0;0.0
294.0;16.25;0.0;0.0
