#auto generated file!
6.0;0.0;0.0;0.0
12.0;0.07142857142857142;0.0;0.0
18.0;0.8392857142857143;0.4;0.0
24.0;0.9642857142857143;0.9;0.0
30.0;1.2678571428571428;0.9500000000000001;0.0
36.0;1.875;1.6;0.0
42.0;1.9821428571428572;3.2499999999999996;0.0
48.0;2.0;3.25;0.0
54.0;1.7857142857142858;2.85;0.0
60.0;1.4464285714285714;3.6999999999999997;0.0
66.0;1.0178571428571428;2.7;0.0
72.0;0.7857142857142857;1.05;0.0
78.0;0.875;2.55;0.0
84.0;0.7678571428571429;1.35;0.0
90.0;0.875;1.45;0.0
96.0;1.1071428571428572;1.55;0.0
102.0;1.1428571428571428;2.05;0.0
108.0;1.5892857142857142;2.4499999999999997;0.0
114.0;1.9642857142857142;3.9499999999999997;0.0
120.0;1.4642857142857142;1.6999999999999997;0.0
126.0;0.9285714285714286;0.9;0.0
132.0;0.9107142857142857;0.4;0.0
138.0;0.9107142857142857;1.2000000000000002;0.0
144.0;0.5178571428571429;0.8999999999999999;0.0
150.0;0.5714285714285714;0.8999999999999999;0.0
156.0;0.6428571428571429;0.44999999999999996;0.0
162.0;0.8035714285714286;0.9;0.0
168.0;1.3928571428571428;0.3;0.0
174.0;1.2678571428571428;0.85;0.0
180.0;1.1785714285714286;1.5;0.0
186.0;0.8214285714285714;1.3;0.0
192.0;0.9285714285714286;2.6;0.0
198.0;0.5714285714285714;1.1;0.0
204.0;0.8035714285714286;0.55;0.0
210.0;0.5892857142857143;1.0;0.0
216.0;0.8214285714285714;1.35;0.0
222.0;0.9821428571428571;3.3;0.0
228.0;1.2857142857142858;2.4;0.0
234.0;0.8214285714285714;3.9;0.0
240.0;0.8035714285714286;2.3999999999999995;0.0
246.0;1.0;1.25;0.0
252.0;0.8035714285714286;2.75;0.0
258.0;0.6428571428571429;1.7999999999999998;0.0
264.0;1.2678571428571428;5.75;0.0
270.0;1.1071428571428572;1.9;0.0
276.0;1.25;3.1;0.0
282.0;1.3392857142857142;1.9499999999999997;0.0
288.0;2.0535714285714284;2.4999999999999996;0.0
294.0;2.2857142857142856;1.65;0.0
