#auto generated file!
6.0;0.0;0.0;0.0
12.0;0.5357142857142857;0.0;0.0
18.0;9.107142857142858;0.0;0.0
24.0;12.25;0.0;0.0
30.0;23.053571428571427;0.0;0.0
36.0;46.80357142857143;0.0;0.0
42.0;79.85714285714286;3.6500000000000004;0.0
48.0;80.23214285714286;0.65;0.0
54.0;79.73214285714286;0.6;0.0
60.0;80.60714285714286;0.45;0.0
66.0;79.60714285714286;0.15;0.0
72.0;80.26785714285714;0.3;0.0
78.0;77.10714285714286;0.9;0.0
84.0;60.839285714285715;0.0;0.0
90.0;51.892857142857146;0.0;0.0
96.0;55.07142857142857;0.75;0.0
102.0;79.98214285714286;0.3;0.0
108.0;79.42857142857143;1.55;0.0
114.0;79.80357142857143;4.2;0.0
120.0;79.53571428571429;1.4500000000000002;0.0
126.0;78.05357142857143;0.6;0.0
132.0;67.19642857142857;1.05;0.0
138.0;53.0;0.15;0.0
144.0;32.30357142857143;0.15;0.0
150.0;13.160714285714286;0.0;0.0
156.0;13.375;0.0;0.0
162.0;19.035714285714285;0.0;0.0
168.0;41.017857142857146;0.15;0.0
174.0;59.625;0.0;0.0
180.0;79.67857142857143;1.55;0.0
186.0;79.96428571428571;0.7;0.0
192.0;79.78571428571429;0.65;0.0
198.0;79.07142857142857;0.55;0.0
204.0;77.625;0.9;0.0
210.0;72.23214285714286;0.0;0.0
216.0;65.91071428571429;0.0;0.0
222.0;77.23214285714286;0.0;0.0
228.0;79.96428571428571;2.25;0.0
234.0;78.89285714285714;1.0499999999999998;0.0
240.0;79.94642857142857;0.75;0.0
246.0;79.76785714285714;1.7999999999999998;0.0
252.0;78.07142857142857;0.44999999999999996;0.0
258.0;79.75;2.05;0.0
264.0;79.53571428571429;2.3;0.0
270.0;79.16071428571429;0.9;0.0
276.0;78.80357142857143;0.9;0.0
282.0;80.0;0.9;0.0
288.0;80.25;1.35;0.0
294.0;79.14285714285714;0.3;0.0
