#auto generated file!
6.0;0.0;0.0;0.0
12.0;0.0;0.0;0.0
18.0;4.285714285714286;0.0;0.0
24.0;9.910714285714286;0.0;0.0
30.0;15.803571428571429;0.0;0.0
36.0;19.821428571428573;0.0;0.0
42.0;28.928571428571427;0.0;0.0
48.0;31.875;0.0;0.0
54.0;37.232142857142854;0.0;0.0
60.0;53.035714285714285;0.0;0.0
66.0;55.17857142857143;0.0;0.0
72.0;61.875;0.0;0.0
78.0;61.339285714285715;0.0;0.0
84.0;55.714285714285715;0.0;0.0
90.0;45.535714285714285;0.0;0.0
96.0;38.57142857142857;0.0;0.0
102.0;32.67857142857143;0.0;0.0
108.0;28.928571428571427;0.0;0.0
114.0;18.482142857142858;0.0;0.0
120.0;9.642857142857142;0.0;0.0
126.0;6.696428571428571;0.0;0.0
132.0;2.9464285714285716;0.0;0.0
138.0;0.8035714285714286;0.0;0.0
144.0;0.26785714285714285;0.0;0.0
150.0;0.0;0.0;0.0
156.0;0.0;0.0;0.0
162.0;0.0;0.0;0.0
168.0;0.0;0.0;0.0
174.0;0.0;0.0;0.0
180.0;0.0;0.0;0.0
186.0;0.0;0.0;0.0
192.0;0.0;0.0;0.0
198.0;3.2142857142857144;0.0;0.0
204.0;7.232142857142857;0.0;0.0
210.0;9.910714285714286;0.0;0.0
216.0;20.625;0.0;0.0
222.0;26.517857142857142;0.0;0.0
228.0;31.071428571428573;0.0;0.0
234.0;34.285714285714285;0.0;0.0
240.0;41.785714285714285;0.0;0.0
246.0;55.17857142857143;0.0;0.0
252.0;56.517857142857146;0.0;0.0
258.0;66.69642857142857;0.0;0.0
264.0;60.267857142857146;0.0;0.0
270.0;46.339285714285715;0.0;0.0
276.0;37.5;0.0;0.0
282.0;27.857142857142858;0.0;0.0
288.0;23.035714285714285;0.0;0.0
294.0;19.821428571428573;0.0;0.0
