#auto generated file!
6.0;0.0;0.0;0.0
12.0;0.9464285714285714;0.0;0.0
18.0;6.982142857142857;0.0;0.0
24.0;13.928571428571429;0.0;0.0
30.0;23.821428571428573;0.0;0.0
36.0;40.482142857142854;0.0;0.0
42.0;79.89285714285714;1.5999999999999999;0.0
48.0;80.08928571428571;3.3;0.0
54.0;80.14285714285714;0.95;0.0
60.0;78.96428571428571;1.4499999999999997;0.0
66.0;79.375;0.3;0.0
72.0;78.58928571428571;2.4;0.0
78.0;75.89285714285714;0.9;0.0
84.0;76.03571428571429;0.3;0.0
90.0;66.66071428571429;0.0;0.0
96.0;66.48214285714286;0.0;0.0
102.0;79.83928571428571;1.4;0.0
108.0;79.48214285714286;2.1;0.0
114.0;79.58928571428571;0.75;0.0
120.0;80.07142857142857;0.15;0.0
126.0;79.42857142857143;1.05;0.0
132.0;67.46428571428571;0.3;0.0
138.0;50.5;0.15;0.0
144.0;21.767857142857142;0.0;0.0
150.0;11.714285714285714;0.15;0.0
156.0;13.821428571428571;0.15;0.0
162.0;16.321428571428573;0.15;0.0
168.0;32.357142857142854;0.15;0.0
174.0;60.75;0.0;0.0
180.0;80.80357142857143;2.7;0.0
186.0;79.875;0.85;0.0
192.0;79.53571428571429;0.0;0.0
198.0;79.69642857142857;0.9500000000000001;0.0
204.0;79.44642857142857;0.15;0.0
210.0;70.375;0.15;0.0
216.0;68.41071428571429;0.0;0.0
222.0;68.73214285714286;0.15;0.0
228.0;79.71428571428571;0.0;0.0
234.0;80.10714285714286;0.15;0.0
240.0;80.0;1.5;0.0
246.0;80.30357142857143;0.6;0.0
252.0;77.69642857142857;1.05;0.0
258.0;79.5;1.7999999999999998;0.0
264.0;79.58928571428571;0.3;0.0
270.0;79.71428571428571;0.15;0.0
276.0;80.125;0.85;0.0
282.0;78.80357142857143;0.3;0.0
288.0;79.78571428571429;1.65;0.0
294.0;77.875;0.15;0.0
