#auto generated file!
6.0;0.0;0.0;0.0
12.0;0.0;0.55;0.0
18.0;0.5178571428571429;2.5;0.0
24.0;7.035714285714286;3.05;0.0
30.0;17.071428571428573;1.4;0.0
36.0;37.357142857142854;5.65;0.0
42.0;36.785714285714285;3.3499999999999996;0.0
48.0;4.892857142857143;1.65;0.0
54.0;2.375;1.05;0.0
60.0;3.892857142857143;1.05;0.0
66.0;2.642857142857143;4.3500000000000005;0.0
72.0;16.910714285714285;1.7;0.0
78.0;26.142857142857142;2.6;0.0
84.0;26.25;3.3;0.0
90.0;25.964285714285715;4.45;0.0
96.0;32.785714285714285;4.55;0.0
102.0;40.714285714285715;1.4;0.0
108.0;68.85714285714286;1.6;0.0
114.0;109.26785714285714;1.05;0.0
120.0;137.82142857142858;1.1;0.0
126.0;140.71428571428572;1.5499999999999998;0.0
132.0;118.53571428571429;2.45;0.0
138.0;78.14285714285714;1.9500000000000002;0.0
144.0;28.571428571428573;0.6;0.0
150.0;11.178571428571429;0.75;0.0
156.0;10.803571428571429;1.8;0.0
162.0;13.125;1.25;0.0
168.0;23.285714285714285;1.9500000000000002;0.0
174.0;50.517857142857146;1.05;0.0
180.0;16.607142857142858;1.6;0.0
186.0;2.142857142857143;1.9;0.0
192.0;23.178571428571427;2.4000000000000004;0.0
198.0;47.44642857142857;1.4000000000000001;0.0
204.0;45.285714285714285;0.55;0.0
210.0;31.892857142857142;2.15;0.0
216.0;26.642857142857142;4.65;0.0
222.0;34.357142857142854;2.0999999999999996;0.0
228.0;48.5;2.1;0.0
234.0;70.875;2.85;0.0
240.0;77.58928571428571;4.5;0.0
246.0;78.375;1.0499999999999998;0.0
252.0;73.5;1.85;0.0
258.0;66.19642857142857;8.6;0.0
264.0;58.482142857142854;8.7;0.0
270.0;67.51785714285714;2.8;0.0
276.0;64.0;2.9;0.0
282.0;66.32142857142857;3.4499999999999997;0.0
288.0;73.48214285714286;2.05;0.0
294.0;82.21428571428571;2.0999999999999996;0.0
