#auto generated file!
6.0;0.0;0.0;0.0
12.0;0.0;0.2;0.0
18.0;0.0;1.4;0.0
24.0;0.5357142857142857;1.75;0.0
30.0;2.982142857142857;2.1;0.0
36.0;6.035714285714286;3.25;0.0
42.0;12.910714285714286;3.45;0.0
48.0;15.160714285714286;1.9;0.0
54.0;14.392857142857142;3.4999999999999996;0.0
60.0;9.839285714285714;0.7999999999999999;0.0
66.0;10.25;2.45;0.0
72.0;8.964285714285714;3.35;0.0
78.0;5.75;3.75;0.0
84.0;4.375;3.6;0.0
90.0;1.875;2.9999999999999996;0.0
96.0;4.571428571428571;1.65;0.0
102.0;6.964285714285714;2.3499999999999996;0.0
108.0;9.535714285714286;1.6500000000000001;0.0
114.0;10.107142857142858;3.35;0.0
120.0;8.214285714285714;3.1;0.0
126.0;3.5357142857142856;2.05;0.0
132.0;1.5714285714285714;1.0;0.0
138.0;1.2321428571428572;1.9500000000000002;0.0
144.0;0.6071428571428571;1.75;0.0
150.0;0.8035714285714286;0.6;0.0
156.0;1.3214285714285714;0.2;0.0
162.0;3.517857142857143;0.6;0.0
168.0;6.642857142857143;1.65;0.0
174.0;6.75;0.75;0.0
180.0;6.464285714285714;0.65;0.0
186.0;4.607142857142857;0.75;0.0
192.0;6.089285714285714;0.9000000000000001;0.0
198.0;3.75;1.5500000000000003;0.0
204.0;4.196428571428571;0.8;0.0
210.0;5.410714285714286;1.0499999999999998;0.0
216.0;4.714285714285714;3.6;0.0
222.0;8.053571428571429;1.35;0.0
228.0;11.214285714285714;1.3499999999999999;0.0
234.0;7.607142857142857;0.3;0.0
240.0;8.482142857142858;5.199999999999999;0.0
246.0;7.892857142857143;3.05;0.0
252.0;6.125;3.8;0.0
258.0;6.535714285714286;4.949999999999999;0.0
264.0;5.5;3.9499999999999997;0.0
270.0;5.232142857142857;4.95;0.0
276.0;5.125;1.8499999999999999;0.0
282.0;7.821428571428571;2.0999999999999996;0.0
288.0;8.696428571428571;0.75;0.0
294.0;8.625;2.6500000000000004;0.0
