#auto generated file!
6.0;0.0;0.0;0.0
12.0;0.44642857142857145;0.0;0.0
18.0;5.642857142857143;0.0;0.0
24.0;13.446428571428571;0.0;0.0
30.0;24.053571428571427;0.0;0.0
36.0;42.625;0.0;0.0
42.0;73.71428571428571;0.0;0.0
48.0;80.32142857142857;3.15;0.0
54.0;79.83928571428571;0.6;0.0
60.0;77.71428571428571;1.2;0.0
66.0;77.76785714285714;1.05;0.0
72.0;72.35714285714286;0.15;0.0
78.0;56.07142857142857;0.0;0.0
84.0;50.19642857142857;0.0;0.0
90.0;42.07142857142857;0.0;0.0
96.0;45.69642857142857;0.0;0.0
102.0;59.19642857142857;0.0;0.0
108.0;79.42857142857143;0.55;0.0
114.0;79.85714285714286;0.9;0.0
120.0;79.55357142857143;0.55;0.0
126.0;68.03571428571429;0.0;0.0
132.0;46.82142857142857;0.15;0.0
138.0;18.946428571428573;0.0;0.0
144.0;12.5;0.0;0.0
150.0;10.142857142857142;0.0;0.0
156.0;12.053571428571429;0.0;0.0
162.0;16.625;0.0;0.0
168.0;26.0;0.0;0.0
174.0;38.44642857142857;0.0;0.0
180.0;51.285714285714285;0.0;0.0
186.0;64.39285714285714;0.0;0.0
192.0;70.30357142857143;0.0;0.0
198.0;72.67857142857143;0.0;0.0
204.0;72.125;0.0;0.0
210.0;59.160714285714285;0.0;0.0
216.0;49.42857142857143;0.0;0.0
222.0;44.80357142857143;0.0;0.0
228.0;50.357142857142854;0.0;0.0
234.0;68.5;0.0;0.0
240.0;76.55357142857143;0.0;0.0
246.0;79.07142857142857;0.0;0.0
252.0;78.92857142857143;1.3;0.0
258.0;80.25;0.8;0.0
264.0;79.46428571428571;0.3;0.0
270.0;79.30357142857143;0.15;0.0
276.0;77.57142857142857;0.75;0.0
282.0;78.96428571428571;0.0;0.0
288.0;79.66071428571429;0.15;0.0
294.0;77.94642857142857;0.15;0.0
