#auto generated file!
6.0;0.0;0.0;0.0
12.0;0.4107142857142857;0.0;0.0
18.0;4.482142857142857;0.0;0.0
24.0;12.267857142857142;0.0;0.0
30.0;18.035714285714285;0.0;0.0
36.0;27.017857142857142;0.0;0.0
42.0;48.857142857142854;0.0;0.0
48.0;78.80357142857143;0.0;0.0
54.0;79.35714285714286;0.15;0.0
60.0;79.58928571428571;2.65;0.0
66.0;76.57142857142857;0.0;0.0
72.0;64.26785714285714;0.0;0.0
78.0;49.17857142857143;0.0;0.0
84.0;38.267857142857146;0.0;0.0
90.0;32.25;0.0;0.0
96.0;27.678571428571427;0.0;0.0
102.0;35.607142857142854;0.0;0.0
108.0;48.660714285714285;0.0;0.0
114.0;60.857142857142854;0.0;0.0
120.0;70.60714285714286;0.0;0.0
126.0;61.964285714285715;0.0;0.0
132.0;34.392857142857146;0.0;0.0
138.0;10.767857142857142;0.0;0.0
144.0;6.5;0.0;0.0
150.0;6.982142857142857;0.0;0.0
156.0;10.107142857142858;0.0;0.0
162.0;13.107142857142858;0.0;0.0
168.0;21.464285714285715;0.0;0.0
174.0;29.892857142857142;0.0;0.0
180.0;28.321428571428573;0.0;0.0
186.0;24.571428571428573;0.0;0.0
192.0;25.303571428571427;0.0;0.0
198.0;23.410714285714285;0.0;0.0
204.0;19.232142857142858;0.0;0.0
210.0;16.464285714285715;0.0;0.0
216.0;19.160714285714285;0.0;0.0
222.0;25.071428571428573;0.0;0.0
228.0;36.07142857142857;0.0;0.0
234.0;47.142857142857146;0.0;0.0
240.0;51.910714285714285;0.0;0.0
246.0;54.160714285714285;0.0;0.0
252.0;55.375;0.0;0.0
258.0;50.410714285714285;0.0;0.0
264.0;50.482142857142854;0.0;0.0
270.0;44.767857142857146;0.0;0.0
276.0;44.55357142857143;0.0;0.0
282.0;50.767857142857146;0.0;0.0
288.0;55.57142857142857;0.0;0.0
294.0;56.517857142857146;0.0;0.0
