#auto generated file!
6.0;0.0;0.0;0.0
12.0;0.5714285714285714;0.0;0.0
18.0;6.821428571428571;0.0;0.0
24.0;18.589285714285715;0.0;0.0
30.0;31.035714285714285;0.0;0.0
36.0;62.07142857142857;0.0;0.0
42.0;85.82142857142857;3.1000000000000005;0.0
48.0;69.08928571428571;1.95;0.0
54.0;18.857142857142858;0.15;0.0
60.0;4.875;0.0;0.0
66.0;2.375;0.0;0.0
72.0;24.214285714285715;0.0;0.0
78.0;47.589285714285715;0.0;0.0
84.0;62.410714285714285;0.0;0.0
90.0;65.30357142857143;0.0;0.0
96.0;79.67857142857143;0.0;0.0
102.0;80.80357142857143;1.7;0.0
108.0;99.46428571428571;2.9;0.0
114.0;124.82142857142857;1.55;0.0
120.0;128.71428571428572;1.7000000000000002;0.0
126.0;114.60714285714286;2.5999999999999996;0.0
132.0;88.60714285714286;1.7;0.0
138.0;74.08928571428571;0.0;0.0
144.0;52.160714285714285;0.0;0.0
150.0;28.464285714285715;0.0;0.0
156.0;19.625;0.0;0.0
162.0;29.982142857142858;0.0;0.0
168.0;57.982142857142854;0.0;0.0
174.0;24.517857142857142;0.0;0.0
180.0;2.5535714285714284;0.0;0.0
186.0;2.0357142857142856;0.0;0.0
192.0;2.017857142857143;0.0;0.0
198.0;2.517857142857143;0.0;0.0
204.0;43.035714285714285;0.0;0.0
210.0;58.607142857142854;0.0;0.0
216.0;64.83928571428571;0.0;0.0
222.0;80.33928571428571;0.39999999999999997;0.0
228.0;80.71428571428571;1.1;0.0
234.0;88.33928571428571;2.8499999999999996;0.0
240.0;89.92857142857143;3.8499999999999996;0.0
246.0;94.30357142857143;3.65;0.0
252.0;86.32142857142857;6.05;0.0
258.0;90.94642857142857;2.6999999999999997;0.0
264.0;91.46428571428571;5.8999999999999995;0.0
270.0;80.21428571428571;2.65;0.0
276.0;79.78571428571429;3.8;0.0
282.0;81.08928571428571;2.7;0.0
288.0;86.875;1.4999999999999998;0.0
294.0;96.30357142857143;1.05;0.0
