#auto generated file!
6.0;0.0;0.0;0.0
12.0;0.5357142857142857;0.0;0.0
18.0;2.2857142857142856;0.0;0.0
24.0;9.214285714285714;0.0;0.0
30.0;12.607142857142858;0.0;0.0
36.0;17.678571428571427;0.0;0.0
42.0;23.785714285714285;0.0;0.0
48.0;30.785714285714285;0.0;0.0
54.0;33.69642857142857;0.0;0.0
60.0;27.964285714285715;0.0;0.0
66.0;22.071428571428573;0.0;0.0
72.0;17.0;0.0;0.0
78.0;18.803571428571427;0.0;0.0
84.0;15.875;0.0;0.0
90.0;18.571428571428573;0.0;0.0
96.0;16.035714285714285;0.0;0.0
102.0;21.178571428571427;0.0;0.0
108.0;26.678571428571427;0.0;0.0
114.0;24.625;0.0;0.0
120.0;21.482142857142858;0.0;0.0
126.0;14.232142857142858;0.0;0.0
132.0;7.910714285714286;0.0;0.0
138.0;7.625;0.0;0.0
144.0;5.285714285714286;0.0;0.0
150.0;4.642857142857143;0.0;0.0
156.0;6.285714285714286;0.0;0.0
162.0;9.607142857142858;0.0;0.0
168.0;12.517857142857142;0.0;0.0
174.0;17.410714285714285;0.0;0.0
180.0;14.232142857142858;0.0;0.0
186.0;12.821428571428571;0.0;0.0
192.0;11.803571428571429;0.0;0.0
198.0;11.321428571428571;0.0;0.0
204.0;13.178571428571429;0.0;0.0
210.0;13.75;0.0;0.0
216.0;11.910714285714286;0.0;0.0
222.0;14.285714285714286;0.0;0.0
228.0;16.714285714285715;0.0;0.0
234.0;20.857142857142858;0.0;0.0
240.0;18.875;0.0;0.0
246.0;24.964285714285715;0.0;0.0
252.0;22.803571428571427;0.0;0.0
258.0;24.517857142857142;0.0;0.0
264.0;23.642857142857142;0.0;0.0
270.0;20.696428571428573;0.0;0.0
276.0;19.267857142857142;0.0;0.0
282.0;21.035714285714285;0.0;0.0
288.0;21.767857142857142;0.0;0.0
294.0;19.446428571428573;0.0;0.0
