#auto generated file!
6.0;0.0;0.0;0.0
12.0;1.5;0.0;0.0
18.0;10.089285714285714;0.0;0.0
24.0;22.428571428571427;0.0;0.0
30.0;51.625;0.0;0.0
36.0;79.33928571428571;7.5;0.0
42.0;79.55357142857143;2.3499999999999996;0.0
48.0;50.142857142857146;0.44999999999999996;0.0
54.0;13.892857142857142;1.05;0.0
60.0;5.767857142857143;0.0;0.0
66.0;5.160714285714286;0.0;0.0
72.0;25.178571428571427;0.0;0.0
78.0;46.339285714285715;0.0;0.0
84.0;71.55357142857143;0.0;0.0
90.0;79.125;0.0;0.0
96.0;80.10714285714286;3.5999999999999996;0.0
102.0;79.89285714285714;2.15;0.0
108.0;79.91071428571429;0.44999999999999996;0.0
114.0;80.08928571428571;0.6;0.0
120.0;80.375;1.85;0.0
126.0;78.76785714285714;1.7;0.0
132.0;75.39285714285714;1.05;0.0
138.0;67.5;0.0;0.0
144.0;47.5;0.15;0.0
150.0;28.803571428571427;0.0;0.0
156.0;23.428571428571427;0.15;0.0
162.0;31.339285714285715;0.15;0.0
168.0;60.05357142857143;0.15;0.0
174.0;35.17857142857143;0.0;0.0
180.0;6.303571428571429;0.0;0.0
186.0;2.5357142857142856;0.0;0.0
192.0;2.3035714285714284;0.0;0.0
198.0;2.2857142857142856;0.0;0.0
204.0;3.017857142857143;0.0;0.0
210.0;3.732142857142857;0.0;0.0
216.0;41.80357142857143;0.0;0.0
222.0;74.98214285714286;0.0;0.0
228.0;79.76785714285714;2.25;0.0
234.0;80.14285714285714;1.1999999999999997;0.0
240.0;79.58928571428571;2.25;0.0
246.0;79.98214285714286;0.44999999999999996;0.0
252.0;80.125;2.4;0.0
258.0;79.96428571428571;0.7000000000000001;0.0
264.0;79.39285714285714;3.7;0.0
270.0;79.78571428571429;0.75;0.0
276.0;80.19642857142857;0.3;0.0
282.0;80.03571428571429;1.75;0.0
288.0;79.46428571428571;1.35;0.0
294.0;80.01785714285714;0.3;0.0
