#auto generated file!
6.0;0.0;0.0;0.0
12.0;0.625;0.0;0.0
18.0;6.357142857142857;0.0;0.0
24.0;10.178571428571429;0.0;0.0
30.0;15.428571428571429;0.0;0.0
36.0;30.446428571428573;0.0;0.0
42.0;45.25;0.0;0.0
48.0;79.64285714285714;0.0;0.0
54.0;79.35714285714286;1.35;0.0
60.0;79.94642857142857;0.95;0.0
66.0;76.25;0.0;0.0
72.0;54.69642857142857;0.0;0.0
78.0;41.05357142857143;0.0;0.0
84.0;31.714285714285715;0.0;0.0
90.0;23.410714285714285;0.0;0.0
96.0;28.5;0.0;0.0
102.0;35.5;0.0;0.0
108.0;48.0;0.0;0.0
114.0;72.89285714285714;0.0;0.0
120.0;79.78571428571429;0.25;0.0
126.0;70.85714285714286;0.0;0.0
132.0;42.94642857142857;0.0;0.0
138.0;17.267857142857142;0.0;0.0
144.0;9.071428571428571;0.0;0.0
150.0;10.357142857142858;0.0;0.0
156.0;12.678571428571429;0.0;0.0
162.0;17.232142857142858;0.0;0.0
168.0;23.339285714285715;0.0;0.0
174.0;31.071428571428573;0.0;0.0
180.0;39.017857142857146;0.0;0.0
186.0;36.714285714285715;0.0;0.0
192.0;32.232142857142854;0.0;0.0
198.0;24.357142857142858;0.0;0.0
204.0;23.428571428571427;0.0;0.0
210.0;23.553571428571427;0.0;0.0
216.0;21.928571428571427;0.0;0.0
222.0;27.982142857142858;0.0;0.0
228.0;34.75;0.0;0.0
234.0;45.25;0.0;0.0
240.0;43.75;0.0;0.0
246.0;41.875;0.0;0.0
252.0;39.535714285714285;0.0;0.0
258.0;39.589285714285715;0.0;0.0
264.0;55.07142857142857;0.0;0.0
270.0;60.05357142857143;0.0;0.0
276.0;53.982142857142854;0.0;0.0
282.0;54.80357142857143;0.0;0.0
288.0;60.375;0.0;0.0
294.0;57.32142857142857;0.0;0.0
