#auto generated file!
6.0;0.0;0.0;0.0
12.0;0.0;1.5;0.0
18.0;2.4107142857142856;19.5;0.0
24.0;18.75;46.5;0.0
30.0;52.5;87.0;0.0
36.0;73.125;109.5;0.0
42.0;64.28571428571429;114.75;0.0
48.0;94.28571428571429;111.0;0.0
54.0;133.125;123.0;0.0
60.0;148.125;117.75;0.0
66.0;210.0;135.0;0.0
72.0;154.01785714285714;136.5;0.0
78.0;103.92857142857143;114.75;0.0
84.0;125.89285714285714;132.75;0.0
90.0;190.17857142857142;171.0;0.0
96.0;148.92857142857142;144.0;0.0
102.0;135.53571428571428;123.75;0.0
108.0;93.21428571428571;120.75;0.0
114.0;78.21428571428571;115.5;0.0
120.0;51.160714285714285;103.5;0.0
126.0;34.017857142857146;86.25;0.0
132.0;13.928571428571429;26.25;0.0
138.0;4.821428571428571;0.0;0.0
144.0;0.8035714285714286;0.0;0.0
150.0;0.0;0.0;0.0
156.0;0.0;0.0;0.0
162.0;0.0;0.0;0.0
168.0;0.0;0.0;0.0
174.0;0.0;0.0;0.0
180.0;0.0;0.0;0.0
186.0;0.0;0.0;0.0
192.0;0.0;3.0;0.0
198.0;2.4107142857142856;9.0;0.0
204.0;27.857142857142858;13.5;0.0
210.0;76.60714285714286;59.25;0.0
216.0;112.76785714285714;120.0;0.0
222.0;120.80357142857143;117.0;0.0
228.0;133.66071428571428;129.0;0.0
234.0;138.21428571428572;136.5;0.0
240.0;212.94642857142858;139.5;0.0
246.0;153.21428571428572;150.0;0.0
252.0;135.0;100.5;0.0
258.0;98.57142857142857;129.75;0.0
264.0;84.10714285714286;138.75;0.0
270.0;81.16071428571429;119.25;0.0
276.0;105.26785714285714;101.25;0.0
282.0;156.69642857142858;131.25;0.0
288.0;132.05357142857142;111.0;0.0
294.0;110.35714285714286;117.0;0.0
