#auto generated file!
6.0;0.0;0.0;0.0
12.0;0.25;1.0;0.0
18.0;3.142857142857143;0.6000000000000001;0.0
24.0;9.732142857142858;0.3;0.0
30.0;15.410714285714286;0.0;0.0
36.0;29.375;0.15;0.0
42.0;55.089285714285715;0.55;0.0
48.0;85.07142857142857;3.9;0.0
54.0;94.19642857142857;6.5;0.0
60.0;90.14285714285714;2.8;0.0
66.0;76.60714285714286;6.0;0.0
72.0;70.35714285714286;1.2;0.0
78.0;50.32142857142857;0.75;0.0
84.0;41.05357142857143;0.0;0.0
90.0;32.25;0.9;0.0
96.0;30.339285714285715;0.15;0.0
102.0;41.857142857142854;1.2999999999999998;0.0
108.0;59.17857142857143;0.15;0.0
114.0;82.16071428571429;0.15;0.0
120.0;81.39285714285714;2.15;0.0
126.0;70.03571428571429;0.75;0.0
132.0;45.017857142857146;0.0;0.0
138.0;23.142857142857142;0.8;0.0
144.0;10.410714285714286;1.0;0.0
150.0;6.375;0.0;0.0
156.0;5.660714285714286;0.15;0.0
162.0;10.339285714285714;0.15;0.0
168.0;19.017857142857142;0.15;0.0
174.0;33.517857142857146;0.15;0.0
180.0;41.017857142857146;0.45;0.0
186.0;42.839285714285715;0.25;0.0
192.0;45.339285714285715;0.0;0.0
198.0;47.017857142857146;0.5;0.0
204.0;45.82142857142857;0.6;0.0
210.0;38.732142857142854;0.25;0.0
216.0;40.160714285714285;0.15;0.0
222.0;39.035714285714285;0.44999999999999996;0.0
228.0;47.642857142857146;0.15;0.0
234.0;54.57142857142857;0.15;0.0
240.0;60.375;1.2;0.0
246.0;57.017857142857146;0.55;0.0
252.0;53.107142857142854;0.25;0.0
258.0;58.392857142857146;1.5;0.0
264.0;59.839285714285715;1.15;0.0
270.0;63.017857142857146;0.4;0.0
276.0;57.75;2.4;0.0
282.0;63.44642857142857;0.25;0.0
288.0;61.5;0.9;0.0
294.0;64.91071428571429;0.0;0.0
