#auto generated file!
6.0;0.0;0.0;0.0
12.0;0.0;0.75;0.0
18.0;0.0;5.25;0.0
24.0;0.0;4.5;0.0
30.0;0.5357142857142857;14.25;0.0
36.0;1.0714285714285714;18.75;0.0
42.0;7.767857142857143;36.75;0.0
48.0;12.321428571428571;40.5;0.0
54.0;20.089285714285715;53.25;0.0
60.0;23.571428571428573;87.0;0.0
66.0;28.125;116.25;0.0
72.0;29.732142857142858;135.75;0.0
78.0;27.321428571428573;115.5;0.0
84.0;24.375;113.25;0.0
90.0;12.053571428571429;106.5;0.0
96.0;13.928571428571429;88.5;0.0
102.0;9.642857142857142;80.25;0.0
108.0;7.767857142857143;54.0;0.0
114.0;4.285714285714286;27.0;0.0
120.0;2.9464285714285716;9.75;0.0
126.0;0.5357142857142857;4.5;0.0
132.0;0.26785714285714285;1.5;0.0
138.0;0.0;0.0;0.0
144.0;0.0;0.0;0.0
150.0;0.0;0.0;0.0
156.0;0.0;0.0;0.0
162.0;0.0;0.0;0.0
168.0;0.0;0.0;0.0
174.0;0.0;0.0;0.0
180.0;0.0;0.0;0.0
186.0;0.0;0.0;0.0
192.0;0.0;0.0;0.0
198.0;0.0;3.75;0.0
204.0;0.0;3.0;0.0
210.0;1.6071428571428572;8.25;0.0
216.0;4.553571428571429;9.75;0.0
222.0;8.303571428571429;17.25;0.0
228.0;15.535714285714286;12.0;0.0
234.0;17.678571428571427;43.5;0.0
240.0;26.25;75.75;0.0
246.0;42.05357142857143;96.0;0.0
252.0;31.339285714285715;104.25;0.0
258.0;31.071428571428573;119.25;0.0
264.0;30.803571428571427;107.25;0.0
270.0;16.875;99.0;0.0
276.0;13.392857142857142;81.0;0.0
282.0;16.875;59.25;0.0
288.0;10.714285714285714;34.5;0.0
294.0;4.017857142857143;13.5;0.0
