#auto generated file!
6.0;0.0;0.0;0.0
12.0;0.0;0.0;0.0
18.0;1.1607142857142858;0.55;0.0
24.0;1.2678571428571428;3.9;0.0
30.0;2.1964285714285716;13.1;0.0
36.0;13.089285714285714;5.25;0.0
42.0;19.535714285714285;2.4;0.0
48.0;27.5;3.5999999999999996;0.0
54.0;31.821428571428573;2.6500000000000004;0.0
60.0;22.017857142857142;7.75;0.0
66.0;13.946428571428571;4.95;0.0
72.0;5.553571428571429;6.15;0.0
78.0;4.25;5.749999999999999;0.0
84.0;3.732142857142857;4.35;0.0
90.0;3.767857142857143;5.6;0.0
96.0;4.357142857142857;8.9;0.0
102.0;11.660714285714286;3.4499999999999997;0.0
108.0;16.75;7.8999999999999995;0.0
114.0;24.803571428571427;1.05;0.0
120.0;22.803571428571427;2.15;0.0
126.0;13.392857142857142;2.4;0.0
132.0;3.9107142857142856;3.4999999999999996;0.0
138.0;1.8035714285714286;2.35;0.0
144.0;1.5535714285714286;1.2;0.0
150.0;1.375;0.6;0.0
156.0;3.2857142857142856;1.0499999999999998;0.0
162.0;5.607142857142857;0.8999999999999999;0.0
168.0;10.857142857142858;1.85;0.0
174.0;19.053571428571427;1.15;0.0
180.0;23.410714285714285;2.35;0.0
186.0;20.392857142857142;2.0;0.0
192.0;15.678571428571429;2.4499999999999997;0.0
198.0;7.75;4.05;0.0
204.0;7.75;2.65;0.0
210.0;5.0;1.75;0.0
216.0;5.839285714285714;2.65;0.0
222.0;8.160714285714286;4.55;0.0
228.0;11.660714285714286;6.1499999999999995;0.0
234.0;14.910714285714286;2.85;0.0
240.0;13.357142857142858;6.1499999999999995;0.0
246.0;10.25;7.3;0.0
252.0;8.857142857142858;5.75;0.0
258.0;9.571428571428571;7.199999999999999;0.0
264.0;10.178571428571429;3.9;0.0
270.0;9.303571428571429;7.949999999999999;0.0
276.0;11.803571428571429;8.399999999999999;0.0
282.0;13.767857142857142;4.85;0.0
288.0;17.285714285714285;4.1499999999999995;0.0
294.0;22.875;4.35;0.0
