#auto generated file!
6.0;0.0;0.0;0.0
12.0;0.0;0.15;0.0
18.0;1.7142857142857142;2.4000000000000004;0.0
24.0;10.482142857142858;2.0;0.0
30.0;24.214285714285715;3.25;0.0
36.0;47.660714285714285;2.0500000000000003;0.0
42.0;57.589285714285715;1.7500000000000002;0.0
48.0;10.321428571428571;1.25;0.0
54.0;4.196428571428571;3.7;0.0
60.0;3.4285714285714284;2.3;0.0
66.0;2.6785714285714284;1.4;0.0
72.0;17.732142857142858;3.0500000000000003;0.0
78.0;29.410714285714285;4.199999999999999;0.0
84.0;30.642857142857142;3.8;0.0
90.0;25.392857142857142;3.0999999999999996;0.0
96.0;30.839285714285715;3.95;0.0
102.0;56.55357142857143;2.3000000000000003;0.0
108.0;89.10714285714286;4.6499999999999995;0.0
114.0;60.94642857142857;1.7;0.0
120.0;12.642857142857142;2.15;0.0
126.0;41.017857142857146;2.55;0.0
132.0;18.875;1.3;0.0
138.0;12.517857142857142;0.7;0.0
144.0;10.428571428571429;0.8999999999999999;0.0
150.0;8.625;0.9;0.0
156.0;9.071428571428571;1.9499999999999997;0.0
162.0;17.089285714285715;0.75;0.0
168.0;35.232142857142854;1.3;0.0
174.0;9.339285714285714;1.5999999999999999;0.0
180.0;2.6785714285714284;1.3;0.0
186.0;2.3035714285714284;2.5;0.0
192.0;1.75;1.3;0.0
198.0;1.7678571428571428;0.7;0.0
204.0;32.57142857142857;1.1;0.0
210.0;39.714285714285715;0.44999999999999996;0.0
216.0;39.767857142857146;2.95;0.0
222.0;43.017857142857146;1.65;0.0
228.0;69.5;1.4;0.0
234.0;98.26785714285714;2.25;0.0
240.0;118.82142857142857;3.8;0.0
246.0;106.125;6.3;0.0
252.0;93.75;7.5;0.0
258.0;98.48214285714286;6.699999999999999;0.0
264.0;96.96428571428571;6.9;0.0
270.0;97.17857142857143;4.800000000000001;0.0
276.0;96.94642857142857;3.4;0.0
282.0;110.96428571428571;2.4;0.0
288.0;124.375;1.75;0.0
294.0;132.98214285714286;1.4000000000000001;0.0
