#auto generated file!
6.0;0.0;0.0;0.0
12.0;0.0;0.0;0.0
18.0;0.0;0.8;0.0
24.0;0.32142857142857145;0.75;0.0
30.0;0.3392857142857143;0.6;0.0
36.0;2.232142857142857;3.4499999999999997;0.0
42.0;2.2142857142857144;2.1;0.0
48.0;5.571428571428571;2.2;0.0
54.0;4.625;1.9499999999999997;0.0
60.0;3.4642857142857144;0.65;0.0
66.0;1.9642857142857142;1.0;0.0
72.0;2.0892857142857144;3.4499999999999997;0.0
78.0;1.0714285714285714;3.3499999999999996;0.0
84.0;1.3035714285714286;2.55;0.0
90.0;0.125;1.4;0.0
96.0;0.5535714285714286;1.05;0.0
102.0;2.517857142857143;2.9999999999999996;0.0
108.0;3.232142857142857;2.0;0.0
114.0;3.0;1.6;0.0
120.0;1.6785714285714286;1.6;0.0
126.0;2.125;0.8;0.0
132.0;0.6607142857142857;0.8500000000000001;0.0
138.0;0.30357142857142855;1.0;0.0
144.0;0.10714285714285714;1.0499999999999998;0.0
150.0;0.05357142857142857;0.05;0.0
156.0;0.375;0.44999999999999996;0.0
162.0;1.125;1.15;0.0
168.0;1.0;1.15;0.0
174.0;2.6964285714285716;1.6500000000000001;0.0
180.0;2.3392857142857144;1.5;0.0
186.0;2.0357142857142856;0.55;0.0
192.0;2.625;1.0999999999999999;0.0
198.0;1.6428571428571428;0.8500000000000001;0.0
204.0;1.6964285714285714;1.4500000000000002;0.0
210.0;0.9642857142857143;1.8;0.0
216.0;1.5535714285714286;1.65;0.0
222.0;1.5357142857142858;0.3;0.0
228.0;1.6607142857142858;2.4;0.0
234.0;2.6785714285714284;2.25;0.0
240.0;2.1964285714285716;5.7;0.0
246.0;2.1785714285714284;0.0;0.0
252.0;2.125;2.85;0.0
258.0;1.2857142857142858;2.95;0.0
264.0;1.9285714285714286;2.35;0.0
270.0;3.1607142857142856;1.0;0.0
276.0;1.5535714285714286;1.15;0.0
282.0;2.6964285714285716;2.6499999999999995;0.0
288.0;1.9642857142857142;3.2;0.0
294.0;1.8214285714285714;1.3499999999999999;0.0
