#auto generated file!
6.0;0.0;0.0;0.0
12.0;0.5;0.0;0.0
18.0;4.875;0.0;0.0
24.0;13.071428571428571;0.0;0.0
30.0;22.678571428571427;0.0;0.0
36.0;35.214285714285715;0.0;0.0
42.0;69.30357142857143;0.0;0.0
48.0;78.80357142857143;2.25;0.0
54.0;80.32142857142857;1.3;0.0
60.0;79.58928571428571;2.8;0.0
66.0;79.375;0.15;0.0
72.0;75.01785714285714;0.44999999999999996;0.0
78.0;62.5;0.0;0.0
84.0;52.94642857142857;0.0;0.0
90.0;47.80357142857143;0.0;0.0
96.0;54.82142857142857;0.0;0.0
102.0;63.785714285714285;0.0;0.0
108.0;80.125;0.44999999999999996;0.0
114.0;79.60714285714286;1.8499999999999999;0.0
120.0;80.0;2.55;0.0
126.0;78.05357142857143;0.0;0.0
132.0;58.107142857142854;0.0;0.0
138.0;36.964285714285715;0.0;0.0
144.0;12.910714285714286;0.0;0.0
150.0;8.767857142857142;0.0;0.0
156.0;13.678571428571429;0.0;0.0
162.0;15.714285714285714;0.0;0.0
168.0;28.660714285714285;0.0;0.0
174.0;49.910714285714285;0.0;0.0
180.0;63.160714285714285;0.0;0.0
186.0;72.66071428571429;0.0;0.0
192.0;79.44642857142857;0.0;0.0
198.0;78.125;0.0;0.0
204.0;70.08928571428571;0.0;0.0
210.0;62.910714285714285;0.0;0.0
216.0;49.67857142857143;0.0;0.0
222.0;52.142857142857146;0.0;0.0
228.0;62.392857142857146;0.0;0.0
234.0;72.80357142857143;0.0;0.0
240.0;79.92857142857143;0.44999999999999996;0.0
246.0;79.07142857142857;0.9;0.0
252.0;79.48214285714286;1.65;0.0
258.0;80.07142857142857;1.15;0.0
264.0;78.67857142857143;0.0;0.0
270.0;79.42857142857143;1.4;0.0
276.0;79.375;0.15;0.0
282.0;78.89285714285714;0.0;0.0
288.0;79.76785714285714;1.8;0.0
294.0;77.28571428571429;0.7;0.0
