#auto generated file!
6.0;0.0;0.0;0.0
12.0;0.3392857142857143;0.3;0.0
18.0;0.9285714285714286;0.4;0.0
24.0;1.4464285714285714;0.75;0.0
30.0;1.7678571428571428;2.15;0.0
36.0;3.857142857142857;6.0;0.0
42.0;8.196428571428571;2.25;0.0
48.0;8.803571428571429;0.7000000000000001;0.0
54.0;10.928571428571429;3.0999999999999996;0.0
60.0;7.785714285714286;6.949999999999999;0.0
66.0;3.4285714285714284;5.4;0.0
72.0;1.9642857142857142;6.449999999999999;0.0
78.0;1.7321428571428572;4.800000000000001;0.0
84.0;1.1607142857142858;2.9999999999999996;0.0
90.0;1.4642857142857142;4.0;0.0
96.0;2.357142857142857;2.2;0.0
102.0;2.9464285714285716;4.75;0.0
108.0;6.267857142857143;2.85;0.0
114.0;8.642857142857142;1.9500000000000002;0.0
120.0;5.803571428571429;0.9500000000000001;0.0
126.0;2.8214285714285716;1.8499999999999996;0.0
132.0;1.125;2.1;0.0
138.0;1.2321428571428572;0.95;0.0
144.0;0.5357142857142857;0.8999999999999999;0.0
150.0;0.75;1.0499999999999998;0.0
156.0;1.6964285714285714;1.0499999999999998;0.0
162.0;2.0892857142857144;1.65;0.0
168.0;3.267857142857143;1.15;0.0
174.0;6.071428571428571;2.5500000000000003;0.0
180.0;5.928571428571429;1.7500000000000002;0.0
186.0;5.107142857142857;1.2;0.0
192.0;3.982142857142857;3.8;0.0
198.0;3.5535714285714284;2.8999999999999995;0.0
204.0;3.267857142857143;1.9000000000000001;0.0
210.0;2.2142857142857144;2.25;0.0
216.0;2.607142857142857;2.55;0.0
222.0;3.7857142857142856;5.200000000000001;0.0
228.0;5.392857142857143;2.3999999999999995;0.0
234.0;6.0;2.0999999999999996;0.0
240.0;6.107142857142857;5.799999999999999;0.0
246.0;5.107142857142857;8.65;0.0
252.0;2.6785714285714284;4.199999999999999;0.0
258.0;3.267857142857143;11.05;0.0
264.0;5.017857142857143;7.199999999999999;0.0
270.0;6.285714285714286;7.5;0.0
276.0;6.232142857142857;3.35;0.0
282.0;6.732142857142857;0.9;0.0
288.0;6.625;3.6999999999999993;0.0
294.0;6.339285714285714;3.8499999999999996;0.0
