#auto generated file!
6.0;0.0;0.0;0.0
12.0;0.0;0.0;0.0
18.0;2.6785714285714284;0.75;0.0
24.0;10.446428571428571;0.75;0.0
30.0;17.142857142857142;2.25;0.0
36.0;26.785714285714285;2.25;0.0
42.0;37.767857142857146;3.75;0.0
48.0;49.55357142857143;3.0;0.0
54.0;62.142857142857146;2.25;0.0
60.0;69.64285714285714;1.5;0.0
66.0;72.32142857142857;4.5;0.0
72.0;94.82142857142857;6.75;0.0
78.0;88.125;7.5;0.0
84.0;72.32142857142857;10.5;0.0
90.0;62.94642857142857;5.25;0.0
96.0;57.589285714285715;7.5;0.0
102.0;60.267857142857146;4.5;0.0
108.0;53.035714285714285;0.75;0.0
114.0;33.214285714285715;1.5;0.0
120.0;21.160714285714285;0.75;0.0
126.0;12.589285714285714;0.75;0.0
132.0;2.4107142857142856;0.0;0.0
138.0;0.26785714285714285;0.0;0.0
144.0;0.0;0.0;0.0
150.0;0.0;0.0;0.0
156.0;0.0;0.0;0.0
162.0;0.0;0.0;0.0
168.0;0.0;0.0;0.0
174.0;0.0;0.0;0.0
180.0;0.0;0.0;0.0
186.0;0.0;0.0;0.0
192.0;0.0;0.0;0.0
198.0;4.017857142857143;0.0;0.0
204.0;7.767857142857143;0.75;0.0
210.0;15.0;3.0;0.0
216.0;26.25;0.0;0.0
222.0;33.75;4.5;0.0
228.0;46.07142857142857;5.25;0.0
234.0;58.392857142857146;3.0;0.0
240.0;80.08928571428571;2.25;0.0
246.0;73.92857142857143;8.25;0.0
252.0;92.41071428571429;18.0;0.0
258.0;95.625;22.5;0.0
264.0;88.39285714285714;2.25;0.0
270.0;89.73214285714286;6.75;0.0
276.0;72.05357142857143;9.75;0.0
282.0;60.535714285714285;6.0;0.0
288.0;49.55357142857143;3.0;0.0
294.0;37.767857142857146;1.5;0.0
