#auto generated file!
6.0;0.0;0.0;0.0
12.0;0.0;1.15;0.0
18.0;2.267857142857143;1.4999999999999998;0.0
24.0;10.785714285714286;4.199999999999999;0.0
30.0;20.053571428571427;4.5;0.0
36.0;48.67857142857143;1.5499999999999998;0.0
42.0;54.625;1.55;0.0
48.0;7.107142857142857;4.35;0.0
54.0;3.767857142857143;1.3499999999999999;0.0
60.0;3.6785714285714284;1.1500000000000001;0.0
66.0;2.107142857142857;5.9;0.0
72.0;17.214285714285715;0.5;0.0
78.0;34.660714285714285;4.35;0.0
84.0;31.785714285714285;3.15;0.0
90.0;23.910714285714285;4.949999999999999;0.0
96.0;36.214285714285715;1.9000000000000001;0.0
102.0;53.892857142857146;3.0;0.0
108.0;90.71428571428571;3.2;0.0
114.0;59.92857142857143;2.65;0.0
120.0;14.017857142857142;3.4499999999999997;0.0
126.0;49.839285714285715;3.6000000000000005;0.0
132.0;31.785714285714285;1.25;0.0
138.0;12.321428571428571;1.55;0.0
144.0;7.035714285714286;1.2;0.0
150.0;7.25;0.95;0.0
156.0;10.392857142857142;1.3499999999999999;0.0
162.0;17.517857142857142;0.75;0.0
168.0;39.92857142857143;2.15;0.0
174.0;11.357142857142858;2.0500000000000003;0.0
180.0;2.0357142857142856;1.1;0.0
186.0;2.142857142857143;1.4500000000000002;0.0
192.0;2.607142857142857;1.25;0.0
198.0;1.6785714285714286;2.75;0.0
204.0;21.107142857142858;2.1;0.0
210.0;22.196428571428573;2.6999999999999997;0.0
216.0;23.375;1.15;0.0
222.0;38.07142857142857;2.55;0.0
228.0;53.30357142857143;4.049999999999999;0.0
234.0;74.19642857142857;3.45;0.0
240.0;91.67857142857143;2.4499999999999997;0.0
246.0;106.16071428571429;2.5999999999999996;0.0
252.0;102.125;4.65;0.0
258.0;98.25;3.15;0.0
264.0;107.80357142857143;4.1;0.0
270.0;101.78571428571429;6.35;0.0
276.0;99.60714285714286;2.45;0.0
282.0;106.16071428571429;4.949999999999999;0.0
288.0;116.53571428571429;1.3499999999999999;0.0
294.0;122.35714285714286;1.3499999999999999;0.0
