#auto generated file!
6.0;0.0;0.0;0.0
12.0;0.21428571428571427;0.0;0.0
18.0;4.285714285714286;0.55;0.0
24.0;11.071428571428571;0.6;0.0
30.0;22.482142857142858;1.25;0.0
36.0;42.035714285714285;0.9;0.0
42.0;85.5;0.6;0.0
48.0;97.41071428571429;5.05;0.0
54.0;98.55357142857143;4.0;0.0
60.0;101.44642857142857;3.3499999999999996;0.0
66.0;85.42857142857143;3.45;0.0
72.0;75.375;0.9;0.0
78.0;66.80357142857143;1.5;0.0
84.0;56.57142857142857;0.15;0.0
90.0;40.017857142857146;0.3;0.0
96.0;48.339285714285715;1.9;0.0
102.0;71.0;0.15;0.0
108.0;94.5;1.0;0.0
114.0;94.41071428571429;5.25;0.0
120.0;92.39285714285714;2.25;0.0
126.0;92.64285714285714;2.0;0.0
132.0;68.96428571428571;0.4;0.0
138.0;42.160714285714285;0.15;0.0
144.0;23.803571428571427;0.6;0.0
150.0;13.142857142857142;0.15;0.0
156.0;14.303571428571429;0.49999999999999994;0.0
162.0;21.214285714285715;0.15;0.0
168.0;38.82142857142857;0.15;0.0
174.0;57.285714285714285;0.9;0.0
180.0;77.625;0.5;0.0
186.0;91.32142857142857;0.15;0.0
192.0;90.82142857142857;0.0;0.0
198.0;88.625;0.55;0.0
204.0;83.66071428571429;1.5;0.0
210.0;75.58928571428571;0.95;0.0
216.0;68.89285714285714;1.0;0.0
222.0;61.5;1.05;0.0
228.0;64.875;0.49999999999999994;0.0
234.0;83.80357142857143;1.65;0.0
240.0;84.80357142857143;5.4;0.0
246.0;78.75;2.25;0.0
252.0;80.5;1.65;0.0
258.0;80.53571428571429;5.55;0.0
264.0;81.25;2.75;0.0
270.0;89.30357142857143;4.65;0.0
276.0;85.42857142857143;2.25;0.0
282.0;85.0;3.9499999999999997;0.0
288.0;92.82142857142857;1.25;0.0
294.0;97.58928571428571;2.55;0.0
