#auto generated file!
6.0;0.0;0.0;0.0
12.0;0.16071428571428573;0.0;0.0
18.0;2.5892857142857144;0.0;0.0
24.0;5.517857142857143;0.0;0.0
30.0;10.071428571428571;0.0;0.0
36.0;13.053571428571429;0.0;0.0
42.0;15.357142857142858;0.0;0.0
48.0;15.839285714285714;0.0;0.0
54.0;16.0;0.0;0.0
60.0;15.821428571428571;0.0;0.0
66.0;16.642857142857142;0.0;0.0
72.0;10.875;0.0;0.0
78.0;10.464285714285714;0.0;0.0
84.0;10.839285714285714;0.0;0.0
90.0;10.767857142857142;0.0;0.0
96.0;13.035714285714286;0.0;0.0
102.0;14.267857142857142;0.0;0.0
108.0;15.035714285714286;0.0;0.0
114.0;16.053571428571427;0.0;0.0
120.0;15.482142857142858;0.0;0.0
126.0;8.482142857142858;0.0;0.0
132.0;5.964285714285714;0.0;0.0
138.0;5.482142857142857;0.0;0.0
144.0;4.482142857142857;0.0;0.0
150.0;3.9642857142857144;0.0;0.0
156.0;3.857142857142857;0.0;0.0
162.0;6.303571428571429;0.0;0.0
168.0;7.517857142857143;0.0;0.0
174.0;9.160714285714286;0.0;0.0
180.0;9.089285714285714;0.0;0.0
186.0;7.660714285714286;0.0;0.0
192.0;9.910714285714286;0.0;0.0
198.0;6.910714285714286;0.0;0.0
204.0;9.625;0.0;0.0
210.0;8.517857142857142;0.0;0.0
216.0;9.25;0.0;0.0
222.0;10.714285714285714;0.0;0.0
228.0;15.035714285714286;0.0;0.0
234.0;16.071428571428573;0.0;0.0
240.0;15.232142857142858;0.0;0.0
246.0;17.982142857142858;0.0;0.0
252.0;18.535714285714285;0.0;0.0
258.0;15.928571428571429;0.0;0.0
264.0;12.767857142857142;0.0;0.0
270.0;17.375;0.0;0.0
276.0;17.125;0.0;0.0
282.0;16.696428571428573;0.0;0.0
288.0;13.607142857142858;0.0;0.0
294.0;11.035714285714286;0.0;0.0
