#auto generated file!
6.0;0.0;0.0;0.0
12.0;0.0;0.0;0.0
18.0;0.0;0.8;0.0
24.0;0.6428571428571429;2.9499999999999997;0.0
30.0;2.4285714285714284;1.7500000000000002;0.0
36.0;6.535714285714286;1.15;0.0
42.0;11.589285714285714;0.7000000000000001;0.0
48.0;17.107142857142858;2.3499999999999996;0.0
54.0;16.821428571428573;1.5;0.0
60.0;13.25;2.5999999999999996;0.0
66.0;10.375;3.2;0.0
72.0;6.267857142857143;3.0;0.0
78.0;5.982142857142857;2.7;0.0
84.0;6.267857142857143;5.1000000000000005;0.0
90.0;4.946428571428571;3.9;0.0
96.0;7.053571428571429;2.5;0.0
102.0;8.875;2.8999999999999995;0.0
108.0;11.142857142857142;1.5;0.0
114.0;9.910714285714286;2.5999999999999996;0.0
120.0;9.839285714285714;1.9500000000000002;0.0
126.0;4.339285714285714;1.9500000000000002;0.0
132.0;1.7142857142857142;1.0;0.0
138.0;1.8035714285714286;0.8500000000000001;0.0
144.0;1.1785714285714286;1.1999999999999997;0.0
150.0;1.25;0.9;0.0
156.0;2.1785714285714284;0.8999999999999999;0.0
162.0;3.9285714285714284;0.8;0.0
168.0;6.982142857142857;0.55;0.0
174.0;7.071428571428571;0.9500000000000001;0.0
180.0;8.053571428571429;1.2999999999999998;0.0
186.0;5.625;2.0;0.0
192.0;5.214285714285714;0.44999999999999996;0.0
198.0;4.410714285714286;1.05;0.0
204.0;4.125;1.1;0.0
210.0;4.196428571428571;0.55;0.0
216.0;6.892857142857143;2.0999999999999996;0.0
222.0;7.821428571428571;1.2;0.0
228.0;9.267857142857142;1.4999999999999998;0.0
234.0;8.732142857142858;2.6999999999999997;0.0
240.0;10.285714285714286;1.7499999999999998;0.0
246.0;10.535714285714286;4.5;0.0
252.0;7.428571428571429;3.7;0.0
258.0;7.642857142857143;1.85;0.0
264.0;11.839285714285714;4.4;0.0
270.0;9.517857142857142;5.6;0.0
276.0;7.25;2.75;0.0
282.0;8.803571428571429;3.65;0.0
288.0;9.910714285714286;2.25;0.0
294.0;8.303571428571429;1.85;0.0
