#auto generated file!
6.0;0.0;0.0;0.0
12.0;0.0;0.15;0.0
18.0;1.0;2.4;0.0
24.0;6.196428571428571;1.1;0.0
30.0;13.803571428571429;2.35;0.0
36.0;27.0;2.6;0.0
42.0;60.285714285714285;2.35;0.0
48.0;44.375;1.35;0.0
54.0;9.017857142857142;1.15;0.0
60.0;2.5714285714285716;1.3499999999999999;0.0
66.0;9.875;1.65;0.0
72.0;28.071428571428573;0.9500000000000001;0.0
78.0;27.267857142857142;3.55;0.0
84.0;23.821428571428573;3.25;0.0
90.0;21.571428571428573;2.5;0.0
96.0;26.071428571428573;4.55;0.0
102.0;36.19642857142857;2.8000000000000003;0.0
108.0;44.732142857142854;2.4;0.0
114.0;72.98214285714286;2.45;0.0
120.0;87.875;2.15;0.0
126.0;75.10714285714286;2.4;0.0
132.0;40.875;0.85;0.0
138.0;12.267857142857142;2.15;0.0
144.0;8.357142857142858;1.55;0.0
150.0;4.053571428571429;1.0999999999999999;0.0
156.0;8.410714285714286;0.44999999999999996;0.0
162.0;11.678571428571429;0.8999999999999999;0.0
168.0;20.089285714285715;1.35;0.0
174.0;36.035714285714285;0.9;0.0
180.0;50.82142857142857;1.0499999999999998;0.0
186.0;56.589285714285715;2.8;0.0
192.0;60.535714285714285;1.4000000000000001;0.0
198.0;57.25;1.05;0.0
204.0;44.732142857142854;1.6000000000000003;0.0
210.0;23.910714285714285;1.15;0.0
216.0;17.910714285714285;2.0;0.0
222.0;26.839285714285715;2.4499999999999997;0.0
228.0;39.30357142857143;1.4;0.0
234.0;43.30357142857143;2.7;0.0
240.0;51.17857142857143;3.25;0.0
246.0;43.482142857142854;3.4;0.0
252.0;31.535714285714285;7.799999999999999;0.0
258.0;32.160714285714285;9.450000000000001;0.0
264.0;36.410714285714285;4.3999999999999995;0.0
270.0;30.446428571428573;3.8499999999999996;0.0
276.0;32.982142857142854;4.75;0.0
282.0;41.17857142857143;2.9;0.0
288.0;46.82142857142857;1.65;0.0
294.0;58.017857142857146;2.25;0.0
