#auto generated file!
6.0;0.0;0.0;0.0
12.0;1.0357142857142858;0.0;0.0
18.0;3.4107142857142856;0.0;0.0
24.0;6.928571428571429;0.0;0.0
30.0;10.696428571428571;0.0;0.0
36.0;17.017857142857142;0.0;0.0
42.0;18.428571428571427;0.0;0.0
48.0;29.625;0.0;0.0
54.0;35.732142857142854;0.0;0.0
60.0;30.821428571428573;0.0;0.0
66.0;28.428571428571427;0.0;0.0
72.0;23.928571428571427;0.0;0.0
78.0;21.321428571428573;0.0;0.0
84.0;17.678571428571427;0.0;0.0
90.0;17.464285714285715;0.0;0.0
96.0;16.803571428571427;0.0;0.0
102.0;18.535714285714285;0.0;0.0
108.0;23.964285714285715;0.0;0.0
114.0;27.642857142857142;0.0;0.0
120.0;20.678571428571427;0.0;0.0
126.0;12.75;0.0;0.0
132.0;10.678571428571429;0.0;0.0
138.0;7.714285714285714;0.0;0.0
144.0;6.5;0.0;0.0
150.0;4.714285714285714;0.0;0.0
156.0;5.696428571428571;0.0;0.0
162.0;8.142857142857142;0.0;0.0
168.0;12.160714285714286;0.0;0.0
174.0;12.821428571428571;0.0;0.0
180.0;10.232142857142858;0.0;0.0
186.0;10.392857142857142;0.0;0.0
192.0;9.285714285714286;0.0;0.0
198.0;10.625;0.0;0.0
204.0;11.357142857142858;0.0;0.0
210.0;10.339285714285714;0.0;0.0
216.0;9.714285714285714;0.0;0.0
222.0;14.428571428571429;0.0;0.0
228.0;18.071428571428573;0.0;0.0
234.0;25.392857142857142;0.0;0.0
240.0;21.142857142857142;0.0;0.0
246.0;20.696428571428573;0.0;0.0
252.0;22.375;0.0;0.0
258.0;29.714285714285715;0.0;0.0
264.0;26.089285714285715;0.0;0.0
270.0;21.5;0.0;0.0
276.0;22.857142857142858;0.0;0.0
282.0;25.160714285714285;0.0;0.0
288.0;20.339285714285715;0.0;0.0
294.0;17.232142857142858;0.0;0.0
