#auto generated file!
6.0;0.0;0.0;0.0
12.0;0.0;0.0;0.0
18.0;0.14285714285714285;1.35;0.0
24.0;0.7321428571428571;2.55;0.0
30.0;4.142857142857143;2.3;0.0
36.0;11.142857142857142;1.6;0.0
42.0;15.5;0.45000000000000007;0.0
48.0;23.160714285714285;1.35;0.0
54.0;21.892857142857142;1.95;0.0
60.0;15.803571428571429;2.1999999999999997;0.0
66.0;12.482142857142858;3.5999999999999996;0.0
72.0;11.696428571428571;1.8;0.0
78.0;9.964285714285714;3.85;0.0
84.0;7.946428571428571;1.55;0.0
90.0;8.964285714285714;2.8000000000000003;0.0
96.0;9.089285714285714;3.9499999999999997;0.0
102.0;11.964285714285714;1.65;0.0
108.0;11.642857142857142;3.0;0.0
114.0;16.053571428571427;2.9000000000000004;0.0
120.0;10.75;1.6500000000000001;0.0
126.0;6.803571428571429;2.75;0.0
132.0;4.392857142857143;1.3;0.0
138.0;0.9107142857142857;1.4;0.0
144.0;2.107142857142857;1.2;0.0
150.0;0.8571428571428571;0.9;0.0
156.0;2.607142857142857;0.5;0.0
162.0;5.607142857142857;0.6;0.0
168.0;8.767857142857142;0.8999999999999999;0.0
174.0;11.0;1.15;0.0
180.0;7.732142857142857;1.75;0.0
186.0;8.321428571428571;0.6;0.0
192.0;5.946428571428571;0.8;0.0
198.0;6.571428571428571;1.8;0.0
204.0;4.214285714285714;3.65;0.0
210.0;5.625;0.75;0.0
216.0;8.446428571428571;1.95;0.0
222.0;7.803571428571429;1.7;0.0
228.0;12.607142857142858;1.05;0.0
234.0;12.75;2.7499999999999996;0.0
240.0;10.714285714285714;4.55;0.0
246.0;12.5;5.8999999999999995;0.0
252.0;9.125;5.35;0.0
258.0;9.589285714285714;3.5;0.0
264.0;9.535714285714286;3.1;0.0
270.0;12.214285714285714;5.35;0.0
276.0;11.964285714285714;1.7000000000000002;0.0
282.0;12.125;2.25;0.0
288.0;10.678571428571429;2.1;0.0
294.0;14.267857142857142;2.05;0.0
