#auto generated file!
6.0;0.0;0.0;0.0
12.0;0.6428571428571429;0.0;0.0
18.0;5.464285714285714;0.0;0.0
24.0;10.5;0.0;0.0
30.0;22.142857142857142;0.0;0.0
36.0;32.910714285714285;0.0;0.0
42.0;50.375;0.0;0.0
48.0;72.57142857142857;0.0;0.0
54.0;79.89285714285714;2.85;0.0
60.0;79.76785714285714;1.05;0.0
66.0;72.58928571428571;0.0;0.0
72.0;58.017857142857146;0.0;0.0
78.0;36.089285714285715;0.0;0.0
84.0;21.428571428571427;0.0;0.0
90.0;22.910714285714285;0.0;0.0
96.0;25.089285714285715;0.0;0.0
102.0;40.714285714285715;0.0;0.0
108.0;56.714285714285715;0.0;0.0
114.0;74.73214285714286;0.0;0.0
120.0;79.33928571428571;0.15;0.0
126.0;66.64285714285714;0.0;0.0
132.0;32.785714285714285;0.0;0.0
138.0;11.285714285714286;0.0;0.0
144.0;7.767857142857143;0.0;0.0
150.0;8.785714285714286;0.0;0.0
156.0;12.25;0.0;0.0
162.0;13.160714285714286;0.0;0.0
168.0;16.839285714285715;0.0;0.0
174.0;25.535714285714285;0.0;0.0
180.0;24.589285714285715;0.0;0.0
186.0;22.285714285714285;0.0;0.0
192.0;19.732142857142858;0.0;0.0
198.0;23.053571428571427;0.0;0.0
204.0;22.357142857142858;0.0;0.0
210.0;21.232142857142858;0.0;0.0
216.0;14.375;0.0;0.0
222.0;22.982142857142858;0.0;0.0
228.0;31.964285714285715;0.0;0.0
234.0;37.5;0.0;0.0
240.0;33.80357142857143;0.0;0.0
246.0;37.75;0.0;0.0
252.0;39.089285714285715;0.0;0.0
258.0;42.642857142857146;0.0;0.0
264.0;52.92857142857143;0.0;0.0
270.0;57.392857142857146;0.0;0.0
276.0;63.839285714285715;0.0;0.0
282.0;61.30357142857143;0.0;0.0
288.0;53.94642857142857;0.0;0.0
294.0;51.214285714285715;0.0;0.0
