#auto generated file!
6.0;0.0;0.0;0.0
12.0;1.1428571428571428;0.0;0.0
18.0;7.732142857142857;0.0;0.0
24.0;19.821428571428573;0.0;0.0
30.0;47.732142857142854;0.0;0.0
36.0;67.48214285714286;1.05;0.0
42.0;15.392857142857142;0.0;0.0
48.0;7.839285714285714;0.0;0.0
54.0;4.053571428571429;0.0;0.0
60.0;2.892857142857143;0.0;0.0
66.0;1.4821428571428572;0.0;0.0
72.0;28.035714285714285;0.0;0.0
78.0;62.07142857142857;0.0;0.0
84.0;71.375;0.0;0.0
90.0;78.75;0.0;0.0
96.0;80.0;1.15;0.0
102.0;97.48214285714286;4.449999999999999;0.0
108.0;131.69642857142858;4.4;0.0
114.0;83.60714285714286;1.55;0.0
120.0;24.232142857142858;0.15;0.0
126.0;19.732142857142858;0.0;0.0
132.0;57.732142857142854;0.0;0.0
138.0;52.607142857142854;0.0;0.0
144.0;38.035714285714285;0.0;0.0
150.0;21.214285714285715;0.0;0.0
156.0;28.553571428571427;0.0;0.0
162.0;40.767857142857146;0.0;0.0
168.0;23.392857142857142;0.0;0.0
174.0;3.0714285714285716;0.0;0.0
180.0;1.875;0.0;0.0
186.0;2.5892857142857144;0.0;0.0
192.0;1.6607142857142858;0.0;0.0
198.0;2.3035714285714284;0.0;0.0
204.0;2.9464285714285716;0.0;0.0
210.0;2.267857142857143;0.0;0.0
216.0;45.5;0.0;0.0
222.0;79.53571428571429;0.75;0.0
228.0;93.80357142857143;2.1;0.0
234.0;119.26785714285714;2.25;0.0
240.0;128.69642857142858;3.6499999999999995;0.0
246.0;112.08928571428571;3.0999999999999996;0.0
252.0;93.375;6.549999999999999;0.0
258.0;94.48214285714286;3.85;0.0
264.0;96.01785714285714;5.599999999999999;0.0
270.0;101.08928571428571;7.199999999999999;0.0
276.0;107.71428571428571;3.6999999999999997;0.0
282.0;115.75;3.2;0.0
288.0;122.03571428571429;2.25;0.0
294.0;130.85714285714286;1.65;0.0
