Simulation started at 20/01/2020 20:59:07
----------------------------------------------------------------------
Scenario started at 20/01/2020 20:59:07
Scenario: TWO_TIER_WITH_EO - Policy: DEEP_EDGE - #iteration: 1
Duration: 5.0 min (warm up period: 1.0 min) - #devices: 0
Creating tasks...Done, 
Creating device locations...Done.
SimManager is starting...Done.
.........10.........20.........30.........40.........50.........60.........70.........80.........90.........100
# of tasks (Edge/Cloud/Mobile): 0(0/0/0)
# of failed tasks (Edge/Cloud/Mobile): 0(0/0/0)
# of completed tasks (Edge/Cloud/Mobile): 0(0/0/0)
# of uncompleted tasks (Edge/Cloud/Mobile): 0(0/0/0)
# of failed tasks due to vm capacity (Edge/Cloud/Mobile): 0(0/0/0)
# of failed tasks due to Mobility/Network(WLAN/MAN/WAN): 0/0(0/0/0)
percentage of failed tasks: NaN%
average service time: NaN seconds. (on Edge: NaN, on Cloud: NaN, on Mobile: NaN)
average processing time: NaN seconds. (on Edge: NaN, on Cloud: NaN, on Mobile: NaN)
average network delay: NaN seconds. (LAN delay: NaN, MAN delay: NaN, WAN delay: NaN)
average server utilization Edge/Cloud/Mobile: 0,000000/0,000000/0,000000
average cost: NaN$
Scenario finished at 20/01/2020 20:59:09. It took 1 Second
----------------------------------------------------------------------
Scenario started at 20/01/2020 20:59:09
Scenario: TWO_TIER_WITH_EO - Policy: FUZZY_BASED - #iteration: 1
Duration: 5.0 min (warm up period: 1.0 min) - #devices: 0
Creating tasks...Done, 
Creating device locations...Done.
SimManager is starting...Done.
.........10.........20.........30.........40.........50.........60.........70.........80.........90.........100
# of tasks (Edge/Cloud/Mobile): 0(0/0/0)
# of failed tasks (Edge/Cloud/Mobile): 0(0/0/0)
# of completed tasks (Edge/Cloud/Mobile): 0(0/0/0)
# of uncompleted tasks (Edge/Cloud/Mobile): 0(0/0/0)
# of failed tasks due to vm capacity (Edge/Cloud/Mobile): 0(0/0/0)
# of failed tasks due to Mobility/Network(WLAN/MAN/WAN): 0/0(0/0/0)
percentage of failed tasks: NaN%
average service time: NaN seconds. (on Edge: NaN, on Cloud: NaN, on Mobile: NaN)
average processing time: NaN seconds. (on Edge: NaN, on Cloud: NaN, on Mobile: NaN)
average network delay: NaN seconds. (LAN delay: NaN, MAN delay: NaN, WAN delay: NaN)
average server utilization Edge/Cloud/Mobile: 0,000000/0,000000/0,000000
average cost: NaN$
Scenario finished at 20/01/2020 20:59:09. It took 491 Milli Seconds
----------------------------------------------------------------------
Scenario started at 20/01/2020 20:59:09
Scenario: TWO_TIER_WITH_EO - Policy: DEEP_EDGE - #iteration: 1
Duration: 5.0 min (warm up period: 1.0 min) - #devices: 200
Creating tasks...Done, 
Creating device locations...Done.
SimManager is starting...Done.
...o.n.l.f.Nd4jBackend - Loaded [CpuBackend] backend
o.n.n.NativeOpsHolder - Number of threads used for linear algebra: 1
o.n.n.Nd4jBlas - Number of threads used for OpenMP BLAS: 4
o.n.l.a.o.e.DefaultOpExecutioner - Backend used: [CPU]; OS: [Mac OS X]
o.n.l.a.o.e.DefaultOpExecutioner - Cores: [8]; Memory: [1,8GB];
o.n.l.a.o.e.DefaultOpExecutioner - Blas vendor: [OPENBLAS]
o.d.n.m.MultiLayerNetwork - Starting MultiLayerNetwork with WorkspaceModes set to [training: ENABLED; inference: ENABLED], cacheMode set to [NONE]
Model is created successfully
......10.........20.........30.........40.........50.........60.........70.........80.........90.........100
# of tasks (Edge/Cloud/Mobile): 6682(3769/2913/0)
# of failed tasks (Edge/Cloud/Mobile): 20(11/9/0)
# of completed tasks (Edge/Cloud/Mobile): 6662(3758/2904/0)
# of uncompleted tasks (Edge/Cloud/Mobile): 19(15/0/4)
# of failed tasks due to vm capacity (Edge/Cloud/Mobile): 0(0/0/0)
# of failed tasks due to Mobility/Network(WLAN/MAN/WAN): 20/0(0/0/0)
percentage of failed tasks: 0,299312%
average service time: 0,886499 seconds. (on Edge: 1,034234, on Cloud: 0,695318, on Mobile: NaN)
average processing time: 0,603952 seconds. (on Edge: 0,986133, on Cloud: 0,109382, on Mobile: NaN)
average network delay: 0,282546 seconds. (LAN delay: 0,048098, MAN delay: 0,012439, WAN delay: 0,585936)
average server utilization Edge/Cloud/Mobile: 1,305758/0,278571/0,000000
average cost: 0.0$
Scenario finished at 20/01/2020 20:59:39. It took 29 Seconds
----------------------------------------------------------------------
Scenario started at 20/01/2020 20:59:39
Scenario: TWO_TIER_WITH_EO - Policy: FUZZY_BASED - #iteration: 1
Duration: 5.0 min (warm up period: 1.0 min) - #devices: 200
Creating tasks...Done, 
Creating device locations...Done.
SimManager is starting...Done.
.........10.........20.........30.........40.........50.........60.........70.........80.........90.........100
# of tasks (Edge/Cloud/Mobile): 6762(5899/863/0)
# of failed tasks (Edge/Cloud/Mobile): 24(22/2/0)
# of completed tasks (Edge/Cloud/Mobile): 6738(5877/861/0)
# of uncompleted tasks (Edge/Cloud/Mobile): 25(22/0/3)
# of failed tasks due to vm capacity (Edge/Cloud/Mobile): 0(0/0/0)
# of failed tasks due to Mobility/Network(WLAN/MAN/WAN): 24/0(0/0/0)
percentage of failed tasks: 0,354925%
average service time: 0,853236 seconds. (on Edge: 0,845738, on Cloud: 0,904416, on Mobile: NaN)
average processing time: 0,723626 seconds. (on Edge: 0,795108, on Cloud: 0,235703, on Mobile: NaN)
average network delay: 0,129609 seconds. (LAN delay: 0,050629, MAN delay: NaN, WAN delay: 0,668713)
average server utilization Edge/Cloud/Mobile: 0,977041/0,321429/0,000000
average cost: 0.0$
Scenario finished at 20/01/2020 21:00:24. It took 44 Seconds
----------------------------------------------------------------------
Scenario started at 20/01/2020 21:00:24
Scenario: TWO_TIER_WITH_EO - Policy: DEEP_EDGE - #iteration: 1
Duration: 5.0 min (warm up period: 1.0 min) - #devices: 400
Creating tasks...Done, 
Creating device locations...Done.
SimManager is starting...Done.
...Model is created successfully
......10.........20.........30.........40.........50.........60.........70.........80.........90.........100
# of tasks (Edge/Cloud/Mobile): 13672(9757/3915/0)
# of failed tasks (Edge/Cloud/Mobile): 66(52/14/0)
# of completed tasks (Edge/Cloud/Mobile): 13606(9705/3901/0)
# of uncompleted tasks (Edge/Cloud/Mobile): 54(38/7/9)
# of failed tasks due to vm capacity (Edge/Cloud/Mobile): 0(0/0/0)
# of failed tasks due to Mobility/Network(WLAN/MAN/WAN): 66/0(0/0/0)
percentage of failed tasks: 0,482738%
average service time: 0,952460 seconds. (on Edge: 1,053248, on Cloud: 0,701718, on Mobile: NaN)
average processing time: 0,742096 seconds. (on Edge: 0,997993, on Cloud: 0,105470, on Mobile: NaN)
average network delay: 0,210364 seconds. (LAN delay: 0,055248, MAN delay: 0,012538, WAN delay: 0,596248)
average server utilization Edge/Cloud/Mobile: 3,682945/0,387755/0,000000
average cost: 0.0$
Scenario finished at 20/01/2020 21:00:45. It took 20 Seconds
----------------------------------------------------------------------
Scenario started at 20/01/2020 21:00:45
Scenario: TWO_TIER_WITH_EO - Policy: FUZZY_BASED - #iteration: 1
Duration: 5.0 min (warm up period: 1.0 min) - #devices: 400
Creating tasks...Done, 
Creating device locations...Done.
SimManager is starting...Done.
.........10.........20.........30.........40.........50.........60.........70.........80.........90.........100
# of tasks (Edge/Cloud/Mobile): 12747(10866/1881/0)
# of failed tasks (Edge/Cloud/Mobile): 36(32/4/0)
# of completed tasks (Edge/Cloud/Mobile): 12711(10834/1877/0)
# of uncompleted tasks (Edge/Cloud/Mobile): 58(52/1/5)
# of failed tasks due to vm capacity (Edge/Cloud/Mobile): 0(0/0/0)
# of failed tasks due to Mobility/Network(WLAN/MAN/WAN): 36/0(0/0/0)
percentage of failed tasks: 0,282419%
average service time: 0,860884 seconds. (on Edge: 0,839523, on Cloud: 0,984176, on Mobile: NaN)
average processing time: 0,701916 seconds. (on Edge: 0,785666, on Cloud: 0,218518, on Mobile: NaN)
average network delay: 0,158968 seconds. (LAN delay: 0,053858, MAN delay: NaN, WAN delay: 0,765658)
average server utilization Edge/Cloud/Mobile: 1,779155/0,877551/0,000000
average cost: 0.0$
Scenario finished at 20/01/2020 21:02:33. It took 1 Minute 48 Seconds
----------------------------------------------------------------------
Scenario started at 20/01/2020 21:02:33
Scenario: TWO_TIER_WITH_EO - Policy: DEEP_EDGE - #iteration: 1
Duration: 5.0 min (warm up period: 1.0 min) - #devices: 600
Creating tasks...Done, 
Creating device locations...Done.
SimManager is starting...Done.
...Model is created successfully
......10.........20.........30.........40.........50.........60.........70.........80.........90.........100
# of tasks (Edge/Cloud/Mobile): 19948(15591/4357/0)
# of failed tasks (Edge/Cloud/Mobile): 116(91/25/0)
# of completed tasks (Edge/Cloud/Mobile): 19832(15500/4332/0)
# of uncompleted tasks (Edge/Cloud/Mobile): 68(56/6/6)
# of failed tasks due to vm capacity (Edge/Cloud/Mobile): 0(0/0/0)
# of failed tasks due to Mobility/Network(WLAN/MAN/WAN): 116/0(0/0/0)
percentage of failed tasks: 0,581512%
average service time: 0,979652 seconds. (on Edge: 1,056805, on Cloud: 0,703596, on Mobile: NaN)
average processing time: 0,802165 seconds. (on Edge: 0,996311, on Cloud: 0,107504, on Mobile: NaN)
average network delay: 0,177487 seconds. (LAN delay: 0,060492, MAN delay: 0,012608, WAN delay: 0,596092)
average server utilization Edge/Cloud/Mobile: 5,619898/0,516327/0,000000
average cost: 0.0$
Scenario finished at 20/01/2020 21:03:07. It took 34 Seconds
----------------------------------------------------------------------
Scenario started at 20/01/2020 21:03:07
Scenario: TWO_TIER_WITH_EO - Policy: FUZZY_BASED - #iteration: 1
Duration: 5.0 min (warm up period: 1.0 min) - #devices: 600
Creating tasks...Done, 
Creating device locations...Done.
SimManager is starting...Done.
.........10.........20.........30.........40.........50.........60.........70.........80.........90.........100
# of tasks (Edge/Cloud/Mobile): 20366(17743/2623/0)
# of failed tasks (Edge/Cloud/Mobile): 99(87/12/0)
# of completed tasks (Edge/Cloud/Mobile): 20267(17656/2611/0)
# of uncompleted tasks (Edge/Cloud/Mobile): 84(81/0/3)
# of failed tasks due to vm capacity (Edge/Cloud/Mobile): 0(0/0/0)
# of failed tasks due to Mobility/Network(WLAN/MAN/WAN): 99/0(0/0/0)
percentage of failed tasks: 0,486104%
average service time: 0,909082 seconds. (on Edge: 0,881645, on Cloud: 1,094617, on Mobile: NaN)
average processing time: 0,742878 seconds. (on Edge: 0,819116, on Cloud: 0,227344, on Mobile: NaN)
average network delay: 0,166203 seconds. (LAN delay: 0,062528, MAN delay: NaN, WAN delay: 0,867273)
average server utilization Edge/Cloud/Mobile: 3,117711/1,183673/0,000000
average cost: 0.0$
Scenario finished at 20/01/2020 21:05:07. It took 1 Minute 59 Seconds
----------------------------------------------------------------------
Scenario started at 20/01/2020 21:05:07
Scenario: TWO_TIER_WITH_EO - Policy: DEEP_EDGE - #iteration: 1
Duration: 5.0 min (warm up period: 1.0 min) - #devices: 800
Creating tasks...Done, 
Creating device locations...Done.
SimManager is starting...Done.
...Model is created successfully
......10.........20.........30.........40.........50.........60.........70.........80.........90.........100
# of tasks (Edge/Cloud/Mobile): 27670(22976/4694/0)
# of failed tasks (Edge/Cloud/Mobile): 145(125/20/0)
# of completed tasks (Edge/Cloud/Mobile): 27525(22851/4674/0)
# of uncompleted tasks (Edge/Cloud/Mobile): 267(239/4/24)
# of failed tasks due to vm capacity (Edge/Cloud/Mobile): 0(0/0/0)
# of failed tasks due to Mobility/Network(WLAN/MAN/WAN): 145/0(0/0/0)
percentage of failed tasks: 0,524033%
average service time: 1,218351 seconds. (on Edge: 1,323104, on Cloud: 0,706218, on Mobile: NaN)
average processing time: 1,054565 seconds. (on Edge: 1,248845, on Cloud: 0,104737, on Mobile: NaN)
average network delay: 0,163787 seconds. (LAN delay: 0,074250, MAN delay: 0,012705, WAN delay: 0,601481)
average server utilization Edge/Cloud/Mobile: 9,392128/0,453061/0,000000
average cost: 0.0$
Scenario finished at 20/01/2020 21:05:55. It took 48 Seconds
----------------------------------------------------------------------
Scenario started at 20/01/2020 21:05:55
Scenario: TWO_TIER_WITH_EO - Policy: FUZZY_BASED - #iteration: 1
Duration: 5.0 min (warm up period: 1.0 min) - #devices: 800
Creating tasks...Done, 
Creating device locations...Done.
SimManager is starting...Done.
.........10.........20.........30.........40.........50.........60.........70.........80.........90.........100
# of tasks (Edge/Cloud/Mobile): 26449(22803/3646/0)
# of failed tasks (Edge/Cloud/Mobile): 127(110/17/0)
# of completed tasks (Edge/Cloud/Mobile): 26322(22693/3629/0)
# of uncompleted tasks (Edge/Cloud/Mobile): 125(118/0/7)
# of failed tasks due to vm capacity (Edge/Cloud/Mobile): 0(0/0/0)
# of failed tasks due to Mobility/Network(WLAN/MAN/WAN): 127/0(0/0/0)
percentage of failed tasks: 0,480169%
average service time: 0,954414 seconds. (on Edge: 0,924801, on Cloud: 1,139588, on Mobile: NaN)
average processing time: 0,767966 seconds. (on Edge: 0,856064, on Cloud: 0,217068, on Mobile: NaN)
average network delay: 0,186448 seconds. (LAN delay: 0,068737, MAN delay: NaN, WAN delay: 0,922520)
average server utilization Edge/Cloud/Mobile: 4,101312/1,841837/0,000000
average cost: 0.0$
Scenario finished at 20/01/2020 21:08:50. It took 2 Minutes 55 Seconds
----------------------------------------------------------------------
Scenario started at 20/01/2020 21:08:50
Scenario: TWO_TIER_WITH_EO - Policy: DEEP_EDGE - #iteration: 1
Duration: 5.0 min (warm up period: 1.0 min) - #devices: 1000
Creating tasks...Done, 
Creating device locations...Done.
SimManager is starting...Done.
...Model is created successfully
......10.........20.........30.........40.........50.........60.........70.........80.........90.........100
# of tasks (Edge/Cloud/Mobile): 32064(27258/4806/0)
# of failed tasks (Edge/Cloud/Mobile): 210(199/11/0)
# of completed tasks (Edge/Cloud/Mobile): 31854(27059/4795/0)
# of uncompleted tasks (Edge/Cloud/Mobile): 247(226/6/15)
# of failed tasks due to vm capacity (Edge/Cloud/Mobile): 0(0/0/0)
# of failed tasks due to Mobility/Network(WLAN/MAN/WAN): 210/0(0/0/0)
percentage of failed tasks: 0,654940%
average service time: 1,425598 seconds. (on Edge: 1,549970, on Cloud: 0,723750, on Mobile: NaN)
average processing time: 1,266771 seconds. (on Edge: 1,471833, on Cloud: 0,109567, on Mobile: NaN)
average network delay: 0,158828 seconds. (LAN delay: 0,078114, MAN delay: 0,012688, WAN delay: 0,614183)
average server utilization Edge/Cloud/Mobile: 14,212099/0,513265/0,000000
average cost: 0.0$
Scenario finished at 20/01/2020 21:09:52. It took 1 Minute 1 Seconds
----------------------------------------------------------------------
Scenario started at 20/01/2020 21:09:52
Scenario: TWO_TIER_WITH_EO - Policy: FUZZY_BASED - #iteration: 1
Duration: 5.0 min (warm up period: 1.0 min) - #devices: 1000
Creating tasks...Done, 
Creating device locations...Done.
SimManager is starting...Done.
.........10.........20.........30.........40.........50.........60.........70.........80.........90.........100
# of tasks (Edge/Cloud/Mobile): 32196(27753/4443/0)
# of failed tasks (Edge/Cloud/Mobile): 157(131/26/0)
# of completed tasks (Edge/Cloud/Mobile): 32039(27622/4417/0)
# of uncompleted tasks (Edge/Cloud/Mobile): 209(196/3/10)
# of failed tasks due to vm capacity (Edge/Cloud/Mobile): 0(0/0/0)
# of failed tasks due to Mobility/Network(WLAN/MAN/WAN): 157/0(0/0/0)
percentage of failed tasks: 0,487638%
average service time: 1,052417 seconds. (on Edge: 1,026029, on Cloud: 1,217438, on Mobile: NaN)
average processing time: 0,847792 seconds. (on Edge: 0,946361, on Cloud: 0,231380, on Mobile: NaN)
average network delay: 0,204625 seconds. (LAN delay: 0,079537, MAN delay: 0,012772, WAN delay: 0,986058)
average server utilization Edge/Cloud/Mobile: 5,753644/1,903061/0,000000
average cost: 0.0$
Scenario finished at 20/01/2020 21:13:07. It took 3 Minutes 15 Seconds
----------------------------------------------------------------------
Scenario started at 20/01/2020 21:13:07
Scenario: TWO_TIER_WITH_EO - Policy: DEEP_EDGE - #iteration: 1
Duration: 5.0 min (warm up period: 1.0 min) - #devices: 1200
Creating tasks...Done, 
Creating device locations...Done.
SimManager is starting...Done.
...Model is created successfully
......10.........20.........30.........40.........50.........60.........70.........80.........90.........100
# of tasks (Edge/Cloud/Mobile): 39999(34871/5128/0)
# of failed tasks (Edge/Cloud/Mobile): 403(379/24/0)
# of completed tasks (Edge/Cloud/Mobile): 39596(34492/5104/0)
# of uncompleted tasks (Edge/Cloud/Mobile): 439(413/7/19)
# of failed tasks due to vm capacity (Edge/Cloud/Mobile): 57(57/0/0)
# of failed tasks due to Mobility/Network(WLAN/MAN/WAN): 346/0(0/0/0)
percentage of failed tasks: 1,007525%
average service time: 2,089017 seconds. (on Edge: 2,294886, on Cloud: 0,697792, on Mobile: NaN)
average processing time: 1,934514 seconds. (on Edge: 2,205501, on Cloud: 0,103235, on Mobile: NaN)
average network delay: 0,154503 seconds. (LAN delay: 0,089236, MAN delay: 0,012921, WAN delay: 0,594557)
average server utilization Edge/Cloud/Mobile: 23,779883/0,551020/0,000000
average cost: 0.0$
Scenario finished at 20/01/2020 21:14:37. It took 1 Minute 29 Seconds
----------------------------------------------------------------------
Scenario started at 20/01/2020 21:14:37
Scenario: TWO_TIER_WITH_EO - Policy: FUZZY_BASED - #iteration: 1
Duration: 5.0 min (warm up period: 1.0 min) - #devices: 1200
Creating tasks...Done, 
Creating device locations...Done.
SimManager is starting...Done.
.........10.........20.........30.........40.........50.........60.........70.........80.........90.........100
# of tasks (Edge/Cloud/Mobile): 39498(34148/5350/0)
# of failed tasks (Edge/Cloud/Mobile): 216(187/29/0)
# of completed tasks (Edge/Cloud/Mobile): 39282(33961/5321/0)
# of uncompleted tasks (Edge/Cloud/Mobile): 284(265/4/15)
# of failed tasks due to vm capacity (Edge/Cloud/Mobile): 0(0/0/0)
# of failed tasks due to Mobility/Network(WLAN/MAN/WAN): 216/0(0/0/0)
percentage of failed tasks: 0,546863%
average service time: 1,138078 seconds. (on Edge: 1,113319, on Cloud: 1,296102, on Mobile: NaN)
average processing time: 0,917722 seconds. (on Edge: 1,026776, on Cloud: 0,221695, on Mobile: NaN)
average network delay: 0,220356 seconds. (LAN delay: 0,086281, MAN delay: 0,012945, WAN delay: 1,074407)
average server utilization Edge/Cloud/Mobile: 7,626458/2,438776/0,000000
average cost: 0.0$
Scenario finished at 20/01/2020 21:18:31. It took 3 Minutes 53 Seconds
----------------------------------------------------------------------
Scenario started at 20/01/2020 21:18:31
Scenario: TWO_TIER_WITH_EO - Policy: DEEP_EDGE - #iteration: 1
Duration: 5.0 min (warm up period: 1.0 min) - #devices: 1400
Creating tasks...Done, 
Creating device locations...Done.
SimManager is starting...Done.
...Model is created successfully
......10.........20.........30.........40.........50.........60.........70.........80.........90.........100
# of tasks (Edge/Cloud/Mobile): 46926(41740/5186/0)
# of failed tasks (Edge/Cloud/Mobile): 495(469/26/0)
# of completed tasks (Edge/Cloud/Mobile): 46431(41271/5160/0)
# of uncompleted tasks (Edge/Cloud/Mobile): 783(751/3/29)
# of failed tasks due to vm capacity (Edge/Cloud/Mobile): 1(1/0/0)
# of failed tasks due to Mobility/Network(WLAN/MAN/WAN): 494/0(0/0/0)
percentage of failed tasks: 1,054852%
average service time: 2,786026 seconds. (on Edge: 3,042308, on Cloud: 0,736217, on Mobile: NaN)
average processing time: 2,627301 seconds. (on Edge: 2,942118, on Cloud: 0,109313, on Mobile: NaN)
average network delay: 0,158726 seconds. (LAN delay: 0,099667, MAN delay: 0,013122, WAN delay: 0,626904)
average server utilization Edge/Cloud/Mobile: 38,036808/0,698980/0,000000
average cost: 0.0$
Scenario finished at 20/01/2020 21:20:29. It took 1 Minute 58 Seconds
----------------------------------------------------------------------
Scenario started at 20/01/2020 21:20:29
Scenario: TWO_TIER_WITH_EO - Policy: FUZZY_BASED - #iteration: 1
Duration: 5.0 min (warm up period: 1.0 min) - #devices: 1400
Creating tasks...Done, 
Creating device locations...Done.
SimManager is starting...Done.
.........10.........20.........30.........40.........50.........60.........70.........80.........90.........100
# of tasks (Edge/Cloud/Mobile): 47055(41084/5971/0)
# of failed tasks (Edge/Cloud/Mobile): 300(249/51/0)
# of completed tasks (Edge/Cloud/Mobile): 46755(40835/5920/0)
# of uncompleted tasks (Edge/Cloud/Mobile): 283(272/0/11)
# of failed tasks due to vm capacity (Edge/Cloud/Mobile): 0(0/0/0)
# of failed tasks due to Mobility/Network(WLAN/MAN/WAN): 300/0(0/0/0)
percentage of failed tasks: 0,637552%
average service time: 1,239880 seconds. (on Edge: 1,218464, on Cloud: 1,387608, on Mobile: NaN)
average processing time: 1,009158 seconds. (on Edge: 1,121135, on Cloud: 0,236767, on Mobile: NaN)
average network delay: 0,230722 seconds. (LAN delay: 0,096855, MAN delay: 0,013112, WAN delay: 1,150841)
average server utilization Edge/Cloud/Mobile: 10,047012/3,066327/0,000000
average cost: 0.0$
Scenario finished at 20/01/2020 21:25:21. It took 4 Minutes 51 Seconds
----------------------------------------------------------------------
Scenario started at 20/01/2020 21:25:21
Scenario: TWO_TIER_WITH_EO - Policy: DEEP_EDGE - #iteration: 1
Duration: 5.0 min (warm up period: 1.0 min) - #devices: 1600
Creating tasks...Done, 
Creating device locations...Done.
SimManager is starting...Done.
...Model is created successfully
......10.........20.........30.........40.........50.........60.........70.........80.........90.........100
# of tasks (Edge/Cloud/Mobile): 53630(48395/5235/0)
# of failed tasks (Edge/Cloud/Mobile): 811(785/26/0)
# of completed tasks (Edge/Cloud/Mobile): 52819(47610/5209/0)
# of uncompleted tasks (Edge/Cloud/Mobile): 985(951/2/32)
# of failed tasks due to vm capacity (Edge/Cloud/Mobile): 9(9/0/0)
# of failed tasks due to Mobility/Network(WLAN/MAN/WAN): 802/0(0/0/0)
percentage of failed tasks: 1,512213%
average service time: 3,368698 seconds. (on Edge: 3,654137, on Cloud: 0,759803, on Mobile: NaN)
average processing time: 3,202941 seconds. (on Edge: 3,541290, on Cloud: 0,110441, on Mobile: NaN)
average network delay: 0,165758 seconds. (LAN delay: 0,111653, MAN delay: 0,013474, WAN delay: 0,649362)
average server utilization Edge/Cloud/Mobile: 49,791545/0,717347/0,000000
average cost: 0.0$
Scenario finished at 20/01/2020 21:28:23. It took 3 Minutes 1 Seconds
----------------------------------------------------------------------
Scenario started at 20/01/2020 21:28:23
Scenario: TWO_TIER_WITH_EO - Policy: FUZZY_BASED - #iteration: 1
Duration: 5.0 min (warm up period: 1.0 min) - #devices: 1600
Creating tasks...Done, 
Creating device locations...Done.
SimManager is starting...Done.
.........10.........20.........30.........40.........50.........60.........70.........80.........90.........100
# of tasks (Edge/Cloud/Mobile): 54678(48853/5825/0)
# of failed tasks (Edge/Cloud/Mobile): 440(416/24/0)
# of completed tasks (Edge/Cloud/Mobile): 54238(48437/5801/0)
# of uncompleted tasks (Edge/Cloud/Mobile): 475(447/0/28)
# of failed tasks due to vm capacity (Edge/Cloud/Mobile): 0(0/0/0)
# of failed tasks due to Mobility/Network(WLAN/MAN/WAN): 440/0(0/0/0)
percentage of failed tasks: 0,804711%
average service time: 1,698632 seconds. (on Edge: 1,738136, on Cloud: 1,368789, on Mobile: NaN)
average processing time: 1,470716 seconds. (on Edge: 1,618720, on Cloud: 0,234916, on Mobile: NaN)
average network delay: 0,227917 seconds. (LAN delay: 0,117454, MAN delay: 0,013675, WAN delay: 1,133873)
average server utilization Edge/Cloud/Mobile: 19,065233/2,771429/0,000000
average cost: 0.0$
Scenario finished at 20/01/2020 21:34:35. It took 6 Minutes 12 Seconds
----------------------------------------------------------------------
Scenario started at 20/01/2020 21:34:35
Scenario: TWO_TIER_WITH_EO - Policy: DEEP_EDGE - #iteration: 1
Duration: 5.0 min (warm up period: 1.0 min) - #devices: 1800
Creating tasks...Done, 
Creating device locations...Done.
SimManager is starting...Done.
...Model is created successfully
......10.........20.........30.........40.........50.........60.........70.........80.........90.........100
# of tasks (Edge/Cloud/Mobile): 59605(53818/5787/0)
# of failed tasks (Edge/Cloud/Mobile): 1482(1248/234/0)
# of completed tasks (Edge/Cloud/Mobile): 58123(52570/5553/0)
# of uncompleted tasks (Edge/Cloud/Mobile): 1787(1726/5/56)
# of failed tasks due to vm capacity (Edge/Cloud/Mobile): 0(0/0/0)
# of failed tasks due to Mobility/Network(WLAN/MAN/WAN): 1286/196(4/0/192)
percentage of failed tasks: 2,486369%
average service time: 4,175182 seconds. (on Edge: 4,495481, on Cloud: 1,142920, on Mobile: NaN)
average processing time: 3,970090 seconds. (on Edge: 4,372043, on Cloud: 0,164823, on Mobile: NaN)
average network delay: 0,205092 seconds. (LAN delay: 0,121069, MAN delay: 0,014212, WAN delay: 0,978097)
average server utilization Edge/Cloud/Mobile: 64,686589/1,774490/0,000000
average cost: 0.0$
Scenario finished at 20/01/2020 21:38:19. It took 3 Minutes 43 Seconds
----------------------------------------------------------------------
Scenario started at 20/01/2020 21:38:19
Scenario: TWO_TIER_WITH_EO - Policy: FUZZY_BASED - #iteration: 1
Duration: 5.0 min (warm up period: 1.0 min) - #devices: 1800
Creating tasks...Done, 
Creating device locations...Done.
SimManager is starting...Done.
.........10.........20.........30.........40.........50.........60.........70.........80.........90.........100
# of tasks (Edge/Cloud/Mobile): 59565(52708/6857/0)
# of failed tasks (Edge/Cloud/Mobile): 598(556/42/0)
# of completed tasks (Edge/Cloud/Mobile): 58967(52152/6815/0)
# of uncompleted tasks (Edge/Cloud/Mobile): 869(803/5/61)
# of failed tasks due to vm capacity (Edge/Cloud/Mobile): 0(0/0/0)
# of failed tasks due to Mobility/Network(WLAN/MAN/WAN): 598/0(0/0/0)
percentage of failed tasks: 1,003945%
average service time: 2,073272 seconds. (on Edge: 2,154064, on Cloud: 1,455011, on Mobile: NaN)
average processing time: 1,818104 seconds. (on Edge: 2,026827, on Cloud: 0,220844, on Mobile: NaN)
average network delay: 0,255168 seconds. (LAN delay: 0,123670, MAN delay: 0,014592, WAN delay: 1,234167)
average server utilization Edge/Cloud/Mobile: 26,488338/2,884694/0,000000
average cost: 0.0$
Scenario finished at 20/01/2020 21:44:52. It took 6 Minutes 33 Seconds
----------------------------------------------------------------------
Scenario started at 20/01/2020 21:44:52
Scenario: TWO_TIER_WITH_EO - Policy: DEEP_EDGE - #iteration: 1
Duration: 5.0 min (warm up period: 1.0 min) - #devices: 2000
Creating tasks...Done, 
Creating device locations...Done.
SimManager is starting...Done.
...Model is created successfully
......10.........20.........30.........40.........50.........60.........70.........80.........90.........100
# of tasks (Edge/Cloud/Mobile): 66927(58395/8532/0)
# of failed tasks (Edge/Cloud/Mobile): 3111(1472/1639/0)
# of completed tasks (Edge/Cloud/Mobile): 63816(56923/6893/0)
# of uncompleted tasks (Edge/Cloud/Mobile): 2032(1851/15/166)
# of failed tasks due to vm capacity (Edge/Cloud/Mobile): 93(93/0/0)
# of failed tasks due to Mobility/Network(WLAN/MAN/WAN): 1489/1529(0/0/1529)
percentage of failed tasks: 4,648348%
average service time: 5,204533 seconds. (on Edge: 5,466343, on Cloud: 3,042487, on Mobile: NaN)
average processing time: 4,771471 seconds. (on Edge: 5,324642, on Cloud: 0,203340, on Mobile: NaN)
average network delay: 0,433062 seconds. (LAN delay: 0,131937, MAN delay: 0,028425, WAN delay: 2,839147)
average server utilization Edge/Cloud/Mobile: 75,930394/2,834694/0,000000
average cost: 0.0$
Scenario finished at 20/01/2020 21:48:44. It took 3 Minutes 51 Seconds
----------------------------------------------------------------------
Scenario started at 20/01/2020 21:48:44
Scenario: TWO_TIER_WITH_EO - Policy: FUZZY_BASED - #iteration: 1
Duration: 5.0 min (warm up period: 1.0 min) - #devices: 2000
Creating tasks...Done, 
Creating device locations...Done.
SimManager is starting...Done.
.........10.........20.........30.........40.........50.........60.........70.........80.........90.........100
# of tasks (Edge/Cloud/Mobile): 64150(56524/7626/0)
# of failed tasks (Edge/Cloud/Mobile): 1030(956/74/0)
# of completed tasks (Edge/Cloud/Mobile): 63120(55568/7552/0)
# of uncompleted tasks (Edge/Cloud/Mobile): 1221(1154/6/61)
# of failed tasks due to vm capacity (Edge/Cloud/Mobile): 104(104/0/0)
# of failed tasks due to Mobility/Network(WLAN/MAN/WAN): 913/13(0/0/13)
percentage of failed tasks: 1,605612%
average service time: 2,761331 seconds. (on Edge: 2,883037, on Cloud: 1,865812, on Mobile: NaN)
average processing time: 2,444781 seconds. (on Edge: 2,749120, on Cloud: 0,205439, on Mobile: NaN)
average network delay: 0,316550 seconds. (LAN delay: 0,127993, MAN delay: 0,017223, WAN delay: 1,660373)
average server utilization Edge/Cloud/Mobile: 38,387026/3,481633/0,000000
average cost: 0.0$
Scenario finished at 20/01/2020 21:55:58. It took 7 Minutes 13 Seconds
----------------------------------------------------------------------
Scenario started at 20/01/2020 21:55:58
Scenario: TWO_TIER_WITH_EO - Policy: DEEP_EDGE - #iteration: 1
Duration: 5.0 min (warm up period: 1.0 min) - #devices: 2200
Creating tasks...Done, 
Creating device locations...Done.
SimManager is starting...Done.
...Model is created successfully
......10.........20.........30.........40.........50.........60.........70.........80.........90.........100
# of tasks (Edge/Cloud/Mobile): 73868(61670/12198/0)
# of failed tasks (Edge/Cloud/Mobile): 7690(2465/5225/0)
# of completed tasks (Edge/Cloud/Mobile): 66178(59205/6973/0)
# of uncompleted tasks (Edge/Cloud/Mobile): 2337(1947/20/370)
# of failed tasks due to vm capacity (Edge/Cloud/Mobile): 390(390/0/0)
# of failed tasks due to Mobility/Network(WLAN/MAN/WAN): 1858/5442(0/429/5013)
percentage of failed tasks: 10,410462%
average service time: 5,701687 seconds. (on Edge: 5,728199, on Cloud: 5,476586, on Mobile: NaN)
average processing time: 5,005604 seconds. (on Edge: 5,572118, on Cloud: 0,195558, on Mobile: NaN)
average network delay: 0,696083 seconds. (LAN delay: 0,146324, MAN delay: 0,020836, WAN delay: 5,281029)
average server utilization Edge/Cloud/Mobile: 80,201895/3,178571/0,000000
average cost: 0.0$
Scenario finished at 20/01/2020 22:00:12. It took 4 Minutes 14 Seconds
----------------------------------------------------------------------
Scenario started at 20/01/2020 22:00:12
Scenario: TWO_TIER_WITH_EO - Policy: FUZZY_BASED - #iteration: 1
Duration: 5.0 min (warm up period: 1.0 min) - #devices: 2200
Creating tasks...Done, 
Creating device locations...Done.
SimManager is starting...Done.
.........10.........20.........30.........40.........50.........60.........70.........80.........90.........100
# of tasks (Edge/Cloud/Mobile): 73853(62345/11508/0)
# of failed tasks (Edge/Cloud/Mobile): 5428(4440/988/0)
# of completed tasks (Edge/Cloud/Mobile): 68425(57905/10520/0)
# of uncompleted tasks (Edge/Cloud/Mobile): 1851(1540/30/281)
# of failed tasks due to vm capacity (Edge/Cloud/Mobile): 2139(2139/0/0)
# of failed tasks due to Mobility/Network(WLAN/MAN/WAN): 1275/2014(0/1193/821)
percentage of failed tasks: 7,349735%
average service time: 3,955580 seconds. (on Edge: 4,086088, on Cloud: 3,237230, on Mobile: NaN)
average processing time: 3,364623 seconds. (on Edge: 3,938183, on Cloud: 0,207590, on Mobile: NaN)
average network delay: 0,590958 seconds. (LAN delay: 0,141887, MAN delay: 0,015768, WAN delay: 3,029641)
average server utilization Edge/Cloud/Mobile: 56,657434/4,142857/0,000000
average cost: 0.0$
Scenario finished at 20/01/2020 22:27:20. It took 27 Minutes 8 Seconds
----------------------------------------------------------------------
Scenario started at 20/01/2020 22:27:20
Scenario: TWO_TIER_WITH_EO - Policy: DEEP_EDGE - #iteration: 1
Duration: 5.0 min (warm up period: 1.0 min) - #devices: 2400
Creating tasks...Done, 
Creating device locations...Done.
SimManager is starting...Done.
...Model is created successfully
......10.........20.........30.........40.........50.........60.........70.........80.........90.........100
# of tasks (Edge/Cloud/Mobile): 78953(62646/16307/0)
# of failed tasks (Edge/Cloud/Mobile): 12900(2945/9955/0)
# of completed tasks (Edge/Cloud/Mobile): 66053(59701/6352/0)
# of uncompleted tasks (Edge/Cloud/Mobile): 2454(2059/14/381)
# of failed tasks due to vm capacity (Edge/Cloud/Mobile): 647(647/0/0)
# of failed tasks due to Mobility/Network(WLAN/MAN/WAN): 1868/10385(6/633/9746)
percentage of failed tasks: 16,338834%
average service time: 5,930044 seconds. (on Edge: 5,881910, on Cloud: 6,382448, on Mobile: NaN)
average processing time: 5,190771 seconds. (on Edge: 5,724324, on Cloud: 0,176032, on Mobile: NaN)
average network delay: 0,739273 seconds. (LAN delay: 0,139815, MAN delay: 0,036446, WAN delay: 6,206416)
average server utilization Edge/Cloud/Mobile: 82,654519/3,148980/0,000000
average cost: 0.0$
Scenario finished at 20/01/2020 22:32:16. It took 4 Minutes 55 Seconds
----------------------------------------------------------------------
Scenario started at 20/01/2020 22:32:16
Scenario: TWO_TIER_WITH_EO - Policy: FUZZY_BASED - #iteration: 1
Duration: 5.0 min (warm up period: 1.0 min) - #devices: 2400
Creating tasks...Done, 
Creating device locations...Done.
SimManager is starting...Done.
.........10.........20.........30.........40.........50.........60.........70.........80.........90.........100
# of tasks (Edge/Cloud/Mobile): 80216(66907/13309/0)
# of failed tasks (Edge/Cloud/Mobile): 10644(8355/2289/0)
# of completed tasks (Edge/Cloud/Mobile): 69572(58552/11020/0)
# of uncompleted tasks (Edge/Cloud/Mobile): 1787(1540/47/200)
# of failed tasks due to vm capacity (Edge/Cloud/Mobile): 4833(4833/0/0)
# of failed tasks due to Mobility/Network(WLAN/MAN/WAN): 1438/4373(0/2292/2081)
percentage of failed tasks: 13,269173%
average service time: 4,287857 seconds. (on Edge: 4,391948, on Cloud: 3,734799, on Mobile: NaN)
average processing time: 3,607027 seconds. (on Edge: 4,243824, on Cloud: 0,223567, on Mobile: NaN)
average network delay: 0,680831 seconds. (LAN delay: 0,141870, MAN delay: 0,016652, WAN delay: 3,511232)
average server utilization Edge/Cloud/Mobile: 61,308673/5,126531/0,000000
average cost: 0.0$
Scenario finished at 20/01/2020 22:40:31. It took 8 Minutes 14 Seconds
----------------------------------------------------------------------
Simulation finished at 20/01/2020 22:40:31. It took 1 Hour 41 Minutes 23 Seconds
