#auto generated file!
6.0;0.0;0.0;0.0
12.0;0.0;0.0;0.0
18.0;0.375;2.95;0.0
24.0;7.160714285714286;1.05;0.0
30.0;16.696428571428573;1.25;0.0
36.0;21.625;3.9499999999999997;0.0
42.0;39.67857142857143;0.55;0.0
48.0;71.0;1.25;0.0
54.0;36.5;2.1;0.0
60.0;6.732142857142857;1.5;0.0
66.0;31.607142857142858;3.2500000000000004;0.0
72.0;32.232142857142854;2.55;0.0
78.0;25.964285714285715;4.4;0.0
84.0;18.803571428571427;2.85;0.0
90.0;17.071428571428573;4.1499999999999995;0.0
96.0;17.696428571428573;2.0500000000000003;0.0
102.0;23.767857142857142;1.0;0.0
108.0;31.410714285714285;1.15;0.0
114.0;52.160714285714285;1.4000000000000001;0.0
120.0;50.910714285714285;2.3499999999999996;0.0
126.0;33.589285714285715;3.4999999999999996;0.0
132.0;11.696428571428571;1.45;0.0
138.0;5.125;2.4;0.0
144.0;5.660714285714286;0.85;0.0
150.0;3.6607142857142856;1.5;0.0
156.0;6.267857142857143;0.75;0.0
162.0;8.857142857142858;1.45;0.0
168.0;17.607142857142858;1.65;0.0
174.0;30.821428571428573;1.6;0.0
180.0;31.392857142857142;1.25;0.0
186.0;24.303571428571427;1.1;0.0
192.0;19.0;1.9000000000000004;0.0
198.0;18.107142857142858;3.3;0.0
204.0;15.75;1.45;0.0
210.0;15.214285714285714;1.2999999999999998;0.0
216.0;14.053571428571429;1.35;0.0
222.0;17.303571428571427;2.35;0.0
228.0;24.357142857142858;1.05;0.0
234.0;32.357142857142854;1.35;0.0
240.0;31.732142857142858;1.65;0.0
246.0;32.910714285714285;3.8999999999999995;0.0
252.0;31.160714285714285;5.6;0.0
258.0;30.160714285714285;3.8999999999999995;0.0
264.0;29.642857142857142;3.95;0.0
270.0;26.660714285714285;3.8499999999999996;0.0
276.0;28.607142857142858;4.1;0.0
282.0;28.285714285714285;1.25;0.0
288.0;35.55357142857143;2.3;0.0
294.0;37.339285714285715;1.2;0.0
