#auto generated file!
6.0;0.0;0.0;0.0
12.0;0.42857142857142855;0.0;0.0
18.0;4.285714285714286;0.0;0.0
24.0;7.303571428571429;0.0;0.0
30.0;12.303571428571429;0.0;0.0
36.0;22.267857142857142;0.0;0.0
42.0;28.714285714285715;0.0;0.0
48.0;42.910714285714285;0.0;0.0
54.0;54.07142857142857;0.0;0.0
60.0;59.25;0.0;0.0
66.0;59.75;0.0;0.0
72.0;42.42857142857143;0.0;0.0
78.0;30.767857142857142;0.0;0.0
84.0;24.321428571428573;0.0;0.0
90.0;22.357142857142858;0.0;0.0
96.0;22.428571428571427;0.0;0.0
102.0;24.857142857142858;0.0;0.0
108.0;35.285714285714285;0.0;0.0
114.0;41.267857142857146;0.0;0.0
120.0;43.142857142857146;0.0;0.0
126.0;29.767857142857142;0.0;0.0
132.0;14.035714285714286;0.0;0.0
138.0;10.482142857142858;0.0;0.0
144.0;8.357142857142858;0.0;0.0
150.0;5.732142857142857;0.0;0.0
156.0;9.017857142857142;0.0;0.0
162.0;12.535714285714286;0.0;0.0
168.0;18.142857142857142;0.0;0.0
174.0;20.482142857142858;0.0;0.0
180.0;19.339285714285715;0.0;0.0
186.0;19.839285714285715;0.0;0.0
192.0;18.785714285714285;0.0;0.0
198.0;17.821428571428573;0.0;0.0
204.0;13.321428571428571;0.0;0.0
210.0;11.660714285714286;0.0;0.0
216.0;14.357142857142858;0.0;0.0
222.0;19.785714285714285;0.0;0.0
228.0;23.339285714285715;0.0;0.0
234.0;31.142857142857142;0.0;0.0
240.0;33.589285714285715;0.0;0.0
246.0;31.232142857142858;0.0;0.0
252.0;33.42857142857143;0.0;0.0
258.0;35.107142857142854;0.0;0.0
264.0;31.875;0.0;0.0
270.0;32.92857142857143;0.0;0.0
276.0;28.75;0.0;0.0
282.0;26.125;0.0;0.0
288.0;29.285714285714285;0.0;0.0
294.0;28.732142857142858;0.0;0.0
