#auto generated file!
6.0;0.0;0.0;0.0
12.0;0.7678571428571429;0.0;0.0
18.0;2.8392857142857144;0.75;0.0
24.0;7.267857142857143;0.0;0.0
30.0;10.553571428571429;0.75;0.0
36.0;15.785714285714286;1.5;0.0
42.0;26.339285714285715;0.5;0.0
48.0;32.82142857142857;3.75;0.0
54.0;32.32142857142857;0.3;0.0
60.0;32.732142857142854;2.0;0.0
66.0;26.357142857142858;3.0;0.0
72.0;16.803571428571427;2.25;0.0
78.0;16.839285714285715;0.0;0.0
84.0;17.232142857142858;1.5;0.0
90.0;13.285714285714286;0.75;0.0
96.0;14.910714285714286;2.05;0.0
102.0;20.142857142857142;1.15;0.0
108.0;24.875;1.0;0.0
114.0;24.178571428571427;0.25;0.0
120.0;21.357142857142858;2.25;0.0
126.0;14.571428571428571;1.75;0.0
132.0;8.839285714285714;0.5;0.0
138.0;6.660714285714286;0.5;0.0
144.0;5.428571428571429;0.0;0.0
150.0;5.696428571428571;0.0;0.0
156.0;8.839285714285714;0.0;0.0
162.0;14.75;0.2;0.0
168.0;19.089285714285715;0.15;0.0
174.0;21.321428571428573;0.0;0.0
180.0;18.803571428571427;0.75;0.0
186.0;16.053571428571427;1.0;0.0
192.0;16.839285714285715;1.5;0.0
198.0;13.839285714285714;1.25;0.0
204.0;14.553571428571429;1.2999999999999998;0.0
210.0;11.482142857142858;0.3;0.0
216.0;14.196428571428571;0.75;0.0
222.0;16.625;0.8;0.0
228.0;25.589285714285715;3.3;0.0
234.0;23.892857142857142;1.5;0.0
240.0;20.553571428571427;2.9;0.0
246.0;17.660714285714285;5.4;0.0
252.0;15.053571428571429;1.75;0.0
258.0;14.892857142857142;5.5;0.0
264.0;15.321428571428571;4.0;0.0
270.0;14.696428571428571;3.75;0.0
276.0;15.071428571428571;0.9;0.0
282.0;16.857142857142858;2.65;0.0
288.0;19.892857142857142;2.15;0.0
294.0;21.125;1.55;0.0
