#auto generated file!
6.0;0.0;0.0;0.0
12.0;0.0;0.55;0.0
18.0;0.14285714285714285;0.7000000000000001;0.0
24.0;9.375;2.95;0.0
30.0;15.696428571428571;3.55;0.0
36.0;26.053571428571427;1.35;0.0
42.0;52.892857142857146;1.0499999999999998;0.0
48.0;35.32142857142857;0.8500000000000001;0.0
54.0;8.946428571428571;0.9500000000000001;0.0
60.0;4.232142857142857;2.5;0.0
66.0;13.982142857142858;1.7999999999999998;0.0
72.0;27.053571428571427;2.25;0.0
78.0;23.625;2.4;0.0
84.0;19.035714285714285;3.4;0.0
90.0;19.607142857142858;2.2;0.0
96.0;25.535714285714285;3.0499999999999994;0.0
102.0;31.375;0.6;0.0
108.0;58.285714285714285;3.9999999999999996;0.0
114.0;86.57142857142857;1.6;0.0
120.0;99.375;2.7;0.0
126.0;91.01785714285714;1.8000000000000003;0.0
132.0;52.785714285714285;1.6500000000000001;0.0
138.0;11.232142857142858;1.2000000000000002;0.0
144.0;5.875;2.0500000000000003;0.0
150.0;6.142857142857143;1.25;0.0
156.0;9.357142857142858;1.25;0.0
162.0;14.017857142857142;1.35;0.0
168.0;24.089285714285715;0.8500000000000001;0.0
174.0;37.92857142857143;1.5999999999999999;0.0
180.0;47.75;0.7000000000000001;0.0
186.0;52.07142857142857;1.0;0.0
192.0;55.67857142857143;1.75;0.0
198.0;47.017857142857146;1.15;0.0
204.0;29.446428571428573;1.4;0.0
210.0;18.035714285714285;1.45;0.0
216.0;15.214285714285714;3.4;0.0
222.0;20.285714285714285;2.6999999999999997;0.0
228.0;27.625;1.7000000000000002;0.0
234.0;36.392857142857146;2.1;0.0
240.0;36.625;3.8499999999999996;0.0
246.0;35.857142857142854;1.65;0.0
252.0;30.732142857142858;4.1;0.0
258.0;30.5;2.6499999999999995;0.0
264.0;32.25;4.0;0.0
270.0;32.785714285714285;4.05;0.0
276.0;34.19642857142857;4.7;0.0
282.0;36.910714285714285;1.25;0.0
288.0;42.589285714285715;2.1999999999999997;0.0
294.0;46.660714285714285;1.5;0.0
