#auto generated file!
6.0;0.0;0.0;0.0
12.0;0.0;0.3;0.0
18.0;0.0;0.7000000000000001;0.0
24.0;1.5535714285714286;1.85;0.0
30.0;6.964285714285714;1.6500000000000001;0.0
36.0;10.017857142857142;1.05;0.0
42.0;15.089285714285714;2.35;0.0
48.0;20.196428571428573;0.6;0.0
54.0;25.625;1.05;0.0
60.0;20.446428571428573;1.75;0.0
66.0;16.125;2.25;0.0
72.0;9.375;1.8;0.0
78.0;7.071428571428571;1.95;0.0
84.0;7.25;1.7;0.0
90.0;6.303571428571429;3.0;0.0
96.0;9.75;3.85;0.0
102.0;9.625;2.45;0.0
108.0;14.625;3.5500000000000003;0.0
114.0;15.357142857142858;1.9;0.0
120.0;13.321428571428571;1.5499999999999998;0.0
126.0;7.732142857142857;2.45;0.0
132.0;4.803571428571429;0.8999999999999999;0.0
138.0;2.6785714285714284;0.85;0.0
144.0;2.3214285714285716;1.05;0.0
150.0;1.4464285714285714;1.3499999999999999;0.0
156.0;1.8035714285714286;1.95;0.0
162.0;4.267857142857143;0.75;0.0
168.0;8.642857142857142;1.9999999999999998;0.0
174.0;8.910714285714286;1.15;0.0
180.0;7.410714285714286;1.1;0.0
186.0;8.142857142857142;1.4;0.0
192.0;8.625;0.9500000000000001;0.0
198.0;7.910714285714286;1.05;0.0
204.0;6.178571428571429;1.35;0.0
210.0;6.232142857142857;0.3;0.0
216.0;6.785714285714286;1.5;0.0
222.0;6.964285714285714;1.2;0.0
228.0;11.035714285714286;1.8;0.0
234.0;17.732142857142858;3.0;0.0
240.0;14.571428571428571;4.1499999999999995;0.0
246.0;13.035714285714286;1.65;0.0
252.0;10.214285714285714;2.3;0.0
258.0;9.410714285714286;4.1;0.0
264.0;14.303571428571429;5.25;0.0
270.0;13.303571428571429;3.1499999999999995;0.0
276.0;10.392857142857142;1.2999999999999998;0.0
282.0;9.375;3.05;0.0
288.0;11.5;3.3;0.0
294.0;9.75;1.25;0.0
