#auto generated file!
6.0;0.0;0.0;0.0
12.0;0.26785714285714285;0.0;0.0
18.0;4.285714285714286;0.0;0.0
24.0;14.732142857142858;0.0;0.0
30.0;20.357142857142858;0.0;0.0
36.0;25.714285714285715;0.0;0.0
42.0;29.464285714285715;0.0;0.0
48.0;31.339285714285715;0.0;0.0
54.0;48.482142857142854;0.0;0.0
60.0;51.964285714285715;0.0;0.0
66.0;57.857142857142854;0.0;0.0
72.0;67.76785714285714;0.0;0.0
78.0;69.10714285714286;0.0;0.0
84.0;68.83928571428571;0.0;0.0
90.0;60.80357142857143;0.0;0.0
96.0;45.0;0.0;0.0
102.0;33.214285714285715;0.0;0.0
108.0;23.839285714285715;0.0;0.0
114.0;18.214285714285715;0.0;0.0
120.0;12.321428571428571;0.0;0.0
126.0;6.696428571428571;0.0;0.0
132.0;2.9464285714285716;0.0;0.0
138.0;0.8035714285714286;0.0;0.0
144.0;0.26785714285714285;0.0;0.0
150.0;0.0;0.0;0.0
156.0;0.0;0.0;0.0
162.0;0.0;0.0;0.0
168.0;0.0;0.0;0.0
174.0;0.0;0.0;0.0
180.0;0.0;0.0;0.0
186.0;0.0;0.0;0.0
192.0;0.5357142857142857;0.0;0.0
198.0;2.9464285714285716;0.0;0.0
204.0;5.892857142857143;0.0;0.0
210.0;15.535714285714286;0.0;0.0
216.0;23.839285714285715;0.0;0.0
222.0;27.589285714285715;0.0;0.0
228.0;36.42857142857143;0.0;0.0
234.0;45.80357142857143;0.0;0.0
240.0;49.017857142857146;0.0;0.0
246.0;59.19642857142857;0.0;0.0
252.0;70.44642857142857;0.0;0.0
258.0;67.5;0.0;0.0
264.0;66.16071428571429;0.0;0.0
270.0;61.07142857142857;0.0;0.0
276.0;46.339285714285715;0.0;0.0
282.0;35.625;0.0;0.0
288.0;21.964285714285715;0.0;0.0
294.0;18.75;0.0;0.0
