#auto generated file!
6.0;0.0;0.0;0.0
12.0;0.0;0.4;0.0
18.0;1.8035714285714286;2.4499999999999997;0.0
24.0;6.607142857142857;3.4;0.0
30.0;15.928571428571429;4.25;0.0
36.0;35.910714285714285;4.5;0.0
42.0;38.44642857142857;1.5499999999999998;0.0
48.0;5.982142857142857;1.95;0.0
54.0;5.267857142857143;2.4000000000000004;0.0
60.0;3.5714285714285716;1.7;0.0
66.0;3.0;3.3000000000000003;0.0
72.0;16.0;3.65;0.0
78.0;24.660714285714285;0.75;0.0
84.0;26.982142857142858;4.65;0.0
90.0;21.839285714285715;1.9000000000000001;0.0
96.0;23.410714285714285;3.05;0.0
102.0;39.732142857142854;1.25;0.0
108.0;72.28571428571429;3.1500000000000004;0.0
114.0;39.517857142857146;3.0;0.0
120.0;5.5;1.45;0.0
126.0;29.785714285714285;2.3;0.0
132.0;12.232142857142858;2.9000000000000004;0.0
138.0;12.75;0.8999999999999999;0.0
144.0;8.0;1.15;0.0
150.0;5.625;1.8;0.0
156.0;11.964285714285714;2.0999999999999996;0.0
162.0;17.821428571428573;1.95;0.0
168.0;29.910714285714285;1.3499999999999999;0.0
174.0;42.035714285714285;1.8499999999999999;0.0
180.0;46.767857142857146;1.8;0.0
186.0;24.357142857142858;0.8500000000000001;0.0
192.0;14.607142857142858;0.75;0.0
198.0;33.982142857142854;1.55;0.0
204.0;41.767857142857146;0.65;0.0
210.0;30.160714285714285;0.44999999999999996;0.0
216.0;27.875;4.0;0.0
222.0;31.839285714285715;1.0499999999999998;0.0
228.0;55.732142857142854;2.85;0.0
234.0;89.625;1.2;0.0
240.0;103.69642857142857;1.05;0.0
246.0;106.78571428571429;2.05;0.0
252.0;95.94642857142857;10.200000000000003;0.0
258.0;88.80357142857143;6.1;0.0
264.0;91.16071428571429;4.1499999999999995;0.0
270.0;95.28571428571429;3.9;0.0
276.0;100.05357142857143;3.0999999999999996;0.0
282.0;108.125;2.75;0.0
288.0;111.23214285714286;1.25;0.0
294.0;126.64285714285714;1.2;0.0
