#auto generated file!
6.0;0.0;0.0;0.0
12.0;0.0;0.0;0.0
18.0;0.14285714285714285;2.05;0.0
24.0;2.1785714285714284;0.85;0.0
30.0;5.375;2.0;0.0
36.0;9.839285714285714;3.45;0.0
42.0;16.875;1.2999999999999998;0.0
48.0;17.267857142857142;2.05;0.0
54.0;20.767857142857142;1.4;0.0
60.0;18.928571428571427;3.0500000000000003;0.0
66.0;12.464285714285714;5.15;0.0
72.0;7.803571428571429;4.05;0.0
78.0;9.5;1.55;0.0
84.0;8.857142857142858;3.7499999999999996;0.0
90.0;7.732142857142857;5.05;0.0
96.0;8.464285714285714;0.85;0.0
102.0;11.589285714285714;0.75;0.0
108.0;16.089285714285715;2.4000000000000004;0.0
114.0;15.267857142857142;1.65;0.0
120.0;13.017857142857142;1.9500000000000002;0.0
126.0;6.571428571428571;1.75;0.0
132.0;4.446428571428571;1.25;0.0
138.0;2.107142857142857;1.3499999999999999;0.0
144.0;1.6964285714285714;1.6;0.0
150.0;2.107142857142857;1.05;0.0
156.0;2.5892857142857144;1.75;0.0
162.0;5.0;0.8;0.0
168.0;8.285714285714286;0.7999999999999999;0.0
174.0;9.607142857142858;1.4;0.0
180.0;8.321428571428571;0.75;0.0
186.0;8.803571428571429;1.7;0.0
192.0;6.946428571428571;0.55;0.0
198.0;8.232142857142858;1.0999999999999999;0.0
204.0;8.642857142857142;2.6;0.0
210.0;6.303571428571429;3.1999999999999997;0.0
216.0;7.607142857142857;3.2;0.0
222.0;8.5;3.8;0.0
228.0;10.0;1.95;0.0
234.0;11.892857142857142;4.35;0.0
240.0;14.678571428571429;2.35;0.0
246.0;8.053571428571429;2.4;0.0
252.0;11.482142857142858;3.0999999999999996;0.0
258.0;12.303571428571429;2.5;0.0
264.0;13.196428571428571;3.25;0.0
270.0;9.696428571428571;2.6;0.0
276.0;11.892857142857142;2.6999999999999997;0.0
282.0;10.767857142857142;1.9499999999999997;0.0
288.0;13.125;1.4500000000000002;0.0
294.0;12.946428571428571;1.7500000000000002;0.0
