#auto generated file!
6.0;0.0;0.0;0.0
12.0;0.26785714285714285;0.4;0.0
18.0;1.375;0.55;0.0
24.0;1.7321428571428572;4.15;0.0
30.0;4.357142857142857;5.8;0.0
36.0;13.875;1.8;0.0
42.0;21.375;4.5;0.0
48.0;39.214285714285715;4.1499999999999995;0.0
54.0;45.732142857142854;4.949999999999999;0.0
60.0;37.92857142857143;2.55;0.0
66.0;32.714285714285715;3.6999999999999997;0.0
72.0;14.464285714285714;12.6;0.0
78.0;9.625;3.45;0.0
84.0;5.142857142857143;5.449999999999999;0.0
90.0;5.517857142857143;5.300000000000001;0.0
96.0;5.392857142857143;5.6499999999999995;0.0
102.0;15.142857142857142;3.05;0.0
108.0;25.0;3.75;0.0
114.0;32.125;3.5;0.0
120.0;31.142857142857142;5.799999999999999;0.0
126.0;21.017857142857142;1.7499999999999998;0.0
132.0;6.785714285714286;2.25;0.0
138.0;6.142857142857143;1.95;0.0
144.0;3.0892857142857144;1.65;0.0
150.0;2.3214285714285716;1.25;0.0
156.0;3.375;0.9;0.0
162.0;6.678571428571429;1.65;0.0
168.0;18.767857142857142;1.9;0.0
174.0;25.428571428571427;1.65;0.0
180.0;29.035714285714285;1.25;0.0
186.0;27.607142857142858;1.8;0.0
192.0;27.875;0.6;0.0
198.0;23.339285714285715;1.7999999999999998;0.0
204.0;14.071428571428571;1.15;0.0
210.0;8.678571428571429;2.9000000000000004;0.0
216.0;8.589285714285714;4.75;0.0
222.0;10.535714285714286;5.25;0.0
228.0;16.285714285714285;6.15;0.0
234.0;23.75;4.65;0.0
240.0;21.946428571428573;9.95;0.0
246.0;21.089285714285715;4.55;0.0
252.0;21.553571428571427;5.95;0.0
258.0;23.75;5.3;0.0
264.0;23.089285714285715;7.3;0.0
270.0;19.714285714285715;9.65;0.0
276.0;23.339285714285715;6.699999999999999;0.0
282.0;22.375;6.95;0.0
288.0;28.267857142857142;7.85;0.0
294.0;25.857142857142858;2.55;0.0
