#auto generated file!
6.0;0.0;0.0;0.0
12.0;0.0;0.0;0.0
18.0;0.0;0.75;0.0
24.0;0.0;2.0;0.0
30.0;0.10714285714285714;1.5999999999999999;0.0
36.0;0.05357142857142857;0.7;0.0
42.0;0.9464285714285714;2.65;0.0
48.0;1.9821428571428572;0.75;0.0
54.0;1.1071428571428572;1.65;0.0
60.0;1.5714285714285714;3.4000000000000004;0.0
66.0;0.9285714285714286;2.25;0.0
72.0;0.6071428571428571;1.5999999999999999;0.0
78.0;0.9464285714285714;1.55;0.0
84.0;0.75;1.1;0.0
90.0;0.32142857142857145;2.25;0.0
96.0;0.05357142857142857;2.0;0.0
102.0;0.32142857142857145;1.0499999999999998;0.0
108.0;1.1964285714285714;2.5500000000000003;0.0
114.0;0.8571428571428571;2.9499999999999997;0.0
120.0;1.0714285714285714;2.15;0.0
126.0;0.7678571428571429;0.5;0.0
132.0;0.4642857142857143;1.05;0.0
138.0;0.0;0.7;0.0
144.0;0.0;0.3;0.0
150.0;0.05357142857142857;0.3;0.0
156.0;0.0;0.3;0.0
162.0;0.23214285714285715;1.3;0.0
168.0;0.5178571428571429;1.2;0.0
174.0;0.42857142857142855;0.65;0.0
180.0;0.5178571428571429;0.7;0.0
186.0;0.6607142857142857;1.0;0.0
192.0;0.9821428571428571;0.15;0.0
198.0;0.9107142857142857;2.35;0.0
204.0;0.8035714285714286;0.7000000000000001;0.0
210.0;0.8214285714285714;1.55;0.0
216.0;1.25;3.2;0.0
222.0;0.9642857142857143;1.05;0.0
228.0;1.6607142857142858;0.6;0.0
234.0;1.9821428571428572;0.6;0.0
240.0;0.9285714285714286;1.3499999999999999;0.0
246.0;1.0714285714285714;0.6;0.0
252.0;1.1964285714285714;1.9500000000000002;0.0
258.0;0.875;1.15;0.0
264.0;1.0;2.3;0.0
270.0;0.32142857142857145;0.75;0.0
276.0;0.21428571428571427;4.35;0.0
282.0;2.357142857142857;2.25;0.0
288.0;1.6785714285714286;1.2;0.0
294.0;1.3214285714285714;0.7999999999999999;0.0
