#auto generated file!
6.0;0.0;0.0;0.0
12.0;0.017857142857142856;0.0;0.0
18.0;0.8214285714285714;0.15;0.0
24.0;1.6785714285714286;0.15;0.0
30.0;3.1964285714285716;0.25;0.0
36.0;5.571428571428571;0.3;0.0
42.0;4.982142857142857;0.3;0.0
48.0;9.0;1.05;0.0
54.0;6.946428571428571;0.44999999999999996;0.0
60.0;5.696428571428571;0.15;0.0
66.0;3.7857142857142856;0.05;0.0
72.0;3.267857142857143;0.6;0.0
78.0;4.071428571428571;0.9;0.0
84.0;3.142857142857143;0.0;0.0
90.0;4.107142857142857;0.0;0.0
96.0;4.535714285714286;1.2;0.0
102.0;5.392857142857143;0.3;0.0
108.0;6.25;0.15;0.0
114.0;4.910714285714286;0.6;0.0
120.0;3.2142857142857144;0.15;0.0
126.0;2.857142857142857;0.15;0.0
132.0;1.875;0.0;0.0
138.0;1.6071428571428572;0.15;0.0
144.0;1.5357142857142858;0.0;0.0
150.0;1.0714285714285714;0.15;0.0
156.0;1.1785714285714286;0.15;0.0
162.0;2.0892857142857144;0.15;0.0
168.0;2.375;0.0;0.0
174.0;4.107142857142857;0.25;0.0
180.0;3.3392857142857144;0.25;0.0
186.0;3.9285714285714284;0.8;0.0
192.0;3.2857142857142856;0.15;0.0
198.0;2.625;1.05;0.0
204.0;1.6607142857142858;0.4;0.0
210.0;3.357142857142857;0.0;0.0
216.0;2.9464285714285716;0.15;0.0
222.0;4.125;0.6;0.0
228.0;2.9642857142857144;0.15;0.0
234.0;4.125;0.15;0.0
240.0;3.7857142857142856;0.0;0.0
246.0;4.321428571428571;0.0;0.0
252.0;3.892857142857143;2.0;0.0
258.0;5.285714285714286;1.3;0.0
264.0;6.660714285714286;1.3;0.0
270.0;6.142857142857143;0.15;0.0
276.0;4.303571428571429;0.3;0.0
282.0;5.375;1.2999999999999998;0.0
288.0;3.6785714285714284;0.9;0.0
294.0;3.1607142857142856;0.15;0.0
