#auto generated file!
6.0;0.0;0.0;0.0
12.0;0.0;0.25;0.0
18.0;0.35714285714285715;1.1;0.0
24.0;4.125;0.75;0.0
30.0;9.25;1.6500000000000001;0.0
36.0;17.857142857142858;1.8499999999999999;0.0
42.0;28.25;0.8999999999999999;0.0
48.0;44.482142857142854;1.15;0.0
54.0;64.57142857142857;0.8500000000000001;0.0
60.0;74.5;3.8;0.0
66.0;63.892857142857146;2.35;0.0
72.0;40.410714285714285;2.45;0.0
78.0;24.357142857142858;3.15;0.0
84.0;20.607142857142858;2.0999999999999996;0.0
90.0;16.535714285714285;2.05;0.0
96.0;20.017857142857142;1.5;0.0
102.0;17.839285714285715;3.4499999999999997;0.0
108.0;29.928571428571427;3.95;0.0
114.0;36.035714285714285;2.9;0.0
120.0;34.625;2.2;0.0
126.0;16.410714285714285;1.6999999999999997;0.0
132.0;5.464285714285714;2.9499999999999997;0.0
138.0;6.446428571428571;1.45;0.0
144.0;4.392857142857143;1.0499999999999998;0.0
150.0;4.017857142857143;1.05;0.0
156.0;6.803571428571429;1.15;0.0
162.0;10.303571428571429;1.4;0.0
168.0;15.625;1.9500000000000002;0.0
174.0;24.928571428571427;1.15;0.0
180.0;20.107142857142858;1.4999999999999998;0.0
186.0;19.892857142857142;0.65;0.0
192.0;18.482142857142858;1.55;0.0
198.0;10.964285714285714;1.65;0.0
204.0;11.517857142857142;1.5;0.0
210.0;11.125;2.75;0.0
216.0;12.821428571428571;0.95;0.0
222.0;15.482142857142858;0.8999999999999999;0.0
228.0;21.553571428571427;2.75;0.0
234.0;28.053571428571427;2.3999999999999995;0.0
240.0;29.321428571428573;3.4000000000000004;0.0
246.0;25.928571428571427;3.8999999999999995;0.0
252.0;24.696428571428573;2.75;0.0
258.0;27.160714285714285;5.449999999999999;0.0
264.0;23.767857142857142;3.0;0.0
270.0;20.232142857142858;4.55;0.0
276.0;23.625;2.1500000000000004;0.0
282.0;26.160714285714285;0.75;0.0
288.0;31.25;2.5;0.0
294.0;27.142857142857142;2.6;0.0
