#auto generated file!
6.0;0.0;0.0;0.0
12.0;0.8035714285714286;0.0;0.0
18.0;5.232142857142857;0.0;0.0
24.0;10.517857142857142;0.0;0.0
30.0;19.5;0.0;0.0
36.0;42.392857142857146;0.0;0.0
42.0;73.0;0.0;0.0
48.0;81.48214285714286;2.0;0.0
54.0;93.23214285714286;2.35;0.0
60.0;92.625;0.3;0.0
66.0;79.23214285714286;0.6;0.0
72.0;75.35714285714286;0.0;0.0
78.0;69.57142857142857;0.0;0.0
84.0;57.357142857142854;0.0;0.0
90.0;52.642857142857146;0.0;0.0
96.0;50.732142857142854;0.0;0.0
102.0;57.107142857142854;0.0;0.0
108.0;77.80357142857143;0.0;0.0
114.0;80.03571428571429;1.3;0.0
120.0;79.75;1.35;0.0
126.0;75.80357142857143;0.15;0.0
132.0;51.589285714285715;0.0;0.0
138.0;23.125;0.0;0.0
144.0;10.75;0.0;0.0
150.0;8.535714285714286;0.0;0.0
156.0;11.964285714285714;0.0;0.0
162.0;15.571428571428571;0.0;0.0
168.0;26.303571428571427;0.0;0.0
174.0;43.25;0.0;0.0
180.0;54.375;0.0;0.0
186.0;60.785714285714285;0.0;0.0
192.0;68.83928571428571;0.0;0.0
198.0;69.35714285714286;0.0;0.0
204.0;62.589285714285715;0.0;0.0
210.0;44.910714285714285;0.0;0.0
216.0;39.017857142857146;0.0;0.0
222.0;39.982142857142854;0.0;0.0
228.0;55.285714285714285;0.0;0.0
234.0;64.25;0.0;0.0
240.0;73.16071428571429;0.0;0.0
246.0;76.73214285714286;0.0;0.0
252.0;78.91071428571429;0.55;0.0
258.0;74.0;0.0;0.0
264.0;74.39285714285714;0.0;0.0
270.0;79.14285714285714;0.55;0.0
276.0;78.73214285714286;0.0;0.0
282.0;79.30357142857143;0.0;0.0
288.0;78.96428571428571;0.3;0.0
294.0;75.58928571428571;1.05;0.0
