#auto generated file!
6.0;0.0;0.0;0.0
12.0;0.5714285714285714;0.0;0.0
18.0;6.75;0.0;0.0
24.0;13.303571428571429;0.0;0.0
30.0;27.535714285714285;0.0;0.0
36.0;49.17857142857143;0.0;0.0
42.0;80.14285714285714;1.4;0.0
48.0;80.21428571428571;3.5999999999999996;0.0
54.0;80.25;0.44999999999999996;0.0
60.0;79.98214285714286;0.6;0.0
66.0;79.125;0.75;0.0
72.0;79.55357142857143;0.9;0.0
78.0;73.26785714285714;1.05;0.0
84.0;67.66071428571429;0.0;0.0
90.0;72.23214285714286;0.75;0.0
96.0;76.60714285714286;0.0;0.0
102.0;79.42857142857143;2.75;0.0
108.0;79.98214285714286;1.7999999999999998;0.0
114.0;79.53571428571429;0.9500000000000001;0.0
120.0;80.01785714285714;1.45;0.0
126.0;79.01785714285714;0.0;0.0
132.0;67.58928571428571;0.9;0.0
138.0;44.714285714285715;0.0;0.0
144.0;15.803571428571429;0.15;0.0
150.0;11.160714285714286;0.0;0.0
156.0;15.660714285714286;0.0;0.0
162.0;19.785714285714285;0.15;0.0
168.0;35.42857142857143;0.0;0.0
174.0;63.910714285714285;0.0;0.0
180.0;18.482142857142858;0.0;0.0
186.0;55.30357142857143;0.0;0.0
192.0;72.66071428571429;0.0;0.0
198.0;79.08928571428571;0.0;0.0
204.0;77.76785714285714;0.0;0.0
210.0;78.78571428571429;0.75;0.0
216.0;77.39285714285714;0.75;0.0
222.0;79.91071428571429;1.35;0.0
228.0;79.0;1.95;0.0
234.0;80.26785714285714;0.6;0.0
240.0;80.10714285714286;1.65;0.0
246.0;79.91071428571429;0.6;0.0
252.0;79.03571428571429;0.7;0.0
258.0;79.53571428571429;1.05;0.0
264.0;78.66071428571429;2.55;0.0
270.0;79.96428571428571;2.5;0.0
276.0;77.0;1.05;0.0
282.0;80.46428571428571;1.0999999999999999;0.0
288.0;79.96428571428571;1.05;0.0
294.0;78.55357142857143;0.9;0.0
