#auto generated file!
6.0;0.0;0.0;0.0
12.0;0.07142857142857142;0.15;0.0
18.0;0.875;1.35;0.0
24.0;1.4285714285714286;3.4499999999999997;0.0
30.0;1.8035714285714286;4.75;0.0
36.0;3.375;2.2;0.0
42.0;4.160714285714286;6.0;0.0
48.0;9.660714285714286;2.25;0.0
54.0;12.714285714285714;4.0;0.0
60.0;8.75;3.7499999999999996;0.0
66.0;3.392857142857143;3.0;0.0
72.0;2.5;5.85;0.0
78.0;2.4464285714285716;3.4499999999999997;0.0
84.0;1.3571428571428572;3.3;0.0
90.0;0.9107142857142857;4.0;0.0
96.0;1.9285714285714286;2.5;0.0
102.0;2.9464285714285716;3.1499999999999995;0.0
108.0;7.714285714285714;5.5;0.0
114.0;11.821428571428571;3.7;0.0
120.0;7.0;1.6;0.0
126.0;4.232142857142857;1.4;0.0
132.0;1.6607142857142858;1.7;0.0
138.0;1.2321428571428572;1.9;0.0
144.0;1.1785714285714286;0.44999999999999996;0.0
150.0;0.5892857142857143;0.3;0.0
156.0;1.0535714285714286;0.6;0.0
162.0;2.017857142857143;1.0499999999999998;0.0
168.0;4.910714285714286;1.5499999999999998;0.0
174.0;10.392857142857142;2.65;0.0
180.0;6.178571428571429;2.05;0.0
186.0;4.946428571428571;1.5499999999999998;0.0
192.0;4.803571428571429;1.5;0.0
198.0;2.5357142857142856;1.55;0.0
204.0;2.3214285714285716;1.15;0.0
210.0;3.0;1.75;0.0
216.0;2.1607142857142856;2.4999999999999996;0.0
222.0;3.517857142857143;2.85;0.0
228.0;4.714285714285714;3.15;0.0
234.0;8.017857142857142;3.15;0.0
240.0;4.642857142857143;5.799999999999999;0.0
246.0;4.410714285714286;4.1;0.0
252.0;3.875;5.05;0.0
258.0;5.642857142857143;3.35;0.0
264.0;5.75;6.25;0.0
270.0;6.357142857142857;7.549999999999999;0.0
276.0;5.0;2.6999999999999997;0.0
282.0;5.642857142857143;2.4000000000000004;0.0
288.0;6.553571428571429;0.7;0.0
294.0;8.910714285714286;3.15;0.0
