#auto generated file!
6.0;0.0;0.0;0.0
12.0;0.0;0.3;0.0
18.0;1.2678571428571428;1.4000000000000001;0.0
24.0;10.035714285714286;3.3000000000000003;0.0
30.0;20.714285714285715;3.3499999999999996;0.0
36.0;47.625;0.55;0.0
42.0;51.82142857142857;3.4000000000000004;0.0
48.0;8.875;1.1;0.0
54.0;3.9285714285714284;4.6;0.0
60.0;1.8392857142857142;1.05;0.0
66.0;3.8392857142857144;4.85;0.0
72.0;19.589285714285715;5.999999999999999;0.0
78.0;36.517857142857146;2.5499999999999994;0.0
84.0;37.30357142857143;2.1500000000000004;0.0
90.0;32.482142857142854;1.9000000000000001;0.0
96.0;45.19642857142857;2.3;0.0
102.0;67.125;2.5999999999999996;0.0
108.0;110.625;1.55;0.0
114.0;73.5;1.8000000000000003;0.0
120.0;14.285714285714286;4.199999999999999;0.0
126.0;38.535714285714285;1.15;0.0
132.0;19.392857142857142;1.6;0.0
138.0;12.017857142857142;2.1;0.0
144.0;8.214285714285714;1.2;0.0
150.0;10.553571428571429;0.8999999999999999;0.0
156.0;12.982142857142858;0.8;0.0
162.0;21.910714285714285;1.1;0.0
168.0;40.214285714285715;1.2999999999999998;0.0
174.0;12.035714285714286;0.85;0.0
180.0;2.7857142857142856;1.1;0.0
186.0;2.107142857142857;0.9500000000000001;0.0
192.0;1.5892857142857142;1.1;0.0
198.0;31.571428571428573;1.55;0.0
204.0;72.83928571428571;0.8500000000000001;0.0
210.0;75.94642857142857;0.9000000000000001;0.0
216.0;73.76785714285714;1.0;0.0
222.0;79.01785714285714;1.5;0.0
228.0;97.0;2.5999999999999996;0.0
234.0;127.48214285714286;2.55;0.0
240.0;127.53571428571429;2.55;0.0
246.0;114.57142857142857;4.449999999999999;0.0
252.0;94.60714285714286;2.8000000000000003;0.0
258.0;94.69642857142857;11.2;0.0
264.0;100.82142857142857;7.249999999999999;0.0
270.0;107.73214285714286;0.65;0.0
276.0;108.71428571428571;2.05;0.0
282.0;108.55357142857143;2.05;0.0
288.0;121.625;2.0500000000000003;0.0
294.0;131.57142857142858;1.0999999999999999;0.0
