#auto generated file!
6.0;0.0;0.0;0.0
12.0;0.0;0.2;0.0
18.0;0.8035714285714286;2.2;0.0
24.0;6.464285714285714;2.8;0.0
30.0;19.0;1.25;0.0
36.0;33.232142857142854;1.6;0.0
42.0;62.089285714285715;4.5;0.0
48.0;72.98214285714286;3.999999999999999;0.0
54.0;41.42857142857143;4.2;0.0
60.0;23.571428571428573;3.3499999999999996;0.0
66.0;23.178571428571427;1.2999999999999998;0.0
72.0;26.142857142857142;3.2;0.0
78.0;31.446428571428573;3.45;0.0
84.0;28.75;4.5;0.0
90.0;24.446428571428573;3.8;0.0
96.0;30.285714285714285;2.0500000000000003;0.0
102.0;39.410714285714285;2.95;0.0
108.0;58.57142857142857;1.2;0.0
114.0;88.53571428571429;2.6500000000000004;0.0
120.0;98.23214285714286;1.6;0.0
126.0;86.41071428571429;2.4000000000000004;0.0
132.0;43.875;2.45;0.0
138.0;10.017857142857142;0.44999999999999996;0.0
144.0;5.232142857142857;1.65;0.0
150.0;5.5;1.4999999999999998;0.0
156.0;12.410714285714286;1.4;0.0
162.0;15.464285714285714;0.5;0.0
168.0;25.821428571428573;0.44999999999999996;0.0
174.0;42.732142857142854;1.4;0.0
180.0;7.75;1.4000000000000001;0.0
186.0;36.25;1.5;0.0
192.0;34.660714285714285;0.65;0.0
198.0;29.232142857142858;1.5000000000000002;0.0
204.0;19.160714285714285;1.4999999999999998;0.0
210.0;16.392857142857142;0.75;0.0
216.0;17.589285714285715;1.5;0.0
222.0;26.946428571428573;2.7;0.0
228.0;40.464285714285715;1.5;0.0
234.0;58.5;1.8;0.0
240.0;65.57142857142857;4.6499999999999995;0.0
246.0;54.75;4.8999999999999995;0.0
252.0;36.535714285714285;2.65;0.0
258.0;42.375;7.5;0.0
264.0;49.732142857142854;3.75;0.0
270.0;46.464285714285715;3.0999999999999996;0.0
276.0;47.875;1.3;0.0
282.0;56.67857142857143;2.2;0.0
288.0;65.51785714285714;2.15;0.0
294.0;69.73214285714286;2.55;0.0
