#auto generated file!
6.0;0.0;0.0;0.0
12.0;0.5535714285714286;0.0;0.0
18.0;4.839285714285714;0.0;0.0
24.0;8.714285714285714;0.0;0.0
30.0;13.892857142857142;0.0;0.0
36.0;20.535714285714285;0.0;0.0
42.0;29.071428571428573;0.0;0.0
48.0;40.857142857142854;0.0;0.0
54.0;55.607142857142854;0.0;0.0
60.0;50.714285714285715;0.0;0.0
66.0;44.839285714285715;0.0;0.0
72.0;39.107142857142854;0.0;0.0
78.0;26.75;0.0;0.0
84.0;21.446428571428573;0.0;0.0
90.0;18.75;0.0;0.0
96.0;19.839285714285715;0.0;0.0
102.0;23.839285714285715;0.0;0.0
108.0;30.821428571428573;0.0;0.0
114.0;43.107142857142854;0.0;0.0
120.0;40.07142857142857;0.0;0.0
126.0;26.25;0.0;0.0
132.0;12.071428571428571;0.0;0.0
138.0;9.089285714285714;0.0;0.0
144.0;6.642857142857143;0.0;0.0
150.0;7.160714285714286;0.0;0.0
156.0;6.964285714285714;0.0;0.0
162.0;10.232142857142858;0.0;0.0
168.0;14.392857142857142;0.0;0.0
174.0;16.410714285714285;0.0;0.0
180.0;19.017857142857142;0.0;0.0
186.0;16.910714285714285;0.0;0.0
192.0;16.0;0.0;0.0
198.0;15.839285714285714;0.0;0.0
204.0;14.357142857142858;0.0;0.0
210.0;15.625;0.0;0.0
216.0;12.928571428571429;0.0;0.0
222.0;18.375;0.0;0.0
228.0;25.589285714285715;0.0;0.0
234.0;30.392857142857142;0.0;0.0
240.0;28.785714285714285;0.0;0.0
246.0;21.303571428571427;0.0;0.0
252.0;26.446428571428573;0.0;0.0
258.0;34.214285714285715;0.0;0.0
264.0;32.982142857142854;0.0;0.0
270.0;37.232142857142854;0.0;0.0
276.0;30.642857142857142;0.0;0.0
282.0;32.5;0.0;0.0
288.0;33.035714285714285;0.0;0.0
294.0;28.857142857142858;0.0;0.0
