#auto generated file!
6.0;0.0;0.0;0.0
12.0;0.35714285714285715;0.25;0.0
18.0;2.75;2.25;0.0
24.0;5.178571428571429;1.25;0.0
30.0;10.821428571428571;3.75;0.0
36.0;19.571428571428573;7.5;0.0
42.0;43.839285714285715;41.0;0.0
48.0;83.5;66.25;0.0
54.0;116.5;57.75;0.0
60.0;104.26785714285714;22.5;0.0
66.0;104.71428571428571;11.0;0.0
72.0;91.60714285714286;6.0;0.0
78.0;74.08928571428571;11.25;0.0
84.0;53.982142857142854;8.25;0.0
90.0;50.32142857142857;7.25;0.0
96.0;48.214285714285715;3.0;0.0
102.0;60.285714285714285;4.75;0.0
108.0;79.17857142857143;10.0;0.0
114.0;100.28571428571429;10.0;0.0
120.0;105.01785714285714;9.25;0.0
126.0;100.875;3.0;0.0
132.0;71.26785714285714;2.5;0.0
138.0;42.607142857142854;1.25;0.0
144.0;27.5;0.0;0.0
150.0;27.625;0.0;0.0
156.0;33.5;0.0;0.0
162.0;51.92857142857143;0.0;0.0
168.0;73.85714285714286;1.0;0.0
174.0;100.26785714285714;2.5;0.0
180.0;106.69642857142857;3.25;0.0
186.0;103.78571428571429;3.25;0.0
192.0;96.67857142857143;3.75;0.0
198.0;87.69642857142857;2.25;0.0
204.0;73.41071428571429;4.5;0.0
210.0;66.30357142857143;5.0;0.0
216.0;70.53571428571429;3.5;0.0
222.0;87.98214285714286;9.0;0.0
228.0;103.01785714285714;5.25;0.0
234.0;113.82142857142857;2.4;0.0
240.0;113.67857142857143;4.0;0.0
246.0;104.98214285714286;7.0;0.0
252.0;84.67857142857143;11.75;0.0
258.0;66.44642857142857;14.25;0.0
264.0;71.14285714285714;13.75;0.0
270.0;85.44642857142857;8.25;0.0
276.0;82.67857142857143;2.75;0.0
282.0;94.48214285714286;4.5;0.0
288.0;111.46428571428571;4.5;0.0
294.0;116.83928571428571;1.05;0.0
