#auto generated file!
6.0;0.0;0.0;0.0
12.0;0.0;0.65;0.0
18.0;0.9464285714285714;4.6499999999999995;0.0
24.0;4.196428571428571;1.5;0.0
30.0;11.767857142857142;1.15;0.0
36.0;23.767857142857142;1.7000000000000002;0.0
42.0;43.017857142857146;0.85;0.0
48.0;74.96428571428571;1.4;0.0
54.0;54.357142857142854;2.3;0.0
60.0;27.267857142857142;4.2;0.0
66.0;41.94642857142857;2.75;0.0
72.0;28.160714285714285;4.1499999999999995;0.0
78.0;22.785714285714285;1.2;0.0
84.0;16.0;5.1;0.0
90.0;14.25;3.15;0.0
96.0;19.125;3.75;0.0
102.0;24.053571428571427;1.8000000000000003;0.0
108.0;36.857142857142854;3.4;0.0
114.0;58.57142857142857;1.5499999999999998;0.0
120.0;64.01785714285714;2.85;0.0
126.0;45.857142857142854;1.85;0.0
132.0;12.446428571428571;1.4500000000000002;0.0
138.0;6.392857142857143;1.25;0.0
144.0;3.9285714285714284;0.9;0.0
150.0;5.25;0.75;0.0
156.0;6.642857142857143;1.1999999999999997;0.0
162.0;12.410714285714286;1.3499999999999999;0.0
168.0;16.875;1.05;0.0
174.0;29.589285714285715;1.3;0.0
180.0;36.80357142857143;1.25;0.0
186.0;36.44642857142857;1.35;0.0
192.0;30.767857142857142;1.2000000000000002;0.0
198.0;21.071428571428573;1.05;0.0
204.0;15.285714285714286;2.25;0.0
210.0;11.839285714285714;2.7;0.0
216.0;11.910714285714286;1.4;0.0
222.0;18.446428571428573;2.4;0.0
228.0;26.589285714285715;3.3;0.0
234.0;37.05357142857143;2.8499999999999996;0.0
240.0;41.035714285714285;3.15;0.0
246.0;38.410714285714285;6.599999999999999;0.0
252.0;28.785714285714285;5.55;0.0
258.0;27.196428571428573;3.55;0.0
264.0;25.089285714285715;1.85;0.0
270.0;27.571428571428573;4.45;0.0
276.0;28.142857142857142;5.35;0.0
282.0;27.071428571428573;4.049999999999999;0.0
288.0;30.821428571428573;3.2499999999999996;0.0
294.0;30.214285714285715;0.8999999999999999;0.0
