#auto generated file!
6.0;0.0;0.0;0.0
12.0;0.5357142857142857;0.0;0.0
18.0;27.053571428571427;0.0;0.0
24.0;80.08928571428571;16.5;0.0
30.0;81.16071428571429;75.75;0.0
36.0;79.55357142857143;114.0;0.0
42.0;81.96428571428571;69.75;0.0
48.0;80.89285714285714;30.0;0.0
54.0;83.57142857142857;21.75;0.0
60.0;73.66071428571429;6.0;0.0
66.0;66.69642857142857;6.75;0.0
72.0;76.07142857142857;3.75;0.0
78.0;77.41071428571429;19.5;0.0
84.0;81.42857142857143;17.25;0.0
90.0;79.82142857142857;27.75;0.0
96.0;78.21428571428571;15.0;0.0
102.0;75.26785714285714;15.0;0.0
108.0;60.535714285714285;3.75;0.0
114.0;51.160714285714285;2.25;0.0
120.0;80.08928571428571;23.25;0.0
126.0;78.48214285714286;18.0;0.0
132.0;44.732142857142854;5.25;0.0
138.0;19.017857142857142;1.5;0.0
144.0;6.964285714285714;3.75;0.0
150.0;3.75;1.5;0.0
156.0;1.875;1.5;0.0
162.0;0.0;0.75;0.0
168.0;0.0;0.0;0.0
174.0;0.0;0.0;0.0
180.0;0.0;0.0;0.0
186.0;0.0;0.0;0.0
192.0;3.2142857142857144;0.0;0.0
198.0;38.035714285714285;0.0;0.0
204.0;79.28571428571429;13.5;0.0
210.0;80.35714285714286;91.5;0.0
216.0;80.35714285714286;98.25;0.0
222.0;80.35714285714286;42.0;0.0
228.0;81.96428571428571;12.0;0.0
234.0;83.57142857142857;10.5;0.0
240.0;78.48214285714286;4.5;0.0
246.0;79.01785714285714;16.5;0.0
252.0;75.0;11.25;0.0
258.0;71.25;3.75;0.0
264.0;78.75;7.5;0.0
270.0;78.48214285714286;28.5;0.0
276.0;75.80357142857143;52.5;0.0
282.0;78.48214285714286;35.25;0.0
288.0;75.53571428571429;24.0;0.0
294.0;61.339285714285715;3.75;0.0
