#auto generated file!
6.0;0.0;0.0;0.0
12.0;0.0;0.0;0.0
18.0;2.2142857142857144;3.05;0.0
24.0;9.785714285714286;1.5;0.0
30.0;22.964285714285715;1.55;0.0
36.0;46.232142857142854;1.9000000000000001;0.0
42.0;58.25;1.7000000000000002;0.0
48.0;11.196428571428571;2.4;0.0
54.0;4.232142857142857;1.05;0.0
60.0;2.0535714285714284;2.4;0.0
66.0;1.9107142857142858;3.0500000000000003;0.0
72.0;19.285714285714285;1.4;0.0
78.0;28.214285714285715;4.949999999999999;0.0
84.0;27.571428571428573;5.1;0.0
90.0;29.089285714285715;5.800000000000001;0.0
96.0;44.035714285714285;2.85;0.0
102.0;66.57142857142857;3.25;0.0
108.0;105.10714285714286;2.25;0.0
114.0;75.69642857142857;0.95;0.0
120.0;21.089285714285715;1.8;0.0
126.0;46.982142857142854;2.4000000000000004;0.0
132.0;30.392857142857142;1.45;0.0
138.0;10.375;2.3999999999999995;0.0
144.0;8.571428571428571;0.9;0.0
150.0;6.553571428571429;1.7;0.0
156.0;11.446428571428571;0.9;0.0
162.0;21.125;1.6;0.0
168.0;39.17857142857143;0.8500000000000001;0.0
174.0;11.125;0.9;0.0
180.0;2.3214285714285716;0.9;0.0
186.0;1.4285714285714286;2.45;0.0
192.0;1.5892857142857142;2.85;0.0
198.0;0.7857142857142857;1.45;0.0
204.0;25.982142857142858;1.85;0.0
210.0;30.839285714285715;1.7;0.0
216.0;33.32142857142857;1.0;0.0
222.0;40.67857142857143;2.6999999999999997;0.0
228.0;53.80357142857143;2.1;0.0
234.0;87.66071428571429;2.0999999999999996;0.0
240.0;108.46428571428571;2.2499999999999996;0.0
246.0;103.14285714285714;5.3999999999999995;0.0
252.0;94.76785714285714;3.2999999999999994;0.0
258.0;95.28571428571429;5.75;0.0
264.0;101.16071428571429;2.3;0.0
270.0;96.0;2.8;0.0
276.0;106.07142857142857;7.349999999999998;0.0
282.0;114.96428571428571;1.0;0.0
288.0;119.76785714285714;1.0;0.0
294.0;130.51785714285714;1.75;0.0
