#auto generated file!
6.0;0.0;0.0;0.0
12.0;0.0;0.9;0.0
18.0;1.9285714285714286;2.15;0.0
24.0;8.875;2.9499999999999997;0.0
30.0;20.75;0.7;0.0
36.0;52.214285714285715;3.45;0.0
42.0;64.71428571428571;2.0;0.0
48.0;22.125;1.9499999999999997;0.0
54.0;6.928571428571429;1.45;0.0
60.0;3.857142857142857;1.65;0.0
66.0;4.232142857142857;2.55;0.0
72.0;20.285714285714285;0.44999999999999996;0.0
78.0;36.92857142857143;2.75;0.0
84.0;39.94642857142857;4.249999999999999;0.0
90.0;36.125;3.1499999999999995;0.0
96.0;42.92857142857143;2.8999999999999995;0.0
102.0;67.39285714285714;4.25;0.0
108.0;108.89285714285714;2.6;0.0
114.0;84.60714285714286;2.85;0.0
120.0;23.089285714285715;2.3000000000000003;0.0
126.0;15.5;1.75;0.0
132.0;16.035714285714285;1.75;0.0
138.0;12.482142857142858;1.75;0.0
144.0;9.714285714285714;1.15;0.0
150.0;6.0;1.0499999999999998;0.0
156.0;11.625;1.2;0.0
162.0;20.696428571428573;1.45;0.0
168.0;37.625;0.8;0.0
174.0;11.464285714285714;1.7;0.0
180.0;2.2142857142857144;1.25;0.0
186.0;2.0535714285714284;1.4;0.0
192.0;1.5714285714285714;1.9500000000000002;0.0
198.0;32.5;2.0999999999999996;0.0
204.0;14.25;1.4;0.0
210.0;26.678571428571427;1.9000000000000001;0.0
216.0;31.571428571428573;1.4999999999999998;0.0
222.0;30.660714285714285;1.95;0.0
228.0;56.92857142857143;2.45;0.0
234.0;87.73214285714286;2.4;0.0
240.0;112.69642857142857;4.35;0.0
246.0;107.375;0.55;0.0
252.0;90.92857142857143;8.5;0.0
258.0;101.125;7.5;0.0
264.0;97.94642857142857;5.6000000000000005;0.0
270.0;103.67857142857143;1.1;0.0
276.0;102.41071428571429;2.6;0.0
282.0;115.41071428571429;4.45;0.0
288.0;121.125;2.55;0.0
294.0;136.71428571428572;3.45;0.0
