#auto generated file!
6.0;0.0;0.0;0.0
12.0;0.6785714285714286;0.0;0.0
18.0;6.285714285714286;0.0;0.0
24.0;12.696428571428571;0.0;0.0
30.0;18.910714285714285;0.0;0.0
36.0;31.267857142857142;0.0;0.0
42.0;58.517857142857146;0.0;0.0
48.0;79.41071428571429;2.7499999999999996;0.0
54.0;79.44642857142857;2.75;0.0
60.0;79.42857142857143;0.4;0.0
66.0;77.44642857142857;2.4;0.0
72.0;70.92857142857143;0.3;0.0
78.0;62.035714285714285;0.75;0.0
84.0;50.125;0.0;0.0
90.0;41.339285714285715;0.0;0.0
96.0;39.785714285714285;0.0;0.0
102.0;50.339285714285715;0.0;0.0
108.0;72.10714285714286;0.0;0.0
114.0;79.83928571428571;2.5;0.0
120.0;79.07142857142857;0.9;0.0
126.0;76.0;0.0;0.0
132.0;61.0;0.0;0.0
138.0;30.357142857142858;0.0;0.0
144.0;10.5;0.0;0.0
150.0;7.196428571428571;0.0;0.0
156.0;10.535714285714286;0.0;0.0
162.0;15.892857142857142;0.0;0.0
168.0;25.196428571428573;0.0;0.0
174.0;43.232142857142854;0.0;0.0
180.0;52.67857142857143;0.0;0.0
186.0;57.30357142857143;0.0;0.0
192.0;64.82142857142857;0.0;0.0
198.0;60.0;0.0;0.0
204.0;53.517857142857146;0.0;0.0
210.0;40.767857142857146;0.0;0.0
216.0;30.285714285714285;0.0;0.0
222.0;33.767857142857146;0.0;0.0
228.0;40.214285714285715;0.0;0.0
234.0;52.232142857142854;0.0;0.0
240.0;56.017857142857146;0.0;0.0
246.0;63.785714285714285;0.0;0.0
252.0;61.44642857142857;0.0;0.0
258.0;63.964285714285715;0.0;0.0
264.0;73.76785714285714;0.0;0.0
270.0;76.67857142857143;0.0;0.0
276.0;78.5;0.0;0.0
282.0;79.53571428571429;2.4;0.0
288.0;79.55357142857143;0.75;0.0
294.0;75.21428571428571;1.05;0.0
