#auto generated file!
6.0;0.0;0.0;0.0
12.0;0.8392857142857143;0.0;0.0
18.0;7.107142857142857;0.0;0.0
24.0;13.857142857142858;0.0;0.0
30.0;23.142857142857142;0.0;0.0
36.0;44.964285714285715;0.0;0.0
42.0;80.82142857142857;1.7;0.0
48.0;98.66071428571429;1.3499999999999999;0.0
54.0;125.23214285714286;1.3499999999999999;0.0
60.0;77.80357142857143;2.1;0.0
66.0;78.51785714285714;3.15;0.0
72.0;76.71428571428571;1.65;0.0
78.0;72.78571428571429;0.0;0.0
84.0;60.875;0.0;0.0
90.0;53.375;0.0;0.0
96.0;55.392857142857146;0.0;0.0
102.0;77.91071428571429;0.0;0.0
108.0;80.48214285714286;3.5999999999999996;0.0
114.0;87.17857142857143;1.4;0.0
120.0;86.35714285714286;2.4;0.0
126.0;78.75;1.05;0.0
132.0;68.32142857142857;0.0;0.0
138.0;44.339285714285715;0.0;0.0
144.0;19.410714285714285;0.0;0.0
150.0;10.928571428571429;0.0;0.0
156.0;15.767857142857142;0.0;0.0
162.0;18.0;0.0;0.0
168.0;31.267857142857142;0.0;0.0
174.0;55.642857142857146;0.0;0.0
180.0;12.75;0.0;0.0
186.0;61.410714285714285;0.0;0.0
192.0;80.26785714285714;0.6499999999999999;0.0
198.0;79.05357142857143;0.0;0.0
204.0;77.57142857142857;0.0;0.0
210.0;73.33928571428571;0.0;0.0
216.0;68.75;0.0;0.0
222.0;75.53571428571429;0.0;0.0
228.0;79.73214285714286;1.25;0.0
234.0;79.76785714285714;1.3499999999999999;0.0
240.0;80.21428571428571;2.2;0.0
246.0;77.875;1.5;0.0
252.0;78.46428571428571;1.7999999999999998;0.0
258.0;78.28571428571429;2.85;0.0
264.0;80.0;1.2;0.0
270.0;79.03571428571429;1.8;0.0
276.0;79.64285714285714;0.9;0.0
282.0;79.98214285714286;0.44999999999999996;0.0
288.0;79.14285714285714;1.4999999999999998;0.0
294.0;79.07142857142857;1.2;0.0
