#auto generated file!
6.0;0.0;0.0;0.0
12.0;0.08928571428571429;0.0;0.0
18.0;2.25;0.0;0.0
24.0;5.0;0.0;0.0
30.0;6.714285714285714;0.0;0.0
36.0;9.964285714285714;0.0;0.0
42.0;11.696428571428571;0.0;0.0
48.0;14.696428571428571;0.0;0.0
54.0;13.339285714285714;0.0;0.0
60.0;12.410714285714286;0.0;0.0
66.0;11.678571428571429;0.0;0.0
72.0;8.821428571428571;0.0;0.0
78.0;9.196428571428571;0.0;0.0
84.0;9.517857142857142;0.0;0.0
90.0;10.267857142857142;0.0;0.0
96.0;8.696428571428571;0.0;0.0
102.0;9.464285714285714;0.0;0.0
108.0;12.375;0.0;0.0
114.0;11.142857142857142;0.0;0.0
120.0;10.142857142857142;0.0;0.0
126.0;6.5;0.0;0.0
132.0;4.875;0.0;0.0
138.0;3.482142857142857;0.0;0.0
144.0;2.7857142857142856;0.0;0.0
150.0;3.017857142857143;0.0;0.0
156.0;3.517857142857143;0.0;0.0
162.0;4.196428571428571;0.0;0.0
168.0;5.785714285714286;0.0;0.0
174.0;7.428571428571429;0.0;0.0
180.0;7.571428571428571;0.0;0.0
186.0;5.767857142857143;0.0;0.0
192.0;5.589285714285714;0.0;0.0
198.0;6.660714285714286;0.0;0.0
204.0;5.285714285714286;0.0;0.0
210.0;5.375;0.0;0.0
216.0;6.125;0.0;0.0
222.0;6.714285714285714;0.0;0.0
228.0;9.232142857142858;0.0;0.0
234.0;9.285714285714286;0.0;0.0
240.0;9.071428571428571;0.0;0.0
246.0;10.196428571428571;0.0;0.0
252.0;8.464285714285714;0.0;0.0
258.0;11.642857142857142;0.0;0.0
264.0;14.303571428571429;0.0;0.0
270.0;11.517857142857142;0.0;0.0
276.0;11.571428571428571;0.0;0.0
282.0;14.375;0.0;0.0
288.0;11.071428571428571;0.0;0.0
294.0;9.464285714285714;0.0;0.0
