#auto generated file!
6.0;0.0;0.0;0.0
12.0;0.9107142857142857;0.0;0.0
18.0;8.375;0.0;0.0
24.0;16.339285714285715;0.0;0.0
30.0;30.482142857142858;0.0;0.0
36.0;62.69642857142857;0.0;0.0
42.0;79.91071428571429;2.1;0.0
48.0;80.08928571428571;1.6;0.0
54.0;37.839285714285715;1.6499999999999997;0.0
60.0;9.089285714285714;0.0;0.0
66.0;21.285714285714285;0.9;0.0
72.0;60.857142857142854;0.0;0.0
78.0;70.875;0.0;0.0
84.0;75.16071428571429;0.0;0.0
90.0;74.80357142857143;0.0;0.0
96.0;78.96428571428571;2.9;0.0
102.0;80.28571428571429;2.9999999999999996;0.0
108.0;79.85714285714286;2.6999999999999997;0.0
114.0;79.91071428571429;2.55;0.0
120.0;79.30357142857143;1.45;0.0
126.0;79.55357142857143;2.05;0.0
132.0;73.75;0.0;0.0
138.0;52.82142857142857;0.15;0.0
144.0;30.714285714285715;0.15;0.0
150.0;15.696428571428571;0.0;0.0
156.0;18.053571428571427;0.15;0.0
162.0;24.732142857142858;0.0;0.0
168.0;45.464285714285715;0.0;0.0
174.0;10.875;0.0;0.0
180.0;2.5357142857142856;0.15;0.0
186.0;2.232142857142857;0.0;0.0
192.0;1.1071428571428572;0.0;0.0
198.0;79.39285714285714;2.2499999999999996;0.0
204.0;79.875;0.55;0.0
210.0;78.92857142857143;0.3;0.0
216.0;79.5;0.0;0.0
222.0;77.42857142857143;1.2;0.0
228.0;79.78571428571429;2.4;0.0
234.0;80.35714285714286;0.9;0.0
240.0;79.82142857142857;1.05;0.0
246.0;78.58928571428571;0.4;0.0
252.0;79.92857142857143;2.55;0.0
258.0;79.25;3.3499999999999996;0.0
264.0;79.41071428571429;2.65;0.0
270.0;79.44642857142857;1.2;0.0
276.0;80.14285714285714;2.6999999999999997;0.0
282.0;79.67857142857143;2.15;0.0
288.0;80.32142857142857;1.2;0.0
294.0;80.14285714285714;1.7999999999999998;0.0
