#auto generated file!
6.0;0.0;0.0;0.0
12.0;0.0;0.9;0.0
18.0;2.2857142857142856;2.55;0.0
24.0;11.821428571428571;1.7500000000000002;0.0
30.0;27.517857142857142;2.0;0.0
36.0;52.910714285714285;2.25;0.0
42.0;68.71428571428571;1.25;0.0
48.0;14.535714285714286;2.55;0.0
54.0;3.8392857142857144;1.35;0.0
60.0;3.267857142857143;0.7000000000000001;0.0
66.0;3.017857142857143;2.1;0.0
72.0;18.803571428571427;2.1;0.0
78.0;27.821428571428573;3.0;0.0
84.0;30.339285714285715;1.65;0.0
90.0;30.535714285714285;5.449999999999999;0.0
96.0;36.732142857142854;3.0500000000000003;0.0
102.0;55.660714285714285;1.8499999999999999;0.0
108.0;94.67857142857143;2.75;0.0
114.0;60.07142857142857;3.25;0.0
120.0;11.589285714285714;0.8500000000000001;0.0
126.0;52.339285714285715;1.2999999999999998;0.0
132.0;33.482142857142854;0.3;0.0
138.0;12.267857142857142;1.8;0.0
144.0;9.321428571428571;1.4500000000000002;0.0
150.0;7.571428571428571;0.8999999999999999;0.0
156.0;11.214285714285714;0.7000000000000001;0.0
162.0;19.446428571428573;1.2;0.0
168.0;37.0;0.15;0.0
174.0;12.125;1.2;0.0
180.0;2.892857142857143;2.0;0.0
186.0;2.2857142857142856;1.25;0.0
192.0;2.142857142857143;1.6500000000000001;0.0
198.0;2.875;1.4500000000000002;0.0
204.0;1.6428571428571428;1.0;0.0
210.0;24.464285714285715;1.85;0.0
216.0;32.660714285714285;2.5999999999999996;0.0
222.0;45.07142857142857;2.25;0.0
228.0;64.96428571428571;1.95;0.0
234.0;98.89285714285714;4.05;0.0
240.0;113.58928571428571;4.549999999999999;0.0
246.0;113.10714285714286;3.7499999999999996;0.0
252.0;94.57142857142857;2.25;0.0
258.0;100.125;4.05;0.0
264.0;99.51785714285714;3.75;0.0
270.0;98.5;3.25;0.0
276.0;101.01785714285714;2.45;0.0
282.0;109.33928571428571;3.15;0.0
288.0;120.32142857142857;1.65;0.0
294.0;134.60714285714286;1.5499999999999998;0.0
