#auto generated file!
6.0;0.0;0.0;0.0
12.0;0.0;0.5;0.0
18.0;0.9285714285714286;2.8;0.0
24.0;4.678571428571429;2.1;0.0
30.0;14.964285714285714;1.3;0.0
36.0;24.785714285714285;2.0;0.0
42.0;40.660714285714285;5.699999999999999;0.0
48.0;73.08928571428571;0.75;0.0
54.0;34.214285714285715;3.4;0.0
60.0;9.428571428571429;1.05;0.0
66.0;42.232142857142854;3.3;0.0
72.0;32.0;2.45;0.0
78.0;23.232142857142858;3.9499999999999997;0.0
84.0;23.642857142857142;3.05;0.0
90.0;24.428571428571427;3.5999999999999996;0.0
96.0;23.982142857142858;3.1500000000000004;0.0
102.0;28.053571428571427;3.3;0.0
108.0;40.67857142857143;1.4000000000000001;0.0
114.0;63.30357142857143;4.6499999999999995;0.0
120.0;64.07142857142857;2.8000000000000003;0.0
126.0;49.517857142857146;0.85;0.0
132.0;15.0;1.25;0.0
138.0;7.571428571428571;1.15;0.0
144.0;6.607142857142857;1.0499999999999998;0.0
150.0;8.035714285714286;1.8;0.0
156.0;9.982142857142858;1.0499999999999998;0.0
162.0;15.071428571428571;0.75;0.0
168.0;20.803571428571427;0.65;0.0
174.0;31.125;0.7500000000000001;0.0
180.0;31.232142857142858;1.75;0.0
186.0;26.089285714285715;1.65;0.0
192.0;19.607142857142858;2.9;0.0
198.0;16.392857142857142;0.55;0.0
204.0;17.625;1.1;0.0
210.0;16.392857142857142;1.4000000000000001;0.0
216.0;17.946428571428573;1.45;0.0
222.0;24.75;3.2;0.0
228.0;26.660714285714285;1.0499999999999998;0.0
234.0;38.44642857142857;3.3;0.0
240.0;38.44642857142857;0.44999999999999996;0.0
246.0;31.660714285714285;1.7000000000000002;0.0
252.0;28.089285714285715;4.300000000000001;0.0
258.0;27.696428571428573;2.8;0.0
264.0;31.214285714285715;7.6;0.0
270.0;29.428571428571427;5.0;0.0
276.0;27.946428571428573;3.9;0.0
282.0;35.214285714285715;2.3499999999999996;0.0
288.0;38.785714285714285;3.15;0.0
294.0;47.5;1.6500000000000001;0.0
