#auto generated file!
6.0;0.0;0.0;0.0
12.0;0.05357142857142857;0.0;0.0
18.0;2.6785714285714284;0.0;0.0
24.0;4.982142857142857;0.0;0.0
30.0;5.821428571428571;0.0;0.0
36.0;8.482142857142858;0.0;0.0
42.0;12.910714285714286;0.0;0.0
48.0;15.482142857142858;0.0;0.0
54.0;12.75;0.0;0.0
60.0;11.517857142857142;0.0;0.0
66.0;11.0;0.0;0.0
72.0;7.982142857142857;0.0;0.0
78.0;8.160714285714286;0.0;0.0
84.0;9.160714285714286;0.0;0.0
90.0;11.785714285714286;0.0;0.0
96.0;9.267857142857142;0.0;0.0
102.0;11.589285714285714;0.0;0.0
108.0;12.910714285714286;0.0;0.0
114.0;11.589285714285714;0.0;0.0
120.0;10.678571428571429;0.0;0.0
126.0;7.089285714285714;0.0;0.0
132.0;5.660714285714286;0.0;0.0
138.0;4.535714285714286;0.0;0.0
144.0;3.9464285714285716;0.0;0.0
150.0;2.5892857142857144;0.0;0.0
156.0;3.7857142857142856;0.0;0.0
162.0;5.303571428571429;0.0;0.0
168.0;7.178571428571429;0.0;0.0
174.0;8.232142857142858;0.0;0.0
180.0;5.892857142857143;0.0;0.0
186.0;7.035714285714286;0.0;0.0
192.0;6.160714285714286;0.0;0.0
198.0;5.910714285714286;0.0;0.0
204.0;6.178571428571429;0.0;0.0
210.0;6.196428571428571;0.0;0.0
216.0;6.142857142857143;0.0;0.0
222.0;6.553571428571429;0.0;0.0
228.0;9.375;0.0;0.0
234.0;11.160714285714286;0.0;0.0
240.0;11.767857142857142;0.0;0.0
246.0;9.928571428571429;0.0;0.0
252.0;14.678571428571429;0.0;0.0
258.0;14.053571428571429;0.0;0.0
264.0;12.660714285714286;0.0;0.0
270.0;12.892857142857142;0.0;0.0
276.0;10.446428571428571;0.0;0.0
282.0;11.142857142857142;0.0;0.0
288.0;11.071428571428571;0.0;0.0
294.0;9.25;0.0;0.0
