#auto generated file!
6.0;0.0;0.0;0.0
12.0;0.23214285714285715;0.0;0.0
18.0;1.0357142857142858;0.25;0.0
24.0;2.9642857142857144;0.0;0.0
30.0;5.642857142857143;0.0;0.0
36.0;8.142857142857142;0.5;0.0
42.0;11.696428571428571;0.0;0.0
48.0;14.035714285714286;0.75;0.0
54.0;17.982142857142858;0.75;0.0
60.0;15.732142857142858;1.55;0.0
66.0;9.821428571428571;1.0;0.0
72.0;8.107142857142858;0.75;0.0
78.0;8.053571428571429;1.5;0.0
84.0;7.5;0.75;0.0
90.0;4.946428571428571;2.25;0.0
96.0;7.125;0.5;0.0
102.0;9.017857142857142;1.5;0.0
108.0;13.892857142857142;1.0;0.0
114.0;14.607142857142858;1.25;0.0
120.0;9.642857142857142;0.75;0.0
126.0;7.178571428571429;0.25;0.0
132.0;4.375;0.0;0.0
138.0;3.517857142857143;0.0;0.0
144.0;2.75;0.0;0.0
150.0;3.0357142857142856;0.0;0.0
156.0;3.8035714285714284;0.0;0.0
162.0;5.178571428571429;0.25;0.0
168.0;7.392857142857143;0.0;0.0
174.0;10.267857142857142;0.5;0.0
180.0;9.75;0.25;0.0
186.0;8.053571428571429;0.25;0.0
192.0;8.446428571428571;0.75;0.0
198.0;7.910714285714286;0.25;0.0
204.0;6.75;0.25;0.0
210.0;4.892857142857143;0.25;0.0
216.0;5.660714285714286;0.0;0.0
222.0;6.071428571428571;0.75;0.0
228.0;8.964285714285714;0.75;0.0
234.0;8.285714285714286;0.0;0.0
240.0;10.785714285714286;3.0;0.0
246.0;10.535714285714286;0.5;0.0
252.0;12.017857142857142;0.0;0.0
258.0;11.089285714285714;1.25;0.0
264.0;15.464285714285714;2.0;0.0
270.0;10.410714285714286;1.75;0.0
276.0;9.910714285714286;1.25;0.0
282.0;11.428571428571429;0.5;0.0
288.0;10.446428571428571;0.25;0.0
294.0;11.267857142857142;1.75;0.0
