#auto generated file!
6.0;0.0;0.0;0.0
12.0;0.10714285714285714;0.4;0.0
18.0;1.25;2.1999999999999997;0.0
24.0;2.6785714285714284;1.55;0.0
30.0;12.642857142857142;3.9;0.0
36.0;27.571428571428573;4.55;0.0
42.0;45.42857142857143;10.149999999999999;0.0
48.0;67.78571428571429;9.2;0.0
54.0;86.69642857142857;4.3;0.0
60.0;97.75;0.55;0.0
66.0;86.98214285714286;5.15;0.0
72.0;62.964285714285715;7.65;0.0
78.0;37.589285714285715;3.9;0.0
84.0;25.214285714285715;4.35;0.0
90.0;19.214285714285715;3.8499999999999996;0.0
96.0;24.553571428571427;8.4;0.0
102.0;30.285714285714285;8.1;0.0
108.0;40.285714285714285;10.05;0.0
114.0;65.76785714285714;4.55;0.0
120.0;75.73214285714286;3.0;0.0
126.0;67.21428571428571;6.699999999999999;0.0
132.0;44.107142857142854;5.1;0.0
138.0;17.160714285714285;1.6;0.0
144.0;6.375;1.0499999999999998;0.0
150.0;4.464285714285714;1.2;0.0
156.0;6.857142857142857;2.6999999999999997;0.0
162.0;16.571428571428573;1.05;0.0
168.0;25.732142857142858;1.85;0.0
174.0;42.92857142857143;1.75;0.0
180.0;50.285714285714285;2.2;0.0
186.0;47.464285714285715;1.3;0.0
192.0;36.767857142857146;2.05;0.0
198.0;29.107142857142858;2.1500000000000004;0.0
204.0;23.232142857142858;2.0500000000000003;0.0
210.0;19.5;2.75;0.0
216.0;21.089285714285715;5.800000000000001;0.0
222.0;21.285714285714285;1.0499999999999998;0.0
228.0;25.357142857142858;4.199999999999999;0.0
234.0;33.589285714285715;2.8499999999999996;0.0
240.0;34.32142857142857;3.7;0.0
246.0;25.857142857142858;8.0;0.0
252.0;21.303571428571427;10.3;0.0
258.0;24.982142857142858;7.300000000000001;0.0
264.0;29.535714285714285;8.5;0.0
270.0;31.821428571428573;12.15;0.0
276.0;32.339285714285715;4.6;0.0
282.0;35.267857142857146;2.4;0.0
288.0;42.232142857142854;6.4;0.0
294.0;45.05357142857143;3.4;0.0
