#auto generated file!
6.0;0.0;0.0;0.0
12.0;1.2857142857142858;0.0;0.0
18.0;7.553571428571429;0.0;0.0
24.0;18.767857142857142;0.0;0.0
30.0;35.92857142857143;0.0;0.0
36.0;71.75;0.0;0.0
42.0;79.55357142857143;3.05;0.0
48.0;80.55357142857143;0.44999999999999996;0.0
54.0;51.32142857142857;0.6;0.0
60.0;22.232142857142858;0.0;0.0
66.0;10.964285714285714;0.0;0.0
72.0;24.571428571428573;0.15;0.0
78.0;50.42857142857143;0.0;0.0
84.0;65.92857142857143;0.0;0.0
90.0;76.89285714285714;0.0;0.0
96.0;77.26785714285714;2.6999999999999997;0.0
102.0;80.07142857142857;0.7;0.0
108.0;79.96428571428571;2.75;0.0
114.0;79.94642857142857;0.4;0.0
120.0;80.375;2.65;0.0
126.0;79.35714285714286;1.1;0.0
132.0;78.75;0.0;0.0
138.0;70.83928571428571;0.15;0.0
144.0;54.625;0.0;0.0
150.0;27.267857142857142;0.15;0.0
156.0;18.892857142857142;0.15;0.0
162.0;25.410714285714285;0.0;0.0
168.0;53.589285714285715;0.0;0.0
174.0;23.142857142857142;0.0;0.0
180.0;4.196428571428571;0.15;0.0
186.0;2.7857142857142856;0.0;0.0
192.0;1.6964285714285714;0.0;0.0
198.0;2.0892857142857144;0.0;0.0
204.0;1.875;0.0;0.0
210.0;44.69642857142857;0.0;0.0
216.0;58.05357142857143;0.0;0.0
222.0;74.89285714285714;0.0;0.0
228.0;80.44642857142857;1.7;0.0
234.0;81.14285714285714;2.55;0.0
240.0;79.55357142857143;1.3499999999999999;0.0
246.0;79.42857142857143;0.44999999999999996;0.0
252.0;79.89285714285714;0.75;0.0
258.0;80.0;3.65;0.0
264.0;80.57142857142857;1.4500000000000002;0.0
270.0;79.69642857142857;1.9;0.0
276.0;79.94642857142857;0.75;0.0
282.0;80.03571428571429;0.8;0.0
288.0;80.05357142857143;0.25;0.0
294.0;79.46428571428571;0.44999999999999996;0.0
