#auto generated file!
6.0;0.0;0.0;0.0
12.0;0.16071428571428573;0.0;0.0
18.0;0.75;0.3;0.0
24.0;1.8214285714285714;3.45;0.0
30.0;2.1964285714285716;1.9;0.0
36.0;6.267857142857143;4.449999999999999;0.0
42.0;13.696428571428571;4.2;0.0
48.0;17.303571428571427;4.8;0.0
54.0;18.464285714285715;5.55;0.0
60.0;14.071428571428571;6.3;0.0
66.0;7.285714285714286;2.8000000000000003;0.0
72.0;3.2857142857142856;5.85;0.0
78.0;2.9107142857142856;10.05;0.0
84.0;1.6428571428571428;5.9;0.0
90.0;1.8928571428571428;5.45;0.0
96.0;3.4464285714285716;6.3;0.0
102.0;4.821428571428571;5.449999999999999;0.0
108.0;10.839285714285714;4.15;0.0
114.0;14.357142857142858;2.7;0.0
120.0;11.035714285714286;2.05;0.0
126.0;5.857142857142857;2.45;0.0
132.0;1.9107142857142858;2.5;0.0
138.0;2.0357142857142856;0.75;0.0
144.0;1.5;0.6;0.0
150.0;1.4642857142857142;0.9;0.0
156.0;2.375;0.75;0.0
162.0;3.517857142857143;1.7999999999999998;0.0
168.0;10.0;1.3499999999999999;0.0
174.0;11.071428571428571;0.75;0.0
180.0;11.0;1.6;0.0
186.0;8.607142857142858;3.1000000000000005;0.0
192.0;8.053571428571429;1.5;0.0
198.0;6.017857142857143;1.45;0.0
204.0;5.857142857142857;3.1;0.0
210.0;3.125;2.0;0.0
216.0;4.642857142857143;4.1;0.0
222.0;6.214285714285714;4.65;0.0
228.0;9.107142857142858;2.8499999999999996;0.0
234.0;9.142857142857142;5.25;0.0
240.0;7.196428571428571;2.7;0.0
246.0;4.5;3.25;0.0
252.0;5.607142857142857;1.85;0.0
258.0;6.428571428571429;10.600000000000001;0.0
264.0;9.517857142857142;5.9;0.0
270.0;5.142857142857143;9.799999999999999;0.0
276.0;7.196428571428571;2.25;0.0
282.0;9.946428571428571;4.5;0.0
288.0;10.375;1.7;0.0
294.0;10.839285714285714;4.5;0.0
