#auto generated file!
6.0;0.0;0.0;0.0
12.0;0.0;0.15;0.0
18.0;0.0;1.7000000000000002;0.0
24.0;0.8928571428571429;1.7000000000000002;0.0
30.0;1.25;1.85;0.0
36.0;3.982142857142857;1.7000000000000002;0.0
42.0;8.678571428571429;1.4;0.0
48.0;9.392857142857142;3.35;0.0
54.0;7.839285714285714;2.3;0.0
60.0;9.607142857142858;1.8;0.0
66.0;6.607142857142857;3.2;0.0
72.0;6.446428571428571;1.55;0.0
78.0;5.75;3.05;0.0
84.0;3.4642857142857144;2.1;0.0
90.0;1.6428571428571428;1.3499999999999999;0.0
96.0;1.3392857142857142;6.95;0.0
102.0;3.8035714285714284;2.9000000000000004;0.0
108.0;5.571428571428571;1.4500000000000002;0.0
114.0;6.892857142857143;1.1;0.0
120.0;5.392857142857143;0.8500000000000001;0.0
126.0;3.1964285714285716;2.3;0.0
132.0;1.5;1.4;0.0
138.0;0.7678571428571429;1.4000000000000001;0.0
144.0;0.7321428571428571;0.8999999999999999;0.0
150.0;0.75;0.8999999999999999;0.0
156.0;0.875;0.5;0.0
162.0;2.4107142857142856;0.75;0.0
168.0;4.410714285714286;1.35;0.0
174.0;4.767857142857143;1.25;0.0
180.0;4.178571428571429;1.4;0.0
186.0;2.5535714285714284;0.75;0.0
192.0;4.553571428571429;0.7000000000000001;0.0
198.0;2.267857142857143;2.5;0.0
204.0;2.392857142857143;1.7000000000000002;0.0
210.0;2.625;2.15;0.0
216.0;1.4464285714285714;0.44999999999999996;0.0
222.0;2.5357142857142856;0.8;0.0
228.0;3.392857142857143;1.0499999999999998;0.0
234.0;5.267857142857143;2.1;0.0
240.0;5.214285714285714;1.45;0.0
246.0;3.4642857142857144;1.75;0.0
252.0;2.9285714285714284;3.0500000000000003;0.0
258.0;3.625;1.9;0.0
264.0;3.5357142857142856;2.25;0.0
270.0;4.571428571428571;4.749999999999999;0.0
276.0;2.767857142857143;1.7000000000000002;0.0
282.0;3.732142857142857;1.9;0.0
288.0;6.589285714285714;1.1;0.0
294.0;5.267857142857143;0.75;0.0
