#auto generated file!
6.0;0.0;0.0;0.0
12.0;0.0;0.5;0.0
18.0;2.2857142857142856;1.9;0.0
24.0;7.5;2.6;0.0
30.0;21.928571428571427;1.65;0.0
36.0;43.017857142857146;2.35;0.0
42.0;52.55357142857143;0.2;0.0
48.0;10.589285714285714;1.25;0.0
54.0;4.160714285714286;1.5;0.0
60.0;2.267857142857143;2.15;0.0
66.0;2.6785714285714284;1.7000000000000002;0.0
72.0;18.821428571428573;2.0;0.0
78.0;30.071428571428573;0.75;0.0
84.0;30.214285714285715;1.65;0.0
90.0;30.482142857142858;2.3;0.0
96.0;41.107142857142854;1.5999999999999999;0.0
102.0;60.839285714285715;5.15;0.0
108.0;94.42857142857143;2.4;0.0
114.0;70.28571428571429;3.3;0.0
120.0;17.053571428571427;1.7;0.0
126.0;32.160714285714285;2.3000000000000003;0.0
132.0;17.303571428571427;2.5999999999999996;0.0
138.0;12.428571428571429;2.0;0.0
144.0;7.607142857142857;0.75;0.0
150.0;8.196428571428571;1.2;0.0
156.0;11.464285714285714;1.4999999999999998;0.0
162.0;17.928571428571427;0.75;0.0
168.0;37.57142857142857;1.75;0.0
174.0;10.5;1.45;0.0
180.0;2.3035714285714284;0.95;0.0
186.0;2.125;1.4;0.0
192.0;23.285714285714285;2.75;0.0
198.0;57.339285714285715;1.7;0.0
204.0;62.714285714285715;1.1500000000000001;0.0
210.0;54.607142857142854;2.0;0.0
216.0;46.57142857142857;3.4499999999999997;0.0
222.0;45.05357142857143;0.6;0.0
228.0;67.78571428571429;1.1999999999999997;0.0
234.0;87.60714285714286;4.05;0.0
240.0;97.30357142857143;3.25;0.0
246.0;98.67857142857143;3.25;0.0
252.0;98.25;3.6;0.0
258.0;96.69642857142857;2.35;0.0
264.0;98.58928571428571;5.949999999999999;0.0
270.0;93.10714285714286;4.8999999999999995;0.0
276.0;88.14285714285714;2.6500000000000004;0.0
282.0;103.25;1.85;0.0
288.0;112.26785714285714;0.9;0.0
294.0;125.10714285714286;1.7;0.0
