#auto generated file!
6.0;0.0;0.0;0.0
12.0;0.48214285714285715;0.0;0.0
18.0;6.035714285714286;0.0;0.0
24.0;9.75;0.0;0.0
30.0;14.892857142857142;0.0;0.0
36.0;29.232142857142858;0.0;0.0
42.0;49.642857142857146;0.0;0.0
48.0;76.16071428571429;0.0;0.0
54.0;79.46428571428571;1.2;0.0
60.0;77.96428571428571;0.6;0.0
66.0;75.82142857142857;0.9;0.0
72.0;59.910714285714285;0.0;0.0
78.0;47.82142857142857;0.0;0.0
84.0;36.5;0.0;0.0
90.0;25.071428571428573;0.0;0.0
96.0;28.428571428571427;0.0;0.0
102.0;34.357142857142854;0.0;0.0
108.0;47.80357142857143;0.0;0.0
114.0;67.35714285714286;0.0;0.0
120.0;79.26785714285714;0.3;0.0
126.0;72.89285714285714;0.0;0.0
132.0;45.375;0.0;0.0
138.0;11.053571428571429;0.0;0.0
144.0;7.875;0.0;0.0
150.0;7.142857142857143;0.0;0.0
156.0;9.482142857142858;0.0;0.0
162.0;11.428571428571429;0.0;0.0
168.0;17.660714285714285;0.0;0.0
174.0;24.803571428571427;0.0;0.0
180.0;31.178571428571427;0.0;0.0
186.0;29.714285714285715;0.0;0.0
192.0;22.571428571428573;0.0;0.0
198.0;21.857142857142858;0.0;0.0
204.0;21.839285714285715;0.0;0.0
210.0;17.964285714285715;0.0;0.0
216.0;17.928571428571427;0.0;0.0
222.0;22.375;0.0;0.0
228.0;26.607142857142858;0.0;0.0
234.0;34.30357142857143;0.0;0.0
240.0;38.92857142857143;0.0;0.0
246.0;44.017857142857146;0.0;0.0
252.0;47.267857142857146;0.0;0.0
258.0;52.67857142857143;0.0;0.0
264.0;49.69642857142857;0.0;0.0
270.0;48.57142857142857;0.0;0.0
276.0;53.69642857142857;0.0;0.0
282.0;50.67857142857143;0.0;0.0
288.0;53.642857142857146;0.0;0.0
294.0;48.142857142857146;0.0;0.0
