#auto generated file!
6.0;0.0;0.0;0.0
12.0;0.8214285714285714;0.0;0.0
18.0;8.464285714285714;0.0;0.0
24.0;20.25;0.0;0.0
30.0;40.517857142857146;0.0;0.0
36.0;80.41071428571429;1.8499999999999999;0.0
42.0;82.08928571428571;1.2;0.0
48.0;25.125;0.0;0.0
54.0;5.982142857142857;0.0;0.0
60.0;5.089285714285714;0.0;0.0
66.0;3.5;0.0;0.0
72.0;26.339285714285715;0.0;0.0
78.0;52.732142857142854;0.0;0.0
84.0;71.375;0.0;0.0
90.0;80.0;0.9500000000000001;0.0
96.0;80.17857142857143;1.0;0.0
102.0;80.23214285714286;2.0;0.0
108.0;109.67857142857143;1.1;0.0
114.0;142.55357142857142;2.8000000000000003;0.0
120.0;87.96428571428571;3.9;0.0
126.0;92.5;1.8;0.0
132.0;79.32142857142857;0.15;0.0
138.0;73.89285714285714;0.0;0.0
144.0;53.75;0.0;0.0
150.0;33.035714285714285;0.0;0.0
156.0;21.535714285714285;0.0;0.0
162.0;33.92857142857143;0.0;0.0
168.0;64.33928571428571;0.0;0.0
174.0;35.82142857142857;0.0;0.0
180.0;5.982142857142857;0.0;0.0
186.0;1.6964285714285714;0.0;0.0
192.0;1.5892857142857142;0.0;0.0
198.0;1.8392857142857142;0.0;0.0
204.0;1.375;0.0;0.0
210.0;41.035714285714285;0.0;0.0
216.0;56.285714285714285;0.0;0.0
222.0;79.625;0.6;0.0
228.0;82.375;1.5;0.0
234.0;101.89285714285714;1.7999999999999998;0.0
240.0;117.10714285714286;2.2;0.0
246.0;103.85714285714286;1.4;0.0
252.0;84.17857142857143;4.5;0.0
258.0;92.48214285714286;5.3;0.0
264.0;95.67857142857143;3.6499999999999995;0.0
270.0;93.96428571428571;2.9;0.0
276.0;96.44642857142857;2.45;0.0
282.0;101.39285714285714;1.55;0.0
288.0;113.51785714285714;0.85;0.0
294.0;123.125;2.75;0.0
