#auto generated file!
6.0;0.0;0.0;0.0
12.0;0.0;0.0;0.0
18.0;3.2142857142857144;4.4;0.0
24.0;12.75;1.25;0.0
30.0;22.696428571428573;1.9500000000000002;0.0
36.0;44.910714285714285;1.4;0.0
42.0;48.69642857142857;2.45;0.0
48.0;10.089285714285714;2.9999999999999996;0.0
54.0;4.767857142857143;1.85;0.0
60.0;3.482142857142857;2.7;0.0
66.0;3.125;1.75;0.0
72.0;13.732142857142858;4.65;0.0
78.0;31.446428571428573;3.75;0.0
84.0;35.964285714285715;2.25;0.0
90.0;38.410714285714285;1.7999999999999998;0.0
96.0;42.642857142857146;5.949999999999999;0.0
102.0;61.232142857142854;6.1499999999999995;0.0
108.0;99.60714285714286;1.7;0.0
114.0;61.892857142857146;3.6000000000000005;0.0
120.0;16.892857142857142;1.2;0.0
126.0;40.732142857142854;1.2;0.0
132.0;20.857142857142858;1.0;0.0
138.0;13.0;1.3;0.0
144.0;9.392857142857142;1.0;0.0
150.0;5.696428571428571;1.3499999999999999;0.0
156.0;12.892857142857142;0.6;0.0
162.0;18.821428571428573;1.5;0.0
168.0;32.642857142857146;1.1;0.0
174.0;11.535714285714286;1.65;0.0
180.0;2.0;1.0500000000000003;0.0
186.0;2.3035714285714284;0.8500000000000001;0.0
192.0;2.3214285714285716;0.7;0.0
198.0;1.8035714285714286;1.9000000000000001;0.0
204.0;26.785714285714285;1.65;0.0
210.0;26.0;2.35;0.0
216.0;26.5;1.95;0.0
222.0;31.375;2.25;0.0
228.0;59.267857142857146;2.5999999999999996;0.0
234.0;86.16071428571429;2.3999999999999995;0.0
240.0;101.48214285714286;7.35;0.0
246.0;106.60714285714286;3.8;0.0
252.0;102.85714285714286;5.55;0.0
258.0;95.05357142857143;2.3999999999999995;0.0
264.0;101.67857142857143;5.95;0.0
270.0;98.71428571428571;4.55;0.0
276.0;99.92857142857143;3.85;0.0
282.0;108.23214285714286;5.2;0.0
288.0;124.625;2.05;0.0
294.0;79.375;2.3;0.0
