#auto generated file!
6.0;0.0;0.0;0.0
12.0;0.0;0.0;0.0
18.0;0.2857142857142857;1.1;0.0
24.0;3.5;2.0;0.0
30.0;14.821428571428571;1.75;0.0
36.0;30.321428571428573;3.95;0.0
42.0;45.875;2.35;0.0
48.0;79.83928571428571;2.05;0.0
54.0;55.285714285714285;1.75;0.0
60.0;19.410714285714285;2.5999999999999996;0.0
66.0;37.42857142857143;2.55;0.0
72.0;25.625;1.4;0.0
78.0;20.785714285714285;2.75;0.0
84.0;20.321428571428573;1.95;0.0
90.0;21.142857142857142;3.8;0.0
96.0;21.642857142857142;4.6;0.0
102.0;23.446428571428573;1.1;0.0
108.0;43.160714285714285;1.55;0.0
114.0;60.875;4.5;0.0
120.0;69.42857142857143;3.45;0.0
126.0;57.857142857142854;1.4500000000000002;0.0
132.0;20.607142857142858;1.65;0.0
138.0;7.017857142857143;1.65;0.0
144.0;5.107142857142857;1.05;0.0
150.0;3.1607142857142856;1.35;0.0
156.0;9.303571428571429;0.6;0.0
162.0;11.107142857142858;1.5;0.0
168.0;20.75;1.25;0.0
174.0;32.285714285714285;1.75;0.0
180.0;39.910714285714285;1.75;0.0
186.0;30.553571428571427;0.65;0.0
192.0;25.321428571428573;1.5499999999999998;0.0
198.0;21.035714285714285;2.0;0.0
204.0;15.642857142857142;3.0;0.0
210.0;14.339285714285714;1.5999999999999999;0.0
216.0;15.517857142857142;2.7;0.0
222.0;21.285714285714285;3.3;0.0
228.0;31.571428571428573;1.3499999999999999;0.0
234.0;40.55357142857143;0.75;0.0
240.0;40.464285714285715;2.3;0.0
246.0;31.357142857142858;3.5;0.0
252.0;27.5;3.7499999999999996;0.0
258.0;26.535714285714285;4.55;0.0
264.0;28.535714285714285;4.35;0.0
270.0;24.571428571428573;6.1;0.0
276.0;27.696428571428573;1.65;0.0
282.0;31.535714285714285;4.85;0.0
288.0;35.0;2.2;0.0
294.0;38.910714285714285;2.4;0.0
