#auto generated file!
6.0;0.0;0.0;0.0
12.0;0.0;0.55;0.0
18.0;0.0;0.8500000000000001;0.0
24.0;0.8392857142857143;1.9000000000000001;0.0
30.0;3.857142857142857;1.05;0.0
36.0;6.875;2.1;0.0
42.0;11.5;0.8;0.0
48.0;13.035714285714286;2.9;0.0
54.0;14.017857142857142;3.65;0.0
60.0;13.392857142857142;1.05;0.0
66.0;9.714285714285714;1.35;0.0
72.0;8.5;2.6999999999999997;0.0
78.0;8.75;1.25;0.0
84.0;7.035714285714286;2.25;0.0
90.0;5.446428571428571;2.0;0.0
96.0;4.303571428571429;2.3;0.0
102.0;6.428571428571429;1.75;0.0
108.0;8.464285714285714;2.65;0.0
114.0;9.160714285714286;1.7500000000000002;0.0
120.0;8.267857142857142;1.35;0.0
126.0;4.678571428571429;3.6;0.0
132.0;2.1785714285714284;2.55;0.0
138.0;1.3928571428571428;1.0;0.0
144.0;1.3214285714285714;1.05;0.0
150.0;0.32142857142857145;0.8;0.0
156.0;1.5714285714285714;1.0499999999999998;0.0
162.0;3.6964285714285716;0.75;0.0
168.0;5.214285714285714;0.6;0.0
174.0;7.857142857142857;1.5;0.0
180.0;7.285714285714286;1.5;0.0
186.0;6.410714285714286;2.7;0.0
192.0;5.232142857142857;1.9500000000000002;0.0
198.0;5.75;2.5500000000000003;0.0
204.0;4.767857142857143;2.15;0.0
210.0;3.3214285714285716;0.4;0.0
216.0;5.107142857142857;1.15;0.0
222.0;3.767857142857143;6.449999999999999;0.0
228.0;7.017857142857143;3.9;0.0
234.0;9.607142857142858;3.0;0.0
240.0;8.142857142857142;1.65;0.0
246.0;9.625;3.7;0.0
252.0;7.571428571428571;5.999999999999999;0.0
258.0;9.214285714285714;3.6499999999999995;0.0
264.0;6.571428571428571;3.35;0.0
270.0;6.946428571428571;2.2;0.0
276.0;6.875;0.75;0.0
282.0;7.071428571428571;4.199999999999999;0.0
288.0;7.160714285714286;2.7;0.0
294.0;7.607142857142857;2.25;0.0
