#auto generated file!
6.0;0.0;0.0;0.0
12.0;0.0;0.3;0.0
18.0;1.875;2.2499999999999996;0.0
24.0;10.178571428571429;3.8499999999999996;0.0
30.0;15.625;4.8999999999999995;0.0
36.0;28.732142857142858;3.4499999999999993;0.0
42.0;57.125;3.5999999999999996;0.0
48.0;43.94642857142857;0.9000000000000001;0.0
54.0;13.517857142857142;3.9000000000000004;0.0
60.0;4.25;3.1499999999999995;0.0
66.0;11.696428571428571;2.5;0.0
72.0;21.107142857142858;2.8;0.0
78.0;25.660714285714285;2.2;0.0
84.0;23.767857142857142;1.35;0.0
90.0;22.464285714285715;1.65;0.0
96.0;21.589285714285715;4.25;0.0
102.0;29.75;3.8499999999999996;0.0
108.0;52.910714285714285;3.2999999999999994;0.0
114.0;84.08928571428571;3.4999999999999996;0.0
120.0;88.96428571428571;1.85;0.0
126.0;71.16071428571429;3.0999999999999996;0.0
132.0;34.910714285714285;1.55;0.0
138.0;8.535714285714286;3.4;0.0
144.0;6.767857142857143;0.75;0.0
150.0;4.785714285714286;1.7;0.0
156.0;6.946428571428571;1.65;0.0
162.0;14.035714285714286;1.05;0.0
168.0;21.553571428571427;0.7000000000000001;0.0
174.0;41.410714285714285;1.3;0.0
180.0;6.214285714285714;1.5;0.0
186.0;30.410714285714285;0.9500000000000001;0.0
192.0;33.535714285714285;0.55;0.0
198.0;23.267857142857142;1.75;0.0
204.0;20.035714285714285;1.5;0.0
210.0;16.607142857142858;1.3;0.0
216.0;17.964285714285715;2.8499999999999996;0.0
222.0;22.428571428571427;3.1999999999999997;0.0
228.0;35.392857142857146;2.1;0.0
234.0;57.55357142857143;4.35;0.0
240.0;53.267857142857146;2.65;0.0
246.0;49.94642857142857;3.5500000000000003;0.0
252.0;43.42857142857143;6.799999999999999;0.0
258.0;41.375;4.4;0.0
264.0;49.55357142857143;2.3;0.0
270.0;45.69642857142857;3.0;0.0
276.0;49.25;1.9;0.0
282.0;50.625;2.05;0.0
288.0;52.42857142857143;4.8;0.0
294.0;60.625;2.4;0.0
