#auto generated file!
6.0;0.0;0.0;0.0
12.0;0.9464285714285714;0.0;0.0
18.0;11.053571428571429;0.0;0.0
24.0;17.071428571428573;0.0;0.0
30.0;39.25;0.0;0.0
36.0;72.625;0.0;0.0
42.0;70.14285714285714;1.05;0.0
48.0;15.803571428571429;0.0;0.0
54.0;5.857142857142857;0.0;0.0
60.0;4.589285714285714;0.0;0.0
66.0;4.857142857142857;0.0;0.0
72.0;23.232142857142858;0.0;0.0
78.0;45.57142857142857;0.0;0.0
84.0;60.982142857142854;0.0;0.0
90.0;73.41071428571429;0.0;0.0
96.0;79.23214285714286;1.9;0.0
102.0;78.94642857142857;4.45;0.0
108.0;106.125;2.3;0.0
114.0;143.35714285714286;2.2;0.0
120.0;89.73214285714286;2.55;0.0
126.0;95.80357142857143;2.0999999999999996;0.0
132.0;79.14285714285714;0.6;0.0
138.0;72.71428571428571;0.15;0.0
144.0;50.089285714285715;0.0;0.0
150.0;23.910714285714285;0.0;0.0
156.0;18.625;0.0;0.0
162.0;32.30357142857143;0.0;0.0
168.0;57.142857142857146;0.0;0.0
174.0;28.0;0.0;0.0
180.0;5.214285714285714;0.0;0.0
186.0;2.3392857142857144;0.0;0.0
192.0;1.75;0.0;0.0
198.0;1.375;0.0;0.0
204.0;39.82142857142857;0.0;0.0
210.0;49.785714285714285;0.0;0.0
216.0;57.75;0.0;0.0
222.0;70.44642857142857;0.0;0.0
228.0;83.26785714285714;1.2;0.0
234.0;104.85714285714286;3.75;0.0
240.0;107.875;4.65;0.0
246.0;97.26785714285714;5.75;0.0
252.0;91.80357142857143;4.85;0.0
258.0;90.35714285714286;4.85;0.0
264.0;91.25;2.75;0.0
270.0;92.32142857142857;4.1499999999999995;0.0
276.0;87.55357142857143;2.65;0.0
282.0;99.33928571428571;3.8000000000000003;0.0
288.0;108.64285714285714;1.8;0.0
294.0;112.19642857142857;1.4999999999999998;0.0
