#auto generated file!
6.0;0.0;0.0;0.0
12.0;0.0;1.05;0.0
18.0;1.1964285714285714;2.35;0.0
24.0;9.571428571428571;1.4500000000000002;0.0
30.0;18.535714285714285;1.1;0.0
36.0;45.982142857142854;1.95;0.0
42.0;45.94642857142857;2.85;0.0
48.0;7.678571428571429;0.8999999999999999;0.0
54.0;4.517857142857143;2.3000000000000003;0.0
60.0;2.875;1.7000000000000002;0.0
66.0;12.160714285714286;1.7;0.0
72.0;32.07142857142857;3.7;0.0
78.0;35.19642857142857;6.05;0.0
84.0;32.660714285714285;2.45;0.0
90.0;26.339285714285715;5.15;0.0
96.0;32.285714285714285;2.1;0.0
102.0;42.464285714285715;1.6;0.0
108.0;67.41071428571429;1.65;0.0
114.0;112.875;0.55;0.0
120.0;64.89285714285714;1.75;0.0
126.0;68.01785714285714;2.6;0.0
132.0;42.785714285714285;0.8500000000000001;0.0
138.0;13.142857142857142;2.2;0.0
144.0;9.910714285714286;1.45;0.0
150.0;8.214285714285714;0.15;0.0
156.0;10.178571428571429;1.3499999999999999;0.0
162.0;15.017857142857142;0.8500000000000001;0.0
168.0;32.392857142857146;0.6;0.0
174.0;8.464285714285714;1.5999999999999999;0.0
180.0;1.8571428571428572;1.55;0.0
186.0;1.625;3.5;0.0
192.0;6.214285714285714;1.9500000000000002;0.0
198.0;74.625;1.2;0.0
204.0;72.92857142857143;1.5499999999999998;0.0
210.0;68.78571428571429;1.2999999999999998;0.0
216.0;51.80357142857143;2.25;0.0
222.0;46.67857142857143;1.7999999999999998;0.0
228.0;64.67857142857143;1.2;0.0
234.0;89.08928571428571;2.25;0.0
240.0;100.57142857142857;2.85;0.0
246.0;98.78571428571429;7.300000000000001;0.0
252.0;94.16071428571429;8.6;0.0
258.0;92.51785714285714;1.05;0.0
264.0;100.46428571428571;1.9;0.0
270.0;99.17857142857143;6.299999999999999;0.0
276.0;92.67857142857143;4.949999999999999;0.0
282.0;101.98214285714286;1.6;0.0
288.0;111.21428571428571;1.75;0.0
294.0;120.82142857142857;0.95;0.0
