#auto generated file!
6.0;0.0;0.0;0.0
12.0;0.10714285714285714;0.0;0.0
18.0;3.0714285714285716;0.4;0.0
24.0;7.75;0.4;0.0
30.0;13.035714285714286;0.05;0.0
36.0;23.357142857142858;1.5999999999999999;0.0
42.0;42.80357142857143;1.85;0.0
48.0;67.64285714285714;0.15;0.0
54.0;90.33928571428571;0.9;0.0
60.0;85.44642857142857;7.65;0.0
66.0;74.625;1.05;0.0
72.0;55.517857142857146;0.49999999999999994;0.0
78.0;42.535714285714285;0.3;0.0
84.0;37.25;0.9;0.0
90.0;27.946428571428573;0.75;0.0
96.0;29.303571428571427;0.3;0.0
102.0;37.857142857142854;1.35;0.0
108.0;51.482142857142854;0.5;0.0
114.0;66.21428571428571;0.15;0.0
120.0;61.125;1.15;0.0
126.0;45.357142857142854;0.7000000000000001;0.0
132.0;31.464285714285715;0.8;0.0
138.0;23.625;0.8500000000000001;0.0
144.0;18.482142857142858;0.4;0.0
150.0;11.196428571428571;0.15;0.0
156.0;8.696428571428571;0.44999999999999996;0.0
162.0;15.571428571428571;0.3;0.0
168.0;23.214285714285715;0.25;0.0
174.0;35.910714285714285;0.3;0.0
180.0;41.80357142857143;0.8000000000000002;0.0
186.0;41.892857142857146;0.0;0.0
192.0;38.05357142857143;0.8;0.0
198.0;34.535714285714285;0.7999999999999999;0.0
204.0;34.160714285714285;0.5;0.0
210.0;34.94642857142857;0.0;0.0
216.0;28.357142857142858;0.1;0.0
222.0;31.196428571428573;1.3499999999999999;0.0
228.0;40.05357142857143;0.75;0.0
234.0;49.55357142857143;0.15;0.0
240.0;50.964285714285715;0.15;0.0
246.0;49.714285714285715;0.44999999999999996;0.0
252.0;52.142857142857146;1.1;0.0
258.0;50.035714285714285;2.1;0.0
264.0;52.392857142857146;0.9;0.0
270.0;55.32142857142857;0.9;0.0
276.0;52.464285714285715;0.3;0.0
282.0;50.982142857142854;0.4;0.0
288.0;60.80357142857143;0.25;0.0
294.0;60.32142857142857;0.0;0.0
