#auto generated file!
6.0;0.0;0.0;0.0
12.0;0.6071428571428571;0.0;0.0
18.0;4.875;0.5;0.0
24.0;13.803571428571429;0.25;0.0
30.0;17.214285714285715;1.75;0.0
36.0;33.964285714285715;3.0;0.0
42.0;47.69642857142857;10.25;0.0
48.0;55.607142857142854;5.55;0.0
54.0;78.5;4.3500000000000005;0.0
60.0;82.64285714285714;2.6;0.0
66.0;79.96428571428571;3.3000000000000003;0.0
72.0;70.05357142857143;2.3;0.0
78.0;45.17857142857143;4.5;0.0
84.0;27.767857142857142;4.5;0.0
90.0;22.535714285714285;3.75;0.0
96.0;27.660714285714285;2.5;0.0
102.0;35.410714285714285;2.25;0.0
108.0;46.142857142857146;2.25;0.0
114.0;54.214285714285715;3.3;0.0
120.0;51.875;4.1000000000000005;0.0
126.0;38.660714285714285;3.55;0.0
132.0;21.321428571428573;1.9;0.0
138.0;15.267857142857142;0.15;0.0
144.0;11.071428571428571;0.65;0.0
150.0;11.178571428571429;0.15;0.0
156.0;14.642857142857142;0.0;0.0
162.0;20.589285714285715;0.3;0.0
168.0;32.142857142857146;0.75;0.0
174.0;38.267857142857146;1.25;0.0
180.0;35.767857142857146;1.9;0.0
186.0;32.107142857142854;3.3;0.0
192.0;22.767857142857142;2.0;0.0
198.0;18.857142857142858;1.3;0.0
204.0;20.785714285714285;1.0;0.0
210.0;17.571428571428573;2.05;0.0
216.0;18.178571428571427;2.6999999999999997;0.0
222.0;22.803571428571427;0.75;0.0
228.0;28.339285714285715;3.6;0.0
234.0;32.0;4.6499999999999995;0.0
240.0;27.339285714285715;4.199999999999999;0.0
246.0;26.357142857142858;5.15;0.0
252.0;18.482142857142858;6.25;0.0
258.0;23.821428571428573;11.5;0.0
264.0;23.517857142857142;12.75;0.0
270.0;21.160714285714285;6.5;0.0
276.0;21.464285714285715;4.0;0.0
282.0;24.339285714285715;5.8999999999999995;0.0
288.0;28.446428571428573;1.85;0.0
294.0;28.285714285714285;2.4;0.0
