Simulation started at 18/09/2020 09:04:16
----------------------------------------------------------------------
Scenario started at 18/09/2020 09:04:16
Scenario: TWO_TIER_WITH_EO - Policy: DDQN - #iteration: 1
Duration: 5.0 min (warm up period: 1.0 min) - #devices: 0
Creating tasks...Done, 
Creating device locations...Done.
o.n.l.f.Nd4jBackend - Loaded [CpuBackend] backend
o.n.n.NativeOpsHolder - Number of threads used for linear algebra: 1
o.n.n.Nd4jBlas - Number of threads used for OpenMP BLAS: 4
o.n.l.a.o.e.DefaultOpExecutioner - Backend used: [CPU]; OS: [Mac OS X]
o.n.l.a.o.e.DefaultOpExecutioner - Cores: [8]; Memory: [1,8GB];
o.n.l.a.o.e.DefaultOpExecutioner - Blas vendor: [OPENBLAS]
o.d.n.m.MultiLayerNetwork - Starting MultiLayerNetwork with WorkspaceModes set to [training: ENABLED; inference: ENABLED], cacheMode set to [NONE]
SimManager is starting...Done.
.........10.........20.........30.........40.........50.........60.........70.........80.........90.........100
# of tasks (Edge/Cloud/Mobile): 0(0/0/0)
# of failed tasks (Edge/Cloud/Mobile): 0(0/0/0)
# of completed tasks (Edge/Cloud/Mobile): 0(0/0/0)
# of uncompleted tasks (Edge/Cloud/Mobile): 0(0/0/0)
# of failed tasks due to vm capacity (Edge/Cloud/Mobile): 0(0/0/0)
# of failed tasks due to Mobility/Network(WLAN/MAN/WAN): 0/0(0/0/0)
percentage of failed tasks: NaN%
average service time: NaN seconds. (on Edge: NaN, on Cloud: NaN, on Mobile: NaN)
average processing time: NaN seconds. (on Edge: NaN, on Cloud: NaN, on Mobile: NaN)
average network delay: NaN seconds. (LAN delay: NaN, MAN delay: NaN, WAN delay: NaN)
average server utilization Edge/Cloud/Mobile: 0,000000/0,000000/0,000000
average cost: NaN$
Scenario finished at 18/09/2020 09:04:26. It took 10 Seconds
----------------------------------------------------------------------
Scenario started at 18/09/2020 09:04:26
Scenario: TWO_TIER_WITH_EO - Policy: NETWORK_BASED - #iteration: 1
Duration: 5.0 min (warm up period: 1.0 min) - #devices: 0
Creating tasks...Done, 
Creating device locations...Done.
SimManager is starting...Done.
.........10.........20.........30.........40.........50.........60.........70.........80.........90.........100
# of tasks (Edge/Cloud/Mobile): 0(0/0/0)
# of failed tasks (Edge/Cloud/Mobile): 0(0/0/0)
# of completed tasks (Edge/Cloud/Mobile): 0(0/0/0)
# of uncompleted tasks (Edge/Cloud/Mobile): 0(0/0/0)
# of failed tasks due to vm capacity (Edge/Cloud/Mobile): 0(0/0/0)
# of failed tasks due to Mobility/Network(WLAN/MAN/WAN): 0/0(0/0/0)
percentage of failed tasks: NaN%
average service time: NaN seconds. (on Edge: NaN, on Cloud: NaN, on Mobile: NaN)
average processing time: NaN seconds. (on Edge: NaN, on Cloud: NaN, on Mobile: NaN)
average network delay: NaN seconds. (LAN delay: NaN, MAN delay: NaN, WAN delay: NaN)
average server utilization Edge/Cloud/Mobile: 0,000000/0,000000/0,000000
average cost: NaN$
Scenario finished at 18/09/2020 09:04:27. It took 408 Milli Seconds
----------------------------------------------------------------------
Scenario started at 18/09/2020 09:04:27
Scenario: TWO_TIER_WITH_EO - Policy: UTILIZATION_BASED - #iteration: 1
Duration: 5.0 min (warm up period: 1.0 min) - #devices: 0
Creating tasks...Done, 
Creating device locations...Done.
SimManager is starting...Done.
.........10.........20.........30.........40.........50.........60.........70.........80.........90.........100
# of tasks (Edge/Cloud/Mobile): 0(0/0/0)
# of failed tasks (Edge/Cloud/Mobile): 0(0/0/0)
# of completed tasks (Edge/Cloud/Mobile): 0(0/0/0)
# of uncompleted tasks (Edge/Cloud/Mobile): 0(0/0/0)
# of failed tasks due to vm capacity (Edge/Cloud/Mobile): 0(0/0/0)
# of failed tasks due to Mobility/Network(WLAN/MAN/WAN): 0/0(0/0/0)
percentage of failed tasks: NaN%
average service time: NaN seconds. (on Edge: NaN, on Cloud: NaN, on Mobile: NaN)
average processing time: NaN seconds. (on Edge: NaN, on Cloud: NaN, on Mobile: NaN)
average network delay: NaN seconds. (LAN delay: NaN, MAN delay: NaN, WAN delay: NaN)
average server utilization Edge/Cloud/Mobile: 0,000000/0,000000/0,000000
average cost: NaN$
Scenario finished at 18/09/2020 09:04:27. It took 372 Milli Seconds
----------------------------------------------------------------------
Scenario started at 18/09/2020 09:04:27
Scenario: TWO_TIER_WITH_EO - Policy: HYBRID - #iteration: 1
Duration: 5.0 min (warm up period: 1.0 min) - #devices: 0
Creating tasks...Done, 
Creating device locations...Done.
SimManager is starting...Done.
.........10.........20.........30.........40.........50.........60.........70.........80.........90.........100
# of tasks (Edge/Cloud/Mobile): 0(0/0/0)
# of failed tasks (Edge/Cloud/Mobile): 0(0/0/0)
# of completed tasks (Edge/Cloud/Mobile): 0(0/0/0)
# of uncompleted tasks (Edge/Cloud/Mobile): 0(0/0/0)
# of failed tasks due to vm capacity (Edge/Cloud/Mobile): 0(0/0/0)
# of failed tasks due to Mobility/Network(WLAN/MAN/WAN): 0/0(0/0/0)
percentage of failed tasks: NaN%
average service time: NaN seconds. (on Edge: NaN, on Cloud: NaN, on Mobile: NaN)
average processing time: NaN seconds. (on Edge: NaN, on Cloud: NaN, on Mobile: NaN)
average network delay: NaN seconds. (LAN delay: NaN, MAN delay: NaN, WAN delay: NaN)
average server utilization Edge/Cloud/Mobile: 0,000000/0,000000/0,000000
average cost: NaN$
Scenario finished at 18/09/2020 09:04:27. It took 258 Milli Seconds
----------------------------------------------------------------------
Scenario started at 18/09/2020 09:04:27
Scenario: TWO_TIER_WITH_EO - Policy: FUZZY_BASED - #iteration: 1
Duration: 5.0 min (warm up period: 1.0 min) - #devices: 0
Creating tasks...Done, 
Creating device locations...Done.
SimManager is starting...Done.
.........10.........20.........30.........40.........50.........60.........70.........80.........90.........100
# of tasks (Edge/Cloud/Mobile): 0(0/0/0)
# of failed tasks (Edge/Cloud/Mobile): 0(0/0/0)
# of completed tasks (Edge/Cloud/Mobile): 0(0/0/0)
# of uncompleted tasks (Edge/Cloud/Mobile): 0(0/0/0)
# of failed tasks due to vm capacity (Edge/Cloud/Mobile): 0(0/0/0)
# of failed tasks due to Mobility/Network(WLAN/MAN/WAN): 0/0(0/0/0)
percentage of failed tasks: NaN%
average service time: NaN seconds. (on Edge: NaN, on Cloud: NaN, on Mobile: NaN)
average processing time: NaN seconds. (on Edge: NaN, on Cloud: NaN, on Mobile: NaN)
average network delay: NaN seconds. (LAN delay: NaN, MAN delay: NaN, WAN delay: NaN)
average server utilization Edge/Cloud/Mobile: 0,000000/0,000000/0,000000
average cost: NaN$
Scenario finished at 18/09/2020 09:04:28. It took 413 Milli Seconds
----------------------------------------------------------------------
Scenario started at 18/09/2020 09:04:28
Scenario: TWO_TIER_WITH_EO - Policy: DDQN - #iteration: 1
Duration: 5.0 min (warm up period: 1.0 min) - #devices: 200
Creating tasks...Done, 
Creating device locations...Done.
SimManager is starting...Done.
.........10.........20.........30.........40.........50.........60.........70.........80.........90.........100
# of tasks (Edge/Cloud/Mobile): 6909(2418/4491/0)
# of failed tasks (Edge/Cloud/Mobile): 38(13/25/0)
# of completed tasks (Edge/Cloud/Mobile): 6871(2405/4466/0)
# of uncompleted tasks (Edge/Cloud/Mobile): 26(8/2/16)
# of failed tasks due to vm capacity (Edge/Cloud/Mobile): 0(0/0/0)
# of failed tasks due to Mobility/Network(WLAN/MAN/WAN): 38/0(0/0/0)
percentage of failed tasks: 0,550007%
average service time: 1,027813 seconds. (on Edge: 0,819223, on Cloud: 1,140142, on Mobile: NaN)
average processing time: 0,340020 seconds. (on Edge: 0,760250, on Cloud: 0,113721, on Mobile: NaN)
average network delay: 0,687793 seconds. (LAN delay: 0,047536, MAN delay: 0,012374, WAN delay: 1,026421)
average server utilization Edge/Cloud/Mobile: 0,427843/0,441837/0,000000
average cost: 0.0$
Scenario finished at 18/09/2020 09:04:47. It took 19 Seconds
----------------------------------------------------------------------
Scenario started at 18/09/2020 09:04:47
Scenario: TWO_TIER_WITH_EO - Policy: NETWORK_BASED - #iteration: 1
Duration: 5.0 min (warm up period: 1.0 min) - #devices: 200
Creating tasks...Done, 
Creating device locations...Done.
SimManager is starting...Done.
.........10.........20.........30.........40.........50.........60.........70.........80.........90.........100
# of tasks (Edge/Cloud/Mobile): 6311(29/6282/0)
# of failed tasks (Edge/Cloud/Mobile): 41(1/40/0)
# of completed tasks (Edge/Cloud/Mobile): 6270(28/6242/0)
# of uncompleted tasks (Edge/Cloud/Mobile): 29(0/9/20)
# of failed tasks due to vm capacity (Edge/Cloud/Mobile): 0(0/0/0)
# of failed tasks due to Mobility/Network(WLAN/MAN/WAN): 41/0(0/0/0)
percentage of failed tasks: 0,649659%
average service time: 1,269712 seconds. (on Edge: 1,034957, on Cloud: 1,270766, on Mobile: NaN)
average processing time: 0,110728 seconds. (on Edge: 0,982439, on Cloud: 0,106817, on Mobile: NaN)
average network delay: 1,158985 seconds. (LAN delay: 0,045869, MAN delay: 0,012412, WAN delay: 1,163948)
average server utilization Edge/Cloud/Mobile: 0,005466/0,655102/0,000000
average cost: 0.0$
Scenario finished at 18/09/2020 09:04:49. It took 1 Second
----------------------------------------------------------------------
Scenario started at 18/09/2020 09:04:49
Scenario: TWO_TIER_WITH_EO - Policy: UTILIZATION_BASED - #iteration: 1
Duration: 5.0 min (warm up period: 1.0 min) - #devices: 200
Creating tasks...Done, 
Creating device locations...Done.
SimManager is starting...Done.
.........10.........20.........30.........40.........50.........60.........70.........80.........90.........100
# of tasks (Edge/Cloud/Mobile): 7020(7020/0/0)
# of failed tasks (Edge/Cloud/Mobile): 50(50/0/0)
# of completed tasks (Edge/Cloud/Mobile): 6970(6970/0/0)
# of uncompleted tasks (Edge/Cloud/Mobile): 28(28/0/0)
# of failed tasks due to vm capacity (Edge/Cloud/Mobile): 0(0/0/0)
# of failed tasks due to Mobility/Network(WLAN/MAN/WAN): 50/0(0/0/0)
percentage of failed tasks: 0,712251%
average service time: 1,127286 seconds. (on Edge: 1,127286, on Cloud: NaN, on Mobile: NaN)
average processing time: 1,064934 seconds. (on Edge: 1,064934, on Cloud: NaN, on Mobile: NaN)
average network delay: 0,062352 seconds. (LAN delay: 0,051395, MAN delay: 0,012500, WAN delay: NaN)
average server utilization Edge/Cloud/Mobile: 2,607143/0,000000/0,000000
average cost: 0.0$
Scenario finished at 18/09/2020 09:04:50. It took 1 Second
----------------------------------------------------------------------
Scenario started at 18/09/2020 09:04:50
Scenario: TWO_TIER_WITH_EO - Policy: HYBRID - #iteration: 1
Duration: 5.0 min (warm up period: 1.0 min) - #devices: 200
Creating tasks...Done, 
Creating device locations...Done.
SimManager is starting...Done.
.........10.........20.........30.........40.........50.........60.........70.........80.........90.........100
# of tasks (Edge/Cloud/Mobile): 7209(7209/0/0)
# of failed tasks (Edge/Cloud/Mobile): 42(42/0/0)
# of completed tasks (Edge/Cloud/Mobile): 7167(7167/0/0)
# of uncompleted tasks (Edge/Cloud/Mobile): 38(38/0/0)
# of failed tasks due to vm capacity (Edge/Cloud/Mobile): 0(0/0/0)
# of failed tasks due to Mobility/Network(WLAN/MAN/WAN): 42/0(0/0/0)
percentage of failed tasks: 0,582605%
average service time: 1,088069 seconds. (on Edge: 1,088069, on Cloud: NaN, on Mobile: NaN)
average processing time: 1,025809 seconds. (on Edge: 1,025809, on Cloud: NaN, on Mobile: NaN)
average network delay: 0,062260 seconds. (LAN delay: 0,050901, MAN delay: 0,012509, WAN delay: NaN)
average server utilization Edge/Cloud/Mobile: 2,535714/0,000000/0,000000
average cost: 0.0$
Scenario finished at 18/09/2020 09:04:53. It took 2 Seconds
----------------------------------------------------------------------
Scenario started at 18/09/2020 09:04:53
Scenario: TWO_TIER_WITH_EO - Policy: FUZZY_BASED - #iteration: 1
Duration: 5.0 min (warm up period: 1.0 min) - #devices: 200
Creating tasks...Done, 
Creating device locations...Done.
SimManager is starting...Done.
.........10.........20.........30.........40.........50.........60.........70.........80.........90.........100
# of tasks (Edge/Cloud/Mobile): 6512(5541/971/0)
# of failed tasks (Edge/Cloud/Mobile): 28(25/3/0)
# of completed tasks (Edge/Cloud/Mobile): 6484(5516/968/0)
# of uncompleted tasks (Edge/Cloud/Mobile): 27(27/0/0)
# of failed tasks due to vm capacity (Edge/Cloud/Mobile): 0(0/0/0)
# of failed tasks due to Mobility/Network(WLAN/MAN/WAN): 28/0(0/0/0)
percentage of failed tasks: 0,429975%
average service time: 0,832115 seconds. (on Edge: 0,831481, on Cloud: 0,835725, on Mobile: NaN)
average processing time: 0,699352 seconds. (on Edge: 0,782701, on Cloud: 0,224399, on Mobile: NaN)
average network delay: 0,132763 seconds. (LAN delay: 0,048780, MAN delay: NaN, WAN delay: 0,611326)
average server utilization Edge/Cloud/Mobile: 0,938411/0,448980/0,000000
average cost: 0.0$
Scenario finished at 18/09/2020 09:06:24. It took 1 Minute 31 Seconds
----------------------------------------------------------------------
Scenario started at 18/09/2020 09:06:24
Scenario: TWO_TIER_WITH_EO - Policy: DDQN - #iteration: 1
Duration: 5.0 min (warm up period: 1.0 min) - #devices: 400
Creating tasks...Done, 
Creating device locations...Done.
SimManager is starting...Done.
.........10.........20.........30.........40.........50.........60.........70.........80.........90.........100
# of tasks (Edge/Cloud/Mobile): 12955(4537/8418/0)
# of failed tasks (Edge/Cloud/Mobile): 83(10/73/0)
# of completed tasks (Edge/Cloud/Mobile): 12872(4527/8345/0)
# of uncompleted tasks (Edge/Cloud/Mobile): 77(14/4/59)
# of failed tasks due to vm capacity (Edge/Cloud/Mobile): 0(0/0/0)
# of failed tasks due to Mobility/Network(WLAN/MAN/WAN): 83/0(0/0/0)
percentage of failed tasks: 0,640679%
average service time: 1,219651 seconds. (on Edge: 0,794126, on Cloud: 1,450490, on Mobile: NaN)
average processing time: 0,337463 seconds. (on Edge: 0,732559, on Cloud: 0,123131, on Mobile: NaN)
average network delay: 0,882188 seconds. (LAN delay: 0,049674, MAN delay: 0,012408, WAN delay: 1,327359)
average server utilization Edge/Cloud/Mobile: 0,720117/1,156122/0,000000
average cost: 0.0$
Scenario finished at 18/09/2020 09:06:44. It took 20 Seconds
----------------------------------------------------------------------
Scenario started at 18/09/2020 09:06:44
Scenario: TWO_TIER_WITH_EO - Policy: NETWORK_BASED - #iteration: 1
Duration: 5.0 min (warm up period: 1.0 min) - #devices: 400
Creating tasks...Done, 
Creating device locations...Done.
SimManager is starting...Done.
.........10.........20.........30.........40.........50.........60.........70.........80.........90.........100
# of tasks (Edge/Cloud/Mobile): 13125(1731/11394/0)
# of failed tasks (Edge/Cloud/Mobile): 99(3/96/0)
# of completed tasks (Edge/Cloud/Mobile): 13026(1728/11298/0)
# of uncompleted tasks (Edge/Cloud/Mobile): 92(7/14/71)
# of failed tasks due to vm capacity (Edge/Cloud/Mobile): 0(0/0/0)
# of failed tasks due to Mobility/Network(WLAN/MAN/WAN): 99/0(0/0/0)
percentage of failed tasks: 0,754286%
average service time: 1,519574 seconds. (on Edge: 1,039808, on Cloud: 1,592953, on Mobile: NaN)
average processing time: 0,220508 seconds. (on Edge: 0,969327, on Cloud: 0,105978, on Mobile: NaN)
average network delay: 1,299066 seconds. (LAN delay: 0,059645, MAN delay: 0,012516, WAN delay: 1,486975)
average server utilization Edge/Cloud/Mobile: 0,607507/1,175510/0,000000
average cost: 0.0$
Scenario finished at 18/09/2020 09:06:47. It took 3 Seconds
----------------------------------------------------------------------
Scenario started at 18/09/2020 09:06:47
Scenario: TWO_TIER_WITH_EO - Policy: UTILIZATION_BASED - #iteration: 1
Duration: 5.0 min (warm up period: 1.0 min) - #devices: 400
Creating tasks...Done, 
Creating device locations...Done.
SimManager is starting...Done.
.........10.........20.........30.........40.........50.........60.........70.........80.........90.........100
# of tasks (Edge/Cloud/Mobile): 14525(14525/0/0)
# of failed tasks (Edge/Cloud/Mobile): 75(75/0/0)
# of completed tasks (Edge/Cloud/Mobile): 14450(14450/0/0)
# of uncompleted tasks (Edge/Cloud/Mobile): 74(69/0/5)
# of failed tasks due to vm capacity (Edge/Cloud/Mobile): 0(0/0/0)
# of failed tasks due to Mobility/Network(WLAN/MAN/WAN): 75/0(0/0/0)
percentage of failed tasks: 0,516351%
average service time: 1,201338 seconds. (on Edge: 1,201338, on Cloud: NaN, on Mobile: NaN)
average processing time: 1,133342 seconds. (on Edge: 1,133342, on Cloud: NaN, on Mobile: NaN)
average network delay: 0,067995 seconds. (LAN delay: 0,056461, MAN delay: 0,012705, WAN delay: NaN)
average server utilization Edge/Cloud/Mobile: 5,452624/0,000000/0,000000
average cost: 0.0$
Scenario finished at 18/09/2020 09:06:52. It took 4 Seconds
----------------------------------------------------------------------
Scenario started at 18/09/2020 09:06:52
Scenario: TWO_TIER_WITH_EO - Policy: HYBRID - #iteration: 1
Duration: 5.0 min (warm up period: 1.0 min) - #devices: 400
Creating tasks...Done, 
Creating device locations...Done.
SimManager is starting...Done.
.........10.........20.........30.........40.........50.........60.........70.........80.........90.........100
# of tasks (Edge/Cloud/Mobile): 14107(14107/0/0)
# of failed tasks (Edge/Cloud/Mobile): 83(83/0/0)
# of completed tasks (Edge/Cloud/Mobile): 14024(14024/0/0)
# of uncompleted tasks (Edge/Cloud/Mobile): 71(66/0/5)
# of failed tasks due to vm capacity (Edge/Cloud/Mobile): 0(0/0/0)
# of failed tasks due to Mobility/Network(WLAN/MAN/WAN): 83/0(0/0/0)
percentage of failed tasks: 0,588360%
average service time: 1,201196 seconds. (on Edge: 1,201196, on Cloud: NaN, on Mobile: NaN)
average processing time: 1,131759 seconds. (on Edge: 1,131759, on Cloud: NaN, on Mobile: NaN)
average network delay: 0,069437 seconds. (LAN delay: 0,057969, MAN delay: 0,012687, WAN delay: NaN)
average server utilization Edge/Cloud/Mobile: 5,130466/0,000000/0,000000
average cost: 0.0$
Scenario finished at 18/09/2020 09:06:55. It took 3 Seconds
----------------------------------------------------------------------
Scenario started at 18/09/2020 09:06:55
Scenario: TWO_TIER_WITH_EO - Policy: FUZZY_BASED - #iteration: 1
Duration: 5.0 min (warm up period: 1.0 min) - #devices: 400
Creating tasks...Done, 
Creating device locations...Done.
SimManager is starting...Done.
.........10.........20.........30.........40.........50.........60.........70.........80.........90.........100
# of tasks (Edge/Cloud/Mobile): 14377(12683/1694/0)
# of failed tasks (Edge/Cloud/Mobile): 82(75/7/0)
# of completed tasks (Edge/Cloud/Mobile): 14295(12608/1687/0)
# of uncompleted tasks (Edge/Cloud/Mobile): 58(54/1/3)
# of failed tasks due to vm capacity (Edge/Cloud/Mobile): 0(0/0/0)
# of failed tasks due to Mobility/Network(WLAN/MAN/WAN): 82/0(0/0/0)
percentage of failed tasks: 0,570355%
average service time: 0,888623 seconds. (on Edge: 0,880115, on Cloud: 0,952207, on Mobile: NaN)
average processing time: 0,752826 seconds. (on Edge: 0,824143, on Cloud: 0,219829, on Mobile: NaN)
average network delay: 0,135797 seconds. (LAN delay: 0,055972, MAN delay: NaN, WAN delay: 0,732378)
average server utilization Edge/Cloud/Mobile: 2,161808/0,704082/0,000000
average cost: 0.0$
Scenario finished at 18/09/2020 09:08:40. It took 1 Minute 44 Seconds
----------------------------------------------------------------------
Scenario started at 18/09/2020 09:08:40
Scenario: TWO_TIER_WITH_EO - Policy: DDQN - #iteration: 1
Duration: 5.0 min (warm up period: 1.0 min) - #devices: 600
Creating tasks...Done, 
Creating device locations...Done.
SimManager is starting...Done.
.........10.........20.........30.........40.........50.........60.........70.........80.........90.........100
# of tasks (Edge/Cloud/Mobile): 19243(6368/12875/0)
# of failed tasks (Edge/Cloud/Mobile): 105(22/83/0)
# of completed tasks (Edge/Cloud/Mobile): 19138(6346/12792/0)
# of uncompleted tasks (Edge/Cloud/Mobile): 128(30/5/93)
# of failed tasks due to vm capacity (Edge/Cloud/Mobile): 0(0/0/0)
# of failed tasks due to Mobility/Network(WLAN/MAN/WAN): 105/0(0/0/0)
percentage of failed tasks: 0,545653%
average service time: 1,423397 seconds. (on Edge: 0,854820, on Cloud: 1,705462, on Mobile: NaN)
average processing time: 0,346200 seconds. (on Edge: 0,789676, on Cloud: 0,126196, on Mobile: NaN)
average network delay: 1,077196 seconds. (LAN delay: 0,053070, MAN delay: 0,012436, WAN delay: 1,579267)
average server utilization Edge/Cloud/Mobile: 1,064504/1,833673/0,000000
average cost: 0.0$
Scenario finished at 18/09/2020 09:09:10. It took 30 Seconds
----------------------------------------------------------------------
Scenario started at 18/09/2020 09:09:10
Scenario: TWO_TIER_WITH_EO - Policy: NETWORK_BASED - #iteration: 1
Duration: 5.0 min (warm up period: 1.0 min) - #devices: 600
Creating tasks...Done, 
Creating device locations...Done.
SimManager is starting...Done.
.........10.........20.........30.........40.........50.........60.........70.........80.........90.........100
# of tasks (Edge/Cloud/Mobile): 20849(5012/15837/0)
# of failed tasks (Edge/Cloud/Mobile): 186(33/153/0)
# of completed tasks (Edge/Cloud/Mobile): 20663(4979/15684/0)
# of uncompleted tasks (Edge/Cloud/Mobile): 146(32/15/99)
# of failed tasks due to vm capacity (Edge/Cloud/Mobile): 0(0/0/0)
# of failed tasks due to Mobility/Network(WLAN/MAN/WAN): 186/0(0/0/0)
percentage of failed tasks: 0,892129%
average service time: 1,582280 seconds. (on Edge: 1,096654, on Cloud: 1,736445, on Mobile: NaN)
average processing time: 0,328678 seconds. (on Edge: 1,027958, on Cloud: 0,106686, on Mobile: NaN)
average network delay: 1,253602 seconds. (LAN delay: 0,057764, MAN delay: 0,012676, WAN delay: 1,629759)
average server utilization Edge/Cloud/Mobile: 1,819242/1,717347/0,000000
average cost: 0.0$
Scenario finished at 18/09/2020 09:09:19. It took 9 Seconds
----------------------------------------------------------------------
Scenario started at 18/09/2020 09:09:19
Scenario: TWO_TIER_WITH_EO - Policy: UTILIZATION_BASED - #iteration: 1
Duration: 5.0 min (warm up period: 1.0 min) - #devices: 600
Creating tasks...Done, 
Creating device locations...Done.
SimManager is starting...Done.
.........10.........20.........30.........40.........50.........60.........70.........80.........90.........100
# of tasks (Edge/Cloud/Mobile): 21181(21181/0/0)
# of failed tasks (Edge/Cloud/Mobile): 131(131/0/0)
# of completed tasks (Edge/Cloud/Mobile): 21050(21050/0/0)
# of uncompleted tasks (Edge/Cloud/Mobile): 138(132/0/6)
# of failed tasks due to vm capacity (Edge/Cloud/Mobile): 0(0/0/0)
# of failed tasks due to Mobility/Network(WLAN/MAN/WAN): 131/0(0/0/0)
percentage of failed tasks: 0,618479%
average service time: 1,296863 seconds. (on Edge: 1,296863, on Cloud: NaN, on Mobile: NaN)
average processing time: 1,218567 seconds. (on Edge: 1,218567, on Cloud: NaN, on Mobile: NaN)
average network delay: 0,078296 seconds. (LAN delay: 0,066483, MAN delay: 0,012929, WAN delay: NaN)
average server utilization Edge/Cloud/Mobile: 8,301749/0,000000/0,000000
average cost: 0.0$
Scenario finished at 18/09/2020 09:09:27. It took 8 Seconds
----------------------------------------------------------------------
Scenario started at 18/09/2020 09:09:27
Scenario: TWO_TIER_WITH_EO - Policy: HYBRID - #iteration: 1
Duration: 5.0 min (warm up period: 1.0 min) - #devices: 600
Creating tasks...Done, 
Creating device locations...Done.
SimManager is starting...Done.
.........10.........20.........30.........40.........50.........60.........70.........80.........90.........100
# of tasks (Edge/Cloud/Mobile): 20143(20143/0/0)
# of failed tasks (Edge/Cloud/Mobile): 138(138/0/0)
# of completed tasks (Edge/Cloud/Mobile): 20005(20005/0/0)
# of uncompleted tasks (Edge/Cloud/Mobile): 120(112/0/8)
# of failed tasks due to vm capacity (Edge/Cloud/Mobile): 0(0/0/0)
# of failed tasks due to Mobility/Network(WLAN/MAN/WAN): 138/0(0/0/0)
percentage of failed tasks: 0,685102%
average service time: 1,306290 seconds. (on Edge: 1,306290, on Cloud: NaN, on Mobile: NaN)
average processing time: 1,229247 seconds. (on Edge: 1,229247, on Cloud: NaN, on Mobile: NaN)
average network delay: 0,077043 seconds. (LAN delay: 0,065269, MAN delay: 0,012896, WAN delay: NaN)
average server utilization Edge/Cloud/Mobile: 8,439140/0,000000/0,000000
average cost: 0.0$
Scenario finished at 18/09/2020 09:09:34. It took 6 Seconds
----------------------------------------------------------------------
Scenario started at 18/09/2020 09:09:34
Scenario: TWO_TIER_WITH_EO - Policy: FUZZY_BASED - #iteration: 1
Duration: 5.0 min (warm up period: 1.0 min) - #devices: 600
Creating tasks...Done, 
Creating device locations...Done.
SimManager is starting...Done.
.........10.........20.........30.........40.........50.........60.........70.........80.........90.........100
# of tasks (Edge/Cloud/Mobile): 20038(17424/2614/0)
# of failed tasks (Edge/Cloud/Mobile): 104(96/8/0)
# of completed tasks (Edge/Cloud/Mobile): 19934(17328/2606/0)
# of uncompleted tasks (Edge/Cloud/Mobile): 81(75/0/6)
# of failed tasks due to vm capacity (Edge/Cloud/Mobile): 0(0/0/0)
# of failed tasks due to Mobility/Network(WLAN/MAN/WAN): 104/0(0/0/0)
percentage of failed tasks: 0,519014%
average service time: 0,922099 seconds. (on Edge: 0,896801, on Cloud: 1,090314, on Mobile: NaN)
average processing time: 0,753949 seconds. (on Edge: 0,833828, on Cloud: 0,222815, on Mobile: NaN)
average network delay: 0,168150 seconds. (LAN delay: 0,062973, MAN delay: NaN, WAN delay: 0,867499)
average server utilization Edge/Cloud/Mobile: 3,043003/1,132653/0,000000
average cost: 0.0$
Scenario finished at 18/09/2020 09:11:59. It took 2 Minutes 25 Seconds
----------------------------------------------------------------------
Scenario started at 18/09/2020 09:11:59
Scenario: TWO_TIER_WITH_EO - Policy: DDQN - #iteration: 1
Duration: 5.0 min (warm up period: 1.0 min) - #devices: 800
Creating tasks...Done, 
Creating device locations...Done.
SimManager is starting...Done.
.........10.........20.........30.........40.........50.........60.........70.........80.........90.........100
# of tasks (Edge/Cloud/Mobile): 26739(10234/16505/0)
# of failed tasks (Edge/Cloud/Mobile): 193(38/155/0)
# of completed tasks (Edge/Cloud/Mobile): 26546(10196/16350/0)
# of uncompleted tasks (Edge/Cloud/Mobile): 217(71/14/132)
# of failed tasks due to vm capacity (Edge/Cloud/Mobile): 0(0/0/0)
# of failed tasks due to Mobility/Network(WLAN/MAN/WAN): 193/0(0/0/0)
percentage of failed tasks: 0,721792%
average service time: 1,534232 seconds. (on Edge: 0,975910, on Cloud: 1,882406, on Mobile: NaN)
average processing time: 0,428147 seconds. (on Edge: 0,903492, on Cloud: 0,131718, on Mobile: NaN)
average network delay: 1,106085 seconds. (LAN delay: 0,060631, MAN delay: 0,012496, WAN delay: 1,750688)
average server utilization Edge/Cloud/Mobile: 1,949708/2,359184/0,000000
average cost: 0.0$
Scenario finished at 18/09/2020 09:12:44. It took 44 Seconds
----------------------------------------------------------------------
Scenario started at 18/09/2020 09:12:44
Scenario: TWO_TIER_WITH_EO - Policy: NETWORK_BASED - #iteration: 1
Duration: 5.0 min (warm up period: 1.0 min) - #devices: 800
Creating tasks...Done, 
Creating device locations...Done.
SimManager is starting...Done.
.........10.........20.........30.........40.........50.........60.........70.........80.........90.........100
# of tasks (Edge/Cloud/Mobile): 25455(8538/16917/0)
# of failed tasks (Edge/Cloud/Mobile): 201(38/163/0)
# of completed tasks (Edge/Cloud/Mobile): 25254(8500/16754/0)
# of uncompleted tasks (Edge/Cloud/Mobile): 157(36/27/94)
# of failed tasks due to vm capacity (Edge/Cloud/Mobile): 0(0/0/0)
# of failed tasks due to Mobility/Network(WLAN/MAN/WAN): 201/0(0/0/0)
percentage of failed tasks: 0,789629%
average service time: 1,546507 seconds. (on Edge: 1,218675, on Cloud: 1,712829, on Mobile: NaN)
average processing time: 0,458217 seconds. (on Edge: 1,143800, on Cloud: 0,110392, on Mobile: NaN)
average network delay: 1,088290 seconds. (LAN delay: 0,063817, MAN delay: 0,012817, WAN delay: 1,602437)
average server utilization Edge/Cloud/Mobile: 3,501458/1,942857/0,000000
average cost: 0.0$
Scenario finished at 18/09/2020 09:12:55. It took 11 Seconds
----------------------------------------------------------------------
Scenario started at 18/09/2020 09:12:55
Scenario: TWO_TIER_WITH_EO - Policy: UTILIZATION_BASED - #iteration: 1
Duration: 5.0 min (warm up period: 1.0 min) - #devices: 800
Creating tasks...Done, 
Creating device locations...Done.
SimManager is starting...Done.
.........10.........20.........30.........40.........50.........60.........70.........80.........90.........100
# of tasks (Edge/Cloud/Mobile): 25838(25838/0/0)
# of failed tasks (Edge/Cloud/Mobile): 209(209/0/0)
# of completed tasks (Edge/Cloud/Mobile): 25629(25629/0/0)
# of uncompleted tasks (Edge/Cloud/Mobile): 150(145/0/5)
# of failed tasks due to vm capacity (Edge/Cloud/Mobile): 0(0/0/0)
# of failed tasks due to Mobility/Network(WLAN/MAN/WAN): 209/0(0/0/0)
percentage of failed tasks: 0,808886%
average service time: 1,415698 seconds. (on Edge: 1,415698, on Cloud: NaN, on Mobile: NaN)
average processing time: 1,332118 seconds. (on Edge: 1,332118, on Cloud: NaN, on Mobile: NaN)
average network delay: 0,083581 seconds. (LAN delay: 0,071498, MAN delay: 0,013135, WAN delay: NaN)
average server utilization Edge/Cloud/Mobile: 12,301749/0,000000/0,000000
average cost: 0.0$
Scenario finished at 18/09/2020 09:13:08. It took 13 Seconds
----------------------------------------------------------------------
Scenario started at 18/09/2020 09:13:08
Scenario: TWO_TIER_WITH_EO - Policy: HYBRID - #iteration: 1
Duration: 5.0 min (warm up period: 1.0 min) - #devices: 800
Creating tasks...Done, 
Creating device locations...Done.
SimManager is starting...Done.
.........10.........20.........30.........40.........50.........60.........70.........80.........90.........100
# of tasks (Edge/Cloud/Mobile): 26027(26027/0/0)
# of failed tasks (Edge/Cloud/Mobile): 182(182/0/0)
# of completed tasks (Edge/Cloud/Mobile): 25845(25845/0/0)
# of uncompleted tasks (Edge/Cloud/Mobile): 147(138/0/9)
# of failed tasks due to vm capacity (Edge/Cloud/Mobile): 0(0/0/0)
# of failed tasks due to Mobility/Network(WLAN/MAN/WAN): 182/0(0/0/0)
percentage of failed tasks: 0,699274%
average service time: 1,378315 seconds. (on Edge: 1,378315, on Cloud: NaN, on Mobile: NaN)
average processing time: 1,293313 seconds. (on Edge: 1,293313, on Cloud: NaN, on Mobile: NaN)
average network delay: 0,085002 seconds. (LAN delay: 0,072919, MAN delay: 0,013156, WAN delay: NaN)
average server utilization Edge/Cloud/Mobile: 11,895044/0,000000/0,000000
average cost: 0.0$
Scenario finished at 18/09/2020 09:13:18. It took 9 Seconds
----------------------------------------------------------------------
Scenario started at 18/09/2020 09:13:18
Scenario: TWO_TIER_WITH_EO - Policy: FUZZY_BASED - #iteration: 1
Duration: 5.0 min (warm up period: 1.0 min) - #devices: 800
Creating tasks...Done, 
Creating device locations...Done.
SimManager is starting...Done.
.........10.........20.........30.........40.........50.........60.........70.........80.........90.........100
# of tasks (Edge/Cloud/Mobile): 26939(23218/3721/0)
# of failed tasks (Edge/Cloud/Mobile): 108(94/14/0)
# of completed tasks (Edge/Cloud/Mobile): 26831(23124/3707/0)
# of uncompleted tasks (Edge/Cloud/Mobile): 110(98/1/11)
# of failed tasks due to vm capacity (Edge/Cloud/Mobile): 0(0/0/0)
# of failed tasks due to Mobility/Network(WLAN/MAN/WAN): 108/0(0/0/0)
percentage of failed tasks: 0,400906%
average service time: 0,979546 seconds. (on Edge: 0,945040, on Cloud: 1,194789, on Mobile: NaN)
average processing time: 0,785596 seconds. (on Edge: 0,874569, on Cloud: 0,230589, on Mobile: NaN)
average network delay: 0,193950 seconds. (LAN delay: 0,070472, MAN delay: NaN, WAN delay: 0,964201)
average server utilization Edge/Cloud/Mobile: 4,284257/1,790816/0,000000
average cost: 0.0$
Scenario finished at 18/09/2020 09:16:35. It took 3 Minutes 17 Seconds
----------------------------------------------------------------------
Scenario started at 18/09/2020 09:16:35
Scenario: TWO_TIER_WITH_EO - Policy: DDQN - #iteration: 1
Duration: 5.0 min (warm up period: 1.0 min) - #devices: 1000
Creating tasks...Done, 
Creating device locations...Done.
SimManager is starting...Done.
.........10.........20.........30.........40.........50.........60.........70.........80.........90.........100
# of tasks (Edge/Cloud/Mobile): 31383(14059/17324/0)
# of failed tasks (Edge/Cloud/Mobile): 280(63/217/0)
# of completed tasks (Edge/Cloud/Mobile): 31103(13996/17107/0)
# of uncompleted tasks (Edge/Cloud/Mobile): 211(70/11/130)
# of failed tasks due to vm capacity (Edge/Cloud/Mobile): 0(0/0/0)
# of failed tasks due to Mobility/Network(WLAN/MAN/WAN): 280/0(0/0/0)
percentage of failed tasks: 0,892203%
average service time: 1,608722 seconds. (on Edge: 1,080629, on Cloud: 2,040778, on Mobile: NaN)
average processing time: 0,528144 seconds. (on Edge: 1,000175, on Cloud: 0,141955, on Mobile: NaN)
average network delay: 1,080578 seconds. (LAN delay: 0,068556, MAN delay: 0,012552, WAN delay: 1,898823)
average server utilization Edge/Cloud/Mobile: 2,871720/3,139796/0,000000
average cost: 0.0$
Scenario finished at 18/09/2020 09:17:28. It took 53 Seconds
----------------------------------------------------------------------
Scenario started at 18/09/2020 09:17:28
Scenario: TWO_TIER_WITH_EO - Policy: NETWORK_BASED - #iteration: 1
Duration: 5.0 min (warm up period: 1.0 min) - #devices: 1000
Creating tasks...Done, 
Creating device locations...Done.
SimManager is starting...Done.
.........10.........20.........30.........40.........50.........60.........70.........80.........90.........100
# of tasks (Edge/Cloud/Mobile): 32165(14105/18060/0)
# of failed tasks (Edge/Cloud/Mobile): 253(72/181/0)
# of completed tasks (Edge/Cloud/Mobile): 31912(14033/17879/0)
# of uncompleted tasks (Edge/Cloud/Mobile): 197(58/23/116)
# of failed tasks due to vm capacity (Edge/Cloud/Mobile): 0(0/0/0)
# of failed tasks due to Mobility/Network(WLAN/MAN/WAN): 253/0(0/0/0)
percentage of failed tasks: 0,786569%
average service time: 1,563561 seconds. (on Edge: 1,253066, on Cloud: 1,807265, on Mobile: NaN)
average processing time: 0,579949 seconds. (on Edge: 1,170753, on Cloud: 0,116235, on Mobile: NaN)
average network delay: 0,983612 seconds. (LAN delay: 0,070825, MAN delay: 0,013009, WAN delay: 1,691029)
average server utilization Edge/Cloud/Mobile: 5,981050/2,125510/0,000000
average cost: 0.0$
Scenario finished at 18/09/2020 09:17:45. It took 16 Seconds
----------------------------------------------------------------------
Scenario started at 18/09/2020 09:17:45
Scenario: TWO_TIER_WITH_EO - Policy: UTILIZATION_BASED - #iteration: 1
Duration: 5.0 min (warm up period: 1.0 min) - #devices: 1000
Creating tasks...Done, 
Creating device locations...Done.
SimManager is starting...Done.
.........10.........20.........30.........40.........50.........60.........70.........80.........90.........100
# of tasks (Edge/Cloud/Mobile): 32518(32518/0/0)
# of failed tasks (Edge/Cloud/Mobile): 247(247/0/0)
# of completed tasks (Edge/Cloud/Mobile): 32271(32271/0/0)
# of uncompleted tasks (Edge/Cloud/Mobile): 195(186/0/9)
# of failed tasks due to vm capacity (Edge/Cloud/Mobile): 0(0/0/0)
# of failed tasks due to Mobility/Network(WLAN/MAN/WAN): 247/0(0/0/0)
percentage of failed tasks: 0,759579%
average service time: 1,532661 seconds. (on Edge: 1,532661, on Cloud: NaN, on Mobile: NaN)
average processing time: 1,435742 seconds. (on Edge: 1,435742, on Cloud: NaN, on Mobile: NaN)
average network delay: 0,096920 seconds. (LAN delay: 0,084438, MAN delay: 0,013506, WAN delay: NaN)
average server utilization Edge/Cloud/Mobile: 16,233236/0,000000/0,000000
average cost: 0.0$
Scenario finished at 18/09/2020 09:18:07. It took 22 Seconds
----------------------------------------------------------------------
Scenario started at 18/09/2020 09:18:07
Scenario: TWO_TIER_WITH_EO - Policy: HYBRID - #iteration: 1
Duration: 5.0 min (warm up period: 1.0 min) - #devices: 1000
Creating tasks...Done, 
Creating device locations...Done.
SimManager is starting...Done.
.........10.........20.........30.........40.........50.........60.........70.........80.........90.........100
# of tasks (Edge/Cloud/Mobile): 32357(32357/0/0)
# of failed tasks (Edge/Cloud/Mobile): 290(290/0/0)
# of completed tasks (Edge/Cloud/Mobile): 32067(32067/0/0)
# of uncompleted tasks (Edge/Cloud/Mobile): 177(169/0/8)
# of failed tasks due to vm capacity (Edge/Cloud/Mobile): 0(0/0/0)
# of failed tasks due to Mobility/Network(WLAN/MAN/WAN): 290/0(0/0/0)
percentage of failed tasks: 0,896251%
average service time: 1,483138 seconds. (on Edge: 1,483138, on Cloud: NaN, on Mobile: NaN)
average processing time: 1,390137 seconds. (on Edge: 1,390137, on Cloud: NaN, on Mobile: NaN)
average network delay: 0,093001 seconds. (LAN delay: 0,080556, MAN delay: 0,013496, WAN delay: NaN)
average server utilization Edge/Cloud/Mobile: 15,769315/0,000000/0,000000
average cost: 0.0$
Scenario finished at 18/09/2020 09:18:20. It took 13 Seconds
----------------------------------------------------------------------
Scenario started at 18/09/2020 09:18:20
Scenario: TWO_TIER_WITH_EO - Policy: FUZZY_BASED - #iteration: 1
Duration: 5.0 min (warm up period: 1.0 min) - #devices: 1000
Creating tasks...Done, 
Creating device locations...Done.
SimManager is starting...Done.
.........10.........20.........30.........40.........50.........60.........70.........80.........90.........100
# of tasks (Edge/Cloud/Mobile): 33517(29222/4295/0)
# of failed tasks (Edge/Cloud/Mobile): 180(150/30/0)
# of completed tasks (Edge/Cloud/Mobile): 33337(29072/4265/0)
# of uncompleted tasks (Edge/Cloud/Mobile): 227(209/3/15)
# of failed tasks due to vm capacity (Edge/Cloud/Mobile): 0(0/0/0)
# of failed tasks due to Mobility/Network(WLAN/MAN/WAN): 180/0(0/0/0)
percentage of failed tasks: 0,537041%
average service time: 1,104848 seconds. (on Edge: 1,084533, on Cloud: 1,243328, on Mobile: NaN)
average processing time: 0,902283 seconds. (on Edge: 1,000046, on Cloud: 0,235895, on Mobile: NaN)
average network delay: 0,202565 seconds. (LAN delay: 0,084290, MAN delay: 0,012836, WAN delay: 1,007433)
average server utilization Edge/Cloud/Mobile: 6,292274/2,020408/0,000000
average cost: 0.0$
Scenario finished at 18/09/2020 09:22:22. It took 4 Minutes 1 Seconds
----------------------------------------------------------------------
Scenario started at 18/09/2020 09:22:22
Scenario: TWO_TIER_WITH_EO - Policy: DDQN - #iteration: 1
Duration: 5.0 min (warm up period: 1.0 min) - #devices: 1200
Creating tasks...Done, 
Creating device locations...Done.
SimManager is starting...Done.
.........10.........20.........30.........40.........50.........60.........70.........80.........90.........100
# of tasks (Edge/Cloud/Mobile): 39068(20632/18436/0)
# of failed tasks (Edge/Cloud/Mobile): 381(147/234/0)
# of completed tasks (Edge/Cloud/Mobile): 38687(20485/18202/0)
# of uncompleted tasks (Edge/Cloud/Mobile): 367(176/14/177)
# of failed tasks due to vm capacity (Edge/Cloud/Mobile): 0(0/0/0)
# of failed tasks due to Mobility/Network(WLAN/MAN/WAN): 381/0(0/0/0)
percentage of failed tasks: 0,975223%
average service time: 1,842992 seconds. (on Edge: 1,421727, on Cloud: 2,317094, on Mobile: NaN)
average processing time: 0,774704 seconds. (on Edge: 1,333233, on Cloud: 0,146122, on Mobile: NaN)
average network delay: 1,068287 seconds. (LAN delay: 0,076684, MAN delay: 0,012657, WAN delay: 2,170972)
average server utilization Edge/Cloud/Mobile: 6,455539/3,657143/0,000000
average cost: 0.0$
Scenario finished at 18/09/2020 09:23:25. It took 1 Minute 3 Seconds
----------------------------------------------------------------------
Scenario started at 18/09/2020 09:23:25
Scenario: TWO_TIER_WITH_EO - Policy: NETWORK_BASED - #iteration: 1
Duration: 5.0 min (warm up period: 1.0 min) - #devices: 1200
Creating tasks...Done, 
Creating device locations...Done.
SimManager is starting...Done.
.........10.........20.........30.........40.........50.........60.........70.........80.........90.........100
# of tasks (Edge/Cloud/Mobile): 38952(20154/18798/0)
# of failed tasks (Edge/Cloud/Mobile): 305(102/203/0)
# of completed tasks (Edge/Cloud/Mobile): 38647(20052/18595/0)
# of uncompleted tasks (Edge/Cloud/Mobile): 290(129/36/125)
# of failed tasks due to vm capacity (Edge/Cloud/Mobile): 0(0/0/0)
# of failed tasks due to Mobility/Network(WLAN/MAN/WAN): 305/0(0/0/0)
percentage of failed tasks: 0,783015%
average service time: 1,579130 seconds. (on Edge: 1,357000, on Cloud: 1,818664, on Mobile: NaN)
average processing time: 0,711889 seconds. (on Edge: 1,267108, on Cloud: 0,113165, on Mobile: NaN)
average network delay: 0,867241 seconds. (LAN delay: 0,077725, MAN delay: 0,013392, WAN delay: 1,705498)
average server utilization Edge/Cloud/Mobile: 8,801020/1,933673/0,000000
average cost: 0.0$
Scenario finished at 18/09/2020 09:23:51. It took 25 Seconds
----------------------------------------------------------------------
Scenario started at 18/09/2020 09:23:51
Scenario: TWO_TIER_WITH_EO - Policy: UTILIZATION_BASED - #iteration: 1
Duration: 5.0 min (warm up period: 1.0 min) - #devices: 1200
Creating tasks...Done, 
Creating device locations...Done.
SimManager is starting...Done.
.........10.........20.........30.........40.........50.........60.........70.........80.........90.........100
# of tasks (Edge/Cloud/Mobile): 40757(40757/0/0)
# of failed tasks (Edge/Cloud/Mobile): 415(415/0/0)
# of completed tasks (Edge/Cloud/Mobile): 40342(40342/0/0)
# of uncompleted tasks (Edge/Cloud/Mobile): 284(262/0/22)
# of failed tasks due to vm capacity (Edge/Cloud/Mobile): 0(0/0/0)
# of failed tasks due to Mobility/Network(WLAN/MAN/WAN): 415/0(0/0/0)
percentage of failed tasks: 1,018230%
average service time: 1,908575 seconds. (on Edge: 1,908575, on Cloud: NaN, on Mobile: NaN)
average processing time: 1,799335 seconds. (on Edge: 1,799335, on Cloud: NaN, on Mobile: NaN)
average network delay: 0,109240 seconds. (LAN delay: 0,096163, MAN delay: 0,014102, WAN delay: NaN)
average server utilization Edge/Cloud/Mobile: 24,725219/0,000000/0,000000
average cost: 0.0$
Scenario finished at 18/09/2020 09:24:31. It took 40 Seconds
----------------------------------------------------------------------
Scenario started at 18/09/2020 09:24:31
Scenario: TWO_TIER_WITH_EO - Policy: HYBRID - #iteration: 1
Duration: 5.0 min (warm up period: 1.0 min) - #devices: 1200
Creating tasks...Done, 
Creating device locations...Done.
SimManager is starting...Done.
.........10.........20.........30.........40.........50.........60.........70.........80.........90.........100
# of tasks (Edge/Cloud/Mobile): 38688(38688/0/0)
# of failed tasks (Edge/Cloud/Mobile): 326(326/0/0)
# of completed tasks (Edge/Cloud/Mobile): 38362(38362/0/0)
# of uncompleted tasks (Edge/Cloud/Mobile): 254(239/0/15)
# of failed tasks due to vm capacity (Edge/Cloud/Mobile): 0(0/0/0)
# of failed tasks due to Mobility/Network(WLAN/MAN/WAN): 326/0(0/0/0)
percentage of failed tasks: 0,842639%
average service time: 1,726238 seconds. (on Edge: 1,726238, on Cloud: NaN, on Mobile: NaN)
average processing time: 1,621132 seconds. (on Edge: 1,621132, on Cloud: NaN, on Mobile: NaN)
average network delay: 0,105105 seconds. (LAN delay: 0,092158, MAN delay: 0,013967, WAN delay: NaN)
average server utilization Edge/Cloud/Mobile: 23,153790/0,000000/0,000000
average cost: 0.0$
Scenario finished at 18/09/2020 09:25:00. It took 28 Seconds
----------------------------------------------------------------------
Scenario started at 18/09/2020 09:25:00
Scenario: TWO_TIER_WITH_EO - Policy: FUZZY_BASED - #iteration: 1
Duration: 5.0 min (warm up period: 1.0 min) - #devices: 1200
Creating tasks...Done, 
Creating device locations...Done.
SimManager is starting...Done.
.........10.........20.........30.........40.........50.........60.........70.........80.........90.........100
# of tasks (Edge/Cloud/Mobile): 39288(34057/5231/0)
# of failed tasks (Edge/Cloud/Mobile): 217(182/35/0)
# of completed tasks (Edge/Cloud/Mobile): 39071(33875/5196/0)
# of uncompleted tasks (Edge/Cloud/Mobile): 213(203/1/9)
# of failed tasks due to vm capacity (Edge/Cloud/Mobile): 0(0/0/0)
# of failed tasks due to Mobility/Network(WLAN/MAN/WAN): 217/0(0/0/0)
percentage of failed tasks: 0,552332%
average service time: 1,097845 seconds. (on Edge: 1,071336, on Cloud: 1,270664, on Mobile: NaN)
average processing time: 0,886205 seconds. (on Edge: 0,986456, on Cloud: 0,232622, on Mobile: NaN)
average network delay: 0,211640 seconds. (LAN delay: 0,084621, MAN delay: 0,012949, WAN delay: 1,038042)
average server utilization Edge/Cloud/Mobile: 7,407434/2,147959/0,000000
average cost: 0.0$
Scenario finished at 18/09/2020 09:29:51. It took 4 Minutes 51 Seconds
----------------------------------------------------------------------
Scenario started at 18/09/2020 09:29:51
Scenario: TWO_TIER_WITH_EO - Policy: DDQN - #iteration: 1
Duration: 5.0 min (warm up period: 1.0 min) - #devices: 1400
Creating tasks...Done, 
Creating device locations...Done.
SimManager is starting...Done.
.........10.........20.........30.........40.........50.........60.........70.........80.........90.........100
# of tasks (Edge/Cloud/Mobile): 45827(27110/18717/0)
# of failed tasks (Edge/Cloud/Mobile): 542(239/303/0)
# of completed tasks (Edge/Cloud/Mobile): 45285(26871/18414/0)
# of uncompleted tasks (Edge/Cloud/Mobile): 503(290/15/198)
# of failed tasks due to vm capacity (Edge/Cloud/Mobile): 0(0/0/0)
# of failed tasks due to Mobility/Network(WLAN/MAN/WAN): 542/0(0/0/0)
percentage of failed tasks: 1,182709%
average service time: 1,992482 seconds. (on Edge: 1,665948, on Cloud: 2,468984, on Mobile: NaN)
average processing time: 0,990453 seconds. (on Edge: 1,568064, on Cloud: 0,147564, on Mobile: NaN)
average network delay: 1,002029 seconds. (LAN delay: 0,085872, MAN delay: 0,012773, WAN delay: 2,321420)
average server utilization Edge/Cloud/Mobile: 9,807580/3,685714/0,000000
average cost: 0.0$
Scenario finished at 18/09/2020 09:31:08. It took 1 Minute 17 Seconds
----------------------------------------------------------------------
Scenario started at 18/09/2020 09:31:08
Scenario: TWO_TIER_WITH_EO - Policy: NETWORK_BASED - #iteration: 1
Duration: 5.0 min (warm up period: 1.0 min) - #devices: 1400
Creating tasks...Done, 
Creating device locations...Done.
SimManager is starting...Done.
.........10.........20.........30.........40.........50.........60.........70.........80.........90.........100
# of tasks (Edge/Cloud/Mobile): 46746(27434/19312/0)
# of failed tasks (Edge/Cloud/Mobile): 381(200/181/0)
# of completed tasks (Edge/Cloud/Mobile): 46365(27234/19131/0)
# of uncompleted tasks (Edge/Cloud/Mobile): 369(200/39/130)
# of failed tasks due to vm capacity (Edge/Cloud/Mobile): 0(0/0/0)
# of failed tasks due to Mobility/Network(WLAN/MAN/WAN): 381/0(0/0/0)
percentage of failed tasks: 0,815043%
average service time: 1,647880 seconds. (on Edge: 1,529271, on Cloud: 1,816727, on Mobile: NaN)
average processing time: 0,881965 seconds. (on Edge: 1,422762, on Cloud: 0,112111, on Mobile: NaN)
average network delay: 0,765916 seconds. (LAN delay: 0,093750, MAN delay: 0,013923, WAN delay: 1,704617)
average server utilization Edge/Cloud/Mobile: 13,606778/1,924490/0,000000
average cost: 0.0$
Scenario finished at 18/09/2020 09:31:53. It took 44 Seconds
----------------------------------------------------------------------
Scenario started at 18/09/2020 09:31:53
Scenario: TWO_TIER_WITH_EO - Policy: UTILIZATION_BASED - #iteration: 1
Duration: 5.0 min (warm up period: 1.0 min) - #devices: 1400
Creating tasks...Done, 
Creating device locations...Done.
SimManager is starting...Done.
.........10.........20.........30.........40.........50.........60.........70.........80.........90.........100
# of tasks (Edge/Cloud/Mobile): 45372(45357/15/0)
# of failed tasks (Edge/Cloud/Mobile): 609(594/15/0)
# of completed tasks (Edge/Cloud/Mobile): 44763(44763/0/0)
# of uncompleted tasks (Edge/Cloud/Mobile): 681(655/0/26)
# of failed tasks due to vm capacity (Edge/Cloud/Mobile): 0(0/0/0)
# of failed tasks due to Mobility/Network(WLAN/MAN/WAN): 594/15(0/0/15)
percentage of failed tasks: 1,342238%
average service time: 2,671173 seconds. (on Edge: 2,671173, on Cloud: NaN, on Mobile: NaN)
average processing time: 2,554238 seconds. (on Edge: 2,554238, on Cloud: NaN, on Mobile: NaN)
average network delay: 0,116935 seconds. (LAN delay: 0,103320, MAN delay: 0,014678, WAN delay: NaN)
average server utilization Edge/Cloud/Mobile: 39,036079/0,027551/0,000000
average cost: 0.0$
Scenario finished at 18/09/2020 09:32:48. It took 55 Seconds
----------------------------------------------------------------------
Scenario started at 18/09/2020 09:32:48
Scenario: TWO_TIER_WITH_EO - Policy: HYBRID - #iteration: 1
Duration: 5.0 min (warm up period: 1.0 min) - #devices: 1400
Creating tasks...Done, 
Creating device locations...Done.
SimManager is starting...Done.
.........10.........20.........30.........40.........50.........60.........70.........80.........90.........100
# of tasks (Edge/Cloud/Mobile): 44847(44843/4/0)
# of failed tasks (Edge/Cloud/Mobile): 514(514/0/0)
# of completed tasks (Edge/Cloud/Mobile): 44333(44329/4/0)
# of uncompleted tasks (Edge/Cloud/Mobile): 743(730/0/13)
# of failed tasks due to vm capacity (Edge/Cloud/Mobile): 0(0/0/0)
# of failed tasks due to Mobility/Network(WLAN/MAN/WAN): 514/0(0/0/0)
percentage of failed tasks: 1,146119%
average service time: 2,501555 seconds. (on Edge: 2,501699, on Cloud: 0,910850, on Mobile: NaN)
average processing time: 2,381574 seconds. (on Edge: 2,381780, on Cloud: 0,095583, on Mobile: NaN)
average network delay: 0,119981 seconds. (LAN delay: 0,106291, MAN delay: 0,014681, WAN delay: 0,815267)
average server utilization Edge/Cloud/Mobile: 36,614796/0,086735/0,000000
average cost: 0.0$
Scenario finished at 18/09/2020 09:33:33. It took 45 Seconds
----------------------------------------------------------------------
Scenario started at 18/09/2020 09:33:33
Scenario: TWO_TIER_WITH_EO - Policy: FUZZY_BASED - #iteration: 1
Duration: 5.0 min (warm up period: 1.0 min) - #devices: 1400
Creating tasks...Done, 
Creating device locations...Done.
SimManager is starting...Done.
.........10.........20.........30.........40.........50.........60.........70.........80.........90.........100
# of tasks (Edge/Cloud/Mobile): 46397(40522/5875/0)
# of failed tasks (Edge/Cloud/Mobile): 277(236/41/0)
# of completed tasks (Edge/Cloud/Mobile): 46120(40286/5834/0)
# of uncompleted tasks (Edge/Cloud/Mobile): 384(354/1/29)
# of failed tasks due to vm capacity (Edge/Cloud/Mobile): 0(0/0/0)
# of failed tasks due to Mobility/Network(WLAN/MAN/WAN): 277/0(0/0/0)
percentage of failed tasks: 0,597021%
average service time: 1,268134 seconds. (on Edge: 1,250523, on Cloud: 1,389748, on Mobile: NaN)
average processing time: 1,036684 seconds. (on Edge: 1,153117, on Cloud: 0,232668, on Mobile: NaN)
average network delay: 0,231450 seconds. (LAN delay: 0,096918, MAN delay: 0,013153, WAN delay: 1,157080)
average server utilization Edge/Cloud/Mobile: 10,252915/2,852041/0,000000
average cost: 0.0$
Scenario finished at 18/09/2020 09:39:30. It took 5 Minutes 56 Seconds
----------------------------------------------------------------------
Scenario started at 18/09/2020 09:39:30
Scenario: TWO_TIER_WITH_EO - Policy: DDQN - #iteration: 1
Duration: 5.0 min (warm up period: 1.0 min) - #devices: 1600
Creating tasks...Done, 
Creating device locations...Done.
SimManager is starting...Done.
.........10.........20.........30.........40.........50.........60.........70.........80.........90.........100
# of tasks (Edge/Cloud/Mobile): 52349(34783/17566/0)
# of failed tasks (Edge/Cloud/Mobile): 615(322/293/0)
# of completed tasks (Edge/Cloud/Mobile): 51734(34461/17273/0)
# of uncompleted tasks (Edge/Cloud/Mobile): 730(506/17/207)
# of failed tasks due to vm capacity (Edge/Cloud/Mobile): 0(0/0/0)
# of failed tasks due to Mobility/Network(WLAN/MAN/WAN): 607/8(0/0/8)
percentage of failed tasks: 1,174808%
average service time: 2,339386 seconds. (on Edge: 2,111909, on Cloud: 2,793220, on Mobile: NaN)
average processing time: 1,388078 seconds. (on Edge: 2,001779, on Cloud: 0,163696, on Mobile: NaN)
average network delay: 0,951308 seconds. (LAN delay: 0,098044, MAN delay: 0,012918, WAN delay: 2,629524)
average server utilization Edge/Cloud/Mobile: 17,416545/4,471429/0,000000
average cost: 0.0$
Scenario finished at 18/09/2020 09:41:06. It took 1 Minute 36 Seconds
----------------------------------------------------------------------
Scenario started at 18/09/2020 09:41:06
Scenario: TWO_TIER_WITH_EO - Policy: NETWORK_BASED - #iteration: 1
Duration: 5.0 min (warm up period: 1.0 min) - #devices: 1600
Creating tasks...Done, 
Creating device locations...Done.
SimManager is starting...Done.
.........10.........20.........30.........40.........50.........60.........70.........80.........90.........100
# of tasks (Edge/Cloud/Mobile): 53162(33549/19613/0)
# of failed tasks (Edge/Cloud/Mobile): 490(261/229/0)
# of completed tasks (Edge/Cloud/Mobile): 52672(33288/19384/0)
# of uncompleted tasks (Edge/Cloud/Mobile): 339(171/35/133)
# of failed tasks due to vm capacity (Edge/Cloud/Mobile): 0(0/0/0)
# of failed tasks due to Mobility/Network(WLAN/MAN/WAN): 490/0(0/0/0)
percentage of failed tasks: 0,921711%
average service time: 1,749319 seconds. (on Edge: 1,706318, on Cloud: 1,823163, on Mobile: NaN)
average processing time: 1,045601 seconds. (on Edge: 1,588600, on Cloud: 0,113114, on Mobile: NaN)
average network delay: 0,703718 seconds. (LAN delay: 0,104184, MAN delay: 0,014658, WAN delay: 1,710049)
average server utilization Edge/Cloud/Mobile: 20,434038/2,301020/0,000000
average cost: 0.0$
Scenario finished at 18/09/2020 09:41:57. It took 50 Seconds
----------------------------------------------------------------------
Scenario started at 18/09/2020 09:41:57
Scenario: TWO_TIER_WITH_EO - Policy: UTILIZATION_BASED - #iteration: 1
Duration: 5.0 min (warm up period: 1.0 min) - #devices: 1600
Creating tasks...Done, 
Creating device locations...Done.
SimManager is starting...Done.
.........10.........20.........30.........40.........50.........60.........70.........80.........90.........100
# of tasks (Edge/Cloud/Mobile): 51857(48834/3023/0)
# of failed tasks (Edge/Cloud/Mobile): 1629(825/804/0)
# of completed tasks (Edge/Cloud/Mobile): 50228(48009/2219/0)
# of uncompleted tasks (Edge/Cloud/Mobile): 1141(1114/0/27)
# of failed tasks due to vm capacity (Edge/Cloud/Mobile): 0(0/0/0)
# of failed tasks due to Mobility/Network(WLAN/MAN/WAN): 852/777(0/0/777)
percentage of failed tasks: 3,141331%
average service time: 3,238628 seconds. (on Edge: 3,295659, on Cloud: 2,004745, on Mobile: NaN)
average processing time: 3,035506 seconds. (on Edge: 3,170279, on Cloud: 0,119640, on Mobile: NaN)
average network delay: 0,203122 seconds. (LAN delay: 0,110935, MAN delay: 0,015535, WAN delay: 1,885106)
average server utilization Edge/Cloud/Mobile: 51,340379/0,291837/0,000000
average cost: 0.0$
Scenario finished at 18/09/2020 09:43:03. It took 1 Minute 6 Seconds
----------------------------------------------------------------------
Scenario started at 18/09/2020 09:43:03
Scenario: TWO_TIER_WITH_EO - Policy: HYBRID - #iteration: 1
Duration: 5.0 min (warm up period: 1.0 min) - #devices: 1600
Creating tasks...Done, 
Creating device locations...Done.
SimManager is starting...Done.
.........10.........20.........30.........40.........50.........60.........70.........80.........90.........100
# of tasks (Edge/Cloud/Mobile): 51288(49089/2199/0)
# of failed tasks (Edge/Cloud/Mobile): 847(831/16/0)
# of completed tasks (Edge/Cloud/Mobile): 50441(48258/2183/0)
# of uncompleted tasks (Edge/Cloud/Mobile): 1036(1008/1/27)
# of failed tasks due to vm capacity (Edge/Cloud/Mobile): 7(7/0/0)
# of failed tasks due to Mobility/Network(WLAN/MAN/WAN): 840/0(0/0/0)
percentage of failed tasks: 1,651458%
average service time: 3,251281 seconds. (on Edge: 3,330317, on Cloud: 1,504074, on Mobile: NaN)
average processing time: 3,071384 seconds. (on Edge: 3,204785, on Cloud: 0,122377, on Mobile: NaN)
average network delay: 0,179897 seconds. (LAN delay: 0,111216, MAN delay: 0,015430, WAN delay: 1,381697)
average server utilization Edge/Cloud/Mobile: 52,102405/0,375510/0,000000
average cost: 0.0$
Scenario finished at 18/09/2020 09:43:57. It took 54 Seconds
----------------------------------------------------------------------
Scenario started at 18/09/2020 09:43:57
Scenario: TWO_TIER_WITH_EO - Policy: FUZZY_BASED - #iteration: 1
Duration: 5.0 min (warm up period: 1.0 min) - #devices: 1600
Creating tasks...Done, 
Creating device locations...Done.
SimManager is starting...Done.
.........10.........20.........30.........40.........50.........60.........70.........80.........90.........100
# of tasks (Edge/Cloud/Mobile): 53494(47172/6322/0)
# of failed tasks (Edge/Cloud/Mobile): 406(341/65/0)
# of completed tasks (Edge/Cloud/Mobile): 53088(46831/6257/0)
# of uncompleted tasks (Edge/Cloud/Mobile): 412(393/0/19)
# of failed tasks due to vm capacity (Edge/Cloud/Mobile): 0(0/0/0)
# of failed tasks due to Mobility/Network(WLAN/MAN/WAN): 406/0(0/0/0)
percentage of failed tasks: 0,758964%
average service time: 1,477799 seconds. (on Edge: 1,497207, on Cloud: 1,332535, on Mobile: NaN)
average processing time: 1,250591 seconds. (on Edge: 1,386275, on Cloud: 0,235048, on Mobile: NaN)
average network delay: 0,227208 seconds. (LAN delay: 0,109684, MAN delay: 0,013442, WAN delay: 1,097487)
average server utilization Edge/Cloud/Mobile: 15,389577/2,943878/0,000000
average cost: 0.0$
Scenario finished at 18/09/2020 09:50:52. It took 6 Minutes 54 Seconds
----------------------------------------------------------------------
Scenario started at 18/09/2020 09:50:52
Scenario: TWO_TIER_WITH_EO - Policy: DDQN - #iteration: 1
Duration: 5.0 min (warm up period: 1.0 min) - #devices: 1800
Creating tasks...Done, 
Creating device locations...Done.
SimManager is starting...Done.
.........10.........20.........30.........40.........50.........60.........70.........80.........90.........100
# of tasks (Edge/Cloud/Mobile): 60833(44386/16447/0)
# of failed tasks (Edge/Cloud/Mobile): 1024(700/324/0)
# of completed tasks (Edge/Cloud/Mobile): 59809(43686/16123/0)
# of uncompleted tasks (Edge/Cloud/Mobile): 881(649/12/220)
# of failed tasks due to vm capacity (Edge/Cloud/Mobile): 143(143/0/0)
# of failed tasks due to Mobility/Network(WLAN/MAN/WAN): 881/0(0/0/0)
percentage of failed tasks: 1,683297%
average service time: 2,679445 seconds. (on Edge: 2,524666, on Cloud: 3,098827, on Mobile: NaN)
average processing time: 1,792383 seconds. (on Edge: 2,393232, on Cloud: 0,164355, on Mobile: NaN)
average network delay: 0,887062 seconds. (LAN delay: 0,119199, MAN delay: 0,013106, WAN delay: 2,934471)
average server utilization Edge/Cloud/Mobile: 26,027697/4,655102/0,000000
average cost: 0.0$
Scenario finished at 18/09/2020 09:52:47. It took 1 Minute 55 Seconds
----------------------------------------------------------------------
Scenario started at 18/09/2020 09:52:47
Scenario: TWO_TIER_WITH_EO - Policy: NETWORK_BASED - #iteration: 1
Duration: 5.0 min (warm up period: 1.0 min) - #devices: 1800
Creating tasks...Done, 
Creating device locations...Done.
SimManager is starting...Done.
.........10.........20.........30.........40.........50.........60.........70.........80.........90.........100
# of tasks (Edge/Cloud/Mobile): 60917(41113/19804/0)
# of failed tasks (Edge/Cloud/Mobile): 697(471/226/0)
# of completed tasks (Edge/Cloud/Mobile): 60220(40642/19578/0)
# of uncompleted tasks (Edge/Cloud/Mobile): 598(437/32/129)
# of failed tasks due to vm capacity (Edge/Cloud/Mobile): 0(0/0/0)
# of failed tasks due to Mobility/Network(WLAN/MAN/WAN): 695/2(2/0/0)
percentage of failed tasks: 1,144180%
average service time: 2,205379 seconds. (on Edge: 2,377846, on Cloud: 1,847355, on Mobile: NaN)
average processing time: 1,554448 seconds. (on Edge: 2,248822, on Cloud: 0,112997, on Mobile: NaN)
average network delay: 0,650931 seconds. (LAN delay: 0,111946, MAN delay: 0,018450, WAN delay: 1,734358)
average server utilization Edge/Cloud/Mobile: 29,065233/2,153061/0,000000
average cost: 0.0$
Scenario finished at 18/09/2020 09:53:59. It took 1 Minute 11 Seconds
----------------------------------------------------------------------
Scenario started at 18/09/2020 09:53:59
Scenario: TWO_TIER_WITH_EO - Policy: UTILIZATION_BASED - #iteration: 1
Duration: 5.0 min (warm up period: 1.0 min) - #devices: 1800
Creating tasks...Done, 
Creating device locations...Done.
SimManager is starting...Done.
.........10.........20.........30.........40.........50.........60.........70.........80.........90.........100
# of tasks (Edge/Cloud/Mobile): 59424(51325/8099/0)
# of failed tasks (Edge/Cloud/Mobile): 3672(1064/2608/0)
# of completed tasks (Edge/Cloud/Mobile): 55752(50261/5491/0)
# of uncompleted tasks (Edge/Cloud/Mobile): 1289(1184/8/97)
# of failed tasks due to vm capacity (Edge/Cloud/Mobile): 0(0/0/0)
# of failed tasks due to Mobility/Network(WLAN/MAN/WAN): 1129/2543(0/0/2543)
percentage of failed tasks: 6,179321%
average service time: 3,874151 seconds. (on Edge: 3,980765, on Cloud: 2,898279, on Mobile: NaN)
average processing time: 3,474819 seconds. (on Edge: 3,841872, on Cloud: 0,115059, on Mobile: NaN)
average network delay: 0,399332 seconds. (LAN delay: 0,114740, MAN delay: 0,026041, WAN delay: 2,783220)
average server utilization Edge/Cloud/Mobile: 61,514577/0,578571/0,000000
average cost: 0.0$
Scenario finished at 18/09/2020 09:55:24. It took 1 Minute 25 Seconds
----------------------------------------------------------------------
Scenario started at 18/09/2020 09:55:24
Scenario: TWO_TIER_WITH_EO - Policy: HYBRID - #iteration: 1
Duration: 5.0 min (warm up period: 1.0 min) - #devices: 1800
Creating tasks...Done, 
Creating device locations...Done.
SimManager is starting...Done.
.........10.........20.........30.........40.........50.........60.........70.........80.........90.........100
# of tasks (Edge/Cloud/Mobile): 56858(51225/5633/0)
# of failed tasks (Edge/Cloud/Mobile): 2555(2510/45/0)
# of completed tasks (Edge/Cloud/Mobile): 54303(48715/5588/0)
# of uncompleted tasks (Edge/Cloud/Mobile): 1240(1198/3/39)
# of failed tasks due to vm capacity (Edge/Cloud/Mobile): 6(6/0/0)
# of failed tasks due to Mobility/Network(WLAN/MAN/WAN): 1067/1482(1/1481/0)
percentage of failed tasks: 4,493651%
average service time: 3,557418 seconds. (on Edge: 3,785081, on Cloud: 1,572702, on Mobile: NaN)
average processing time: 3,287892 seconds. (on Edge: 3,651522, on Cloud: 0,117842, on Mobile: NaN)
average network delay: 0,269526 seconds. (LAN delay: 0,114877, MAN delay: 0,020208, WAN delay: 1,454860)
average server utilization Edge/Cloud/Mobile: 56,051020/0,755102/0,000000
average cost: 0.0$
Scenario finished at 18/09/2020 09:56:44. It took 1 Minute 20 Seconds
----------------------------------------------------------------------
Scenario started at 18/09/2020 09:56:44
Scenario: TWO_TIER_WITH_EO - Policy: FUZZY_BASED - #iteration: 1
Duration: 5.0 min (warm up period: 1.0 min) - #devices: 1800
Creating tasks...Done, 
Creating device locations...Done.
SimManager is starting...Done.
.........10.........20.........30.........40.........50.........60.........70.........80.........90.........100
# of tasks (Edge/Cloud/Mobile): 58582(51482/7100/0)
# of failed tasks (Edge/Cloud/Mobile): 582(518/64/0)
# of completed tasks (Edge/Cloud/Mobile): 58000(50964/7036/0)
# of uncompleted tasks (Edge/Cloud/Mobile): 714(676/1/37)
# of failed tasks due to vm capacity (Edge/Cloud/Mobile): 20(20/0/0)
# of failed tasks due to Mobility/Network(WLAN/MAN/WAN): 551/11(0/0/11)
percentage of failed tasks: 0,993479%
average service time: 1,959733 seconds. (on Edge: 2,017857, on Cloud: 1,538723, on Mobile: NaN)
average processing time: 1,689909 seconds. (on Edge: 1,891564, on Cloud: 0,229257, on Mobile: NaN)
average network delay: 0,269825 seconds. (LAN delay: 0,123346, MAN delay: 0,013960, WAN delay: 1,309466)
average server utilization Edge/Cloud/Mobile: 24,470845/3,130612/0,000000
average cost: 0.0$
Scenario finished at 18/09/2020 10:04:36. It took 7 Minutes 51 Seconds
----------------------------------------------------------------------
Scenario started at 18/09/2020 10:04:36
Scenario: TWO_TIER_WITH_EO - Policy: DDQN - #iteration: 1
Duration: 5.0 min (warm up period: 1.0 min) - #devices: 2000
Creating tasks...Done, 
Creating device locations...Done.
SimManager is starting...Done.
.........10.........20.........30.........40.........50.........60.........70.........80.........90.........100
# of tasks (Edge/Cloud/Mobile): 67772(53126/14646/0)
# of failed tasks (Edge/Cloud/Mobile): 3489(3114/375/0)
# of completed tasks (Edge/Cloud/Mobile): 64283(50012/14271/0)
# of uncompleted tasks (Edge/Cloud/Mobile): 956(696/23/237)
# of failed tasks due to vm capacity (Edge/Cloud/Mobile): 2269(2269/0/0)
# of failed tasks due to Mobility/Network(WLAN/MAN/WAN): 1155/65(0/0/65)
percentage of failed tasks: 5,148144%
average service time: 3,297278 seconds. (on Edge: 3,210613, on Cloud: 3,600991, on Mobile: NaN)
average processing time: 2,427499 seconds. (on Edge: 3,071638, on Cloud: 0,170146, on Mobile: NaN)
average network delay: 0,869779 seconds. (LAN delay: 0,126640, MAN delay: 0,013242, WAN delay: 3,430845)
average server utilization Edge/Cloud/Mobile: 39,537901/4,184694/0,000000
average cost: 0.0$
Scenario finished at 18/09/2020 10:06:50. It took 2 Minutes 14 Seconds
----------------------------------------------------------------------
Scenario started at 18/09/2020 10:06:50
Scenario: TWO_TIER_WITH_EO - Policy: NETWORK_BASED - #iteration: 1
Duration: 5.0 min (warm up period: 1.0 min) - #devices: 2000
Creating tasks...Done, 
Creating device locations...Done.
SimManager is starting...Done.
.........10.........20.........30.........40.........50.........60.........70.........80.........90.........100
# of tasks (Edge/Cloud/Mobile): 67239(47283/19956/0)
# of failed tasks (Edge/Cloud/Mobile): 4958(4726/232/0)
# of completed tasks (Edge/Cloud/Mobile): 62281(42557/19724/0)
# of uncompleted tasks (Edge/Cloud/Mobile): 1131(957/20/154)
# of failed tasks due to vm capacity (Edge/Cloud/Mobile): 14(14/0/0)
# of failed tasks due to Mobility/Network(WLAN/MAN/WAN): 819/4125(13/4112/0)
percentage of failed tasks: 7,373697%
average service time: 2,565238 seconds. (on Edge: 2,898136, on Cloud: 1,846968, on Mobile: NaN)
average processing time: 1,920311 seconds. (on Edge: 2,758633, on Cloud: 0,111528, on Mobile: NaN)
average network delay: 0,644927 seconds. (LAN delay: 0,121783, MAN delay: 0,019329, WAN delay: 1,735440)
average server utilization Edge/Cloud/Mobile: 33,985058/2,000000/0,000000
average cost: 0.0$
Scenario finished at 18/09/2020 10:08:07. It took 1 Minute 16 Seconds
----------------------------------------------------------------------
Scenario started at 18/09/2020 10:08:07
Scenario: TWO_TIER_WITH_EO - Policy: UTILIZATION_BASED - #iteration: 1
Duration: 5.0 min (warm up period: 1.0 min) - #devices: 2000
Creating tasks...Done, 
Creating device locations...Done.
SimManager is starting...Done.
.........10.........20.........30.........40.........50.........60.........70.........80.........90.........100
# of tasks (Edge/Cloud/Mobile): 67913(56625/11288/0)
# of failed tasks (Edge/Cloud/Mobile): 18860(12359/6501/0)
# of completed tasks (Edge/Cloud/Mobile): 49053(44266/4787/0)
# of uncompleted tasks (Edge/Cloud/Mobile): 1424(1240/19/165)
# of failed tasks due to vm capacity (Edge/Cloud/Mobile): 0(0/0/0)
# of failed tasks due to Mobility/Network(WLAN/MAN/WAN): 826/18034(19/11603/6412)
percentage of failed tasks: 27,770824%
average service time: 3,706260 seconds. (on Edge: 3,658217, on Cloud: 4,150524, on Mobile: NaN)
average processing time: 3,191047 seconds. (on Edge: 3,523670, on Cloud: 0,115242, on Mobile: NaN)
average network delay: 0,515213 seconds. (LAN delay: 0,118628, MAN delay: 0,017581, WAN delay: 4,035282)
average server utilization Edge/Cloud/Mobile: 52,058673/0,497959/0,000000
average cost: 0.0$
Scenario finished at 18/09/2020 10:09:28. It took 1 Minute 20 Seconds
----------------------------------------------------------------------
Scenario started at 18/09/2020 10:09:28
Scenario: TWO_TIER_WITH_EO - Policy: HYBRID - #iteration: 1
Duration: 5.0 min (warm up period: 1.0 min) - #devices: 2000
Creating tasks...Done, 
Creating device locations...Done.
SimManager is starting...Done.
.........10.........20.........30.........40.........50.........60.........70.........80.........90.........100
# of tasks (Edge/Cloud/Mobile): 66869(58123/8746/0)
# of failed tasks (Edge/Cloud/Mobile): 13084(12998/86/0)
# of completed tasks (Edge/Cloud/Mobile): 53785(45125/8660/0)
# of uncompleted tasks (Edge/Cloud/Mobile): 1376(1268/17/91)
# of failed tasks due to vm capacity (Edge/Cloud/Mobile): 144(144/0/0)
# of failed tasks due to Mobility/Network(WLAN/MAN/WAN): 988/11952(0/11952/0)
percentage of failed tasks: 19,566615%
average service time: 3,743434 seconds. (on Edge: 4,114493, on Cloud: 1,809943, on Mobile: NaN)
average processing time: 3,349106 seconds. (on Edge: 3,967616, on Cloud: 0,126212, on Mobile: NaN)
average network delay: 0,394328 seconds. (LAN delay: 0,127169, MAN delay: 0,021827, WAN delay: 1,683731)
average server utilization Edge/Cloud/Mobile: 56,690233/0,950000/0,000000
average cost: 0.0$
Scenario finished at 18/09/2020 10:11:07. It took 1 Minute 39 Seconds
----------------------------------------------------------------------
Scenario started at 18/09/2020 10:11:07
Scenario: TWO_TIER_WITH_EO - Policy: FUZZY_BASED - #iteration: 1
Duration: 5.0 min (warm up period: 1.0 min) - #devices: 2000
Creating tasks...Done, 
Creating device locations...Done.
SimManager is starting...Done.
.........10.........20.........30.........40.........50.........60.........70.........80.........90.........100
# of tasks (Edge/Cloud/Mobile): 65538(57626/7912/0)
# of failed tasks (Edge/Cloud/Mobile): 1167(1035/132/0)
# of completed tasks (Edge/Cloud/Mobile): 64371(56591/7780/0)
# of uncompleted tasks (Edge/Cloud/Mobile): 1349(1233/17/99)
# of failed tasks due to vm capacity (Edge/Cloud/Mobile): 176(176/0/0)
# of failed tasks due to Mobility/Network(WLAN/MAN/WAN): 927/64(3/0/61)
percentage of failed tasks: 1,780646%
average service time: 2,879304 seconds. (on Edge: 3,017369, on Cloud: 1,875030, on Mobile: NaN)
average processing time: 2,561991 seconds. (on Edge: 2,885524, on Cloud: 0,208646, on Mobile: NaN)
average network delay: 0,317312 seconds. (LAN delay: 0,127215, MAN delay: 0,014740, WAN delay: 1,666384)
average server utilization Edge/Cloud/Mobile: 39,409257/3,033673/0,000000
average cost: 0.0$
Scenario finished at 18/09/2020 10:20:19. It took 9 Minutes 11 Seconds
----------------------------------------------------------------------
Scenario started at 18/09/2020 10:20:19
Scenario: TWO_TIER_WITH_EO - Policy: DDQN - #iteration: 1
Duration: 5.0 min (warm up period: 1.0 min) - #devices: 2200
Creating tasks...Done, 
Creating device locations...Done.
SimManager is starting...Done.
.........10.........20.........30.........40.........50.........60.........70.........80.........90.........100
# of tasks (Edge/Cloud/Mobile): 76192(64770/11422/0)
# of failed tasks (Edge/Cloud/Mobile): 9460(8424/1036/0)
# of completed tasks (Edge/Cloud/Mobile): 66732(56346/10386/0)
# of uncompleted tasks (Edge/Cloud/Mobile): 1715(1439/29/247)
# of failed tasks due to vm capacity (Edge/Cloud/Mobile): 6896(6896/0/0)
# of failed tasks due to Mobility/Network(WLAN/MAN/WAN): 1888/676(0/0/676)
percentage of failed tasks: 12,416002%
average service time: 5,197370 seconds. (on Edge: 5,134577, on Cloud: 5,538033, on Mobile: NaN)
average processing time: 4,235037 seconds. (on Edge: 4,983581, on Cloud: 0,174051, on Mobile: NaN)
average network delay: 0,962332 seconds. (LAN delay: 0,138528, MAN delay: 0,013399, WAN delay: 5,363982)
average server utilization Edge/Cloud/Mobile: 67,483236/3,309184/0,000000
average cost: 0.0$
Scenario finished at 18/09/2020 10:23:03. It took 2 Minutes 43 Seconds
----------------------------------------------------------------------
Scenario started at 18/09/2020 10:23:03
Scenario: TWO_TIER_WITH_EO - Policy: NETWORK_BASED - #iteration: 1
Duration: 5.0 min (warm up period: 1.0 min) - #devices: 2200
Creating tasks...Done, 
Creating device locations...Done.
SimManager is starting...Done.
.........10.........20.........30.........40.........50.........60.........70.........80.........90.........100
# of tasks (Edge/Cloud/Mobile): 70593(50285/20308/0)
# of failed tasks (Edge/Cloud/Mobile): 5352(5142/210/0)
# of completed tasks (Edge/Cloud/Mobile): 65241(45143/20098/0)
# of uncompleted tasks (Edge/Cloud/Mobile): 1583(1400/33/150)
# of failed tasks due to vm capacity (Edge/Cloud/Mobile): 84(84/0/0)
# of failed tasks due to Mobility/Network(WLAN/MAN/WAN): 1144/4124(15/4109/0)
percentage of failed tasks: 7,581488%
average service time: 3,225931 seconds. (on Edge: 3,847457, on Cloud: 1,829895, on Mobile: NaN)
average processing time: 2,573101 seconds. (on Edge: 3,666458, on Cloud: 0,117265, on Mobile: NaN)
average network delay: 0,652830 seconds. (LAN delay: 0,129718, MAN delay: 0,055632, WAN delay: 1,712630)
average server utilization Edge/Cloud/Mobile: 46,992347/2,127551/0,000000
average cost: 0.0$
Scenario finished at 18/09/2020 10:24:20. It took 1 Minute 17 Seconds
----------------------------------------------------------------------
Scenario started at 18/09/2020 10:24:20
Scenario: TWO_TIER_WITH_EO - Policy: UTILIZATION_BASED - #iteration: 1
Duration: 5.0 min (warm up period: 1.0 min) - #devices: 2200
Creating tasks...Done, 
Creating device locations...Done.
SimManager is starting...Done.
.........10.........20.........30.........40.........50.........60.........70.........80.........90.........100
# of tasks (Edge/Cloud/Mobile): 74360(60130/14230/0)
# of failed tasks (Edge/Cloud/Mobile): 25767(16606/9161/0)
# of completed tasks (Edge/Cloud/Mobile): 48593(43524/5069/0)
# of uncompleted tasks (Edge/Cloud/Mobile): 1520(1214/31/275)
# of failed tasks due to vm capacity (Edge/Cloud/Mobile): 0(0/0/0)
# of failed tasks due to Mobility/Network(WLAN/MAN/WAN): 1041/24726(5/15672/9049)
percentage of failed tasks: 34,651694%
average service time: 3,920939 seconds. (on Edge: 3,843149, on Cloud: 4,588869, on Mobile: NaN)
average processing time: 3,324241 seconds. (on Edge: 3,698322, on Cloud: 0,112264, on Mobile: NaN)
average network delay: 0,596698 seconds. (LAN delay: 0,128659, MAN delay: 0,018086, WAN delay: 4,476605)
average server utilization Edge/Cloud/Mobile: 51,758017/0,758163/0,000000
average cost: 0.0$
Scenario finished at 18/09/2020 10:25:50. It took 1 Minute 30 Seconds
----------------------------------------------------------------------
Scenario started at 18/09/2020 10:25:50
Scenario: TWO_TIER_WITH_EO - Policy: HYBRID - #iteration: 1
Duration: 5.0 min (warm up period: 1.0 min) - #devices: 2200
Creating tasks...Done, 
Creating device locations...Done.
SimManager is starting...Done.
.........10.........20.........30.........40.........50.........60.........70.........80.........90.........100
# of tasks (Edge/Cloud/Mobile): 70012(59613/10399/0)
# of failed tasks (Edge/Cloud/Mobile): 15789(15679/110/0)
# of completed tasks (Edge/Cloud/Mobile): 54223(43934/10289/0)
# of uncompleted tasks (Edge/Cloud/Mobile): 1762(1587/36/139)
# of failed tasks due to vm capacity (Edge/Cloud/Mobile): 782(782/0/0)
# of failed tasks due to Mobility/Network(WLAN/MAN/WAN): 1073/13934(3/13931/0)
percentage of failed tasks: 22,551848%
average service time: 3,948861 seconds. (on Edge: 4,442808, on Cloud: 1,839710, on Mobile: NaN)
average processing time: 3,506027 seconds. (on Edge: 4,293868, on Cloud: 0,141946, on Mobile: NaN)
average network delay: 0,442834 seconds. (LAN delay: 0,129798, MAN delay: 0,021336, WAN delay: 1,697764)
average server utilization Edge/Cloud/Mobile: 62,569606/1,273469/0,000000
average cost: 0.0$
Scenario finished at 18/09/2020 10:27:29. It took 1 Minute 38 Seconds
----------------------------------------------------------------------
Scenario started at 18/09/2020 10:27:29
Scenario: TWO_TIER_WITH_EO - Policy: FUZZY_BASED - #iteration: 1
Duration: 5.0 min (warm up period: 1.0 min) - #devices: 2200
Creating tasks...Done, 
Creating device locations...Done.
SimManager is starting...Done.
.........10.........20.........30.........40.........50.........60.........70.........80.........90.........100
# of tasks (Edge/Cloud/Mobile): 73856(63067/10789/0)
# of failed tasks (Edge/Cloud/Mobile): 13208(12674/534/0)
# of completed tasks (Edge/Cloud/Mobile): 60648(50393/10255/0)
# of uncompleted tasks (Edge/Cloud/Mobile): 1736(1493/34/209)
# of failed tasks due to vm capacity (Edge/Cloud/Mobile): 719(719/0/0)
# of failed tasks due to Mobility/Network(WLAN/MAN/WAN): 1016/11473(0/11092/381)
percentage of failed tasks: 17,883449%
average service time: 3,230690 seconds. (on Edge: 3,366908, on Cloud: 2,561316, on Mobile: NaN)
average processing time: 2,718164 seconds. (on Edge: 3,226489, on Cloud: 0,220263, on Mobile: NaN)
average network delay: 0,512526 seconds. (LAN delay: 0,136055, MAN delay: 0,014674, WAN delay: 2,341053)
average server utilization Edge/Cloud/Mobile: 39,012755/3,830612/0,000000
average cost: 0.0$
Scenario finished at 18/09/2020 10:38:03. It took 10 Minutes 33 Seconds
----------------------------------------------------------------------
Scenario started at 18/09/2020 10:38:03
Scenario: TWO_TIER_WITH_EO - Policy: DDQN - #iteration: 1
Duration: 5.0 min (warm up period: 1.0 min) - #devices: 2400
Creating tasks...Done, 
Creating device locations...Done.
SimManager is starting...Done.
.........10.........20.........30.........40.........50.........60.........70.........80.........90.........100
# of tasks (Edge/Cloud/Mobile): 79821(68693/11128/0)
# of failed tasks (Edge/Cloud/Mobile): 11972(10605/1367/0)
# of completed tasks (Edge/Cloud/Mobile): 67849(58088/9761/0)
# of uncompleted tasks (Edge/Cloud/Mobile): 2114(1801/34/279)
# of failed tasks due to vm capacity (Edge/Cloud/Mobile): 9088(9088/0/0)
# of failed tasks due to Mobility/Network(WLAN/MAN/WAN): 1850/1034(0/0/1034)
percentage of failed tasks: 14,998559%
average service time: 5,470701 seconds. (on Edge: 5,370547, on Cloud: 6,066718, on Mobile: NaN)
average processing time: 4,491567 seconds. (on Edge: 5,215552, on Cloud: 0,183111, on Mobile: NaN)
average network delay: 0,979134 seconds. (LAN delay: 0,142457, MAN delay: 0,013452, WAN delay: 5,883608)
average server utilization Edge/Cloud/Mobile: 72,350583/3,909184/0,000000
average cost: 0.0$
Scenario finished at 18/09/2020 10:40:45. It took 2 Minutes 41 Seconds
----------------------------------------------------------------------
Scenario started at 18/09/2020 10:40:45
Scenario: TWO_TIER_WITH_EO - Policy: NETWORK_BASED - #iteration: 1
Duration: 5.0 min (warm up period: 1.0 min) - #devices: 2400
Creating tasks...Done, 
Creating device locations...Done.
SimManager is starting...Done.
.........10.........20.........30.........40.........50.........60.........70.........80.........90.........100
# of tasks (Edge/Cloud/Mobile): 79510(59171/20339/0)
# of failed tasks (Edge/Cloud/Mobile): 18254(18034/220/0)
# of completed tasks (Edge/Cloud/Mobile): 61256(41137/20119/0)
# of uncompleted tasks (Edge/Cloud/Mobile): 1543(1341/39/163)
# of failed tasks due to vm capacity (Edge/Cloud/Mobile): 523(523/0/0)
# of failed tasks due to Mobility/Network(WLAN/MAN/WAN): 934/16797(8/16789/0)
percentage of failed tasks: 22,958118%
average service time: 3,321493 seconds. (on Edge: 4,044416, on Cloud: 1,843344, on Mobile: NaN)
average processing time: 2,642100 seconds. (on Edge: 3,876919, on Cloud: 0,117284, on Mobile: NaN)
average network delay: 0,679393 seconds. (LAN delay: 0,144567, MAN delay: 0,025728, WAN delay: 1,726059)
average server utilization Edge/Cloud/Mobile: 46,149781/2,347959/0,000000
average cost: 0.0$
Scenario finished at 18/09/2020 10:42:36. It took 1 Minute 51 Seconds
----------------------------------------------------------------------
Scenario started at 18/09/2020 10:42:36
Scenario: TWO_TIER_WITH_EO - Policy: UTILIZATION_BASED - #iteration: 1
Duration: 5.0 min (warm up period: 1.0 min) - #devices: 2400
Creating tasks...Done, 
Creating device locations...Done.
SimManager is starting...Done.
.........10.........20.........30.........40.........50.........60.........70.........80.........90.........100
# of tasks (Edge/Cloud/Mobile): 78882(61601/17281/0)
# of failed tasks (Edge/Cloud/Mobile): 31982(19827/12155/0)
# of completed tasks (Edge/Cloud/Mobile): 46900(41774/5126/0)
# of uncompleted tasks (Edge/Cloud/Mobile): 1658(1290/36/332)
# of failed tasks due to vm capacity (Edge/Cloud/Mobile): 0(0/0/0)
# of failed tasks due to Mobility/Network(WLAN/MAN/WAN): 985/30997(24/18936/12037)
percentage of failed tasks: 40,544104%
average service time: 4,174118 seconds. (on Edge: 4,007551, on Cloud: 5,531540, on Mobile: NaN)
average processing time: 3,453070 seconds. (on Edge: 3,863727, on Cloud: 0,106451, on Mobile: NaN)
average network delay: 0,721048 seconds. (LAN delay: 0,125191, MAN delay: 0,021058, WAN delay: 5,425089)
average server utilization Edge/Cloud/Mobile: 51,944606/0,757143/0,000000
average cost: 0.0$
Scenario finished at 18/09/2020 10:43:47. It took 1 Minute 10 Seconds
----------------------------------------------------------------------
Scenario started at 18/09/2020 10:43:47
Scenario: TWO_TIER_WITH_EO - Policy: HYBRID - #iteration: 1
Duration: 5.0 min (warm up period: 1.0 min) - #devices: 2400
Creating tasks...Done, 
Creating device locations...Done.
SimManager is starting...Done.
.........10.........20.........30.........40.........50.........60.........70.........80.........90.........100
# of tasks (Edge/Cloud/Mobile): 79000(70780/8220/0)
# of failed tasks (Edge/Cloud/Mobile): 30539(30468/71/0)
# of completed tasks (Edge/Cloud/Mobile): 48461(40312/8149/0)
# of uncompleted tasks (Edge/Cloud/Mobile): 1482(1297/37/148)
# of failed tasks due to vm capacity (Edge/Cloud/Mobile): 558(558/0/0)
# of failed tasks due to Mobility/Network(WLAN/MAN/WAN): 858/29123(2/29121/0)
percentage of failed tasks: 38,656962%
average service time: 3,855142 seconds. (on Edge: 4,263954, on Cloud: 1,832806, on Mobile: NaN)
average processing time: 3,425826 seconds. (on Edge: 4,092156, on Cloud: 0,129582, on Mobile: NaN)
average network delay: 0,429316 seconds. (LAN delay: 0,153970, MAN delay: 0,020660, WAN delay: 1,703223)
average server utilization Edge/Cloud/Mobile: 51,985423/1,117347/0,000000
average cost: 0.0$
Scenario finished at 18/09/2020 10:45:52. It took 2 Minutes 5 Seconds
----------------------------------------------------------------------
Scenario started at 18/09/2020 10:45:52
Scenario: TWO_TIER_WITH_EO - Policy: FUZZY_BASED - #iteration: 1
Duration: 5.0 min (warm up period: 1.0 min) - #devices: 2400
Creating tasks...Done, 
Creating device locations...Done.
SimManager is starting...Done.
.........10.........20.........30.........40.........50.........60.........70.........80.........90.........100
# of tasks (Edge/Cloud/Mobile): 81633(69734/11899/0)
# of failed tasks (Edge/Cloud/Mobile): 14403(12693/1710/0)
# of completed tasks (Edge/Cloud/Mobile): 67230(57041/10189/0)
# of uncompleted tasks (Edge/Cloud/Mobile): 551(422/19/110)
# of failed tasks due to vm capacity (Edge/Cloud/Mobile): 3415(3415/0/0)
# of failed tasks due to Mobility/Network(WLAN/MAN/WAN): 1325/9663(0/8122/1541)
percentage of failed tasks: 17,643600%
average service time: 4,128029 seconds. (on Edge: 4,223931, on Cloud: 3,591145, on Mobile: NaN)
average processing time: 3,489615 seconds. (on Edge: 4,070829, on Cloud: 0,235811, on Mobile: NaN)
average network delay: 0,638414 seconds. (LAN delay: 0,147100, MAN delay: 0,015997, WAN delay: 3,355333)
average server utilization Edge/Cloud/Mobile: 57,708819/5,080612/0,000000
average cost: 0.0$
Scenario finished at 18/09/2020 10:57:37. It took 11 Minutes 44 Seconds
----------------------------------------------------------------------
Simulation finished at 18/09/2020 10:57:37. It took 1 Hour 53 Minutes 20 Seconds
