Simulation started at 18/09/2020 14:43:02
----------------------------------------------------------------------
Scenario started at 18/09/2020 14:43:02
Scenario: TWO_TIER_WITH_EO - Policy: DDQN - #iteration: 27
Duration: 5.0 min (warm up period: 1.0 min) - #devices: 0
Creating tasks...Done, 
Creating device locations...Done.
o.n.l.f.Nd4jBackend - Loaded [CpuBackend] backend
o.n.n.NativeOpsHolder - Number of threads used for linear algebra: 1
o.n.n.Nd4jBlas - Number of threads used for OpenMP BLAS: 4
o.n.l.a.o.e.DefaultOpExecutioner - Backend used: [CPU]; OS: [Mac OS X]
o.n.l.a.o.e.DefaultOpExecutioner - Cores: [8]; Memory: [1,8GB];
o.n.l.a.o.e.DefaultOpExecutioner - Blas vendor: [OPENBLAS]
o.d.n.m.MultiLayerNetwork - Starting MultiLayerNetwork with WorkspaceModes set to [training: ENABLED; inference: ENABLED], cacheMode set to [NONE]
SimManager is starting...Done.
.........10.........20.........30.........40.........50.........60.........70.........80.........90.........100
# of tasks (Edge/Cloud/Mobile): 0(0/0/0)
# of failed tasks (Edge/Cloud/Mobile): 0(0/0/0)
# of completed tasks (Edge/Cloud/Mobile): 0(0/0/0)
# of uncompleted tasks (Edge/Cloud/Mobile): 0(0/0/0)
# of failed tasks due to vm capacity (Edge/Cloud/Mobile): 0(0/0/0)
# of failed tasks due to Mobility/Network(WLAN/MAN/WAN): 0/0(0/0/0)
percentage of failed tasks: NaN%
average service time: NaN seconds. (on Edge: NaN, on Cloud: NaN, on Mobile: NaN)
average processing time: NaN seconds. (on Edge: NaN, on Cloud: NaN, on Mobile: NaN)
average network delay: NaN seconds. (LAN delay: NaN, MAN delay: NaN, WAN delay: NaN)
average server utilization Edge/Cloud/Mobile: 0,000000/0,000000/0,000000
average cost: NaN$
Scenario finished at 18/09/2020 14:43:10. It took 7 Seconds
----------------------------------------------------------------------
Scenario started at 18/09/2020 14:43:10
Scenario: TWO_TIER_WITH_EO - Policy: NETWORK_BASED - #iteration: 27
Duration: 5.0 min (warm up period: 1.0 min) - #devices: 0
Creating tasks...Done, 
Creating device locations...Done.
SimManager is starting...Done.
.........10.........20.........30.........40.........50.........60.........70.........80.........90.........100
# of tasks (Edge/Cloud/Mobile): 0(0/0/0)
# of failed tasks (Edge/Cloud/Mobile): 0(0/0/0)
# of completed tasks (Edge/Cloud/Mobile): 0(0/0/0)
# of uncompleted tasks (Edge/Cloud/Mobile): 0(0/0/0)
# of failed tasks due to vm capacity (Edge/Cloud/Mobile): 0(0/0/0)
# of failed tasks due to Mobility/Network(WLAN/MAN/WAN): 0/0(0/0/0)
percentage of failed tasks: NaN%
average service time: NaN seconds. (on Edge: NaN, on Cloud: NaN, on Mobile: NaN)
average processing time: NaN seconds. (on Edge: NaN, on Cloud: NaN, on Mobile: NaN)
average network delay: NaN seconds. (LAN delay: NaN, MAN delay: NaN, WAN delay: NaN)
average server utilization Edge/Cloud/Mobile: 0,000000/0,000000/0,000000
average cost: NaN$
Scenario finished at 18/09/2020 14:43:10. It took 243 Milli Seconds
----------------------------------------------------------------------
Scenario started at 18/09/2020 14:43:10
Scenario: TWO_TIER_WITH_EO - Policy: UTILIZATION_BASED - #iteration: 27
Duration: 5.0 min (warm up period: 1.0 min) - #devices: 0
Creating tasks...Done, 
Creating device locations...Done.
SimManager is starting...Done.
.........10.........20.........30.........40.........50.........60.........70.........80.........90.........100
# of tasks (Edge/Cloud/Mobile): 0(0/0/0)
# of failed tasks (Edge/Cloud/Mobile): 0(0/0/0)
# of completed tasks (Edge/Cloud/Mobile): 0(0/0/0)
# of uncompleted tasks (Edge/Cloud/Mobile): 0(0/0/0)
# of failed tasks due to vm capacity (Edge/Cloud/Mobile): 0(0/0/0)
# of failed tasks due to Mobility/Network(WLAN/MAN/WAN): 0/0(0/0/0)
percentage of failed tasks: NaN%
average service time: NaN seconds. (on Edge: NaN, on Cloud: NaN, on Mobile: NaN)
average processing time: NaN seconds. (on Edge: NaN, on Cloud: NaN, on Mobile: NaN)
average network delay: NaN seconds. (LAN delay: NaN, MAN delay: NaN, WAN delay: NaN)
average server utilization Edge/Cloud/Mobile: 0,000000/0,000000/0,000000
average cost: NaN$
Scenario finished at 18/09/2020 14:43:10. It took 221 Milli Seconds
----------------------------------------------------------------------
Scenario started at 18/09/2020 14:43:10
Scenario: TWO_TIER_WITH_EO - Policy: HYBRID - #iteration: 27
Duration: 5.0 min (warm up period: 1.0 min) - #devices: 0
Creating tasks...Done, 
Creating device locations...Done.
SimManager is starting...Done.
.........10.........20.........30.........40.........50.........60.........70.........80.........90.........100
# of tasks (Edge/Cloud/Mobile): 0(0/0/0)
# of failed tasks (Edge/Cloud/Mobile): 0(0/0/0)
# of completed tasks (Edge/Cloud/Mobile): 0(0/0/0)
# of uncompleted tasks (Edge/Cloud/Mobile): 0(0/0/0)
# of failed tasks due to vm capacity (Edge/Cloud/Mobile): 0(0/0/0)
# of failed tasks due to Mobility/Network(WLAN/MAN/WAN): 0/0(0/0/0)
percentage of failed tasks: NaN%
average service time: NaN seconds. (on Edge: NaN, on Cloud: NaN, on Mobile: NaN)
average processing time: NaN seconds. (on Edge: NaN, on Cloud: NaN, on Mobile: NaN)
average network delay: NaN seconds. (LAN delay: NaN, MAN delay: NaN, WAN delay: NaN)
average server utilization Edge/Cloud/Mobile: 0,000000/0,000000/0,000000
average cost: NaN$
Scenario finished at 18/09/2020 14:43:10. It took 208 Milli Seconds
----------------------------------------------------------------------
Scenario started at 18/09/2020 14:43:10
Scenario: TWO_TIER_WITH_EO - Policy: FUZZY_BASED - #iteration: 27
Duration: 5.0 min (warm up period: 1.0 min) - #devices: 0
Creating tasks...Done, 
Creating device locations...Done.
SimManager is starting...Done.
.........10.........20.........30.........40.........50.........60.........70.........80.........90.........100
# of tasks (Edge/Cloud/Mobile): 0(0/0/0)
# of failed tasks (Edge/Cloud/Mobile): 0(0/0/0)
# of completed tasks (Edge/Cloud/Mobile): 0(0/0/0)
# of uncompleted tasks (Edge/Cloud/Mobile): 0(0/0/0)
# of failed tasks due to vm capacity (Edge/Cloud/Mobile): 0(0/0/0)
# of failed tasks due to Mobility/Network(WLAN/MAN/WAN): 0/0(0/0/0)
percentage of failed tasks: NaN%
average service time: NaN seconds. (on Edge: NaN, on Cloud: NaN, on Mobile: NaN)
average processing time: NaN seconds. (on Edge: NaN, on Cloud: NaN, on Mobile: NaN)
average network delay: NaN seconds. (LAN delay: NaN, MAN delay: NaN, WAN delay: NaN)
average server utilization Edge/Cloud/Mobile: 0,000000/0,000000/0,000000
average cost: NaN$
Scenario finished at 18/09/2020 14:43:11. It took 248 Milli Seconds
----------------------------------------------------------------------
Scenario started at 18/09/2020 14:43:11
Scenario: TWO_TIER_WITH_EO - Policy: DDQN - #iteration: 27
Duration: 5.0 min (warm up period: 1.0 min) - #devices: 200
Creating tasks...Done, 
Creating device locations...Done.
SimManager is starting...Done.
.........10.........20.........30.........40.........50.........60.........70.........80.........90.........100
# of tasks (Edge/Cloud/Mobile): 6807(2390/4417/0)
# of failed tasks (Edge/Cloud/Mobile): 17(6/11/0)
# of completed tasks (Edge/Cloud/Mobile): 6790(2384/4406/0)
# of uncompleted tasks (Edge/Cloud/Mobile): 31(9/2/20)
# of failed tasks due to vm capacity (Edge/Cloud/Mobile): 0(0/0/0)
# of failed tasks due to Mobility/Network(WLAN/MAN/WAN): 17/0(0/0/0)
percentage of failed tasks: 0,249743%
average service time: 1,012180 seconds. (on Edge: 0,812603, on Cloud: 1,120167, on Mobile: NaN)
average processing time: 0,340991 seconds. (on Edge: 0,755281, on Cloud: 0,116827, on Mobile: NaN)
average network delay: 0,671189 seconds. (LAN delay: 0,045373, MAN delay: 0,012375, WAN delay: 1,003339)
average server utilization Edge/Cloud/Mobile: 0,451531/0,579592/0,000000
average cost: 0.0$
Scenario finished at 18/09/2020 14:43:21. It took 10 Seconds
----------------------------------------------------------------------
Scenario started at 18/09/2020 14:43:21
Scenario: TWO_TIER_WITH_EO - Policy: NETWORK_BASED - #iteration: 27
Duration: 5.0 min (warm up period: 1.0 min) - #devices: 200
Creating tasks...Done, 
Creating device locations...Done.
SimManager is starting...Done.
.........10.........20.........30.........40.........50.........60.........70.........80.........90.........100
# of tasks (Edge/Cloud/Mobile): 5983(51/5932/0)
# of failed tasks (Edge/Cloud/Mobile): 41(0/41/0)
# of completed tasks (Edge/Cloud/Mobile): 5942(51/5891/0)
# of uncompleted tasks (Edge/Cloud/Mobile): 38(0/7/31)
# of failed tasks due to vm capacity (Edge/Cloud/Mobile): 0(0/0/0)
# of failed tasks due to Mobility/Network(WLAN/MAN/WAN): 41/0(0/0/0)
percentage of failed tasks: 0,685275%
average service time: 1,269630 seconds. (on Edge: 0,868451, on Cloud: 1,273103, on Mobile: NaN)
average processing time: 0,115482 seconds. (on Edge: 0,810351, on Cloud: 0,109467, on Mobile: NaN)
average network delay: 1,154147 seconds. (LAN delay: 0,047393, MAN delay: 0,012410, WAN delay: 1,163636)
average server utilization Edge/Cloud/Mobile: 0,017128/0,677551/0,000000
average cost: 0.0$
Scenario finished at 18/09/2020 14:43:22. It took 838 Milli Seconds
----------------------------------------------------------------------
Scenario started at 18/09/2020 14:43:22
Scenario: TWO_TIER_WITH_EO - Policy: UTILIZATION_BASED - #iteration: 27
Duration: 5.0 min (warm up period: 1.0 min) - #devices: 200
Creating tasks...Done, 
Creating device locations...Done.
SimManager is starting...Done.
.........10.........20.........30.........40.........50.........60.........70.........80.........90.........100
# of tasks (Edge/Cloud/Mobile): 6216(6216/0/0)
# of failed tasks (Edge/Cloud/Mobile): 55(55/0/0)
# of completed tasks (Edge/Cloud/Mobile): 6161(6161/0/0)
# of uncompleted tasks (Edge/Cloud/Mobile): 22(21/0/1)
# of failed tasks due to vm capacity (Edge/Cloud/Mobile): 0(0/0/0)
# of failed tasks due to Mobility/Network(WLAN/MAN/WAN): 55/0(0/0/0)
percentage of failed tasks: 0,884813%
average service time: 1,134153 seconds. (on Edge: 1,134153, on Cloud: NaN, on Mobile: NaN)
average processing time: 1,073638 seconds. (on Edge: 1,073638, on Cloud: NaN, on Mobile: NaN)
average network delay: 0,060515 seconds. (LAN delay: 0,049137, MAN delay: 0,012485, WAN delay: NaN)
average server utilization Edge/Cloud/Mobile: 2,452624/0,000000/0,000000
average cost: 0.0$
Scenario finished at 18/09/2020 14:43:23. It took 986 Milli Seconds
----------------------------------------------------------------------
Scenario started at 18/09/2020 14:43:23
Scenario: TWO_TIER_WITH_EO - Policy: HYBRID - #iteration: 27
Duration: 5.0 min (warm up period: 1.0 min) - #devices: 200
Creating tasks...Done, 
Creating device locations...Done.
SimManager is starting...Done.
.........10.........20.........30.........40.........50.........60.........70.........80.........90.........100
# of tasks (Edge/Cloud/Mobile): 6495(6495/0/0)
# of failed tasks (Edge/Cloud/Mobile): 23(23/0/0)
# of completed tasks (Edge/Cloud/Mobile): 6472(6472/0/0)
# of uncompleted tasks (Edge/Cloud/Mobile): 22(20/0/2)
# of failed tasks due to vm capacity (Edge/Cloud/Mobile): 0(0/0/0)
# of failed tasks due to Mobility/Network(WLAN/MAN/WAN): 23/0(0/0/0)
percentage of failed tasks: 0,354119%
average service time: 1,078670 seconds. (on Edge: 1,078670, on Cloud: NaN, on Mobile: NaN)
average processing time: 1,016881 seconds. (on Edge: 1,016881, on Cloud: NaN, on Mobile: NaN)
average network delay: 0,061789 seconds. (LAN delay: 0,050955, MAN delay: 0,012485, WAN delay: NaN)
average server utilization Edge/Cloud/Mobile: 2,455904/0,000000/0,000000
average cost: 0.0$
Scenario finished at 18/09/2020 14:43:24. It took 1 Second
----------------------------------------------------------------------
Scenario started at 18/09/2020 14:43:24
Scenario: TWO_TIER_WITH_EO - Policy: FUZZY_BASED - #iteration: 27
Duration: 5.0 min (warm up period: 1.0 min) - #devices: 200
Creating tasks...Done, 
Creating device locations...Done.
SimManager is starting...Done.
.........10.........20.........30.........40.........50.........60.........70.........80.........90.........100
# of tasks (Edge/Cloud/Mobile): 6151(5151/1000/0)
# of failed tasks (Edge/Cloud/Mobile): 25(19/6/0)
# of completed tasks (Edge/Cloud/Mobile): 6126(5132/994/0)
# of uncompleted tasks (Edge/Cloud/Mobile): 16(15/0/1)
# of failed tasks due to vm capacity (Edge/Cloud/Mobile): 0(0/0/0)
# of failed tasks due to Mobility/Network(WLAN/MAN/WAN): 25/0(0/0/0)
percentage of failed tasks: 0,406438%
average service time: 0,843094 seconds. (on Edge: 0,837304, on Cloud: 0,872991, on Mobile: NaN)
average processing time: 0,696546 seconds. (on Edge: 0,788193, on Cloud: 0,223376, on Mobile: NaN)
average network delay: 0,146548 seconds. (LAN delay: 0,049111, MAN delay: NaN, WAN delay: 0,649615)
average server utilization Edge/Cloud/Mobile: 0,846939/0,515306/0,000000
average cost: 0.0$
Scenario finished at 18/09/2020 14:44:15. It took 50 Seconds
----------------------------------------------------------------------
Scenario started at 18/09/2020 14:44:15
Scenario: TWO_TIER_WITH_EO - Policy: DDQN - #iteration: 27
Duration: 5.0 min (warm up period: 1.0 min) - #devices: 400
Creating tasks...Done, 
Creating device locations...Done.
SimManager is starting...Done.
.........10.........20.........30.........40.........50.........60.........70.........80.........90.........100
# of tasks (Edge/Cloud/Mobile): 14804(4925/9879/0)
# of failed tasks (Edge/Cloud/Mobile): 121(23/98/0)
# of completed tasks (Edge/Cloud/Mobile): 14683(4902/9781/0)
# of uncompleted tasks (Edge/Cloud/Mobile): 92(22/9/61)
# of failed tasks due to vm capacity (Edge/Cloud/Mobile): 0(0/0/0)
# of failed tasks due to Mobility/Network(WLAN/MAN/WAN): 121/0(0/0/0)
percentage of failed tasks: 0,817347%
average service time: 1,318300 seconds. (on Edge: 0,795181, on Cloud: 1,580474, on Mobile: NaN)
average processing time: 0,323073 seconds. (on Edge: 0,731706, on Cloud: 0,118276, on Mobile: NaN)
average network delay: 0,995227 seconds. (LAN delay: 0,051745, MAN delay: 0,012414, WAN delay: 1,462198)
average server utilization Edge/Cloud/Mobile: 0,796283/1,412245/0,000000
average cost: 0.0$
Scenario finished at 18/09/2020 14:44:39. It took 24 Seconds
----------------------------------------------------------------------
Scenario started at 18/09/2020 14:44:39
Scenario: TWO_TIER_WITH_EO - Policy: NETWORK_BASED - #iteration: 27
Duration: 5.0 min (warm up period: 1.0 min) - #devices: 400
Creating tasks...Done, 
Creating device locations...Done.
SimManager is starting...Done.
.........10.........20.........30.........40.........50.........60.........70.........80.........90.........100
# of tasks (Edge/Cloud/Mobile): 13779(1559/12220/0)
# of failed tasks (Edge/Cloud/Mobile): 105(6/99/0)
# of completed tasks (Edge/Cloud/Mobile): 13674(1553/12121/0)
# of uncompleted tasks (Edge/Cloud/Mobile): 102(6/19/77)
# of failed tasks due to vm capacity (Edge/Cloud/Mobile): 0(0/0/0)
# of failed tasks due to Mobility/Network(WLAN/MAN/WAN): 105/0(0/0/0)
percentage of failed tasks: 0,762029%
average service time: 1,578511 seconds. (on Edge: 1,060026, on Cloud: 1,644942, on Mobile: NaN)
average processing time: 0,207693 seconds. (on Edge: 0,996413, on Cloud: 0,106638, on Mobile: NaN)
average network delay: 1,370818 seconds. (LAN delay: 0,052766, MAN delay: 0,012516, WAN delay: 1,538304)
average server utilization Edge/Cloud/Mobile: 0,570700/1,431633/0,000000
average cost: 0.0$
Scenario finished at 18/09/2020 14:44:41. It took 2 Seconds
----------------------------------------------------------------------
Scenario started at 18/09/2020 14:44:41
Scenario: TWO_TIER_WITH_EO - Policy: UTILIZATION_BASED - #iteration: 27
Duration: 5.0 min (warm up period: 1.0 min) - #devices: 400
Creating tasks...Done, 
Creating device locations...Done.
SimManager is starting...Done.
.........10.........20.........30.........40.........50.........60.........70.........80.........90.........100
# of tasks (Edge/Cloud/Mobile): 12697(12697/0/0)
# of failed tasks (Edge/Cloud/Mobile): 93(93/0/0)
# of completed tasks (Edge/Cloud/Mobile): 12604(12604/0/0)
# of uncompleted tasks (Edge/Cloud/Mobile): 71(68/0/3)
# of failed tasks due to vm capacity (Edge/Cloud/Mobile): 0(0/0/0)
# of failed tasks due to Mobility/Network(WLAN/MAN/WAN): 93/0(0/0/0)
percentage of failed tasks: 0,732456%
average service time: 1,173625 seconds. (on Edge: 1,173625, on Cloud: NaN, on Mobile: NaN)
average processing time: 1,107795 seconds. (on Edge: 1,107795, on Cloud: NaN, on Mobile: NaN)
average network delay: 0,065830 seconds. (LAN delay: 0,054428, MAN delay: 0,012650, WAN delay: NaN)
average server utilization Edge/Cloud/Mobile: 4,856778/0,000000/0,000000
average cost: 0.0$
Scenario finished at 18/09/2020 14:44:44. It took 2 Seconds
----------------------------------------------------------------------
Scenario started at 18/09/2020 14:44:44
Scenario: TWO_TIER_WITH_EO - Policy: HYBRID - #iteration: 27
Duration: 5.0 min (warm up period: 1.0 min) - #devices: 400
Creating tasks...Done, 
Creating device locations...Done.
SimManager is starting...Done.
.........10.........20.........30.........40.........50.........60.........70.........80.........90.........100
# of tasks (Edge/Cloud/Mobile): 12853(12853/0/0)
# of failed tasks (Edge/Cloud/Mobile): 80(80/0/0)
# of completed tasks (Edge/Cloud/Mobile): 12773(12773/0/0)
# of uncompleted tasks (Edge/Cloud/Mobile): 60(57/0/3)
# of failed tasks due to vm capacity (Edge/Cloud/Mobile): 0(0/0/0)
# of failed tasks due to Mobility/Network(WLAN/MAN/WAN): 80/0(0/0/0)
percentage of failed tasks: 0,622423%
average service time: 1,202025 seconds. (on Edge: 1,202025, on Cloud: NaN, on Mobile: NaN)
average processing time: 1,134300 seconds. (on Edge: 1,134300, on Cloud: NaN, on Mobile: NaN)
average network delay: 0,067726 seconds. (LAN delay: 0,056189, MAN delay: 0,012659, WAN delay: NaN)
average server utilization Edge/Cloud/Mobile: 5,511297/0,000000/0,000000
average cost: 0.0$
Scenario finished at 18/09/2020 14:44:46. It took 2 Seconds
----------------------------------------------------------------------
Scenario started at 18/09/2020 14:44:46
Scenario: TWO_TIER_WITH_EO - Policy: FUZZY_BASED - #iteration: 27
Duration: 5.0 min (warm up period: 1.0 min) - #devices: 400
Creating tasks...Done, 
Creating device locations...Done.
SimManager is starting...Done.
.........10.........20.........30.........40.........50.........60.........70.........80.........90.........100
# of tasks (Edge/Cloud/Mobile): 14209(12551/1658/0)
# of failed tasks (Edge/Cloud/Mobile): 67(60/7/0)
# of completed tasks (Edge/Cloud/Mobile): 14142(12491/1651/0)
# of uncompleted tasks (Edge/Cloud/Mobile): 59(59/0/0)
# of failed tasks due to vm capacity (Edge/Cloud/Mobile): 0(0/0/0)
# of failed tasks due to Mobility/Network(WLAN/MAN/WAN): 67/0(0/0/0)
percentage of failed tasks: 0,471532%
average service time: 0,900938 seconds. (on Edge: 0,890731, on Cloud: 0,978160, on Mobile: NaN)
average processing time: 0,763954 seconds. (on Edge: 0,833603, on Cloud: 0,237011, on Mobile: NaN)
average network delay: 0,136984 seconds. (LAN delay: 0,057128, MAN delay: NaN, WAN delay: 0,741148)
average server utilization Edge/Cloud/Mobile: 2,173469/0,872449/0,000000
average cost: 0.0$
Scenario finished at 18/09/2020 14:46:53. It took 2 Minutes 6 Seconds
----------------------------------------------------------------------
Scenario started at 18/09/2020 14:46:53
Scenario: TWO_TIER_WITH_EO - Policy: DDQN - #iteration: 27
Duration: 5.0 min (warm up period: 1.0 min) - #devices: 600
Creating tasks...Done, 
Creating device locations...Done.
SimManager is starting...Done.
.........10.........20.........30.........40.........50.........60.........70.........80.........90.........100
# of tasks (Edge/Cloud/Mobile): 19003(6342/12661/0)
# of failed tasks (Edge/Cloud/Mobile): 135(13/122/0)
# of completed tasks (Edge/Cloud/Mobile): 18868(6329/12539/0)
# of uncompleted tasks (Edge/Cloud/Mobile): 119(21/7/91)
# of failed tasks due to vm capacity (Edge/Cloud/Mobile): 0(0/0/0)
# of failed tasks due to Mobility/Network(WLAN/MAN/WAN): 135/0(0/0/0)
percentage of failed tasks: 0,710414%
average service time: 1,399872 seconds. (on Edge: 0,803786, on Cloud: 1,700743, on Mobile: NaN)
average processing time: 0,333129 seconds. (on Edge: 0,738519, on Cloud: 0,128511, on Mobile: NaN)
average network delay: 1,066743 seconds. (LAN delay: 0,053337, MAN delay: 0,012437, WAN delay: 1,572232)
average server utilization Edge/Cloud/Mobile: 0,937318/1,842857/0,000000
average cost: 0.0$
Scenario finished at 18/09/2020 14:47:19. It took 25 Seconds
----------------------------------------------------------------------
Scenario started at 18/09/2020 14:47:19
Scenario: TWO_TIER_WITH_EO - Policy: NETWORK_BASED - #iteration: 27
Duration: 5.0 min (warm up period: 1.0 min) - #devices: 600
Creating tasks...Done, 
Creating device locations...Done.
SimManager is starting...Done.
.........10.........20.........30.........40.........50.........60.........70.........80.........90.........100
# of tasks (Edge/Cloud/Mobile): 20955(5280/15675/0)
# of failed tasks (Edge/Cloud/Mobile): 159(19/140/0)
# of completed tasks (Edge/Cloud/Mobile): 20796(5261/15535/0)
# of uncompleted tasks (Edge/Cloud/Mobile): 141(31/27/83)
# of failed tasks due to vm capacity (Edge/Cloud/Mobile): 0(0/0/0)
# of failed tasks due to Mobility/Network(WLAN/MAN/WAN): 159/0(0/0/0)
percentage of failed tasks: 0,758769%
average service time: 1,575800 seconds. (on Edge: 1,094022, on Cloud: 1,738956, on Mobile: NaN)
average processing time: 0,339435 seconds. (on Edge: 1,023374, on Cloud: 0,107815, on Mobile: NaN)
average network delay: 1,236365 seconds. (LAN delay: 0,059682, MAN delay: 0,012680, WAN delay: 1,631141)
average server utilization Edge/Cloud/Mobile: 2,034985/1,573469/0,000000
average cost: 0.0$
Scenario finished at 18/09/2020 14:47:23. It took 3 Seconds
----------------------------------------------------------------------
Scenario started at 18/09/2020 14:47:23
Scenario: TWO_TIER_WITH_EO - Policy: UTILIZATION_BASED - #iteration: 27
Duration: 5.0 min (warm up period: 1.0 min) - #devices: 600
Creating tasks...Done, 
Creating device locations...Done.
SimManager is starting...Done.
.........10.........20.........30.........40.........50.........60.........70.........80.........90.........100
# of tasks (Edge/Cloud/Mobile): 20088(20088/0/0)
# of failed tasks (Edge/Cloud/Mobile): 148(148/0/0)
# of completed tasks (Edge/Cloud/Mobile): 19940(19940/0/0)
# of uncompleted tasks (Edge/Cloud/Mobile): 118(115/0/3)
# of failed tasks due to vm capacity (Edge/Cloud/Mobile): 0(0/0/0)
# of failed tasks due to Mobility/Network(WLAN/MAN/WAN): 148/0(0/0/0)
percentage of failed tasks: 0,736758%
average service time: 1,281076 seconds. (on Edge: 1,281076, on Cloud: NaN, on Mobile: NaN)
average processing time: 1,207635 seconds. (on Edge: 1,207635, on Cloud: NaN, on Mobile: NaN)
average network delay: 0,073441 seconds. (LAN delay: 0,061549, MAN delay: 0,012900, WAN delay: NaN)
average server utilization Edge/Cloud/Mobile: 8,379738/0,000000/0,000000
average cost: 0.0$
Scenario finished at 18/09/2020 14:47:27. It took 4 Seconds
----------------------------------------------------------------------
Scenario started at 18/09/2020 14:47:27
Scenario: TWO_TIER_WITH_EO - Policy: HYBRID - #iteration: 27
Duration: 5.0 min (warm up period: 1.0 min) - #devices: 600
Creating tasks...Done, 
Creating device locations...Done.
SimManager is starting...Done.
.........10.........20.........30.........40.........50.........60.........70.........80.........90.........100
# of tasks (Edge/Cloud/Mobile): 19108(19108/0/0)
# of failed tasks (Edge/Cloud/Mobile): 132(132/0/0)
# of completed tasks (Edge/Cloud/Mobile): 18976(18976/0/0)
# of uncompleted tasks (Edge/Cloud/Mobile): 89(87/0/2)
# of failed tasks due to vm capacity (Edge/Cloud/Mobile): 0(0/0/0)
# of failed tasks due to Mobility/Network(WLAN/MAN/WAN): 132/0(0/0/0)
percentage of failed tasks: 0,690810%
average service time: 1,304518 seconds. (on Edge: 1,304518, on Cloud: NaN, on Mobile: NaN)
average processing time: 1,230235 seconds. (on Edge: 1,230235, on Cloud: NaN, on Mobile: NaN)
average network delay: 0,074283 seconds. (LAN delay: 0,062500, MAN delay: 0,012863, WAN delay: NaN)
average server utilization Edge/Cloud/Mobile: 8,467201/0,000000/0,000000
average cost: 0.0$
Scenario finished at 18/09/2020 14:47:31. It took 4 Seconds
----------------------------------------------------------------------
Scenario started at 18/09/2020 14:47:31
Scenario: TWO_TIER_WITH_EO - Policy: FUZZY_BASED - #iteration: 27
Duration: 5.0 min (warm up period: 1.0 min) - #devices: 600
Creating tasks...Done, 
Creating device locations...Done.
SimManager is starting...Done.
.........10.........20.........30.........40.........50.........60.........70.........80.........90.........100
# of tasks (Edge/Cloud/Mobile): 18095(14908/3187/0)
# of failed tasks (Edge/Cloud/Mobile): 77(58/19/0)
# of completed tasks (Edge/Cloud/Mobile): 18018(14850/3168/0)
# of uncompleted tasks (Edge/Cloud/Mobile): 79(72/1/6)
# of failed tasks due to vm capacity (Edge/Cloud/Mobile): 0(0/0/0)
# of failed tasks due to Mobility/Network(WLAN/MAN/WAN): 77/0(0/0/0)
percentage of failed tasks: 0,425532%
average service time: 0,911883 seconds. (on Edge: 0,864137, on Cloud: 1,135691, on Mobile: NaN)
average processing time: 0,702094 seconds. (on Edge: 0,804400, on Cloud: 0,222532, on Mobile: NaN)
average network delay: 0,209789 seconds. (LAN delay: 0,059737, MAN delay: NaN, WAN delay: 0,913160)
average server utilization Edge/Cloud/Mobile: 2,496720/1,362245/0,000000
average cost: 0.0$
Scenario finished at 18/09/2020 14:49:57. It took 2 Minutes 25 Seconds
----------------------------------------------------------------------
Scenario started at 18/09/2020 14:49:57
Scenario: TWO_TIER_WITH_EO - Policy: DDQN - #iteration: 27
Duration: 5.0 min (warm up period: 1.0 min) - #devices: 800
Creating tasks...Done, 
Creating device locations...Done.
SimManager is starting...Done.
.........10.........20.........30.........40.........50.........60.........70.........80.........90.........100
# of tasks (Edge/Cloud/Mobile): 25733(9834/15899/0)
# of failed tasks (Edge/Cloud/Mobile): 209(25/184/0)
# of completed tasks (Edge/Cloud/Mobile): 25524(9809/15715/0)
# of uncompleted tasks (Edge/Cloud/Mobile): 187(60/10/117)
# of failed tasks due to vm capacity (Edge/Cloud/Mobile): 0(0/0/0)
# of failed tasks due to Mobility/Network(WLAN/MAN/WAN): 209/0(0/0/0)
percentage of failed tasks: 0,812187%
average service time: 1,507670 seconds. (on Edge: 0,953861, on Cloud: 1,853348, on Mobile: NaN)
average processing time: 0,423291 seconds. (on Edge: 0,880490, on Cloud: 0,137917, on Mobile: NaN)
average network delay: 1,084379 seconds. (LAN delay: 0,061650, MAN delay: 0,012486, WAN delay: 1,715431)
average server utilization Edge/Cloud/Mobile: 1,798834/2,343878/0,000000
average cost: 0.0$
Scenario finished at 18/09/2020 14:50:28. It took 31 Seconds
----------------------------------------------------------------------
Scenario started at 18/09/2020 14:50:28
Scenario: TWO_TIER_WITH_EO - Policy: NETWORK_BASED - #iteration: 27
Duration: 5.0 min (warm up period: 1.0 min) - #devices: 800
Creating tasks...Done, 
Creating device locations...Done.
SimManager is starting...Done.
.........10.........20.........30.........40.........50.........60.........70.........80.........90.........100
# of tasks (Edge/Cloud/Mobile): 27431(10624/16807/0)
# of failed tasks (Edge/Cloud/Mobile): 228(53/175/0)
# of completed tasks (Edge/Cloud/Mobile): 27203(10571/16632/0)
# of uncompleted tasks (Edge/Cloud/Mobile): 179(56/25/98)
# of failed tasks due to vm capacity (Edge/Cloud/Mobile): 0(0/0/0)
# of failed tasks due to Mobility/Network(WLAN/MAN/WAN): 228/0(0/0/0)
percentage of failed tasks: 0,831176%
average service time: 1,553716 seconds. (on Edge: 1,216245, on Cloud: 1,768207, on Mobile: NaN)
average processing time: 0,505944 seconds. (on Edge: 1,136487, on Cloud: 0,105182, on Mobile: NaN)
average network delay: 1,047772 seconds. (LAN delay: 0,068398, MAN delay: 0,012892, WAN delay: 1,663024)
average server utilization Edge/Cloud/Mobile: 4,133017/1,675510/0,000000
average cost: 0.0$
Scenario finished at 18/09/2020 14:50:34. It took 5 Seconds
----------------------------------------------------------------------
Scenario started at 18/09/2020 14:50:34
Scenario: TWO_TIER_WITH_EO - Policy: UTILIZATION_BASED - #iteration: 27
Duration: 5.0 min (warm up period: 1.0 min) - #devices: 800
Creating tasks...Done, 
Creating device locations...Done.
SimManager is starting...Done.
.........10.........20.........30.........40.........50.........60.........70.........80.........90.........100
# of tasks (Edge/Cloud/Mobile): 26214(26214/0/0)
# of failed tasks (Edge/Cloud/Mobile): 200(200/0/0)
# of completed tasks (Edge/Cloud/Mobile): 26014(26014/0/0)
# of uncompleted tasks (Edge/Cloud/Mobile): 139(131/0/8)
# of failed tasks due to vm capacity (Edge/Cloud/Mobile): 0(0/0/0)
# of failed tasks due to Mobility/Network(WLAN/MAN/WAN): 200/0(0/0/0)
percentage of failed tasks: 0,762951%
average service time: 1,410147 seconds. (on Edge: 1,410147, on Cloud: NaN, on Mobile: NaN)
average processing time: 1,325657 seconds. (on Edge: 1,325657, on Cloud: NaN, on Mobile: NaN)
average network delay: 0,084490 seconds. (LAN delay: 0,072334, MAN delay: 0,013154, WAN delay: NaN)
average server utilization Edge/Cloud/Mobile: 11,944606/0,000000/0,000000
average cost: 0.0$
Scenario finished at 18/09/2020 14:50:39. It took 5 Seconds
----------------------------------------------------------------------
Scenario started at 18/09/2020 14:50:39
Scenario: TWO_TIER_WITH_EO - Policy: HYBRID - #iteration: 27
Duration: 5.0 min (warm up period: 1.0 min) - #devices: 800
Creating tasks...Done, 
Creating device locations...Done.
SimManager is starting...Done.
.........10.........20.........30.........40.........50.........60.........70.........80.........90.........100
# of tasks (Edge/Cloud/Mobile): 25869(25869/0/0)
# of failed tasks (Edge/Cloud/Mobile): 192(192/0/0)
# of completed tasks (Edge/Cloud/Mobile): 25677(25677/0/0)
# of uncompleted tasks (Edge/Cloud/Mobile): 164(156/0/8)
# of failed tasks due to vm capacity (Edge/Cloud/Mobile): 0(0/0/0)
# of failed tasks due to Mobility/Network(WLAN/MAN/WAN): 192/0(0/0/0)
percentage of failed tasks: 0,742201%
average service time: 1,418287 seconds. (on Edge: 1,418287, on Cloud: NaN, on Mobile: NaN)
average processing time: 1,334944 seconds. (on Edge: 1,334944, on Cloud: NaN, on Mobile: NaN)
average network delay: 0,083343 seconds. (LAN delay: 0,071220, MAN delay: 0,013140, WAN delay: NaN)
average server utilization Edge/Cloud/Mobile: 12,367711/0,000000/0,000000
average cost: 0.0$
Scenario finished at 18/09/2020 14:50:44. It took 4 Seconds
----------------------------------------------------------------------
Scenario started at 18/09/2020 14:50:44
Scenario: TWO_TIER_WITH_EO - Policy: FUZZY_BASED - #iteration: 27
Duration: 5.0 min (warm up period: 1.0 min) - #devices: 800
Creating tasks...Done, 
Creating device locations...Done.
SimManager is starting...Done.
.........10.........20.........30.........40.........50.........60.........70.........80.........90.........100
# of tasks (Edge/Cloud/Mobile): 26928(23192/3736/0)
# of failed tasks (Edge/Cloud/Mobile): 131(107/24/0)
# of completed tasks (Edge/Cloud/Mobile): 26797(23085/3712/0)
# of uncompleted tasks (Edge/Cloud/Mobile): 146(137/0/9)
# of failed tasks due to vm capacity (Edge/Cloud/Mobile): 0(0/0/0)
# of failed tasks due to Mobility/Network(WLAN/MAN/WAN): 131/0(0/0/0)
percentage of failed tasks: 0,486482%
average service time: 0,955601 seconds. (on Edge: 0,925135, on Cloud: 1,145068, on Mobile: NaN)
average processing time: 0,768603 seconds. (on Edge: 0,856535, on Cloud: 0,221751, on Mobile: NaN)
average network delay: 0,186998 seconds. (LAN delay: 0,068600, MAN delay: NaN, WAN delay: 0,923317)
average server utilization Edge/Cloud/Mobile: 4,198615/1,653061/0,000000
average cost: 0.0$
Scenario finished at 18/09/2020 14:54:28. It took 3 Minutes 43 Seconds
----------------------------------------------------------------------
Scenario started at 18/09/2020 14:54:28
Scenario: TWO_TIER_WITH_EO - Policy: DDQN - #iteration: 27
Duration: 5.0 min (warm up period: 1.0 min) - #devices: 1000
Creating tasks...Done, 
Creating device locations...Done.
SimManager is starting...Done.
.........10.........20.........30.........40.........50.........60.........70.........80.........90.........100
# of tasks (Edge/Cloud/Mobile): 33933(15879/18054/0)
# of failed tasks (Edge/Cloud/Mobile): 344(108/236/0)
# of completed tasks (Edge/Cloud/Mobile): 33589(15771/17818/0)
# of uncompleted tasks (Edge/Cloud/Mobile): 293(112/25/156)
# of failed tasks due to vm capacity (Edge/Cloud/Mobile): 0(0/0/0)
# of failed tasks due to Mobility/Network(WLAN/MAN/WAN): 344/0(0/0/0)
percentage of failed tasks: 1,013762%
average service time: 1,766075 seconds. (on Edge: 1,300274, on Cloud: 2,178364, on Mobile: NaN)
average processing time: 0,644632 seconds. (on Edge: 1,215975, on Cloud: 0,138927, on Mobile: NaN)
average network delay: 1,121444 seconds. (LAN delay: 0,072629, MAN delay: 0,012573, WAN delay: 2,039437)
average server utilization Edge/Cloud/Mobile: 4,308309/2,812245/0,000000
average cost: 0.0$
Scenario finished at 18/09/2020 14:55:11. It took 43 Seconds
----------------------------------------------------------------------
Scenario started at 18/09/2020 14:55:11
Scenario: TWO_TIER_WITH_EO - Policy: NETWORK_BASED - #iteration: 27
Duration: 5.0 min (warm up period: 1.0 min) - #devices: 1000
Creating tasks...Done, 
Creating device locations...Done.
SimManager is starting...Done.
.........10.........20.........30.........40.........50.........60.........70.........80.........90.........100
# of tasks (Edge/Cloud/Mobile): 31417(13626/17791/0)
# of failed tasks (Edge/Cloud/Mobile): 260(68/192/0)
# of completed tasks (Edge/Cloud/Mobile): 31157(13558/17599/0)
# of uncompleted tasks (Edge/Cloud/Mobile): 201(68/23/110)
# of failed tasks due to vm capacity (Edge/Cloud/Mobile): 0(0/0/0)
# of failed tasks due to Mobility/Network(WLAN/MAN/WAN): 260/0(0/0/0)
percentage of failed tasks: 0,827577%
average service time: 1,543107 seconds. (on Edge: 1,245705, on Cloud: 1,772221, on Mobile: NaN)
average processing time: 0,566214 seconds. (on Edge: 1,157771, on Cloud: 0,110488, on Mobile: NaN)
average network delay: 0,976894 seconds. (LAN delay: 0,076649, MAN delay: 0,013018, WAN delay: 1,661734)
average server utilization Edge/Cloud/Mobile: 5,490525/1,912245/0,000000
average cost: 0.0$
Scenario finished at 18/09/2020 14:55:19. It took 7 Seconds
----------------------------------------------------------------------
Scenario started at 18/09/2020 14:55:19
Scenario: TWO_TIER_WITH_EO - Policy: UTILIZATION_BASED - #iteration: 27
Duration: 5.0 min (warm up period: 1.0 min) - #devices: 1000
Creating tasks...Done, 
Creating device locations...Done.
SimManager is starting...Done.
.........10.........20.........30.........40.........50.........60.........70.........80.........90.........100
# of tasks (Edge/Cloud/Mobile): 33103(33103/0/0)
# of failed tasks (Edge/Cloud/Mobile): 274(274/0/0)
# of completed tasks (Edge/Cloud/Mobile): 32829(32829/0/0)
# of uncompleted tasks (Edge/Cloud/Mobile): 220(205/0/15)
# of failed tasks due to vm capacity (Edge/Cloud/Mobile): 0(0/0/0)
# of failed tasks due to Mobility/Network(WLAN/MAN/WAN): 274/0(0/0/0)
percentage of failed tasks: 0,827720%
average service time: 1,540436 seconds. (on Edge: 1,540436, on Cloud: NaN, on Mobile: NaN)
average processing time: 1,444376 seconds. (on Edge: 1,444376, on Cloud: NaN, on Mobile: NaN)
average network delay: 0,096060 seconds. (LAN delay: 0,083570, MAN delay: 0,013534, WAN delay: NaN)
average server utilization Edge/Cloud/Mobile: 16,165087/0,000000/0,000000
average cost: 0.0$
Scenario finished at 18/09/2020 14:55:29. It took 10 Seconds
----------------------------------------------------------------------
Scenario started at 18/09/2020 14:55:29
Scenario: TWO_TIER_WITH_EO - Policy: HYBRID - #iteration: 27
Duration: 5.0 min (warm up period: 1.0 min) - #devices: 1000
Creating tasks...Done, 
Creating device locations...Done.
SimManager is starting...Done.
.........10.........20.........30.........40.........50.........60.........70.........80.........90.........100
# of tasks (Edge/Cloud/Mobile): 32132(32132/0/0)
# of failed tasks (Edge/Cloud/Mobile): 248(248/0/0)
# of completed tasks (Edge/Cloud/Mobile): 31884(31884/0/0)
# of uncompleted tasks (Edge/Cloud/Mobile): 198(185/0/13)
# of failed tasks due to vm capacity (Edge/Cloud/Mobile): 0(0/0/0)
# of failed tasks due to Mobility/Network(WLAN/MAN/WAN): 248/0(0/0/0)
percentage of failed tasks: 0,771816%
average service time: 1,498717 seconds. (on Edge: 1,498717, on Cloud: NaN, on Mobile: NaN)
average processing time: 1,409216 seconds. (on Edge: 1,409216, on Cloud: NaN, on Mobile: NaN)
average network delay: 0,089501 seconds. (LAN delay: 0,077009, MAN delay: 0,013475, WAN delay: NaN)
average server utilization Edge/Cloud/Mobile: 15,932216/0,000000/0,000000
average cost: 0.0$
Scenario finished at 18/09/2020 14:55:39. It took 9 Seconds
----------------------------------------------------------------------
Scenario started at 18/09/2020 14:55:39
Scenario: TWO_TIER_WITH_EO - Policy: FUZZY_BASED - #iteration: 27
Duration: 5.0 min (warm up period: 1.0 min) - #devices: 1000
Creating tasks...Done, 
Creating device locations...Done.
SimManager is starting...Done.
.........10.........20.........30.........40.........50.........60.........70.........80.........90.........100
# of tasks (Edge/Cloud/Mobile): 31745(27029/4716/0)
# of failed tasks (Edge/Cloud/Mobile): 176(144/32/0)
# of completed tasks (Edge/Cloud/Mobile): 31569(26885/4684/0)
# of uncompleted tasks (Edge/Cloud/Mobile): 162(152/0/10)
# of failed tasks due to vm capacity (Edge/Cloud/Mobile): 0(0/0/0)
# of failed tasks due to Mobility/Network(WLAN/MAN/WAN): 176/0(0/0/0)
percentage of failed tasks: 0,554418%
average service time: 1,040011 seconds. (on Edge: 0,999882, on Cloud: 1,270345, on Mobile: NaN)
average processing time: 0,820236 seconds. (on Edge: 0,923893, on Cloud: 0,225273, on Mobile: NaN)
average network delay: 0,219775 seconds. (LAN delay: 0,075955, MAN delay: 0,012815, WAN delay: 1,045071)
average server utilization Edge/Cloud/Mobile: 5,466108/2,040816/0,000000
average cost: 0.0$
Scenario finished at 18/09/2020 14:59:54. It took 4 Minutes 14 Seconds
----------------------------------------------------------------------
Scenario started at 18/09/2020 14:59:54
Scenario: TWO_TIER_WITH_EO - Policy: DDQN - #iteration: 27
Duration: 5.0 min (warm up period: 1.0 min) - #devices: 1200
Creating tasks...Done, 
Creating device locations...Done.
SimManager is starting...Done.
.........10.........20.........30.........40.........50.........60.........70.........80.........90.........100
# of tasks (Edge/Cloud/Mobile): 40137(22106/18031/0)
# of failed tasks (Edge/Cloud/Mobile): 382(136/246/0)
# of completed tasks (Edge/Cloud/Mobile): 39755(21970/17785/0)
# of uncompleted tasks (Edge/Cloud/Mobile): 402(202/25/175)
# of failed tasks due to vm capacity (Edge/Cloud/Mobile): 0(0/0/0)
# of failed tasks due to Mobility/Network(WLAN/MAN/WAN): 382/0(0/0/0)
percentage of failed tasks: 0,951740%
average service time: 1,920966 seconds. (on Edge: 1,560557, on Cloud: 2,366182, on Mobile: NaN)
average processing time: 0,872360 seconds. (on Edge: 1,460996, on Cloud: 0,145211, on Mobile: NaN)
average network delay: 1,048606 seconds. (LAN delay: 0,087713, MAN delay: 0,012676, WAN delay: 2,220971)
average server utilization Edge/Cloud/Mobile: 7,696793/3,438776/0,000000
average cost: 0.0$
Scenario finished at 18/09/2020 15:00:44. It took 50 Seconds
----------------------------------------------------------------------
Scenario started at 18/09/2020 15:00:44
Scenario: TWO_TIER_WITH_EO - Policy: NETWORK_BASED - #iteration: 27
Duration: 5.0 min (warm up period: 1.0 min) - #devices: 1200
Creating tasks...Done, 
Creating device locations...Done.
SimManager is starting...Done.
.........10.........20.........30.........40.........50.........60.........70.........80.........90.........100
# of tasks (Edge/Cloud/Mobile): 40092(20917/19175/0)
# of failed tasks (Edge/Cloud/Mobile): 334(114/220/0)
# of completed tasks (Edge/Cloud/Mobile): 39758(20803/18955/0)
# of uncompleted tasks (Edge/Cloud/Mobile): 281(132/26/123)
# of failed tasks due to vm capacity (Edge/Cloud/Mobile): 0(0/0/0)
# of failed tasks due to Mobility/Network(WLAN/MAN/WAN): 334/0(0/0/0)
percentage of failed tasks: 0,833084%
average service time: 1,587968 seconds. (on Edge: 1,406396, on Cloud: 1,787242, on Mobile: NaN)
average processing time: 0,743453 seconds. (on Edge: 1,313117, on Cloud: 0,118250, on Mobile: NaN)
average network delay: 0,844515 seconds. (LAN delay: 0,081080, MAN delay: 0,013442, WAN delay: 1,668992)
average server utilization Edge/Cloud/Mobile: 9,844388/2,308163/0,000000
average cost: 0.0$
Scenario finished at 18/09/2020 15:00:59. It took 14 Seconds
----------------------------------------------------------------------
Scenario started at 18/09/2020 15:00:59
Scenario: TWO_TIER_WITH_EO - Policy: UTILIZATION_BASED - #iteration: 27
Duration: 5.0 min (warm up period: 1.0 min) - #devices: 1200
Creating tasks...Done, 
Creating device locations...Done.
SimManager is starting...Done.
.........10.........20.........30.........40.........50.........60.........70.........80.........90.........100
# of tasks (Edge/Cloud/Mobile): 41326(41326/0/0)
# of failed tasks (Edge/Cloud/Mobile): 428(428/0/0)
# of completed tasks (Edge/Cloud/Mobile): 40898(40898/0/0)
# of uncompleted tasks (Edge/Cloud/Mobile): 307(287/0/20)
# of failed tasks due to vm capacity (Edge/Cloud/Mobile): 0(0/0/0)
# of failed tasks due to Mobility/Network(WLAN/MAN/WAN): 428/0(0/0/0)
percentage of failed tasks: 1,035668%
average service time: 1,953498 seconds. (on Edge: 1,953498, on Cloud: NaN, on Mobile: NaN)
average processing time: 1,847720 seconds. (on Edge: 1,847720, on Cloud: NaN, on Mobile: NaN)
average network delay: 0,105778 seconds. (LAN delay: 0,092635, MAN delay: 0,014178, WAN delay: NaN)
average server utilization Edge/Cloud/Mobile: 25,716472/0,000000/0,000000
average cost: 0.0$
Scenario finished at 18/09/2020 15:01:15. It took 16 Seconds
----------------------------------------------------------------------
Scenario started at 18/09/2020 15:01:15
Scenario: TWO_TIER_WITH_EO - Policy: HYBRID - #iteration: 27
Duration: 5.0 min (warm up period: 1.0 min) - #devices: 1200
Creating tasks...Done, 
Creating device locations...Done.
SimManager is starting...Done.
.........10.........20.........30.........40.........50.........60.........70.........80.........90.........100
# of tasks (Edge/Cloud/Mobile): 39713(39713/0/0)
# of failed tasks (Edge/Cloud/Mobile): 404(404/0/0)
# of completed tasks (Edge/Cloud/Mobile): 39309(39309/0/0)
# of uncompleted tasks (Edge/Cloud/Mobile): 272(263/0/9)
# of failed tasks due to vm capacity (Edge/Cloud/Mobile): 0(0/0/0)
# of failed tasks due to Mobility/Network(WLAN/MAN/WAN): 404/0(0/0/0)
percentage of failed tasks: 1,017299%
average service time: 1,922803 seconds. (on Edge: 1,922803, on Cloud: NaN, on Mobile: NaN)
average processing time: 1,816376 seconds. (on Edge: 1,816376, on Cloud: NaN, on Mobile: NaN)
average network delay: 0,106428 seconds. (LAN delay: 0,093419, MAN delay: 0,014055, WAN delay: NaN)
average server utilization Edge/Cloud/Mobile: 24,749271/0,000000/0,000000
average cost: 0.0$
Scenario finished at 18/09/2020 15:01:32. It took 16 Seconds
----------------------------------------------------------------------
Scenario started at 18/09/2020 15:01:32
Scenario: TWO_TIER_WITH_EO - Policy: FUZZY_BASED - #iteration: 27
Duration: 5.0 min (warm up period: 1.0 min) - #devices: 1200
Creating tasks...Done, 
Creating device locations...Done.
SimManager is starting...Done.
.........10.........20.........30.........40.........50.........60.........70.........80.........90.........100
# of tasks (Edge/Cloud/Mobile): 37660(32110/5550/0)
# of failed tasks (Edge/Cloud/Mobile): 207(179/28/0)
# of completed tasks (Edge/Cloud/Mobile): 37453(31931/5522/0)
# of uncompleted tasks (Edge/Cloud/Mobile): 232(210/0/22)
# of failed tasks due to vm capacity (Edge/Cloud/Mobile): 0(0/0/0)
# of failed tasks due to Mobility/Network(WLAN/MAN/WAN): 207/0(0/0/0)
percentage of failed tasks: 0,549655%
average service time: 1,144049 seconds. (on Edge: 1,111895, on Cloud: 1,329983, on Mobile: NaN)
average processing time: 0,911540 seconds. (on Edge: 1,029587, on Cloud: 0,228930, on Mobile: NaN)
average network delay: 0,232509 seconds. (LAN delay: 0,082094, MAN delay: 0,012911, WAN delay: 1,101053)
average server utilization Edge/Cloud/Mobile: 7,219752/2,591837/0,000000
average cost: 0.0$
Scenario finished at 18/09/2020 15:06:30. It took 4 Minutes 58 Seconds
----------------------------------------------------------------------
Scenario started at 18/09/2020 15:06:30
Scenario: TWO_TIER_WITH_EO - Policy: DDQN - #iteration: 27
Duration: 5.0 min (warm up period: 1.0 min) - #devices: 1400
Creating tasks...Done, 
Creating device locations...Done.
SimManager is starting...Done.
.........10.........20.........30.........40.........50.........60.........70.........80.........90.........100
# of tasks (Edge/Cloud/Mobile): 45427(27014/18413/0)
# of failed tasks (Edge/Cloud/Mobile): 467(202/265/0)
# of completed tasks (Edge/Cloud/Mobile): 44960(26812/18148/0)
# of uncompleted tasks (Edge/Cloud/Mobile): 548(333/15/200)
# of failed tasks due to vm capacity (Edge/Cloud/Mobile): 0(0/0/0)
# of failed tasks due to Mobility/Network(WLAN/MAN/WAN): 467/0(0/0/0)
percentage of failed tasks: 1,028023%
average service time: 1,991348 seconds. (on Edge: 1,655347, on Cloud: 2,487760, on Mobile: NaN)
average processing time: 0,989884 seconds. (on Edge: 1,555004, on Cloud: 0,154972, on Mobile: NaN)
average network delay: 1,001464 seconds. (LAN delay: 0,088459, MAN delay: 0,012755, WAN delay: 2,332788)
average server utilization Edge/Cloud/Mobile: 9,729956/3,628571/0,000000
average cost: 0.0$
Scenario finished at 18/09/2020 15:07:33. It took 1 Minute 2 Seconds
----------------------------------------------------------------------
Scenario started at 18/09/2020 15:07:33
Scenario: TWO_TIER_WITH_EO - Policy: NETWORK_BASED - #iteration: 27
Duration: 5.0 min (warm up period: 1.0 min) - #devices: 1400
Creating tasks...Done, 
Creating device locations...Done.
SimManager is starting...Done.
.........10.........20.........30.........40.........50.........60.........70.........80.........90.........100
# of tasks (Edge/Cloud/Mobile): 45252(25726/19526/0)
# of failed tasks (Edge/Cloud/Mobile): 400(164/236/0)
# of completed tasks (Edge/Cloud/Mobile): 44852(25562/19290/0)
# of uncompleted tasks (Edge/Cloud/Mobile): 339(179/30/130)
# of failed tasks due to vm capacity (Edge/Cloud/Mobile): 0(0/0/0)
# of failed tasks due to Mobility/Network(WLAN/MAN/WAN): 400/0(0/0/0)
percentage of failed tasks: 0,883939%
average service time: 1,593679 seconds. (on Edge: 1,440970, on Cloud: 1,796040, on Mobile: NaN)
average processing time: 0,814090 seconds. (on Edge: 1,341242, on Cloud: 0,115539, on Mobile: NaN)
average network delay: 0,779589 seconds. (LAN delay: 0,087032, MAN delay: 0,013869, WAN delay: 1,680501)
average server utilization Edge/Cloud/Mobile: 12,004373/2,119388/0,000000
average cost: 0.0$
Scenario finished at 18/09/2020 15:07:52. It took 19 Seconds
----------------------------------------------------------------------
Scenario started at 18/09/2020 15:07:52
Scenario: TWO_TIER_WITH_EO - Policy: UTILIZATION_BASED - #iteration: 27
Duration: 5.0 min (warm up period: 1.0 min) - #devices: 1400
Creating tasks...Done, 
Creating device locations...Done.
SimManager is starting...Done.
.........10.........20.........30.........40.........50.........60.........70.........80.........90.........100
# of tasks (Edge/Cloud/Mobile): 44832(44491/341/0)
# of failed tasks (Edge/Cloud/Mobile): 640(637/3/0)
# of completed tasks (Edge/Cloud/Mobile): 44192(43854/338/0)
# of uncompleted tasks (Edge/Cloud/Mobile): 610(585/0/25)
# of failed tasks due to vm capacity (Edge/Cloud/Mobile): 0(0/0/0)
# of failed tasks due to Mobility/Network(WLAN/MAN/WAN): 638/2(0/0/2)
percentage of failed tasks: 1,427552%
average service time: 2,527933 seconds. (on Edge: 2,536720, on Cloud: 1,387918, on Mobile: NaN)
average processing time: 2,406777 seconds. (on Edge: 2,424583, on Cloud: 0,096597, on Mobile: NaN)
average network delay: 0,121156 seconds. (LAN delay: 0,098581, MAN delay: 0,014607, WAN delay: 1,291321)
average server utilization Edge/Cloud/Mobile: 36,898688/0,067347/0,000000
average cost: 0.0$
Scenario finished at 18/09/2020 15:08:12. It took 20 Seconds
----------------------------------------------------------------------
Scenario started at 18/09/2020 15:08:12
Scenario: TWO_TIER_WITH_EO - Policy: HYBRID - #iteration: 27
Duration: 5.0 min (warm up period: 1.0 min) - #devices: 1400
Creating tasks...Done, 
Creating device locations...Done.
SimManager is starting...Done.
.........10.........20.........30.........40.........50.........60.........70.........80.........90.........100
# of tasks (Edge/Cloud/Mobile): 47689(47250/439/0)
# of failed tasks (Edge/Cloud/Mobile): 711(710/1/0)
# of completed tasks (Edge/Cloud/Mobile): 46978(46540/438/0)
# of uncompleted tasks (Edge/Cloud/Mobile): 910(886/0/24)
# of failed tasks due to vm capacity (Edge/Cloud/Mobile): 0(0/0/0)
# of failed tasks due to Mobility/Network(WLAN/MAN/WAN): 711/0(0/0/0)
percentage of failed tasks: 1,490910%
average service time: 2,847054 seconds. (on Edge: 2,860513, on Cloud: 1,416897, on Mobile: NaN)
average processing time: 2,714721 seconds. (on Edge: 2,739230, on Cloud: 0,110591, on Mobile: NaN)
average network delay: 0,132332 seconds. (LAN delay: 0,107392, MAN delay: 0,014967, WAN delay: 1,306306)
average server utilization Edge/Cloud/Mobile: 42,198615/0,079592/0,000000
average cost: 0.0$
Scenario finished at 18/09/2020 15:08:42. It took 29 Seconds
----------------------------------------------------------------------
Scenario started at 18/09/2020 15:08:42
Scenario: TWO_TIER_WITH_EO - Policy: FUZZY_BASED - #iteration: 27
Duration: 5.0 min (warm up period: 1.0 min) - #devices: 1400
Creating tasks...Done, 
Creating device locations...Done.
SimManager is starting...Done.
.........10.........20.........30.........40.........50.........60.........70.........80.........90.........100
# of tasks (Edge/Cloud/Mobile): 46420(40636/5784/0)
# of failed tasks (Edge/Cloud/Mobile): 308(269/39/0)
# of completed tasks (Edge/Cloud/Mobile): 46112(40367/5745/0)
# of uncompleted tasks (Edge/Cloud/Mobile): 293(263/4/26)
# of failed tasks due to vm capacity (Edge/Cloud/Mobile): 0(0/0/0)
# of failed tasks due to Mobility/Network(WLAN/MAN/WAN): 308/0(0/0/0)
percentage of failed tasks: 0,663507%
average service time: 1,254622 seconds. (on Edge: 1,235284, on Cloud: 1,390505, on Mobile: NaN)
average processing time: 1,023415 seconds. (on Edge: 1,137139, on Cloud: 0,224341, on Mobile: NaN)
average network delay: 0,231207 seconds. (LAN delay: 0,097683, MAN delay: 0,013267, WAN delay: 1,166165)
average server utilization Edge/Cloud/Mobile: 10,210277/2,795918/0,000000
average cost: 0.0$
Scenario finished at 18/09/2020 15:15:14. It took 6 Minutes 31 Seconds
----------------------------------------------------------------------
Scenario started at 18/09/2020 15:15:14
Scenario: TWO_TIER_WITH_EO - Policy: DDQN - #iteration: 27
Duration: 5.0 min (warm up period: 1.0 min) - #devices: 1600
Creating tasks...Done, 
Creating device locations...Done.
SimManager is starting...Done.
.........10.........20.........30.........40.........50.........60.........70.........80.........90.........100
# of tasks (Edge/Cloud/Mobile): 53706(36063/17643/0)
# of failed tasks (Edge/Cloud/Mobile): 698(411/287/0)
# of completed tasks (Edge/Cloud/Mobile): 53008(35652/17356/0)
# of uncompleted tasks (Edge/Cloud/Mobile): 671(443/13/215)
# of failed tasks due to vm capacity (Edge/Cloud/Mobile): 56(56/0/0)
# of failed tasks due to Mobility/Network(WLAN/MAN/WAN): 642/0(0/0/0)
percentage of failed tasks: 1,299669%
average service time: 2,337004 seconds. (on Edge: 2,131763, on Cloud: 2,758603, on Mobile: NaN)
average processing time: 1,409979 seconds. (on Edge: 2,021280, on Cloud: 0,154267, on Mobile: NaN)
average network delay: 0,927026 seconds. (LAN delay: 0,098445, MAN delay: 0,012926, WAN delay: 2,604336)
average server utilization Edge/Cloud/Mobile: 18,275510/3,953061/0,000000
average cost: 0.0$
Scenario finished at 18/09/2020 15:16:51. It took 1 Minute 37 Seconds
----------------------------------------------------------------------
Scenario started at 18/09/2020 15:16:51
Scenario: TWO_TIER_WITH_EO - Policy: NETWORK_BASED - #iteration: 27
Duration: 5.0 min (warm up period: 1.0 min) - #devices: 1600
Creating tasks...Done, 
Creating device locations...Done.
SimManager is starting...Done.
.........10.........20.........30.........40.........50.........60.........70.........80.........90.........100
# of tasks (Edge/Cloud/Mobile): 56257(36387/19870/0)
# of failed tasks (Edge/Cloud/Mobile): 542(326/216/0)
# of completed tasks (Edge/Cloud/Mobile): 55715(36061/19654/0)
# of uncompleted tasks (Edge/Cloud/Mobile): 480(315/31/134)
# of failed tasks due to vm capacity (Edge/Cloud/Mobile): 0(0/0/0)
# of failed tasks due to Mobility/Network(WLAN/MAN/WAN): 542/0(0/0/0)
percentage of failed tasks: 0,963436%
average service time: 1,850627 seconds. (on Edge: 1,864098, on Cloud: 1,825910, on Mobile: NaN)
average processing time: 1,169452 seconds. (on Edge: 1,743770, on Cloud: 0,115700, on Mobile: NaN)
average network delay: 0,681174 seconds. (LAN delay: 0,106385, MAN delay: 0,015065, WAN delay: 1,710210)
average server utilization Edge/Cloud/Mobile: 21,863703/2,038776/0,000000
average cost: 0.0$
Scenario finished at 18/09/2020 15:17:22. It took 31 Seconds
----------------------------------------------------------------------
Scenario started at 18/09/2020 15:17:22
Scenario: TWO_TIER_WITH_EO - Policy: UTILIZATION_BASED - #iteration: 27
Duration: 5.0 min (warm up period: 1.0 min) - #devices: 1600
Creating tasks...Done, 
Creating device locations...Done.
SimManager is starting...Done.
.........10.........20.........30.........40.........50.........60.........70.........80.........90.........100
# of tasks (Edge/Cloud/Mobile): 53164(50631/2533/0)
# of failed tasks (Edge/Cloud/Mobile): 1599(887/712/0)
# of completed tasks (Edge/Cloud/Mobile): 51565(49744/1821/0)
# of uncompleted tasks (Edge/Cloud/Mobile): 1107(1085/0/22)
# of failed tasks due to vm capacity (Edge/Cloud/Mobile): 0(0/0/0)
# of failed tasks due to Mobility/Network(WLAN/MAN/WAN): 909/690(0/0/690)
percentage of failed tasks: 3,007674%
average service time: 3,602766 seconds. (on Edge: 3,645749, on Cloud: 2,428613, on Mobile: NaN)
average processing time: 3,401632 seconds. (on Edge: 3,521895, on Cloud: 0,116421, on Mobile: NaN)
average network delay: 0,201134 seconds. (LAN delay: 0,108657, MAN delay: 0,016373, WAN delay: 2,312192)
average server utilization Edge/Cloud/Mobile: 55,971939/0,213265/0,000000
average cost: 0.0$
Scenario finished at 18/09/2020 15:18:00. It took 37 Seconds
----------------------------------------------------------------------
Scenario started at 18/09/2020 15:18:00
Scenario: TWO_TIER_WITH_EO - Policy: HYBRID - #iteration: 27
Duration: 5.0 min (warm up period: 1.0 min) - #devices: 1600
Creating tasks...Done, 
Creating device locations...Done.
SimManager is starting...Done.
.........10.........20.........30.........40.........50.........60.........70.........80.........90.........100
# of tasks (Edge/Cloud/Mobile): 51538(49532/2006/0)
# of failed tasks (Edge/Cloud/Mobile): 918(900/18/0)
# of completed tasks (Edge/Cloud/Mobile): 50620(48632/1988/0)
# of uncompleted tasks (Edge/Cloud/Mobile): 1090(1055/0/35)
# of failed tasks due to vm capacity (Edge/Cloud/Mobile): 0(0/0/0)
# of failed tasks due to Mobility/Network(WLAN/MAN/WAN): 918/0(0/0/0)
percentage of failed tasks: 1,781210%
average service time: 3,464723 seconds. (on Edge: 3,543184, on Cloud: 1,545340, on Mobile: NaN)
average processing time: 3,282418 seconds. (on Edge: 3,411822, on Cloud: 0,116844, on Mobile: NaN)
average network delay: 0,182304 seconds. (LAN delay: 0,116718, MAN delay: 0,015737, WAN delay: 1,428497)
average server utilization Edge/Cloud/Mobile: 54,971210/0,214286/0,000000
average cost: 0.0$
Scenario finished at 18/09/2020 15:18:45. It took 45 Seconds
----------------------------------------------------------------------
Scenario started at 18/09/2020 15:18:45
Scenario: TWO_TIER_WITH_EO - Policy: FUZZY_BASED - #iteration: 27
Duration: 5.0 min (warm up period: 1.0 min) - #devices: 1600
Creating tasks...Done, 
Creating device locations...Done.
SimManager is starting...Done.
.........10.........20.........30.........40.........50.........60.........70.........80.........90.........100
# of tasks (Edge/Cloud/Mobile): 53502(47151/6351/0)
# of failed tasks (Edge/Cloud/Mobile): 371(329/42/0)
# of completed tasks (Edge/Cloud/Mobile): 53131(46822/6309/0)
# of uncompleted tasks (Edge/Cloud/Mobile): 507(485/1/21)
# of failed tasks due to vm capacity (Edge/Cloud/Mobile): 0(0/0/0)
# of failed tasks due to Mobility/Network(WLAN/MAN/WAN): 371/0(0/0/0)
percentage of failed tasks: 0,693432%
average service time: 1,552065 seconds. (on Edge: 1,574084, on Cloud: 1,388653, on Mobile: NaN)
average processing time: 1,315083 seconds. (on Edge: 1,459624, on Cloud: 0,242375, on Mobile: NaN)
average network delay: 0,236982 seconds. (LAN delay: 0,112817, MAN delay: 0,013682, WAN delay: 1,146278)
average server utilization Edge/Cloud/Mobile: 16,232507/3,183673/0,000000
average cost: 0.0$
Scenario finished at 18/09/2020 15:26:17. It took 7 Minutes 31 Seconds
----------------------------------------------------------------------
Scenario started at 18/09/2020 15:26:17
Scenario: TWO_TIER_WITH_EO - Policy: DDQN - #iteration: 27
Duration: 5.0 min (warm up period: 1.0 min) - #devices: 1800
Creating tasks...Done, 
Creating device locations...Done.
SimManager is starting...Done.
.........10.........20.........30.........40.........50.........60.........70.........80.........90.........100
# of tasks (Edge/Cloud/Mobile): 56856(39331/17525/0)
# of failed tasks (Edge/Cloud/Mobile): 887(554/333/0)
# of completed tasks (Edge/Cloud/Mobile): 55969(38777/17192/0)
# of uncompleted tasks (Edge/Cloud/Mobile): 817(570/20/227)
# of failed tasks due to vm capacity (Edge/Cloud/Mobile): 89(89/0/0)
# of failed tasks due to Mobility/Network(WLAN/MAN/WAN): 798/0(0/0/0)
percentage of failed tasks: 1,560082%
average service time: 2,478472 seconds. (on Edge: 2,322489, on Cloud: 2,830294, on Mobile: NaN)
average processing time: 1,576985 seconds. (on Edge: 2,201770, on Cloud: 0,167765, on Mobile: NaN)
average network delay: 0,901487 seconds. (LAN delay: 0,108553, MAN delay: 0,013000, WAN delay: 2,662528)
average server utilization Edge/Cloud/Mobile: 22,293003/4,497959/0,000000
average cost: 0.0$
Scenario finished at 18/09/2020 15:27:46. It took 1 Minute 29 Seconds
----------------------------------------------------------------------
Scenario started at 18/09/2020 15:27:46
Scenario: TWO_TIER_WITH_EO - Policy: NETWORK_BASED - #iteration: 27
Duration: 5.0 min (warm up period: 1.0 min) - #devices: 1800
Creating tasks...Done, 
Creating device locations...Done.
SimManager is starting...Done.
.........10.........20.........30.........40.........50.........60.........70.........80.........90.........100
# of tasks (Edge/Cloud/Mobile): 60579(40453/20126/0)
# of failed tasks (Edge/Cloud/Mobile): 537(339/198/0)
# of completed tasks (Edge/Cloud/Mobile): 60042(40114/19928/0)
# of uncompleted tasks (Edge/Cloud/Mobile): 515(339/33/143)
# of failed tasks due to vm capacity (Edge/Cloud/Mobile): 0(0/0/0)
# of failed tasks due to Mobility/Network(WLAN/MAN/WAN): 537/0(0/0/0)
percentage of failed tasks: 0,886446%
average service time: 2,016893 seconds. (on Edge: 2,114954, on Cloud: 1,819502, on Mobile: NaN)
average processing time: 1,365947 seconds. (on Edge: 1,987372, on Cloud: 0,115053, on Mobile: NaN)
average network delay: 0,650946 seconds. (LAN delay: 0,112393, MAN delay: 0,016399, WAN delay: 1,704448)
average server utilization Edge/Cloud/Mobile: 22,956997/2,287755/0,000000
average cost: 0.0$
Scenario finished at 18/09/2020 15:28:31. It took 45 Seconds
----------------------------------------------------------------------
Scenario started at 18/09/2020 15:28:31
Scenario: TWO_TIER_WITH_EO - Policy: UTILIZATION_BASED - #iteration: 27
Duration: 5.0 min (warm up period: 1.0 min) - #devices: 1800
Creating tasks...Done, 
Creating device locations...Done.
SimManager is starting...Done.
.........10.........20.........30.........40.........50.........60.........70.........80.........90.........100
# of tasks (Edge/Cloud/Mobile): 61514(52382/9132/0)
# of failed tasks (Edge/Cloud/Mobile): 6909(2687/4222/0)
# of completed tasks (Edge/Cloud/Mobile): 54605(49695/4910/0)
# of uncompleted tasks (Edge/Cloud/Mobile): 1387(1252/11/124)
# of failed tasks due to vm capacity (Edge/Cloud/Mobile): 0(0/0/0)
# of failed tasks due to Mobility/Network(WLAN/MAN/WAN): 1145/5764(2/1641/4121)
percentage of failed tasks: 11,231590%
average service time: 3,969388 seconds. (on Edge: 3,973321, on Cloud: 3,929582, on Mobile: NaN)
average processing time: 3,499782 seconds. (on Edge: 3,834227, on Cloud: 0,114807, on Mobile: NaN)
average network delay: 0,469606 seconds. (LAN delay: 0,120703, MAN delay: 0,019899, WAN delay: 3,814776)
average server utilization Edge/Cloud/Mobile: 61,842201/0,738776/0,000000
average cost: 0.0$
Scenario finished at 18/09/2020 15:29:12. It took 40 Seconds
----------------------------------------------------------------------
Scenario started at 18/09/2020 15:29:12
Scenario: TWO_TIER_WITH_EO - Policy: HYBRID - #iteration: 27
Duration: 5.0 min (warm up period: 1.0 min) - #devices: 1800
Creating tasks...Done, 
Creating device locations...Done.
SimManager is starting...Done.
.........10.........20.........30.........40.........50.........60.........70.........80.........90.........100
# of tasks (Edge/Cloud/Mobile): 59745(54102/5643/0)
# of failed tasks (Edge/Cloud/Mobile): 5758(5701/57/0)
# of completed tasks (Edge/Cloud/Mobile): 53987(48401/5586/0)
# of uncompleted tasks (Edge/Cloud/Mobile): 1222(1176/1/45)
# of failed tasks due to vm capacity (Edge/Cloud/Mobile): 22(22/0/0)
# of failed tasks due to Mobility/Network(WLAN/MAN/WAN): 966/4770(11/4759/0)
percentage of failed tasks: 9,637627%
average service time: 3,494176 seconds. (on Edge: 3,702361, on Cloud: 1,690317, on Mobile: NaN)
average processing time: 3,212036 seconds. (on Edge: 3,568739, on Cloud: 0,121309, on Mobile: NaN)
average network delay: 0,282140 seconds. (LAN delay: 0,116547, MAN delay: 0,018532, WAN delay: 1,569008)
average server utilization Edge/Cloud/Mobile: 54,528061/0,622449/0,000000
average cost: 0.0$
Scenario finished at 18/09/2020 15:30:02. It took 49 Seconds
----------------------------------------------------------------------
Scenario started at 18/09/2020 15:30:02
Scenario: TWO_TIER_WITH_EO - Policy: FUZZY_BASED - #iteration: 27
Duration: 5.0 min (warm up period: 1.0 min) - #devices: 1800
Creating tasks...Done, 
Creating device locations...Done.
SimManager is starting...Done.
.........10.........20.........30.........40.........50.........60.........70.........80.........90.........100
# of tasks (Edge/Cloud/Mobile): 59698(52612/7086/0)
# of failed tasks (Edge/Cloud/Mobile): 544(496/48/0)
# of completed tasks (Edge/Cloud/Mobile): 59154(52116/7038/0)
# of uncompleted tasks (Edge/Cloud/Mobile): 807(750/3/54)
# of failed tasks due to vm capacity (Edge/Cloud/Mobile): 0(0/0/0)
# of failed tasks due to Mobility/Network(WLAN/MAN/WAN): 544/0(0/0/0)
percentage of failed tasks: 0,911253%
average service time: 1,804660 seconds. (on Edge: 1,850848, on Cloud: 1,462637, on Mobile: NaN)
average processing time: 1,547422 seconds. (on Edge: 1,724825, on Cloud: 0,233764, on Mobile: NaN)
average network delay: 0,257237 seconds. (LAN delay: 0,123720, MAN delay: 0,013815, WAN delay: 1,228874)
average server utilization Edge/Cloud/Mobile: 20,600219/3,245918/0,000000
average cost: 0.0$
Scenario finished at 18/09/2020 15:38:30. It took 8 Minutes 28 Seconds
----------------------------------------------------------------------
Scenario started at 18/09/2020 15:38:30
Scenario: TWO_TIER_WITH_EO - Policy: DDQN - #iteration: 27
Duration: 5.0 min (warm up period: 1.0 min) - #devices: 2000
Creating tasks...Done, 
Creating device locations...Done.
SimManager is starting...Done.
.........10.........20.........30.........40.........50.........60.........70.........80.........90.........100
# of tasks (Edge/Cloud/Mobile): 67605(52963/14642/0)
# of failed tasks (Edge/Cloud/Mobile): 2144(1779/365/0)
# of completed tasks (Edge/Cloud/Mobile): 65461(51184/14277/0)
# of uncompleted tasks (Edge/Cloud/Mobile): 1041(824/20/197)
# of failed tasks due to vm capacity (Edge/Cloud/Mobile): 969(969/0/0)
# of failed tasks due to Mobility/Network(WLAN/MAN/WAN): 1125/50(0/0/50)
percentage of failed tasks: 3,171363%
average service time: 3,339292 seconds. (on Edge: 3,262399, on Cloud: 3,614959, on Mobile: NaN)
average processing time: 2,470549 seconds. (on Edge: 3,112008, on Cloud: 0,170876, on Mobile: NaN)
average network delay: 0,868743 seconds. (LAN delay: 0,138031, MAN delay: 0,013265, WAN delay: 3,444084)
average server utilization Edge/Cloud/Mobile: 40,028061/3,697959/0,000000
average cost: 0.0$
Scenario finished at 18/09/2020 15:40:39. It took 2 Minutes 9 Seconds
----------------------------------------------------------------------
Scenario started at 18/09/2020 15:40:39
Scenario: TWO_TIER_WITH_EO - Policy: NETWORK_BASED - #iteration: 27
Duration: 5.0 min (warm up period: 1.0 min) - #devices: 2000
Creating tasks...Done, 
Creating device locations...Done.
SimManager is starting...Done.
.........10.........20.........30.........40.........50.........60.........70.........80.........90.........100
# of tasks (Edge/Cloud/Mobile): 67161(46947/20214/0)
# of failed tasks (Edge/Cloud/Mobile): 4774(4529/245/0)
# of completed tasks (Edge/Cloud/Mobile): 62387(42418/19969/0)
# of uncompleted tasks (Edge/Cloud/Mobile): 1147(964/27/156)
# of failed tasks due to vm capacity (Edge/Cloud/Mobile): 5(5/0/0)
# of failed tasks due to Mobility/Network(WLAN/MAN/WAN): 791/3978(1/3977/0)
percentage of failed tasks: 7,108292%
average service time: 2,476090 seconds. (on Edge: 2,780634, on Cloud: 1,829181, on Mobile: NaN)
average processing time: 1,828717 seconds. (on Edge: 2,636560, on Cloud: 0,112703, on Mobile: NaN)
average network delay: 0,647373 seconds. (LAN delay: 0,126393, MAN delay: 0,019230, WAN delay: 1,716478)
average server utilization Edge/Cloud/Mobile: 32,431122/2,101020/0,000000
average cost: 0.0$
Scenario finished at 18/09/2020 15:41:40. It took 1 Minute 0 Seconds
----------------------------------------------------------------------
Scenario started at 18/09/2020 15:41:40
Scenario: TWO_TIER_WITH_EO - Policy: UTILIZATION_BASED - #iteration: 27
Duration: 5.0 min (warm up period: 1.0 min) - #devices: 2000
Creating tasks...Done, 
Creating device locations...Done.
SimManager is starting...Done.
.........10.........20.........30.........40.........50.........60.........70.........80.........90.........100
# of tasks (Edge/Cloud/Mobile): 65738(55816/9922/0)
# of failed tasks (Edge/Cloud/Mobile): 14296(9052/5244/0)
# of completed tasks (Edge/Cloud/Mobile): 51442(46764/4678/0)
# of uncompleted tasks (Edge/Cloud/Mobile): 1333(1195/15/123)
# of failed tasks due to vm capacity (Edge/Cloud/Mobile): 0(0/0/0)
# of failed tasks due to Mobility/Network(WLAN/MAN/WAN): 1044/13252(11/8093/5148)
percentage of failed tasks: 21,746935%
average service time: 3,878508 seconds. (on Edge: 3,868952, on Cloud: 3,974031, on Mobile: NaN)
average processing time: 3,331743 seconds. (on Edge: 3,653162, on Cloud: 0,118651, on Mobile: NaN)
average network delay: 0,546765 seconds. (LAN delay: 0,121461, MAN delay: 0,103184, WAN delay: 3,855379)
average server utilization Edge/Cloud/Mobile: 55,751822/0,815306/0,000000
average cost: 0.0$
Scenario finished at 18/09/2020 15:42:32. It took 52 Seconds
----------------------------------------------------------------------
Scenario started at 18/09/2020 15:42:32
Scenario: TWO_TIER_WITH_EO - Policy: HYBRID - #iteration: 27
Duration: 5.0 min (warm up period: 1.0 min) - #devices: 2000
Creating tasks...Done, 
Creating device locations...Done.
SimManager is starting...Done.
.........10.........20.........30.........40.........50.........60.........70.........80.........90.........100
# of tasks (Edge/Cloud/Mobile): 62924(56059/6865/0)
# of failed tasks (Edge/Cloud/Mobile): 9376(9304/72/0)
# of completed tasks (Edge/Cloud/Mobile): 53548(46755/6793/0)
# of uncompleted tasks (Edge/Cloud/Mobile): 1321(1245/8/68)
# of failed tasks due to vm capacity (Edge/Cloud/Mobile): 49(49/0/0)
# of failed tasks due to Mobility/Network(WLAN/MAN/WAN): 1008/8319(9/8310/0)
percentage of failed tasks: 14,900515%
average service time: 3,676196 seconds. (on Edge: 3,960075, on Cloud: 1,722303, on Mobile: NaN)
average processing time: 3,346980 seconds. (on Edge: 3,814624, on Cloud: 0,128275, on Mobile: NaN)
average network delay: 0,329215 seconds. (LAN delay: 0,123814, MAN delay: 0,023709, WAN delay: 1,594028)
average server utilization Edge/Cloud/Mobile: 59,445700/0,911224/0,000000
average cost: 0.0$
Scenario finished at 18/09/2020 15:43:40. It took 1 Minute 7 Seconds
----------------------------------------------------------------------
Scenario started at 18/09/2020 15:43:40
Scenario: TWO_TIER_WITH_EO - Policy: FUZZY_BASED - #iteration: 27
Duration: 5.0 min (warm up period: 1.0 min) - #devices: 2000
Creating tasks...Done, 
Creating device locations...Done.
SimManager is starting...Done.
.........10.........20.........30.........40.........50.........60.........70.........80.........90.........100
# of tasks (Edge/Cloud/Mobile): 64327(55963/8364/0)
# of failed tasks (Edge/Cloud/Mobile): 898(802/96/0)
# of completed tasks (Edge/Cloud/Mobile): 63429(55161/8268/0)
# of uncompleted tasks (Edge/Cloud/Mobile): 1224(1149/10/65)
# of failed tasks due to vm capacity (Edge/Cloud/Mobile): 73(73/0/0)
# of failed tasks due to Mobility/Network(WLAN/MAN/WAN): 801/24(5/0/19)
percentage of failed tasks: 1,395992%
average service time: 2,716474 seconds. (on Edge: 2,849608, on Cloud: 1,828255, on Mobile: NaN)
average processing time: 2,390169 seconds. (on Edge: 2,715945, on Cloud: 0,216713, on Mobile: NaN)
average network delay: 0,326306 seconds. (LAN delay: 0,128685, MAN delay: 0,014589, WAN delay: 1,611542)
average server utilization Edge/Cloud/Mobile: 37,075802/3,063265/0,000000
average cost: 0.0$
Scenario finished at 18/09/2020 15:53:10. It took 9 Minutes 30 Seconds
----------------------------------------------------------------------
Scenario started at 18/09/2020 15:53:10
Scenario: TWO_TIER_WITH_EO - Policy: DDQN - #iteration: 27
Duration: 5.0 min (warm up period: 1.0 min) - #devices: 2200
Creating tasks...Done, 
Creating device locations...Done.
SimManager is starting...Done.
.........10.........20.........30.........40.........50.........60.........70.........80.........90.........100
# of tasks (Edge/Cloud/Mobile): 75576(64227/11349/0)
# of failed tasks (Edge/Cloud/Mobile): 8146(7365/781/0)
# of completed tasks (Edge/Cloud/Mobile): 67430(56862/10568/0)
# of uncompleted tasks (Edge/Cloud/Mobile): 1507(1238/19/250)
# of failed tasks due to vm capacity (Edge/Cloud/Mobile): 5925(5925/0/0)
# of failed tasks due to Mobility/Network(WLAN/MAN/WAN): 1783/438(0/0/438)
percentage of failed tasks: 10,778554%
average service time: 4,961082 seconds. (on Edge: 4,902557, on Cloud: 5,275985, on Mobile: NaN)
average processing time: 4,028477 seconds. (on Edge: 4,744315, on Cloud: 0,176852, on Mobile: NaN)
average network delay: 0,932606 seconds. (LAN delay: 0,145704, MAN delay: 0,013434, WAN delay: 5,099133)
average server utilization Edge/Cloud/Mobile: 64,563411/3,731633/0,000000
average cost: 0.0$
Scenario finished at 18/09/2020 15:55:45. It took 2 Minutes 35 Seconds
----------------------------------------------------------------------
Scenario started at 18/09/2020 15:55:45
Scenario: TWO_TIER_WITH_EO - Policy: NETWORK_BASED - #iteration: 27
Duration: 5.0 min (warm up period: 1.0 min) - #devices: 2200
Creating tasks...Done, 
Creating device locations...Done.
SimManager is starting...Done.
.........10.........20.........30.........40.........50.........60.........70.........80.........90.........100
# of tasks (Edge/Cloud/Mobile): 71225(50703/20522/0)
# of failed tasks (Edge/Cloud/Mobile): 8104(7885/219/0)
# of completed tasks (Edge/Cloud/Mobile): 63121(42818/20303/0)
# of uncompleted tasks (Edge/Cloud/Mobile): 1915(1724/33/158)
# of failed tasks due to vm capacity (Edge/Cloud/Mobile): 123(123/0/0)
# of failed tasks due to Mobility/Network(WLAN/MAN/WAN): 951/7030(4/7026/0)
percentage of failed tasks: 11,378027%
average service time: 3,019133 seconds. (on Edge: 3,589362, on Cloud: 1,816548, on Mobile: NaN)
average processing time: 2,359835 seconds. (on Edge: 3,423364, on Cloud: 0,116908, on Mobile: NaN)
average network delay: 0,659298 seconds. (LAN delay: 0,132810, MAN delay: 0,036517, WAN delay: 1,699640)
average server utilization Edge/Cloud/Mobile: 42,406341/2,672449/0,000000
average cost: 0.0$
Scenario finished at 18/09/2020 15:57:07. It took 1 Minute 21 Seconds
----------------------------------------------------------------------
Scenario started at 18/09/2020 15:57:07
Scenario: TWO_TIER_WITH_EO - Policy: UTILIZATION_BASED - #iteration: 27
Duration: 5.0 min (warm up period: 1.0 min) - #devices: 2200
Creating tasks...Done, 
Creating device locations...Done.
SimManager is starting...Done.
.........10.........20.........30.........40.........50.........60.........70.........80.........90.........100
# of tasks (Edge/Cloud/Mobile): 74621(61401/13220/0)
# of failed tasks (Edge/Cloud/Mobile): 25368(17511/7857/0)
# of completed tasks (Edge/Cloud/Mobile): 49253(43890/5363/0)
# of uncompleted tasks (Edge/Cloud/Mobile): 1582(1300/35/247)
# of failed tasks due to vm capacity (Edge/Cloud/Mobile): 0(0/0/0)
# of failed tasks due to Mobility/Network(WLAN/MAN/WAN): 1071/24297(14/16557/7726)
percentage of failed tasks: 33,995792%
average service time: 4,072679 seconds. (on Edge: 4,030822, on Cloud: 4,415235, on Mobile: NaN)
average processing time: 3,472386 seconds. (on Edge: 3,882872, on Cloud: 0,113024, on Mobile: NaN)
average network delay: 0,600294 seconds. (LAN delay: 0,129308, MAN delay: 0,020901, WAN delay: 4,302210)
average server utilization Edge/Cloud/Mobile: 52,377551/0,848980/0,000000
average cost: 0.0$
Scenario finished at 18/09/2020 15:58:24. It took 1 Minute 17 Seconds
----------------------------------------------------------------------
Scenario started at 18/09/2020 15:58:24
Scenario: TWO_TIER_WITH_EO - Policy: HYBRID - #iteration: 27
Duration: 5.0 min (warm up period: 1.0 min) - #devices: 2200
Creating tasks...Done, 
Creating device locations...Done.
SimManager is starting...Done.
.........10.........20.........30.........40.........50.........60.........70.........80.........90.........100
# of tasks (Edge/Cloud/Mobile): 73796(63875/9921/0)
# of failed tasks (Edge/Cloud/Mobile): 18693(18592/101/0)
# of completed tasks (Edge/Cloud/Mobile): 55103(45283/9820/0)
# of uncompleted tasks (Edge/Cloud/Mobile): 2118(1925/32/161)
# of failed tasks due to vm capacity (Edge/Cloud/Mobile): 148(148/0/0)
# of failed tasks due to Mobility/Network(WLAN/MAN/WAN): 1050/17495(6/17489/0)
percentage of failed tasks: 25,330641%
average service time: 3,944217 seconds. (on Edge: 4,406194, on Cloud: 1,813900, on Mobile: NaN)
average processing time: 3,509472 seconds. (on Edge: 4,243282, on Cloud: 0,125653, on Mobile: NaN)
average network delay: 0,434745 seconds. (LAN delay: 0,140159, MAN delay: 0,025477, WAN delay: 1,688247)
average server utilization Edge/Cloud/Mobile: 56,740525/0,967347/0,000000
average cost: 0.0$
Scenario finished at 18/09/2020 16:00:09. It took 1 Minute 44 Seconds
----------------------------------------------------------------------
Scenario started at 18/09/2020 16:00:09
Scenario: TWO_TIER_WITH_EO - Policy: FUZZY_BASED - #iteration: 27
Duration: 5.0 min (warm up period: 1.0 min) - #devices: 2200
Creating tasks...Done, 
Creating device locations...Done.
SimManager is starting...Done.
.........10.........20.........30.........40.........50.........60.........70.........80.........90.........100
# of tasks (Edge/Cloud/Mobile): 70049(59796/10253/0)
# of failed tasks (Edge/Cloud/Mobile): 3458(2885/573/0)
# of completed tasks (Edge/Cloud/Mobile): 66591(56911/9680/0)
# of uncompleted tasks (Edge/Cloud/Mobile): 1503(1338/19/146)
# of failed tasks due to vm capacity (Edge/Cloud/Mobile): 431(431/0/0)
# of failed tasks due to Mobility/Network(WLAN/MAN/WAN): 976/2051(8/1592/451)
percentage of failed tasks: 4,936544%
average service time: 3,233251 seconds. (on Edge: 3,327192, on Cloud: 2,680949, on Mobile: NaN)
average processing time: 2,761013 seconds. (on Edge: 3,190064, on Cloud: 0,238521, on Mobile: NaN)
average network delay: 0,472238 seconds. (LAN delay: 0,132246, MAN delay: 0,014887, WAN delay: 2,442429)
average server utilization Edge/Cloud/Mobile: 41,431851/4,202041/0,000000
average cost: 0.0$
Scenario finished at 18/09/2020 16:10:51. It took 10 Minutes 42 Seconds
----------------------------------------------------------------------
Scenario started at 18/09/2020 16:10:51
Scenario: TWO_TIER_WITH_EO - Policy: DDQN - #iteration: 27
Duration: 5.0 min (warm up period: 1.0 min) - #devices: 2400
Creating tasks...Done, 
Creating device locations...Done.
SimManager is starting...Done.
.........10.........20.........30.........40.........50.........60.........70.........80.........90.........100
# of tasks (Edge/Cloud/Mobile): 77988(66955/11033/0)
# of failed tasks (Edge/Cloud/Mobile): 11328(9909/1419/0)
# of completed tasks (Edge/Cloud/Mobile): 66660(57046/9614/0)
# of uncompleted tasks (Edge/Cloud/Mobile): 1486(1217/29/240)
# of failed tasks due to vm capacity (Edge/Cloud/Mobile): 8333(8333/0/0)
# of failed tasks due to Mobility/Network(WLAN/MAN/WAN): 1937/1058(0/0/1058)
percentage of failed tasks: 14,525312%
average service time: 5,350821 seconds. (on Edge: 5,253186, on Cloud: 5,930153, on Mobile: NaN)
average processing time: 4,390853 seconds. (on Edge: 5,099237, on Cloud: 0,187564, on Mobile: NaN)
average network delay: 0,959967 seconds. (LAN delay: 0,141380, MAN delay: 0,013443, WAN delay: 5,742589)
average server utilization Edge/Cloud/Mobile: 70,694242/4,637755/0,000000
average cost: 0.0$
Scenario finished at 18/09/2020 16:13:23. It took 2 Minutes 31 Seconds
----------------------------------------------------------------------
Scenario started at 18/09/2020 16:13:23
Scenario: TWO_TIER_WITH_EO - Policy: NETWORK_BASED - #iteration: 27
Duration: 5.0 min (warm up period: 1.0 min) - #devices: 2400
Creating tasks...Done, 
Creating device locations...Done.
SimManager is starting...Done.
.........10.........20.........30.........40.........50.........60.........70.........80.........90.........100
# of tasks (Edge/Cloud/Mobile): 79928(59638/20290/0)
# of failed tasks (Edge/Cloud/Mobile): 19948(19742/206/0)
# of completed tasks (Edge/Cloud/Mobile): 59980(39896/20084/0)
# of uncompleted tasks (Edge/Cloud/Mobile): 1668(1471/25/172)
# of failed tasks due to vm capacity (Edge/Cloud/Mobile): 765(765/0/0)
# of failed tasks due to Mobility/Network(WLAN/MAN/WAN): 1033/18150(18/18132/0)
percentage of failed tasks: 24,957462%
average service time: 3,290523 seconds. (on Edge: 4,014300, on Cloud: 1,852772, on Mobile: NaN)
average processing time: 2,606057 seconds. (on Edge: 3,860767, on Cloud: 0,113629, on Mobile: NaN)
average network delay: 0,684467 seconds. (LAN delay: 0,133692, MAN delay: 0,022348, WAN delay: 1,739143)
average server utilization Edge/Cloud/Mobile: 46,434767/2,362245/0,000000
average cost: 0.0$
Scenario finished at 18/09/2020 16:15:07. It took 1 Minute 44 Seconds
----------------------------------------------------------------------
Scenario started at 18/09/2020 16:15:07
Scenario: TWO_TIER_WITH_EO - Policy: UTILIZATION_BASED - #iteration: 27
Duration: 5.0 min (warm up period: 1.0 min) - #devices: 2400
Creating tasks...Done, 
Creating device locations...Done.
SimManager is starting...Done.
.........10.........20.........30.........40.........50.........60.........70.........80.........90.........100
# of tasks (Edge/Cloud/Mobile): 81115(62995/18120/0)
# of failed tasks (Edge/Cloud/Mobile): 35051(21890/13161/0)
# of completed tasks (Edge/Cloud/Mobile): 46064(41105/4959/0)
# of uncompleted tasks (Edge/Cloud/Mobile): 1611(1230/48/333)
# of failed tasks due to vm capacity (Edge/Cloud/Mobile): 0(0/0/0)
# of failed tasks due to Mobility/Network(WLAN/MAN/WAN): 1062/33989(21/20947/13021)
percentage of failed tasks: 43,211490%
average service time: 4,286528 seconds. (on Edge: 4,113964, on Cloud: 5,716905, on Mobile: NaN)
average processing time: 3,557157 seconds. (on Edge: 3,973127, on Cloud: 0,109196, on Mobile: NaN)
average network delay: 0,729371 seconds. (LAN delay: 0,123034, MAN delay: 0,020228, WAN delay: 5,607708)
average server utilization Edge/Cloud/Mobile: 53,103863/0,791837/0,000000
average cost: 0.0$
Scenario finished at 18/09/2020 16:16:23. It took 1 Minute 15 Seconds
----------------------------------------------------------------------
Scenario started at 18/09/2020 16:16:23
Scenario: TWO_TIER_WITH_EO - Policy: HYBRID - #iteration: 27
Duration: 5.0 min (warm up period: 1.0 min) - #devices: 2400
Creating tasks...Done, 
Creating device locations...Done.
SimManager is starting...Done.
.........10.........20.........30.........40.........50.........60.........70.........80.........90.........100
# of tasks (Edge/Cloud/Mobile): 76301(65678/10623/0)
# of failed tasks (Edge/Cloud/Mobile): 21897(21790/107/0)
# of completed tasks (Edge/Cloud/Mobile): 54404(43888/10516/0)
# of uncompleted tasks (Edge/Cloud/Mobile): 2220(2018/41/161)
# of failed tasks due to vm capacity (Edge/Cloud/Mobile): 575(575/0/0)
# of failed tasks due to Mobility/Network(WLAN/MAN/WAN): 1256/20066(8/20058/0)
percentage of failed tasks: 28,698182%
average service time: 4,331057 seconds. (on Edge: 4,928122, on Cloud: 1,839236, on Mobile: NaN)
average processing time: 3,843839 seconds. (on Edge: 4,734407, on Cloud: 0,127100, on Mobile: NaN)
average network delay: 0,487218 seconds. (LAN delay: 0,143686, MAN delay: 0,056560, WAN delay: 1,712136)
average server utilization Edge/Cloud/Mobile: 61,901603/0,821429/0,000000
average cost: 0.0$
Scenario finished at 18/09/2020 16:18:15. It took 1 Minute 52 Seconds
----------------------------------------------------------------------
Scenario started at 18/09/2020 16:18:15
Scenario: TWO_TIER_WITH_EO - Policy: FUZZY_BASED - #iteration: 27
Duration: 5.0 min (warm up period: 1.0 min) - #devices: 2400
Creating tasks...Done, 
Creating device locations...Done.
SimManager is starting...Done.
.........10.........20.........30.........40.........50.........60.........70.........80.........90.........100
# of tasks (Edge/Cloud/Mobile): 82894(70091/12803/0)
# of failed tasks (Edge/Cloud/Mobile): 16368(14056/2312/0)
# of completed tasks (Edge/Cloud/Mobile): 66526(56035/10491/0)
# of uncompleted tasks (Edge/Cloud/Mobile): 2198(1925/57/216)
# of failed tasks due to vm capacity (Edge/Cloud/Mobile): 5371(5371/0/0)
# of failed tasks due to Mobility/Network(WLAN/MAN/WAN): 1474/9523(0/7421/2102)
percentage of failed tasks: 19,745699%
average service time: 4,342782 seconds. (on Edge: 4,475488, on Cloud: 3,633969, on Mobile: NaN)
average processing time: 3,665504 seconds. (on Edge: 4,315036, on Cloud: 0,196197, on Mobile: NaN)
average network delay: 0,677278 seconds. (LAN delay: 0,153410, MAN delay: 0,018727, WAN delay: 3,437772)
average server utilization Edge/Cloud/Mobile: 60,994169/4,994898/0,000000
average cost: 0.0$
Scenario finished at 18/09/2020 16:30:18. It took 12 Minutes 2 Seconds
----------------------------------------------------------------------
Simulation finished at 18/09/2020 16:30:18. It took 1 Hour 47 Minutes 15 Seconds
