Simulation started at 18/09/2020 09:04:16
----------------------------------------------------------------------
Scenario started at 18/09/2020 09:04:16
Scenario: TWO_TIER_WITH_EO - Policy: DDQN - #iteration: 4
Duration: 5.0 min (warm up period: 1.0 min) - #devices: 0
Creating tasks...Done, 
Creating device locations...Done.
o.n.l.f.Nd4jBackend - Loaded [CpuBackend] backend
o.n.n.NativeOpsHolder - Number of threads used for linear algebra: 1
o.n.n.Nd4jBlas - Number of threads used for OpenMP BLAS: 4
o.n.l.a.o.e.DefaultOpExecutioner - Backend used: [CPU]; OS: [Mac OS X]
o.n.l.a.o.e.DefaultOpExecutioner - Cores: [8]; Memory: [1,8GB];
o.n.l.a.o.e.DefaultOpExecutioner - Blas vendor: [OPENBLAS]
o.d.n.m.MultiLayerNetwork - Starting MultiLayerNetwork with WorkspaceModes set to [training: ENABLED; inference: ENABLED], cacheMode set to [NONE]
SimManager is starting...Done.
.........10.........20.........30.........40.........50.........60.........70.........80.........90.........100
# of tasks (Edge/Cloud/Mobile): 0(0/0/0)
# of failed tasks (Edge/Cloud/Mobile): 0(0/0/0)
# of completed tasks (Edge/Cloud/Mobile): 0(0/0/0)
# of uncompleted tasks (Edge/Cloud/Mobile): 0(0/0/0)
# of failed tasks due to vm capacity (Edge/Cloud/Mobile): 0(0/0/0)
# of failed tasks due to Mobility/Network(WLAN/MAN/WAN): 0/0(0/0/0)
percentage of failed tasks: NaN%
average service time: NaN seconds. (on Edge: NaN, on Cloud: NaN, on Mobile: NaN)
average processing time: NaN seconds. (on Edge: NaN, on Cloud: NaN, on Mobile: NaN)
average network delay: NaN seconds. (LAN delay: NaN, MAN delay: NaN, WAN delay: NaN)
average server utilization Edge/Cloud/Mobile: 0,000000/0,000000/0,000000
average cost: NaN$
Scenario finished at 18/09/2020 09:04:27. It took 10 Seconds
----------------------------------------------------------------------
Scenario started at 18/09/2020 09:04:27
Scenario: TWO_TIER_WITH_EO - Policy: NETWORK_BASED - #iteration: 4
Duration: 5.0 min (warm up period: 1.0 min) - #devices: 0
Creating tasks...Done, 
Creating device locations...Done.
SimManager is starting...Done.
.........10.........20.........30.........40.........50.........60.........70.........80.........90.........100
# of tasks (Edge/Cloud/Mobile): 0(0/0/0)
# of failed tasks (Edge/Cloud/Mobile): 0(0/0/0)
# of completed tasks (Edge/Cloud/Mobile): 0(0/0/0)
# of uncompleted tasks (Edge/Cloud/Mobile): 0(0/0/0)
# of failed tasks due to vm capacity (Edge/Cloud/Mobile): 0(0/0/0)
# of failed tasks due to Mobility/Network(WLAN/MAN/WAN): 0/0(0/0/0)
percentage of failed tasks: NaN%
average service time: NaN seconds. (on Edge: NaN, on Cloud: NaN, on Mobile: NaN)
average processing time: NaN seconds. (on Edge: NaN, on Cloud: NaN, on Mobile: NaN)
average network delay: NaN seconds. (LAN delay: NaN, MAN delay: NaN, WAN delay: NaN)
average server utilization Edge/Cloud/Mobile: 0,000000/0,000000/0,000000
average cost: NaN$
Scenario finished at 18/09/2020 09:04:27. It took 375 Milli Seconds
----------------------------------------------------------------------
Scenario started at 18/09/2020 09:04:27
Scenario: TWO_TIER_WITH_EO - Policy: UTILIZATION_BASED - #iteration: 4
Duration: 5.0 min (warm up period: 1.0 min) - #devices: 0
Creating tasks...Done, 
Creating device locations...Done.
SimManager is starting...Done.
.........10.........20.........30.........40.........50.........60.........70.........80.........90.........100
# of tasks (Edge/Cloud/Mobile): 0(0/0/0)
# of failed tasks (Edge/Cloud/Mobile): 0(0/0/0)
# of completed tasks (Edge/Cloud/Mobile): 0(0/0/0)
# of uncompleted tasks (Edge/Cloud/Mobile): 0(0/0/0)
# of failed tasks due to vm capacity (Edge/Cloud/Mobile): 0(0/0/0)
# of failed tasks due to Mobility/Network(WLAN/MAN/WAN): 0/0(0/0/0)
percentage of failed tasks: NaN%
average service time: NaN seconds. (on Edge: NaN, on Cloud: NaN, on Mobile: NaN)
average processing time: NaN seconds. (on Edge: NaN, on Cloud: NaN, on Mobile: NaN)
average network delay: NaN seconds. (LAN delay: NaN, MAN delay: NaN, WAN delay: NaN)
average server utilization Edge/Cloud/Mobile: 0,000000/0,000000/0,000000
average cost: NaN$
Scenario finished at 18/09/2020 09:04:27. It took 326 Milli Seconds
----------------------------------------------------------------------
Scenario started at 18/09/2020 09:04:27
Scenario: TWO_TIER_WITH_EO - Policy: HYBRID - #iteration: 4
Duration: 5.0 min (warm up period: 1.0 min) - #devices: 0
Creating tasks...Done, 
Creating device locations...Done.
SimManager is starting...Done.
.........10.........20.........30.........40.........50.........60.........70.........80.........90.........100
# of tasks (Edge/Cloud/Mobile): 0(0/0/0)
# of failed tasks (Edge/Cloud/Mobile): 0(0/0/0)
# of completed tasks (Edge/Cloud/Mobile): 0(0/0/0)
# of uncompleted tasks (Edge/Cloud/Mobile): 0(0/0/0)
# of failed tasks due to vm capacity (Edge/Cloud/Mobile): 0(0/0/0)
# of failed tasks due to Mobility/Network(WLAN/MAN/WAN): 0/0(0/0/0)
percentage of failed tasks: NaN%
average service time: NaN seconds. (on Edge: NaN, on Cloud: NaN, on Mobile: NaN)
average processing time: NaN seconds. (on Edge: NaN, on Cloud: NaN, on Mobile: NaN)
average network delay: NaN seconds. (LAN delay: NaN, MAN delay: NaN, WAN delay: NaN)
average server utilization Edge/Cloud/Mobile: 0,000000/0,000000/0,000000
average cost: NaN$
Scenario finished at 18/09/2020 09:04:28. It took 304 Milli Seconds
----------------------------------------------------------------------
Scenario started at 18/09/2020 09:04:28
Scenario: TWO_TIER_WITH_EO - Policy: FUZZY_BASED - #iteration: 4
Duration: 5.0 min (warm up period: 1.0 min) - #devices: 0
Creating tasks...Done, 
Creating device locations...Done.
SimManager is starting...Done.
.........10.........20.........30.........40.........50.........60.........70.........80.........90.........100
# of tasks (Edge/Cloud/Mobile): 0(0/0/0)
# of failed tasks (Edge/Cloud/Mobile): 0(0/0/0)
# of completed tasks (Edge/Cloud/Mobile): 0(0/0/0)
# of uncompleted tasks (Edge/Cloud/Mobile): 0(0/0/0)
# of failed tasks due to vm capacity (Edge/Cloud/Mobile): 0(0/0/0)
# of failed tasks due to Mobility/Network(WLAN/MAN/WAN): 0/0(0/0/0)
percentage of failed tasks: NaN%
average service time: NaN seconds. (on Edge: NaN, on Cloud: NaN, on Mobile: NaN)
average processing time: NaN seconds. (on Edge: NaN, on Cloud: NaN, on Mobile: NaN)
average network delay: NaN seconds. (LAN delay: NaN, MAN delay: NaN, WAN delay: NaN)
average server utilization Edge/Cloud/Mobile: 0,000000/0,000000/0,000000
average cost: NaN$
Scenario finished at 18/09/2020 09:04:28. It took 523 Milli Seconds
----------------------------------------------------------------------
Scenario started at 18/09/2020 09:04:28
Scenario: TWO_TIER_WITH_EO - Policy: DDQN - #iteration: 4
Duration: 5.0 min (warm up period: 1.0 min) - #devices: 200
Creating tasks...Done, 
Creating device locations...Done.
SimManager is starting...Done.
.........10.........20.........30.........40.........50.........60.........70.........80.........90.........100
# of tasks (Edge/Cloud/Mobile): 6142(2258/3884/0)
# of failed tasks (Edge/Cloud/Mobile): 37(11/26/0)
# of completed tasks (Edge/Cloud/Mobile): 6105(2247/3858/0)
# of uncompleted tasks (Edge/Cloud/Mobile): 17(2/2/13)
# of failed tasks due to vm capacity (Edge/Cloud/Mobile): 0(0/0/0)
# of failed tasks due to Mobility/Network(WLAN/MAN/WAN): 37/0(0/0/0)
percentage of failed tasks: 0,602410%
average service time: 1,005660 seconds. (on Edge: 0,735489, on Cloud: 1,163015, on Mobile: NaN)
average processing time: 0,329245 seconds. (on Edge: 0,678730, on Cloud: 0,125697, on Mobile: NaN)
average network delay: 0,676415 seconds. (LAN delay: 0,044691, MAN delay: 0,012377, WAN delay: 1,037318)
average server utilization Edge/Cloud/Mobile: 0,384111/0,541837/0,000000
average cost: 0.0$
Scenario finished at 18/09/2020 09:04:47. It took 18 Seconds
----------------------------------------------------------------------
Scenario started at 18/09/2020 09:04:47
Scenario: TWO_TIER_WITH_EO - Policy: NETWORK_BASED - #iteration: 4
Duration: 5.0 min (warm up period: 1.0 min) - #devices: 200
Creating tasks...Done, 
Creating device locations...Done.
SimManager is starting...Done.
.........10.........20.........30.........40.........50.........60.........70.........80.........90.........100
# of tasks (Edge/Cloud/Mobile): 7296(298/6998/0)
# of failed tasks (Edge/Cloud/Mobile): 44(0/44/0)
# of completed tasks (Edge/Cloud/Mobile): 7252(298/6954/0)
# of uncompleted tasks (Edge/Cloud/Mobile): 40(0/7/33)
# of failed tasks due to vm capacity (Edge/Cloud/Mobile): 0(0/0/0)
# of failed tasks due to Mobility/Network(WLAN/MAN/WAN): 44/0(0/0/0)
percentage of failed tasks: 0,603070%
average service time: 1,427175 seconds. (on Edge: 1,001666, on Cloud: 1,445410, on Mobile: NaN)
average processing time: 0,136743 seconds. (on Edge: 0,940488, on Cloud: 0,102300, on Mobile: NaN)
average network delay: 1,290432 seconds. (LAN delay: 0,048915, MAN delay: 0,012429, WAN delay: 1,343109)
average server utilization Edge/Cloud/Mobile: 0,078717/0,723469/0,000000
average cost: 0.0$
Scenario finished at 18/09/2020 09:04:48. It took 1 Second
----------------------------------------------------------------------
Scenario started at 18/09/2020 09:04:48
Scenario: TWO_TIER_WITH_EO - Policy: UTILIZATION_BASED - #iteration: 4
Duration: 5.0 min (warm up period: 1.0 min) - #devices: 200
Creating tasks...Done, 
Creating device locations...Done.
SimManager is starting...Done.
.........10.........20.........30.........40.........50.........60.........70.........80.........90.........100
# of tasks (Edge/Cloud/Mobile): 6488(6488/0/0)
# of failed tasks (Edge/Cloud/Mobile): 47(47/0/0)
# of completed tasks (Edge/Cloud/Mobile): 6441(6441/0/0)
# of uncompleted tasks (Edge/Cloud/Mobile): 24(23/0/1)
# of failed tasks due to vm capacity (Edge/Cloud/Mobile): 0(0/0/0)
# of failed tasks due to Mobility/Network(WLAN/MAN/WAN): 47/0(0/0/0)
percentage of failed tasks: 0,724414%
average service time: 1,140524 seconds. (on Edge: 1,140524, on Cloud: NaN, on Mobile: NaN)
average processing time: 1,079129 seconds. (on Edge: 1,079129, on Cloud: NaN, on Mobile: NaN)
average network delay: 0,061395 seconds. (LAN delay: 0,050480, MAN delay: 0,012485, WAN delay: NaN)
average server utilization Edge/Cloud/Mobile: 2,584184/0,000000/0,000000
average cost: 0.0$
Scenario finished at 18/09/2020 09:04:50. It took 1 Second
----------------------------------------------------------------------
Scenario started at 18/09/2020 09:04:50
Scenario: TWO_TIER_WITH_EO - Policy: HYBRID - #iteration: 4
Duration: 5.0 min (warm up period: 1.0 min) - #devices: 200
Creating tasks...Done, 
Creating device locations...Done.
SimManager is starting...Done.
.........10.........20.........30.........40.........50.........60.........70.........80.........90.........100
# of tasks (Edge/Cloud/Mobile): 6236(6236/0/0)
# of failed tasks (Edge/Cloud/Mobile): 34(34/0/0)
# of completed tasks (Edge/Cloud/Mobile): 6202(6202/0/0)
# of uncompleted tasks (Edge/Cloud/Mobile): 29(27/0/2)
# of failed tasks due to vm capacity (Edge/Cloud/Mobile): 0(0/0/0)
# of failed tasks due to Mobility/Network(WLAN/MAN/WAN): 34/0(0/0/0)
percentage of failed tasks: 0,545221%
average service time: 1,076865 seconds. (on Edge: 1,076865, on Cloud: NaN, on Mobile: NaN)
average processing time: 1,017038 seconds. (on Edge: 1,017038, on Cloud: NaN, on Mobile: NaN)
average network delay: 0,059827 seconds. (LAN delay: 0,048547, MAN delay: 0,012485, WAN delay: NaN)
average server utilization Edge/Cloud/Mobile: 2,419461/0,000000/0,000000
average cost: 0.0$
Scenario finished at 18/09/2020 09:04:52. It took 1 Second
----------------------------------------------------------------------
Scenario started at 18/09/2020 09:04:52
Scenario: TWO_TIER_WITH_EO - Policy: FUZZY_BASED - #iteration: 4
Duration: 5.0 min (warm up period: 1.0 min) - #devices: 200
Creating tasks...Done, 
Creating device locations...Done.
SimManager is starting...Done.
.........10.........20.........30.........40.........50.........60.........70.........80.........90.........100
# of tasks (Edge/Cloud/Mobile): 6314(5377/937/0)
# of failed tasks (Edge/Cloud/Mobile): 42(34/8/0)
# of completed tasks (Edge/Cloud/Mobile): 6272(5343/929/0)
# of uncompleted tasks (Edge/Cloud/Mobile): 25(24/1/0)
# of failed tasks due to vm capacity (Edge/Cloud/Mobile): 0(0/0/0)
# of failed tasks due to Mobility/Network(WLAN/MAN/WAN): 42/0(0/0/0)
percentage of failed tasks: 0,665188%
average service time: 0,852085 seconds. (on Edge: 0,842839, on Cloud: 0,905261, on Mobile: NaN)
average processing time: 0,710528 seconds. (on Edge: 0,793330, on Cloud: 0,234303, on Mobile: NaN)
average network delay: 0,141557 seconds. (LAN delay: 0,049509, MAN delay: NaN, WAN delay: 0,670958)
average server utilization Edge/Cloud/Mobile: 0,916181/0,448980/0,000000
average cost: 0.0$
Scenario finished at 18/09/2020 09:06:20. It took 1 Minute 28 Seconds
----------------------------------------------------------------------
Scenario started at 18/09/2020 09:06:20
Scenario: TWO_TIER_WITH_EO - Policy: DDQN - #iteration: 4
Duration: 5.0 min (warm up period: 1.0 min) - #devices: 400
Creating tasks...Done, 
Creating device locations...Done.
SimManager is starting...Done.
.........10.........20.........30.........40.........50.........60.........70.........80.........90.........100
# of tasks (Edge/Cloud/Mobile): 13326(4560/8766/0)
# of failed tasks (Edge/Cloud/Mobile): 85(21/64/0)
# of completed tasks (Edge/Cloud/Mobile): 13241(4539/8702/0)
# of uncompleted tasks (Edge/Cloud/Mobile): 72(14/5/53)
# of failed tasks due to vm capacity (Edge/Cloud/Mobile): 0(0/0/0)
# of failed tasks due to Mobility/Network(WLAN/MAN/WAN): 85/0(0/0/0)
percentage of failed tasks: 0,637851%
average service time: 1,234197 seconds. (on Edge: 0,788003, on Cloud: 1,466934, on Mobile: NaN)
average processing time: 0,328984 seconds. (on Edge: 0,726620, on Cloud: 0,121576, on Mobile: NaN)
average network delay: 0,905213 seconds. (LAN delay: 0,049558, MAN delay: 0,012407, WAN delay: 1,345358)
average server utilization Edge/Cloud/Mobile: 0,733965/1,137755/0,000000
average cost: 0.0$
Scenario finished at 18/09/2020 09:06:43. It took 22 Seconds
----------------------------------------------------------------------
Scenario started at 18/09/2020 09:06:43
Scenario: TWO_TIER_WITH_EO - Policy: NETWORK_BASED - #iteration: 4
Duration: 5.0 min (warm up period: 1.0 min) - #devices: 400
Creating tasks...Done, 
Creating device locations...Done.
SimManager is starting...Done.
.........10.........20.........30.........40.........50.........60.........70.........80.........90.........100
# of tasks (Edge/Cloud/Mobile): 14419(2155/12264/0)
# of failed tasks (Edge/Cloud/Mobile): 127(9/118/0)
# of completed tasks (Edge/Cloud/Mobile): 14292(2146/12146/0)
# of uncompleted tasks (Edge/Cloud/Mobile): 118(21/20/77)
# of failed tasks due to vm capacity (Edge/Cloud/Mobile): 0(0/0/0)
# of failed tasks due to Mobility/Network(WLAN/MAN/WAN): 127/0(0/0/0)
percentage of failed tasks: 0,880782%
average service time: 1,569862 seconds. (on Edge: 1,044352, on Cloud: 1,662711, on Mobile: NaN)
average processing time: 0,234915 seconds. (on Edge: 0,978192, on Cloud: 0,103590, on Mobile: NaN)
average network delay: 1,334947 seconds. (LAN delay: 0,055564, MAN delay: 0,012535, WAN delay: 1,559120)
average server utilization Edge/Cloud/Mobile: 0,650146/1,190816/0,000000
average cost: 0.0$
Scenario finished at 18/09/2020 09:06:47. It took 3 Seconds
----------------------------------------------------------------------
Scenario started at 18/09/2020 09:06:47
Scenario: TWO_TIER_WITH_EO - Policy: UTILIZATION_BASED - #iteration: 4
Duration: 5.0 min (warm up period: 1.0 min) - #devices: 400
Creating tasks...Done, 
Creating device locations...Done.
SimManager is starting...Done.
.........10.........20.........30.........40.........50.........60.........70.........80.........90.........100
# of tasks (Edge/Cloud/Mobile): 12833(12833/0/0)
# of failed tasks (Edge/Cloud/Mobile): 80(80/0/0)
# of completed tasks (Edge/Cloud/Mobile): 12753(12753/0/0)
# of uncompleted tasks (Edge/Cloud/Mobile): 58(55/0/3)
# of failed tasks due to vm capacity (Edge/Cloud/Mobile): 0(0/0/0)
# of failed tasks due to Mobility/Network(WLAN/MAN/WAN): 80/0(0/0/0)
percentage of failed tasks: 0,623393%
average service time: 1,187959 seconds. (on Edge: 1,187959, on Cloud: NaN, on Mobile: NaN)
average processing time: 1,120417 seconds. (on Edge: 1,120417, on Cloud: NaN, on Mobile: NaN)
average network delay: 0,067542 seconds. (LAN delay: 0,056127, MAN delay: 0,012656, WAN delay: NaN)
average server utilization Edge/Cloud/Mobile: 5,084913/0,000000/0,000000
average cost: 0.0$
Scenario finished at 18/09/2020 09:06:50. It took 3 Seconds
----------------------------------------------------------------------
Scenario started at 18/09/2020 09:06:50
Scenario: TWO_TIER_WITH_EO - Policy: HYBRID - #iteration: 4
Duration: 5.0 min (warm up period: 1.0 min) - #devices: 400
Creating tasks...Done, 
Creating device locations...Done.
SimManager is starting...Done.
.........10.........20.........30.........40.........50.........60.........70.........80.........90.........100
# of tasks (Edge/Cloud/Mobile): 13857(13857/0/0)
# of failed tasks (Edge/Cloud/Mobile): 86(86/0/0)
# of completed tasks (Edge/Cloud/Mobile): 13771(13771/0/0)
# of uncompleted tasks (Edge/Cloud/Mobile): 71(69/0/2)
# of failed tasks due to vm capacity (Edge/Cloud/Mobile): 0(0/0/0)
# of failed tasks due to Mobility/Network(WLAN/MAN/WAN): 86/0(0/0/0)
percentage of failed tasks: 0,620625%
average service time: 1,200794 seconds. (on Edge: 1,200794, on Cloud: NaN, on Mobile: NaN)
average processing time: 1,130985 seconds. (on Edge: 1,130985, on Cloud: NaN, on Mobile: NaN)
average network delay: 0,069809 seconds. (LAN delay: 0,058444, MAN delay: 0,012691, WAN delay: NaN)
average server utilization Edge/Cloud/Mobile: 5,306487/0,000000/0,000000
average cost: 0.0$
Scenario finished at 18/09/2020 09:06:54. It took 3 Seconds
----------------------------------------------------------------------
Scenario started at 18/09/2020 09:06:54
Scenario: TWO_TIER_WITH_EO - Policy: FUZZY_BASED - #iteration: 4
Duration: 5.0 min (warm up period: 1.0 min) - #devices: 400
Creating tasks...Done, 
Creating device locations...Done.
SimManager is starting...Done.
.........10.........20.........30.........40.........50.........60.........70.........80.........90.........100
# of tasks (Edge/Cloud/Mobile): 12518(10628/1890/0)
# of failed tasks (Edge/Cloud/Mobile): 59(48/11/0)
# of completed tasks (Edge/Cloud/Mobile): 12459(10580/1879/0)
# of uncompleted tasks (Edge/Cloud/Mobile): 39(35/0/4)
# of failed tasks due to vm capacity (Edge/Cloud/Mobile): 0(0/0/0)
# of failed tasks due to Mobility/Network(WLAN/MAN/WAN): 59/0(0/0/0)
percentage of failed tasks: 0,471321%
average service time: 0,892870 seconds. (on Edge: 0,878135, on Cloud: 0,975841, on Mobile: NaN)
average processing time: 0,734085 seconds. (on Edge: 0,822486, on Cloud: 0,236330, on Mobile: NaN)
average network delay: 0,158785 seconds. (LAN delay: 0,055649, MAN delay: NaN, WAN delay: 0,739511)
average server utilization Edge/Cloud/Mobile: 1,917274/1,096939/0,000000
average cost: 0.0$
Scenario finished at 18/09/2020 09:08:27. It took 1 Minute 33 Seconds
----------------------------------------------------------------------
Scenario started at 18/09/2020 09:08:27
Scenario: TWO_TIER_WITH_EO - Policy: DDQN - #iteration: 4
Duration: 5.0 min (warm up period: 1.0 min) - #devices: 600
Creating tasks...Done, 
Creating device locations...Done.
SimManager is starting...Done.
.........10.........20.........30.........40.........50.........60.........70.........80.........90.........100
# of tasks (Edge/Cloud/Mobile): 20099(6602/13497/0)
# of failed tasks (Edge/Cloud/Mobile): 138(17/121/0)
# of completed tasks (Edge/Cloud/Mobile): 19961(6585/13376/0)
# of uncompleted tasks (Edge/Cloud/Mobile): 137(35/8/94)
# of failed tasks due to vm capacity (Edge/Cloud/Mobile): 0(0/0/0)
# of failed tasks due to Mobility/Network(WLAN/MAN/WAN): 138/0(0/0/0)
percentage of failed tasks: 0,686601%
average service time: 1,414318 seconds. (on Edge: 0,855624, on Cloud: 1,689363, on Mobile: NaN)
average processing time: 0,344040 seconds. (on Edge: 0,789316, on Cloud: 0,124831, on Mobile: NaN)
average network delay: 1,070278 seconds. (LAN delay: 0,054419, MAN delay: 0,012436, WAN delay: 1,564532)
average server utilization Edge/Cloud/Mobile: 1,122085/1,779592/0,000000
average cost: 0.0$
Scenario finished at 18/09/2020 09:08:53. It took 26 Seconds
----------------------------------------------------------------------
Scenario started at 18/09/2020 09:08:53
Scenario: TWO_TIER_WITH_EO - Policy: NETWORK_BASED - #iteration: 4
Duration: 5.0 min (warm up period: 1.0 min) - #devices: 600
Creating tasks...Done, 
Creating device locations...Done.
SimManager is starting...Done.
.........10.........20.........30.........40.........50.........60.........70.........80.........90.........100
# of tasks (Edge/Cloud/Mobile): 20538(5050/15488/0)
# of failed tasks (Edge/Cloud/Mobile): 172(23/149/0)
# of completed tasks (Edge/Cloud/Mobile): 20366(5027/15339/0)
# of uncompleted tasks (Edge/Cloud/Mobile): 128(22/12/94)
# of failed tasks due to vm capacity (Edge/Cloud/Mobile): 0(0/0/0)
# of failed tasks due to Mobility/Network(WLAN/MAN/WAN): 172/0(0/0/0)
percentage of failed tasks: 0,837472%
average service time: 1,549825 seconds. (on Edge: 1,078628, on Cloud: 1,704249, on Mobile: NaN)
average processing time: 0,328923 seconds. (on Edge: 1,008681, on Cloud: 0,106148, on Mobile: NaN)
average network delay: 1,220902 seconds. (LAN delay: 0,059224, MAN delay: 0,012662, WAN delay: 1,598101)
average server utilization Edge/Cloud/Mobile: 1,817420/1,673469/0,000000
average cost: 0.0$
Scenario finished at 18/09/2020 09:09:00. It took 6 Seconds
----------------------------------------------------------------------
Scenario started at 18/09/2020 09:09:00
Scenario: TWO_TIER_WITH_EO - Policy: UTILIZATION_BASED - #iteration: 4
Duration: 5.0 min (warm up period: 1.0 min) - #devices: 600
Creating tasks...Done, 
Creating device locations...Done.
SimManager is starting...Done.
.........10.........20.........30.........40.........50.........60.........70.........80.........90.........100
# of tasks (Edge/Cloud/Mobile): 20044(20044/0/0)
# of failed tasks (Edge/Cloud/Mobile): 147(147/0/0)
# of completed tasks (Edge/Cloud/Mobile): 19897(19897/0/0)
# of uncompleted tasks (Edge/Cloud/Mobile): 115(110/0/5)
# of failed tasks due to vm capacity (Edge/Cloud/Mobile): 0(0/0/0)
# of failed tasks due to Mobility/Network(WLAN/MAN/WAN): 147/0(0/0/0)
percentage of failed tasks: 0,733387%
average service time: 1,292871 seconds. (on Edge: 1,292871, on Cloud: NaN, on Mobile: NaN)
average processing time: 1,216574 seconds. (on Edge: 1,216574, on Cloud: NaN, on Mobile: NaN)
average network delay: 0,076296 seconds. (LAN delay: 0,064520, MAN delay: 0,012886, WAN delay: NaN)
average server utilization Edge/Cloud/Mobile: 8,386662/0,000000/0,000000
average cost: 0.0$
Scenario finished at 18/09/2020 09:09:09. It took 8 Seconds
----------------------------------------------------------------------
Scenario started at 18/09/2020 09:09:09
Scenario: TWO_TIER_WITH_EO - Policy: HYBRID - #iteration: 4
Duration: 5.0 min (warm up period: 1.0 min) - #devices: 600
Creating tasks...Done, 
Creating device locations...Done.
SimManager is starting...Done.
.........10.........20.........30.........40.........50.........60.........70.........80.........90.........100
# of tasks (Edge/Cloud/Mobile): 21114(21114/0/0)
# of failed tasks (Edge/Cloud/Mobile): 152(152/0/0)
# of completed tasks (Edge/Cloud/Mobile): 20962(20962/0/0)
# of uncompleted tasks (Edge/Cloud/Mobile): 81(79/0/2)
# of failed tasks due to vm capacity (Edge/Cloud/Mobile): 0(0/0/0)
# of failed tasks due to Mobility/Network(WLAN/MAN/WAN): 152/0(0/0/0)
percentage of failed tasks: 0,719901%
average service time: 1,306853 seconds. (on Edge: 1,306853, on Cloud: NaN, on Mobile: NaN)
average processing time: 1,230007 seconds. (on Edge: 1,230007, on Cloud: NaN, on Mobile: NaN)
average network delay: 0,076846 seconds. (LAN delay: 0,064977, MAN delay: 0,012930, WAN delay: NaN)
average server utilization Edge/Cloud/Mobile: 8,585277/0,000000/0,000000
average cost: 0.0$
Scenario finished at 18/09/2020 09:09:20. It took 11 Seconds
----------------------------------------------------------------------
Scenario started at 18/09/2020 09:09:20
Scenario: TWO_TIER_WITH_EO - Policy: FUZZY_BASED - #iteration: 4
Duration: 5.0 min (warm up period: 1.0 min) - #devices: 600
Creating tasks...Done, 
Creating device locations...Done.
SimManager is starting...Done.
.........10.........20.........30.........40.........50.........60.........70.........80.........90.........100
# of tasks (Edge/Cloud/Mobile): 19921(17247/2674/0)
# of failed tasks (Edge/Cloud/Mobile): 90(74/16/0)
# of completed tasks (Edge/Cloud/Mobile): 19831(17173/2658/0)
# of uncompleted tasks (Edge/Cloud/Mobile): 62(58/2/2)
# of failed tasks due to vm capacity (Edge/Cloud/Mobile): 0(0/0/0)
# of failed tasks due to Mobility/Network(WLAN/MAN/WAN): 90/0(0/0/0)
percentage of failed tasks: 0,451785%
average service time: 0,891871 seconds. (on Edge: 0,874494, on Cloud: 1,004140, on Mobile: NaN)
average processing time: 0,733401 seconds. (on Edge: 0,813115, on Cloud: 0,218381, on Mobile: NaN)
average network delay: 0,158469 seconds. (LAN delay: 0,061379, MAN delay: NaN, WAN delay: 0,785759)
average server utilization Edge/Cloud/Mobile: 2,855321/0,923469/0,000000
average cost: 0.0$
Scenario finished at 18/09/2020 09:11:44. It took 2 Minutes 23 Seconds
----------------------------------------------------------------------
Scenario started at 18/09/2020 09:11:44
Scenario: TWO_TIER_WITH_EO - Policy: DDQN - #iteration: 4
Duration: 5.0 min (warm up period: 1.0 min) - #devices: 800
Creating tasks...Done, 
Creating device locations...Done.
SimManager is starting...Done.
.........10.........20.........30.........40.........50.........60.........70.........80.........90.........100
# of tasks (Edge/Cloud/Mobile): 27420(10885/16535/0)
# of failed tasks (Edge/Cloud/Mobile): 229(45/184/0)
# of completed tasks (Edge/Cloud/Mobile): 27191(10840/16351/0)
# of uncompleted tasks (Edge/Cloud/Mobile): 203(68/13/122)
# of failed tasks due to vm capacity (Edge/Cloud/Mobile): 0(0/0/0)
# of failed tasks due to Mobility/Network(WLAN/MAN/WAN): 229/0(0/0/0)
percentage of failed tasks: 0,835157%
average service time: 1,600361 seconds. (on Edge: 1,064686, on Cloud: 1,955490, on Mobile: NaN)
average processing time: 0,471905 seconds. (on Edge: 0,985770, on Cloud: 0,131236, on Mobile: NaN)
average network delay: 1,128456 seconds. (LAN delay: 0,067155, MAN delay: 0,012498, WAN delay: 1,824255)
average server utilization Edge/Cloud/Mobile: 2,244898/2,429592/0,000000
average cost: 0.0$
Scenario finished at 18/09/2020 09:12:23. It took 39 Seconds
----------------------------------------------------------------------
Scenario started at 18/09/2020 09:12:23
Scenario: TWO_TIER_WITH_EO - Policy: NETWORK_BASED - #iteration: 4
Duration: 5.0 min (warm up period: 1.0 min) - #devices: 800
Creating tasks...Done, 
Creating device locations...Done.
SimManager is starting...Done.
.........10.........20.........30.........40.........50.........60.........70.........80.........90.........100
# of tasks (Edge/Cloud/Mobile): 25675(8207/17468/0)
# of failed tasks (Edge/Cloud/Mobile): 229(50/179/0)
# of completed tasks (Edge/Cloud/Mobile): 25446(8157/17289/0)
# of uncompleted tasks (Edge/Cloud/Mobile): 147(24/24/99)
# of failed tasks due to vm capacity (Edge/Cloud/Mobile): 0(0/0/0)
# of failed tasks due to Mobility/Network(WLAN/MAN/WAN): 229/0(0/0/0)
percentage of failed tasks: 0,891918%
average service time: 1,550233 seconds. (on Edge: 1,191759, on Cloud: 1,719362, on Mobile: NaN)
average processing time: 0,433496 seconds. (on Edge: 1,117818, on Cloud: 0,110630, on Mobile: NaN)
average network delay: 1,116737 seconds. (LAN delay: 0,062783, MAN delay: 0,012792, WAN delay: 1,608732)
average server utilization Edge/Cloud/Mobile: 3,396866/2,072449/0,000000
average cost: 0.0$
Scenario finished at 18/09/2020 09:12:35. It took 11 Seconds
----------------------------------------------------------------------
Scenario started at 18/09/2020 09:12:35
Scenario: TWO_TIER_WITH_EO - Policy: UTILIZATION_BASED - #iteration: 4
Duration: 5.0 min (warm up period: 1.0 min) - #devices: 800
Creating tasks...Done, 
Creating device locations...Done.
SimManager is starting...Done.
.........10.........20.........30.........40.........50.........60.........70.........80.........90.........100
# of tasks (Edge/Cloud/Mobile): 25876(25876/0/0)
# of failed tasks (Edge/Cloud/Mobile): 154(154/0/0)
# of completed tasks (Edge/Cloud/Mobile): 25722(25722/0/0)
# of uncompleted tasks (Edge/Cloud/Mobile): 141(134/0/7)
# of failed tasks due to vm capacity (Edge/Cloud/Mobile): 0(0/0/0)
# of failed tasks due to Mobility/Network(WLAN/MAN/WAN): 154/0(0/0/0)
percentage of failed tasks: 0,595146%
average service time: 1,377166 seconds. (on Edge: 1,377166, on Cloud: NaN, on Mobile: NaN)
average processing time: 1,293757 seconds. (on Edge: 1,293757, on Cloud: NaN, on Mobile: NaN)
average network delay: 0,083409 seconds. (LAN delay: 0,071276, MAN delay: 0,013148, WAN delay: NaN)
average server utilization Edge/Cloud/Mobile: 11,062682/0,000000/0,000000
average cost: 0.0$
Scenario finished at 18/09/2020 09:12:50. It took 14 Seconds
----------------------------------------------------------------------
Scenario started at 18/09/2020 09:12:50
Scenario: TWO_TIER_WITH_EO - Policy: HYBRID - #iteration: 4
Duration: 5.0 min (warm up period: 1.0 min) - #devices: 800
Creating tasks...Done, 
Creating device locations...Done.
SimManager is starting...Done.
.........10.........20.........30.........40.........50.........60.........70.........80.........90.........100
# of tasks (Edge/Cloud/Mobile): 25642(25642/0/0)
# of failed tasks (Edge/Cloud/Mobile): 184(184/0/0)
# of completed tasks (Edge/Cloud/Mobile): 25458(25458/0/0)
# of uncompleted tasks (Edge/Cloud/Mobile): 135(129/0/6)
# of failed tasks due to vm capacity (Edge/Cloud/Mobile): 0(0/0/0)
# of failed tasks due to Mobility/Network(WLAN/MAN/WAN): 184/0(0/0/0)
percentage of failed tasks: 0,717573%
average service time: 1,373989 seconds. (on Edge: 1,373989, on Cloud: NaN, on Mobile: NaN)
average processing time: 1,290050 seconds. (on Edge: 1,290050, on Cloud: NaN, on Mobile: NaN)
average network delay: 0,083939 seconds. (LAN delay: 0,071883, MAN delay: 0,013136, WAN delay: NaN)
average server utilization Edge/Cloud/Mobile: 11,355685/0,000000/0,000000
average cost: 0.0$
Scenario finished at 18/09/2020 09:13:06. It took 15 Seconds
----------------------------------------------------------------------
Scenario started at 18/09/2020 09:13:06
Scenario: TWO_TIER_WITH_EO - Policy: FUZZY_BASED - #iteration: 4
Duration: 5.0 min (warm up period: 1.0 min) - #devices: 800
Creating tasks...Done, 
Creating device locations...Done.
SimManager is starting...Done.
.........10.........20.........30.........40.........50.........60.........70.........80.........90.........100
# of tasks (Edge/Cloud/Mobile): 25300(21646/3654/0)
# of failed tasks (Edge/Cloud/Mobile): 119(99/20/0)
# of completed tasks (Edge/Cloud/Mobile): 25181(21547/3634/0)
# of uncompleted tasks (Edge/Cloud/Mobile): 117(114/1/2)
# of failed tasks due to vm capacity (Edge/Cloud/Mobile): 0(0/0/0)
# of failed tasks due to Mobility/Network(WLAN/MAN/WAN): 119/0(0/0/0)
percentage of failed tasks: 0,470356%
average service time: 0,954201 seconds. (on Edge: 0,920452, on Cloud: 1,154307, on Mobile: NaN)
average processing time: 0,761328 seconds. (on Edge: 0,851958, on Cloud: 0,223959, on Mobile: NaN)
average network delay: 0,192873 seconds. (LAN delay: 0,068494, MAN delay: NaN, WAN delay: 0,930348)
average server utilization Edge/Cloud/Mobile: 3,924563/1,780612/0,000000
average cost: 0.0$
Scenario finished at 18/09/2020 09:16:12. It took 3 Minutes 6 Seconds
----------------------------------------------------------------------
Scenario started at 18/09/2020 09:16:12
Scenario: TWO_TIER_WITH_EO - Policy: DDQN - #iteration: 4
Duration: 5.0 min (warm up period: 1.0 min) - #devices: 1000
Creating tasks...Done, 
Creating device locations...Done.
SimManager is starting...Done.
.........10.........20.........30.........40.........50.........60.........70.........80.........90.........100
# of tasks (Edge/Cloud/Mobile): 32160(14360/17800/0)
# of failed tasks (Edge/Cloud/Mobile): 270(85/185/0)
# of completed tasks (Edge/Cloud/Mobile): 31890(14275/17615/0)
# of uncompleted tasks (Edge/Cloud/Mobile): 300(140/13/147)
# of failed tasks due to vm capacity (Edge/Cloud/Mobile): 0(0/0/0)
# of failed tasks due to Mobility/Network(WLAN/MAN/WAN): 270/0(0/0/0)
percentage of failed tasks: 0,839552%
average service time: 1,659874 seconds. (on Edge: 1,162048, on Cloud: 2,063306, on Mobile: NaN)
average processing time: 0,561733 seconds. (on Edge: 1,081168, on Cloud: 0,140789, on Mobile: NaN)
average network delay: 1,098141 seconds. (LAN delay: 0,069011, MAN delay: 0,012561, WAN delay: 1,922517)
average server utilization Edge/Cloud/Mobile: 3,433309/2,778571/0,000000
average cost: 0.0$
Scenario finished at 18/09/2020 09:16:55. It took 42 Seconds
----------------------------------------------------------------------
Scenario started at 18/09/2020 09:16:55
Scenario: TWO_TIER_WITH_EO - Policy: NETWORK_BASED - #iteration: 4
Duration: 5.0 min (warm up period: 1.0 min) - #devices: 1000
Creating tasks...Done, 
Creating device locations...Done.
SimManager is starting...Done.
.........10.........20.........30.........40.........50.........60.........70.........80.........90.........100
# of tasks (Edge/Cloud/Mobile): 33966(15792/18174/0)
# of failed tasks (Edge/Cloud/Mobile): 258(88/170/0)
# of completed tasks (Edge/Cloud/Mobile): 33708(15704/18004/0)
# of uncompleted tasks (Edge/Cloud/Mobile): 235(99/25/111)
# of failed tasks due to vm capacity (Edge/Cloud/Mobile): 0(0/0/0)
# of failed tasks due to Mobility/Network(WLAN/MAN/WAN): 258/0(0/0/0)
percentage of failed tasks: 0,759583%
average service time: 1,545075 seconds. (on Edge: 1,272489, on Cloud: 1,782839, on Mobile: NaN)
average processing time: 0,610075 seconds. (on Edge: 1,184832, on Cloud: 0,108743, on Mobile: NaN)
average network delay: 0,935000 seconds. (LAN delay: 0,076102, MAN delay: 0,013104, WAN delay: 1,674096)
average server utilization Edge/Cloud/Mobile: 6,192784/1,816327/0,000000
average cost: 0.0$
Scenario finished at 18/09/2020 09:17:14. It took 19 Seconds
----------------------------------------------------------------------
Scenario started at 18/09/2020 09:17:14
Scenario: TWO_TIER_WITH_EO - Policy: UTILIZATION_BASED - #iteration: 4
Duration: 5.0 min (warm up period: 1.0 min) - #devices: 1000
Creating tasks...Done, 
Creating device locations...Done.
SimManager is starting...Done.
.........10.........20.........30.........40.........50.........60.........70.........80.........90.........100
# of tasks (Edge/Cloud/Mobile): 32980(32980/0/0)
# of failed tasks (Edge/Cloud/Mobile): 273(273/0/0)
# of completed tasks (Edge/Cloud/Mobile): 32707(32707/0/0)
# of uncompleted tasks (Edge/Cloud/Mobile): 179(170/0/9)
# of failed tasks due to vm capacity (Edge/Cloud/Mobile): 0(0/0/0)
# of failed tasks due to Mobility/Network(WLAN/MAN/WAN): 273/0(0/0/0)
percentage of failed tasks: 0,827774%
average service time: 1,550533 seconds. (on Edge: 1,550533, on Cloud: NaN, on Mobile: NaN)
average processing time: 1,457304 seconds. (on Edge: 1,457304, on Cloud: NaN, on Mobile: NaN)
average network delay: 0,093229 seconds. (LAN delay: 0,080781, MAN delay: 0,013504, WAN delay: NaN)
average server utilization Edge/Cloud/Mobile: 16,651968/0,000000/0,000000
average cost: 0.0$
Scenario finished at 18/09/2020 09:17:36. It took 22 Seconds
----------------------------------------------------------------------
Scenario started at 18/09/2020 09:17:36
Scenario: TWO_TIER_WITH_EO - Policy: HYBRID - #iteration: 4
Duration: 5.0 min (warm up period: 1.0 min) - #devices: 1000
Creating tasks...Done, 
Creating device locations...Done.
SimManager is starting...Done.
.........10.........20.........30.........40.........50.........60.........70.........80.........90.........100
# of tasks (Edge/Cloud/Mobile): 32568(32568/0/0)
# of failed tasks (Edge/Cloud/Mobile): 263(263/0/0)
# of completed tasks (Edge/Cloud/Mobile): 32305(32305/0/0)
# of uncompleted tasks (Edge/Cloud/Mobile): 180(170/0/10)
# of failed tasks due to vm capacity (Edge/Cloud/Mobile): 0(0/0/0)
# of failed tasks due to Mobility/Network(WLAN/MAN/WAN): 263/0(0/0/0)
percentage of failed tasks: 0,807541%
average service time: 1,495829 seconds. (on Edge: 1,495829, on Cloud: NaN, on Mobile: NaN)
average processing time: 1,403567 seconds. (on Edge: 1,403567, on Cloud: NaN, on Mobile: NaN)
average network delay: 0,092263 seconds. (LAN delay: 0,079800, MAN delay: 0,013482, WAN delay: NaN)
average server utilization Edge/Cloud/Mobile: 16,121356/0,000000/0,000000
average cost: 0.0$
Scenario finished at 18/09/2020 09:17:59. It took 22 Seconds
----------------------------------------------------------------------
Scenario started at 18/09/2020 09:17:59
Scenario: TWO_TIER_WITH_EO - Policy: FUZZY_BASED - #iteration: 4
Duration: 5.0 min (warm up period: 1.0 min) - #devices: 1000
Creating tasks...Done, 
Creating device locations...Done.
SimManager is starting...Done.
.........10.........20.........30.........40.........50.........60.........70.........80.........90.........100
# of tasks (Edge/Cloud/Mobile): 33916(29589/4327/0)
# of failed tasks (Edge/Cloud/Mobile): 175(155/20/0)
# of completed tasks (Edge/Cloud/Mobile): 33741(29434/4307/0)
# of uncompleted tasks (Edge/Cloud/Mobile): 165(153/2/10)
# of failed tasks due to vm capacity (Edge/Cloud/Mobile): 0(0/0/0)
# of failed tasks due to Mobility/Network(WLAN/MAN/WAN): 175/0(0/0/0)
percentage of failed tasks: 0,515981%
average service time: 1,006349 seconds. (on Edge: 0,970650, on Cloud: 1,250316, on Mobile: NaN)
average processing time: 0,808985 seconds. (on Edge: 0,893381, on Cloud: 0,232226, on Mobile: NaN)
average network delay: 0,197364 seconds. (LAN delay: 0,077263, MAN delay: 0,012887, WAN delay: 1,018090)
average server utilization Edge/Cloud/Mobile: 5,550292/1,974490/0,000000
average cost: 0.0$
Scenario finished at 18/09/2020 09:22:06. It took 4 Minutes 6 Seconds
----------------------------------------------------------------------
Scenario started at 18/09/2020 09:22:06
Scenario: TWO_TIER_WITH_EO - Policy: DDQN - #iteration: 4
Duration: 5.0 min (warm up period: 1.0 min) - #devices: 1200
Creating tasks...Done, 
Creating device locations...Done.
SimManager is starting...Done.
.........10.........20.........30.........40.........50.........60.........70.........80.........90.........100
# of tasks (Edge/Cloud/Mobile): 38408(20042/18366/0)
# of failed tasks (Edge/Cloud/Mobile): 335(104/231/0)
# of completed tasks (Edge/Cloud/Mobile): 38073(19938/18135/0)
# of uncompleted tasks (Edge/Cloud/Mobile): 392(200/19/173)
# of failed tasks due to vm capacity (Edge/Cloud/Mobile): 0(0/0/0)
# of failed tasks due to Mobility/Network(WLAN/MAN/WAN): 335/0(0/0/0)
percentage of failed tasks: 0,872214%
average service time: 1,845604 seconds. (on Edge: 1,437395, on Cloud: 2,294397, on Mobile: NaN)
average processing time: 0,773899 seconds. (on Edge: 1,345229, on Cloud: 0,145768, on Mobile: NaN)
average network delay: 1,071705 seconds. (LAN delay: 0,080502, MAN delay: 0,012641, WAN delay: 2,148629)
average server utilization Edge/Cloud/Mobile: 6,205539/3,340816/0,000000
average cost: 0.0$
Scenario finished at 18/09/2020 09:23:01. It took 54 Seconds
----------------------------------------------------------------------
Scenario started at 18/09/2020 09:23:01
Scenario: TWO_TIER_WITH_EO - Policy: NETWORK_BASED - #iteration: 4
Duration: 5.0 min (warm up period: 1.0 min) - #devices: 1200
Creating tasks...Done, 
Creating device locations...Done.
SimManager is starting...Done.
.........10.........20.........30.........40.........50.........60.........70.........80.........90.........100
# of tasks (Edge/Cloud/Mobile): 38356(19345/19011/0)
# of failed tasks (Edge/Cloud/Mobile): 259(89/170/0)
# of completed tasks (Edge/Cloud/Mobile): 38097(19256/18841/0)
# of uncompleted tasks (Edge/Cloud/Mobile): 263(107/41/115)
# of failed tasks due to vm capacity (Edge/Cloud/Mobile): 0(0/0/0)
# of failed tasks due to Mobility/Network(WLAN/MAN/WAN): 259/0(0/0/0)
percentage of failed tasks: 0,675253%
average service time: 1,571979 seconds. (on Edge: 1,368209, on Cloud: 1,780236, on Mobile: NaN)
average processing time: 0,700370 seconds. (on Edge: 1,276020, on Cloud: 0,112041, on Mobile: NaN)
average network delay: 0,871609 seconds. (LAN delay: 0,080131, MAN delay: 0,013343, WAN delay: 1,668196)
average server utilization Edge/Cloud/Mobile: 8,653061/2,084694/0,000000
average cost: 0.0$
Scenario finished at 18/09/2020 09:23:28. It took 27 Seconds
----------------------------------------------------------------------
Scenario started at 18/09/2020 09:23:28
Scenario: TWO_TIER_WITH_EO - Policy: UTILIZATION_BASED - #iteration: 4
Duration: 5.0 min (warm up period: 1.0 min) - #devices: 1200
Creating tasks...Done, 
Creating device locations...Done.
SimManager is starting...Done.
.........10.........20.........30.........40.........50.........60.........70.........80.........90.........100
# of tasks (Edge/Cloud/Mobile): 40324(40324/0/0)
# of failed tasks (Edge/Cloud/Mobile): 361(361/0/0)
# of completed tasks (Edge/Cloud/Mobile): 39963(39963/0/0)
# of uncompleted tasks (Edge/Cloud/Mobile): 281(260/0/21)
# of failed tasks due to vm capacity (Edge/Cloud/Mobile): 0(0/0/0)
# of failed tasks due to Mobility/Network(WLAN/MAN/WAN): 361/0(0/0/0)
percentage of failed tasks: 0,895248%
average service time: 1,942982 seconds. (on Edge: 1,942982, on Cloud: NaN, on Mobile: NaN)
average processing time: 1,837822 seconds. (on Edge: 1,837822, on Cloud: NaN, on Mobile: NaN)
average network delay: 0,105160 seconds. (LAN delay: 0,092135, MAN delay: 0,014060, WAN delay: NaN)
average server utilization Edge/Cloud/Mobile: 24,337099/0,000000/0,000000
average cost: 0.0$
Scenario finished at 18/09/2020 09:24:05. It took 36 Seconds
----------------------------------------------------------------------
Scenario started at 18/09/2020 09:24:05
Scenario: TWO_TIER_WITH_EO - Policy: HYBRID - #iteration: 4
Duration: 5.0 min (warm up period: 1.0 min) - #devices: 1200
Creating tasks...Done, 
Creating device locations...Done.
SimManager is starting...Done.
.........10.........20.........30.........40.........50.........60.........70.........80.........90.........100
# of tasks (Edge/Cloud/Mobile): 41312(41291/21/0)
# of failed tasks (Edge/Cloud/Mobile): 434(433/1/0)
# of completed tasks (Edge/Cloud/Mobile): 40878(40858/20/0)
# of uncompleted tasks (Edge/Cloud/Mobile): 346(326/0/20)
# of failed tasks due to vm capacity (Edge/Cloud/Mobile): 0(0/0/0)
# of failed tasks due to Mobility/Network(WLAN/MAN/WAN): 434/0(0/0/0)
percentage of failed tasks: 1,050542%
average service time: 1,991294 seconds. (on Edge: 1,991350, on Cloud: 1,875003, on Mobile: NaN)
average processing time: 1,882264 seconds. (on Edge: 1,883138, on Cloud: 0,095675, on Mobile: NaN)
average network delay: 0,109030 seconds. (LAN delay: 0,095076, MAN delay: 0,014193, WAN delay: 1,779327)
average server utilization Edge/Cloud/Mobile: 26,623542/0,009184/0,000000
average cost: 0.0$
Scenario finished at 18/09/2020 09:24:44. It took 39 Seconds
----------------------------------------------------------------------
Scenario started at 18/09/2020 09:24:44
Scenario: TWO_TIER_WITH_EO - Policy: FUZZY_BASED - #iteration: 4
Duration: 5.0 min (warm up period: 1.0 min) - #devices: 1200
Creating tasks...Done, 
Creating device locations...Done.
SimManager is starting...Done.
.........10.........20.........30.........40.........50.........60.........70.........80.........90.........100
# of tasks (Edge/Cloud/Mobile): 41509(36594/4915/0)
# of failed tasks (Edge/Cloud/Mobile): 219(193/26/0)
# of completed tasks (Edge/Cloud/Mobile): 41290(36401/4889/0)
# of uncompleted tasks (Edge/Cloud/Mobile): 265(247/0/18)
# of failed tasks due to vm capacity (Edge/Cloud/Mobile): 0(0/0/0)
# of failed tasks due to Mobility/Network(WLAN/MAN/WAN): 219/0(0/0/0)
percentage of failed tasks: 0,527596%
average service time: 1,242106 seconds. (on Edge: 1,228753, on Cloud: 1,341525, on Mobile: NaN)
average processing time: 1,027969 seconds. (on Edge: 1,136153, on Cloud: 0,222490, on Mobile: NaN)
average network delay: 0,214137 seconds. (LAN delay: 0,092087, MAN delay: 0,013039, WAN delay: 1,119035)
average server utilization Edge/Cloud/Mobile: 8,980685/2,183673/0,000000
average cost: 0.0$
Scenario finished at 18/09/2020 09:29:51. It took 5 Minutes 6 Seconds
----------------------------------------------------------------------
Scenario started at 18/09/2020 09:29:51
Scenario: TWO_TIER_WITH_EO - Policy: DDQN - #iteration: 4
Duration: 5.0 min (warm up period: 1.0 min) - #devices: 1400
Creating tasks...Done, 
Creating device locations...Done.
SimManager is starting...Done.
.........10.........20.........30.........40.........50.........60.........70.........80.........90.........100
# of tasks (Edge/Cloud/Mobile): 45148(26384/18764/0)
# of failed tasks (Edge/Cloud/Mobile): 505(228/277/0)
# of completed tasks (Edge/Cloud/Mobile): 44643(26156/18487/0)
# of uncompleted tasks (Edge/Cloud/Mobile): 534(311/26/197)
# of failed tasks due to vm capacity (Edge/Cloud/Mobile): 0(0/0/0)
# of failed tasks due to Mobility/Network(WLAN/MAN/WAN): 505/0(0/0/0)
percentage of failed tasks: 1,118543%
average service time: 1,999114 seconds. (on Edge: 1,678681, on Cloud: 2,452472, on Mobile: NaN)
average processing time: 0,990502 seconds. (on Edge: 1,584823, on Cloud: 0,149637, on Mobile: NaN)
average network delay: 1,008612 seconds. (LAN delay: 0,081827, MAN delay: 0,012763, WAN delay: 2,302836)
average server utilization Edge/Cloud/Mobile: 9,873907/3,428571/0,000000
average cost: 0.0$
Scenario finished at 18/09/2020 09:31:09. It took 1 Minute 18 Seconds
----------------------------------------------------------------------
Scenario started at 18/09/2020 09:31:09
Scenario: TWO_TIER_WITH_EO - Policy: NETWORK_BASED - #iteration: 4
Duration: 5.0 min (warm up period: 1.0 min) - #devices: 1400
Creating tasks...Done, 
Creating device locations...Done.
SimManager is starting...Done.
.........10.........20.........30.........40.........50.........60.........70.........80.........90.........100
# of tasks (Edge/Cloud/Mobile): 47107(27570/19537/0)
# of failed tasks (Edge/Cloud/Mobile): 365(183/182/0)
# of completed tasks (Edge/Cloud/Mobile): 46742(27387/19355/0)
# of uncompleted tasks (Edge/Cloud/Mobile): 317(155/26/136)
# of failed tasks due to vm capacity (Edge/Cloud/Mobile): 0(0/0/0)
# of failed tasks due to Mobility/Network(WLAN/MAN/WAN): 365/0(0/0/0)
percentage of failed tasks: 0,774832%
average service time: 1,636632 seconds. (on Edge: 1,505160, on Cloud: 1,822663, on Mobile: NaN)
average processing time: 0,870866 seconds. (on Edge: 1,404831, on Cloud: 0,115315, on Mobile: NaN)
average network delay: 0,765766 seconds. (LAN delay: 0,087549, MAN delay: 0,013933, WAN delay: 1,707348)
average server utilization Edge/Cloud/Mobile: 13,471210/2,229592/0,000000
average cost: 0.0$
Scenario finished at 18/09/2020 09:31:57. It took 47 Seconds
----------------------------------------------------------------------
Scenario started at 18/09/2020 09:31:57
Scenario: TWO_TIER_WITH_EO - Policy: UTILIZATION_BASED - #iteration: 4
Duration: 5.0 min (warm up period: 1.0 min) - #devices: 1400
Creating tasks...Done, 
Creating device locations...Done.
SimManager is starting...Done.
.........10.........20.........30.........40.........50.........60.........70.........80.........90.........100
# of tasks (Edge/Cloud/Mobile): 45629(45351/278/0)
# of failed tasks (Edge/Cloud/Mobile): 742(636/106/0)
# of completed tasks (Edge/Cloud/Mobile): 44887(44715/172/0)
# of uncompleted tasks (Edge/Cloud/Mobile): 770(752/0/18)
# of failed tasks due to vm capacity (Edge/Cloud/Mobile): 0(0/0/0)
# of failed tasks due to Mobility/Network(WLAN/MAN/WAN): 641/101(0/0/101)
percentage of failed tasks: 1,626159%
average service time: 2,665324 seconds. (on Edge: 2,667245, on Cloud: 2,165820, on Mobile: NaN)
average processing time: 2,539835 seconds. (on Edge: 2,549124, on Cloud: 0,124920, on Mobile: NaN)
average network delay: 0,125489 seconds. (LAN delay: 0,104480, MAN delay: 0,014710, WAN delay: 2,040900)
average server utilization Edge/Cloud/Mobile: 38,791910/0,152041/0,000000
average cost: 0.0$
Scenario finished at 18/09/2020 09:32:43. It took 46 Seconds
----------------------------------------------------------------------
Scenario started at 18/09/2020 09:32:43
Scenario: TWO_TIER_WITH_EO - Policy: HYBRID - #iteration: 4
Duration: 5.0 min (warm up period: 1.0 min) - #devices: 1400
Creating tasks...Done, 
Creating device locations...Done.
SimManager is starting...Done.
.........10.........20.........30.........40.........50.........60.........70.........80.........90.........100
# of tasks (Edge/Cloud/Mobile): 44990(44932/58/0)
# of failed tasks (Edge/Cloud/Mobile): 579(578/1/0)
# of completed tasks (Edge/Cloud/Mobile): 44411(44354/57/0)
# of uncompleted tasks (Edge/Cloud/Mobile): 547(524/0/23)
# of failed tasks due to vm capacity (Edge/Cloud/Mobile): 0(0/0/0)
# of failed tasks due to Mobility/Network(WLAN/MAN/WAN): 579/0(0/0/0)
percentage of failed tasks: 1,286953%
average service time: 2,457588 seconds. (on Edge: 2,458885, on Cloud: 1,447762, on Mobile: NaN)
average processing time: 2,340760 seconds. (on Edge: 2,343575, on Cloud: 0,150215, on Mobile: NaN)
average network delay: 0,116828 seconds. (LAN delay: 0,101757, MAN delay: 0,014617, WAN delay: 1,297547)
average server utilization Edge/Cloud/Mobile: 35,291910/0,101020/0,000000
average cost: 0.0$
Scenario finished at 18/09/2020 09:33:29. It took 45 Seconds
----------------------------------------------------------------------
Scenario started at 18/09/2020 09:33:29
Scenario: TWO_TIER_WITH_EO - Policy: FUZZY_BASED - #iteration: 4
Duration: 5.0 min (warm up period: 1.0 min) - #devices: 1400
Creating tasks...Done, 
Creating device locations...Done.
SimManager is starting...Done.
.........10.........20.........30.........40.........50.........60.........70.........80.........90.........100
# of tasks (Edge/Cloud/Mobile): 44883(38668/6215/0)
# of failed tasks (Edge/Cloud/Mobile): 280(230/50/0)
# of completed tasks (Edge/Cloud/Mobile): 44603(38438/6165/0)
# of uncompleted tasks (Edge/Cloud/Mobile): 306(279/1/26)
# of failed tasks due to vm capacity (Edge/Cloud/Mobile): 0(0/0/0)
# of failed tasks due to Mobility/Network(WLAN/MAN/WAN): 280/0(0/0/0)
percentage of failed tasks: 0,623844%
average service time: 1,257767 seconds. (on Edge: 1,243957, on Cloud: 1,343867, on Mobile: NaN)
average processing time: 1,022040 seconds. (on Edge: 1,148826, on Cloud: 0,231542, on Mobile: NaN)
average network delay: 0,235727 seconds. (LAN delay: 0,094610, MAN delay: 0,013135, WAN delay: 1,112325)
average server utilization Edge/Cloud/Mobile: 9,901239/2,724490/0,000000
average cost: 0.0$
Scenario finished at 18/09/2020 09:39:05. It took 5 Minutes 36 Seconds
----------------------------------------------------------------------
Scenario started at 18/09/2020 09:39:05
Scenario: TWO_TIER_WITH_EO - Policy: DDQN - #iteration: 4
Duration: 5.0 min (warm up period: 1.0 min) - #devices: 1600
Creating tasks...Done, 
Creating device locations...Done.
SimManager is starting...Done.
.........10.........20.........30.........40.........50.........60.........70.........80.........90.........100
# of tasks (Edge/Cloud/Mobile): 53363(35867/17496/0)
# of failed tasks (Edge/Cloud/Mobile): 638(358/280/0)
# of completed tasks (Edge/Cloud/Mobile): 52725(35509/17216/0)
# of uncompleted tasks (Edge/Cloud/Mobile): 722(500/14/208)
# of failed tasks due to vm capacity (Edge/Cloud/Mobile): 0(0/0/0)
# of failed tasks due to Mobility/Network(WLAN/MAN/WAN): 637/1(0/0/1)
percentage of failed tasks: 1,195585%
average service time: 2,356625 seconds. (on Edge: 2,131918, on Cloud: 2,820096, on Mobile: NaN)
average processing time: 1,410804 seconds. (on Edge: 2,019439, on Cloud: 0,155458, on Mobile: NaN)
average network delay: 0,945821 seconds. (LAN delay: 0,100385, MAN delay: 0,012922, WAN delay: 2,664639)
average server utilization Edge/Cloud/Mobile: 17,799927/3,581633/0,000000
average cost: 0.0$
Scenario finished at 18/09/2020 09:40:34. It took 1 Minute 28 Seconds
----------------------------------------------------------------------
Scenario started at 18/09/2020 09:40:34
Scenario: TWO_TIER_WITH_EO - Policy: NETWORK_BASED - #iteration: 4
Duration: 5.0 min (warm up period: 1.0 min) - #devices: 1600
Creating tasks...Done, 
Creating device locations...Done.
SimManager is starting...Done.
.........10.........20.........30.........40.........50.........60.........70.........80.........90.........100
# of tasks (Edge/Cloud/Mobile): 56541(36541/20000/0)
# of failed tasks (Edge/Cloud/Mobile): 568(339/229/0)
# of completed tasks (Edge/Cloud/Mobile): 55973(36202/19771/0)
# of uncompleted tasks (Edge/Cloud/Mobile): 433(260/40/133)
# of failed tasks due to vm capacity (Edge/Cloud/Mobile): 0(0/0/0)
# of failed tasks due to Mobility/Network(WLAN/MAN/WAN): 568/0(0/0/0)
percentage of failed tasks: 1,004581%
average service time: 1,779407 seconds. (on Edge: 1,757715, on Cloud: 1,819126, on Mobile: NaN)
average processing time: 1,099622 seconds. (on Edge: 1,638052, on Cloud: 0,113720, on Mobile: NaN)
average network delay: 0,679786 seconds. (LAN delay: 0,105458, MAN delay: 0,015340, WAN delay: 1,705406)
average server utilization Edge/Cloud/Mobile: 22,799198/2,236735/0,000000
average cost: 0.0$
Scenario finished at 18/09/2020 09:41:37. It took 1 Minute 3 Seconds
----------------------------------------------------------------------
Scenario started at 18/09/2020 09:41:37
Scenario: TWO_TIER_WITH_EO - Policy: UTILIZATION_BASED - #iteration: 4
Duration: 5.0 min (warm up period: 1.0 min) - #devices: 1600
Creating tasks...Done, 
Creating device locations...Done.
SimManager is starting...Done.
.........10.........20.........30.........40.........50.........60.........70.........80.........90.........100
# of tasks (Edge/Cloud/Mobile): 53817(49771/4046/0)
# of failed tasks (Edge/Cloud/Mobile): 2041(937/1104/0)
# of completed tasks (Edge/Cloud/Mobile): 51776(48834/2942/0)
# of uncompleted tasks (Edge/Cloud/Mobile): 1125(1093/1/31)
# of failed tasks due to vm capacity (Edge/Cloud/Mobile): 0(0/0/0)
# of failed tasks due to Mobility/Network(WLAN/MAN/WAN): 972/1069(0/0/1069)
percentage of failed tasks: 3,792482%
average service time: 3,653801 seconds. (on Edge: 3,731978, on Cloud: 2,356147, on Mobile: NaN)
average processing time: 3,403430 seconds. (on Edge: 3,601340, on Cloud: 0,118341, on Mobile: NaN)
average network delay: 0,250371 seconds. (LAN delay: 0,115658, MAN delay: 0,016150, WAN delay: 2,237806)
average server utilization Edge/Cloud/Mobile: 57,106778/0,527551/0,000000
average cost: 0.0$
Scenario finished at 18/09/2020 09:42:43. It took 1 Minute 5 Seconds
----------------------------------------------------------------------
Scenario started at 18/09/2020 09:42:43
Scenario: TWO_TIER_WITH_EO - Policy: HYBRID - #iteration: 4
Duration: 5.0 min (warm up period: 1.0 min) - #devices: 1600
Creating tasks...Done, 
Creating device locations...Done.
SimManager is starting...Done.
.........10.........20.........30.........40.........50.........60.........70.........80.........90.........100
# of tasks (Edge/Cloud/Mobile): 51882(49375/2507/0)
# of failed tasks (Edge/Cloud/Mobile): 926(901/25/0)
# of completed tasks (Edge/Cloud/Mobile): 50956(48474/2482/0)
# of uncompleted tasks (Edge/Cloud/Mobile): 1072(1057/0/15)
# of failed tasks due to vm capacity (Edge/Cloud/Mobile): 29(29/0/0)
# of failed tasks due to Mobility/Network(WLAN/MAN/WAN): 897/0(0/0/0)
percentage of failed tasks: 1,784819%
average service time: 3,435395 seconds. (on Edge: 3,533223, on Cloud: 1,524793, on Mobile: NaN)
average processing time: 3,246788 seconds. (on Edge: 3,407068, on Cloud: 0,116478, on Mobile: NaN)
average network delay: 0,188607 seconds. (LAN delay: 0,111571, MAN delay: 0,015724, WAN delay: 1,408315)
average server utilization Edge/Cloud/Mobile: 54,695335/0,345918/0,000000
average cost: 0.0$
Scenario finished at 18/09/2020 09:43:50. It took 1 Minute 7 Seconds
----------------------------------------------------------------------
Scenario started at 18/09/2020 09:43:50
Scenario: TWO_TIER_WITH_EO - Policy: FUZZY_BASED - #iteration: 4
Duration: 5.0 min (warm up period: 1.0 min) - #devices: 1600
Creating tasks...Done, 
Creating device locations...Done.
SimManager is starting...Done.
.........10.........20.........30.........40.........50.........60.........70.........80.........90.........100
# of tasks (Edge/Cloud/Mobile): 54213(48224/5989/0)
# of failed tasks (Edge/Cloud/Mobile): 358(319/39/0)
# of completed tasks (Edge/Cloud/Mobile): 53855(47905/5950/0)
# of uncompleted tasks (Edge/Cloud/Mobile): 431(406/2/23)
# of failed tasks due to vm capacity (Edge/Cloud/Mobile): 0(0/0/0)
# of failed tasks due to Mobility/Network(WLAN/MAN/WAN): 358/0(0/0/0)
percentage of failed tasks: 0,660358%
average service time: 1,610973 seconds. (on Edge: 1,646214, on Cloud: 1,327237, on Mobile: NaN)
average processing time: 1,386735 seconds. (on Edge: 1,531241, on Cloud: 0,223281, on Mobile: NaN)
average network delay: 0,224238 seconds. (LAN delay: 0,113336, MAN delay: 0,013684, WAN delay: 1,103955)
average server utilization Edge/Cloud/Mobile: 17,467566/2,734694/0,000000
average cost: 0.0$
Scenario finished at 18/09/2020 09:50:50. It took 7 Minutes 0 Seconds
----------------------------------------------------------------------
Scenario started at 18/09/2020 09:50:51
Scenario: TWO_TIER_WITH_EO - Policy: DDQN - #iteration: 4
Duration: 5.0 min (warm up period: 1.0 min) - #devices: 1800
Creating tasks...Done, 
Creating device locations...Done.
SimManager is starting...Done.
.........10.........20.........30.........40.........50.........60.........70.........80.........90.........100
# of tasks (Edge/Cloud/Mobile): 57970(41482/16488/0)
# of failed tasks (Edge/Cloud/Mobile): 763(443/320/0)
# of completed tasks (Edge/Cloud/Mobile): 57207(41039/16168/0)
# of uncompleted tasks (Edge/Cloud/Mobile): 809(570/17/222)
# of failed tasks due to vm capacity (Edge/Cloud/Mobile): 0(0/0/0)
# of failed tasks due to Mobility/Network(WLAN/MAN/WAN): 763/0(0/0/0)
percentage of failed tasks: 1,316198%
average service time: 2,587100 seconds. (on Edge: 2,425634, on Cloud: 2,996947, on Mobile: NaN)
average processing time: 1,692608 seconds. (on Edge: 2,295138, on Cloud: 0,163216, on Mobile: NaN)
average network delay: 0,894492 seconds. (LAN delay: 0,118260, MAN delay: 0,013063, WAN delay: 2,833730)
average server utilization Edge/Cloud/Mobile: 23,719388/4,364286/0,000000
average cost: 0.0$
Scenario finished at 18/09/2020 09:52:37. It took 1 Minute 46 Seconds
----------------------------------------------------------------------
Scenario started at 18/09/2020 09:52:37
Scenario: TWO_TIER_WITH_EO - Policy: NETWORK_BASED - #iteration: 4
Duration: 5.0 min (warm up period: 1.0 min) - #devices: 1800
Creating tasks...Done, 
Creating device locations...Done.
SimManager is starting...Done.
.........10.........20.........30.........40.........50.........60.........70.........80.........90.........100
# of tasks (Edge/Cloud/Mobile): 59158(39588/19570/0)
# of failed tasks (Edge/Cloud/Mobile): 653(407/246/0)
# of completed tasks (Edge/Cloud/Mobile): 58505(39181/19324/0)
# of uncompleted tasks (Edge/Cloud/Mobile): 508(330/28/150)
# of failed tasks due to vm capacity (Edge/Cloud/Mobile): 0(0/0/0)
# of failed tasks due to Mobility/Network(WLAN/MAN/WAN): 650/3(3/0/0)
percentage of failed tasks: 1,103824%
average service time: 1,987952 seconds. (on Edge: 2,052897, on Cloud: 1,856271, on Mobile: NaN)
average processing time: 1,325148 seconds. (on Edge: 1,921658, on Cloud: 0,115676, on Mobile: NaN)
average network delay: 0,662804 seconds. (LAN delay: 0,116116, MAN delay: 0,016325, WAN delay: 1,740596)
average server utilization Edge/Cloud/Mobile: 24,426749/2,011224/0,000000
average cost: 0.0$
Scenario finished at 18/09/2020 09:53:45. It took 1 Minute 7 Seconds
----------------------------------------------------------------------
Scenario started at 18/09/2020 09:53:45
Scenario: TWO_TIER_WITH_EO - Policy: UTILIZATION_BASED - #iteration: 4
Duration: 5.0 min (warm up period: 1.0 min) - #devices: 1800
Creating tasks...Done, 
Creating device locations...Done.
SimManager is starting...Done.
.........10.........20.........30.........40.........50.........60.........70.........80.........90.........100
# of tasks (Edge/Cloud/Mobile): 60318(52775/7543/0)
# of failed tasks (Edge/Cloud/Mobile): 7185(4171/3014/0)
# of completed tasks (Edge/Cloud/Mobile): 53133(48604/4529/0)
# of uncompleted tasks (Edge/Cloud/Mobile): 1382(1250/14/118)
# of failed tasks due to vm capacity (Edge/Cloud/Mobile): 0(0/0/0)
# of failed tasks due to Mobility/Network(WLAN/MAN/WAN): 1027/6158(3/3215/2940)
percentage of failed tasks: 11,911867%
average service time: 3,676009 seconds. (on Edge: 3,693310, on Cloud: 3,490341, on Mobile: NaN)
average processing time: 3,261222 seconds. (on Edge: 3,554238, on Cloud: 0,116648, on Mobile: NaN)
average network delay: 0,414788 seconds. (LAN delay: 0,118765, MAN delay: 0,022047, WAN delay: 3,373692)
average server utilization Edge/Cloud/Mobile: 56,308673/0,551020/0,000000
average cost: 0.0$
Scenario finished at 18/09/2020 09:55:03. It took 1 Minute 17 Seconds
----------------------------------------------------------------------
Scenario started at 18/09/2020 09:55:03
Scenario: TWO_TIER_WITH_EO - Policy: HYBRID - #iteration: 4
Duration: 5.0 min (warm up period: 1.0 min) - #devices: 1800
Creating tasks...Done, 
Creating device locations...Done.
SimManager is starting...Done.
.........10.........20.........30.........40.........50.........60.........70.........80.........90.........100
# of tasks (Edge/Cloud/Mobile): 61872(55147/6725/0)
# of failed tasks (Edge/Cloud/Mobile): 5684(5632/52/0)
# of completed tasks (Edge/Cloud/Mobile): 56188(49515/6673/0)
# of uncompleted tasks (Edge/Cloud/Mobile): 1280(1233/5/42)
# of failed tasks due to vm capacity (Edge/Cloud/Mobile): 19(19/0/0)
# of failed tasks due to Mobility/Network(WLAN/MAN/WAN): 1015/4650(0/4650/0)
percentage of failed tasks: 9,186708%
average service time: 3,823971 seconds. (on Edge: 4,110310, on Cloud: 1,699278, on Mobile: NaN)
average processing time: 3,509901 seconds. (on Edge: 3,967346, on Cloud: 0,115569, on Mobile: NaN)
average network delay: 0,314070 seconds. (LAN delay: 0,122928, MAN delay: 0,021734, WAN delay: 1,583709)
average server utilization Edge/Cloud/Mobile: 60,782799/0,835714/0,000000
average cost: 0.0$
Scenario finished at 18/09/2020 09:56:39. It took 1 Minute 35 Seconds
----------------------------------------------------------------------
Scenario started at 18/09/2020 09:56:39
Scenario: TWO_TIER_WITH_EO - Policy: FUZZY_BASED - #iteration: 4
Duration: 5.0 min (warm up period: 1.0 min) - #devices: 1800
Creating tasks...Done, 
Creating device locations...Done.
SimManager is starting...Done.
.........10.........20.........30.........40.........50.........60.........70.........80.........90.........100
# of tasks (Edge/Cloud/Mobile): 56498(49691/6807/0)
# of failed tasks (Edge/Cloud/Mobile): 438(404/34/0)
# of completed tasks (Edge/Cloud/Mobile): 56060(49287/6773/0)
# of uncompleted tasks (Edge/Cloud/Mobile): 540(507/2/31)
# of failed tasks due to vm capacity (Edge/Cloud/Mobile): 0(0/0/0)
# of failed tasks due to Mobility/Network(WLAN/MAN/WAN): 434/4(4/0/0)
percentage of failed tasks: 0,775249%
average service time: 1,697152 seconds. (on Edge: 1,722651, on Cloud: 1,511600, on Mobile: NaN)
average processing time: 1,439646 seconds. (on Edge: 1,604342, on Cloud: 0,241157, on Mobile: NaN)
average network delay: 0,257506 seconds. (LAN delay: 0,116303, MAN delay: 0,013673, WAN delay: 1,270443)
average server utilization Edge/Cloud/Mobile: 19,423469/3,418367/0,000000
average cost: 0.0$
Scenario finished at 18/09/2020 10:04:10. It took 7 Minutes 31 Seconds
----------------------------------------------------------------------
Scenario started at 18/09/2020 10:04:10
Scenario: TWO_TIER_WITH_EO - Policy: DDQN - #iteration: 4
Duration: 5.0 min (warm up period: 1.0 min) - #devices: 2000
Creating tasks...Done, 
Creating device locations...Done.
SimManager is starting...Done.
.........10.........20.........30.........40.........50.........60.........70.........80.........90.........100
# of tasks (Edge/Cloud/Mobile): 65078(50346/14732/0)
# of failed tasks (Edge/Cloud/Mobile): 1877(1515/362/0)
# of completed tasks (Edge/Cloud/Mobile): 63201(48831/14370/0)
# of uncompleted tasks (Edge/Cloud/Mobile): 985(778/17/190)
# of failed tasks due to vm capacity (Edge/Cloud/Mobile): 750(750/0/0)
# of failed tasks due to Mobility/Network(WLAN/MAN/WAN): 1080/47(0/0/47)
percentage of failed tasks: 2,884231%
average service time: 3,155003 seconds. (on Edge: 3,033496, on Cloud: 3,567898, on Mobile: NaN)
average processing time: 2,278427 seconds. (on Edge: 2,896833, on Cloud: 0,177010, on Mobile: NaN)
average network delay: 0,876576 seconds. (LAN delay: 0,124394, MAN delay: 0,013196, WAN delay: 3,390888)
average server utilization Edge/Cloud/Mobile: 37,456633/3,882653/0,000000
average cost: 0.0$
Scenario finished at 18/09/2020 10:06:14. It took 2 Minutes 3 Seconds
----------------------------------------------------------------------
Scenario started at 18/09/2020 10:06:14
Scenario: TWO_TIER_WITH_EO - Policy: NETWORK_BASED - #iteration: 4
Duration: 5.0 min (warm up period: 1.0 min) - #devices: 2000
Creating tasks...Done, 
Creating device locations...Done.
SimManager is starting...Done.
.........10.........20.........30.........40.........50.........60.........70.........80.........90.........100
# of tasks (Edge/Cloud/Mobile): 64022(43717/20305/0)
# of failed tasks (Edge/Cloud/Mobile): 1945(1742/203/0)
# of completed tasks (Edge/Cloud/Mobile): 62077(41975/20102/0)
# of uncompleted tasks (Edge/Cloud/Mobile): 778(604/43/131)
# of failed tasks due to vm capacity (Edge/Cloud/Mobile): 0(0/0/0)
# of failed tasks due to Mobility/Network(WLAN/MAN/WAN): 729/1216(0/1216/0)
percentage of failed tasks: 3,038018%
average service time: 2,385285 seconds. (on Edge: 2,654936, on Cloud: 1,822227, on Mobile: NaN)
average processing time: 1,738164 seconds. (on Edge: 2,515627, on Cloud: 0,114744, on Mobile: NaN)
average network delay: 0,647121 seconds. (LAN delay: 0,117614, MAN delay: 0,023505, WAN delay: 1,707483)
average server utilization Edge/Cloud/Mobile: 30,350948/2,259184/0,000000
average cost: 0.0$
Scenario finished at 18/09/2020 10:07:31. It took 1 Minute 17 Seconds
----------------------------------------------------------------------
Scenario started at 18/09/2020 10:07:31
Scenario: TWO_TIER_WITH_EO - Policy: UTILIZATION_BASED - #iteration: 4
Duration: 5.0 min (warm up period: 1.0 min) - #devices: 2000
Creating tasks...Done, 
Creating device locations...Done.
SimManager is starting...Done.
.........10.........20.........30.........40.........50.........60.........70.........80.........90.........100
# of tasks (Edge/Cloud/Mobile): 65676(56404/9272/0)
# of failed tasks (Edge/Cloud/Mobile): 13344(9104/4240/0)
# of completed tasks (Edge/Cloud/Mobile): 52332(47300/5032/0)
# of uncompleted tasks (Edge/Cloud/Mobile): 1422(1229/17/176)
# of failed tasks due to vm capacity (Edge/Cloud/Mobile): 0(0/0/0)
# of failed tasks due to Mobility/Network(WLAN/MAN/WAN): 880/12464(1/8297/4166)
percentage of failed tasks: 20,317924%
average service time: 3,744098 seconds. (on Edge: 3,751969, on Cloud: 3,670120, on Mobile: NaN)
average processing time: 3,272430 seconds. (on Edge: 3,608104, on Cloud: 0,117146, on Mobile: NaN)
average network delay: 0,471668 seconds. (LAN delay: 0,122643, MAN delay: 0,023371, WAN delay: 3,552974)
average server utilization Edge/Cloud/Mobile: 53,989067/0,570408/0,000000
average cost: 0.0$
Scenario finished at 18/09/2020 10:08:49. It took 1 Minute 18 Seconds
----------------------------------------------------------------------
Scenario started at 18/09/2020 10:08:49
Scenario: TWO_TIER_WITH_EO - Policy: HYBRID - #iteration: 4
Duration: 5.0 min (warm up period: 1.0 min) - #devices: 2000
Creating tasks...Done, 
Creating device locations...Done.
SimManager is starting...Done.
.........10.........20.........30.........40.........50.........60.........70.........80.........90.........100
# of tasks (Edge/Cloud/Mobile): 64728(57128/7600/0)
# of failed tasks (Edge/Cloud/Mobile): 14258(14169/89/0)
# of completed tasks (Edge/Cloud/Mobile): 50470(42959/7511/0)
# of uncompleted tasks (Edge/Cloud/Mobile): 1270(1219/2/49)
# of failed tasks due to vm capacity (Edge/Cloud/Mobile): 203(203/0/0)
# of failed tasks due to Mobility/Network(WLAN/MAN/WAN): 944/13111(0/13111/0)
percentage of failed tasks: 22,027561%
average service time: 3,522089 seconds. (on Edge: 3,828895, on Cloud: 1,767322, on Mobile: NaN)
average processing time: 3,159716 seconds. (on Edge: 3,689819, on Cloud: 0,127804, on Mobile: NaN)
average network delay: 0,362373 seconds. (LAN delay: 0,124057, MAN delay: 0,016715, WAN delay: 1,639518)
average server utilization Edge/Cloud/Mobile: 51,447522/1,040816/0,000000
average cost: 0.0$
Scenario finished at 18/09/2020 10:10:21. It took 1 Minute 31 Seconds
----------------------------------------------------------------------
Scenario started at 18/09/2020 10:10:21
Scenario: TWO_TIER_WITH_EO - Policy: FUZZY_BASED - #iteration: 4
Duration: 5.0 min (warm up period: 1.0 min) - #devices: 2000
Creating tasks...Done, 
Creating device locations...Done.
SimManager is starting...Done.
.........10.........20.........30.........40.........50.........60.........70.........80.........90.........100
# of tasks (Edge/Cloud/Mobile): 67278(57743/9535/0)
# of failed tasks (Edge/Cloud/Mobile): 1452(1156/296/0)
# of completed tasks (Edge/Cloud/Mobile): 65826(56587/9239/0)
# of uncompleted tasks (Edge/Cloud/Mobile): 1587(1408/42/137)
# of failed tasks due to vm capacity (Edge/Cloud/Mobile): 212(212/0/0)
# of failed tasks due to Mobility/Network(WLAN/MAN/WAN): 1053/187(0/0/187)
percentage of failed tasks: 2,158209%
average service time: 3,313411 seconds. (on Edge: 3,464295, on Cloud: 2,389279, on Mobile: NaN)
average processing time: 2,882892 seconds. (on Edge: 3,321625, on Cloud: 0,195737, on Mobile: NaN)
average network delay: 0,430520 seconds. (LAN delay: 0,134212, MAN delay: 0,022323, WAN delay: 2,193542)
average server utilization Edge/Cloud/Mobile: 44,983965/3,543878/0,000000
average cost: 0.0$
Scenario finished at 18/09/2020 10:19:55. It took 9 Minutes 34 Seconds
----------------------------------------------------------------------
Scenario started at 18/09/2020 10:19:55
Scenario: TWO_TIER_WITH_EO - Policy: DDQN - #iteration: 4
Duration: 5.0 min (warm up period: 1.0 min) - #devices: 2200
Creating tasks...Done, 
Creating device locations...Done.
SimManager is starting...Done.
.........10.........20.........30.........40.........50.........60.........70.........80.........90.........100
# of tasks (Edge/Cloud/Mobile): 73712(61801/11911/0)
# of failed tasks (Edge/Cloud/Mobile): 6693(5742/951/0)
# of completed tasks (Edge/Cloud/Mobile): 67019(56059/10960/0)
# of uncompleted tasks (Edge/Cloud/Mobile): 1999(1679/25/295)
# of failed tasks due to vm capacity (Edge/Cloud/Mobile): 4429(4429/0/0)
# of failed tasks due to Mobility/Network(WLAN/MAN/WAN): 1684/580(0/0/580)
percentage of failed tasks: 9,079933%
average service time: 4,777812 seconds. (on Edge: 4,695764, on Cloud: 5,197481, on Mobile: NaN)
average processing time: 3,833098 seconds. (on Edge: 4,548869, on Cloud: 0,172018, on Mobile: NaN)
average network delay: 0,944714 seconds. (LAN delay: 0,134433, MAN delay: 0,013392, WAN delay: 5,025462)
average server utilization Edge/Cloud/Mobile: 62,398688/3,810204/0,000000
average cost: 0.0$
Scenario finished at 18/09/2020 10:22:27. It took 2 Minutes 32 Seconds
----------------------------------------------------------------------
Scenario started at 18/09/2020 10:22:27
Scenario: TWO_TIER_WITH_EO - Policy: NETWORK_BASED - #iteration: 4
Duration: 5.0 min (warm up period: 1.0 min) - #devices: 2200
Creating tasks...Done, 
Creating device locations...Done.
SimManager is starting...Done.
.........10.........20.........30.........40.........50.........60.........70.........80.........90.........100
# of tasks (Edge/Cloud/Mobile): 72886(52684/20202/0)
# of failed tasks (Edge/Cloud/Mobile): 12356(12160/196/0)
# of completed tasks (Edge/Cloud/Mobile): 60530(40524/20006/0)
# of uncompleted tasks (Edge/Cloud/Mobile): 2022(1821/24/177)
# of failed tasks due to vm capacity (Edge/Cloud/Mobile): 226(226/0/0)
# of failed tasks due to Mobility/Network(WLAN/MAN/WAN): 980/11150(15/11135/0)
percentage of failed tasks: 16,952501%
average service time: 3,217397 seconds. (on Edge: 3,894576, on Cloud: 1,845708, on Mobile: NaN)
average processing time: 2,544120 seconds. (on Edge: 3,743550, on Cloud: 0,114564, on Mobile: NaN)
average network delay: 0,673277 seconds. (LAN delay: 0,129283, MAN delay: 0,024085, WAN delay: 1,731144)
average server utilization Edge/Cloud/Mobile: 46,416545/2,038776/0,000000
average cost: 0.0$
Scenario finished at 18/09/2020 10:24:07. It took 1 Minute 39 Seconds
----------------------------------------------------------------------
Scenario started at 18/09/2020 10:24:07
Scenario: TWO_TIER_WITH_EO - Policy: UTILIZATION_BASED - #iteration: 4
Duration: 5.0 min (warm up period: 1.0 min) - #devices: 2200
Creating tasks...Done, 
Creating device locations...Done.
SimManager is starting...Done.
.........10.........20.........30.........40.........50.........60.........70.........80.........90.........100
# of tasks (Edge/Cloud/Mobile): 74871(59387/15484/0)
# of failed tasks (Edge/Cloud/Mobile): 24974(15190/9784/0)
# of completed tasks (Edge/Cloud/Mobile): 49897(44197/5700/0)
# of uncompleted tasks (Edge/Cloud/Mobile): 1515(1229/37/249)
# of failed tasks due to vm capacity (Edge/Cloud/Mobile): 0(0/0/0)
# of failed tasks due to Mobility/Network(WLAN/MAN/WAN): 1008/23966(25/14287/9654)
percentage of failed tasks: 33,356039%
average service time: 4,029657 seconds. (on Edge: 3,983675, on Cloud: 4,386189, on Mobile: NaN)
average processing time: 3,412127 seconds. (on Edge: 3,837840, on Cloud: 0,111209, on Mobile: NaN)
average network delay: 0,617529 seconds. (LAN delay: 0,127049, MAN delay: 0,020866, WAN delay: 4,274980)
average server utilization Edge/Cloud/Mobile: 55,501458/0,776531/0,000000
average cost: 0.0$
Scenario finished at 18/09/2020 10:25:30. It took 1 Minute 23 Seconds
----------------------------------------------------------------------
Scenario started at 18/09/2020 10:25:30
Scenario: TWO_TIER_WITH_EO - Policy: HYBRID - #iteration: 4
Duration: 5.0 min (warm up period: 1.0 min) - #devices: 2200
Creating tasks...Done, 
Creating device locations...Done.
SimManager is starting...Done.
.........10.........20.........30.........40.........50.........60.........70.........80.........90.........100
# of tasks (Edge/Cloud/Mobile): 68441(58865/9576/0)
# of failed tasks (Edge/Cloud/Mobile): 15428(15325/103/0)
# of completed tasks (Edge/Cloud/Mobile): 53013(43540/9473/0)
# of uncompleted tasks (Edge/Cloud/Mobile): 1522(1348/33/141)
# of failed tasks due to vm capacity (Edge/Cloud/Mobile): 580(580/0/0)
# of failed tasks due to Mobility/Network(WLAN/MAN/WAN): 1057/13791(4/13787/0)
percentage of failed tasks: 22,542044%
average service time: 3,779755 seconds. (on Edge: 4,200725, on Cloud: 1,844883, on Mobile: NaN)
average processing time: 3,356282 seconds. (on Edge: 4,056664, on Cloud: 0,137172, on Mobile: NaN)
average network delay: 0,423473 seconds. (LAN delay: 0,126935, MAN delay: 0,018993, WAN delay: 1,707711)
average server utilization Edge/Cloud/Mobile: 55,972303/1,329592/0,000000
average cost: 0.0$
Scenario finished at 18/09/2020 10:27:17. It took 1 Minute 47 Seconds
----------------------------------------------------------------------
Scenario started at 18/09/2020 10:27:17
Scenario: TWO_TIER_WITH_EO - Policy: FUZZY_BASED - #iteration: 4
Duration: 5.0 min (warm up period: 1.0 min) - #devices: 2200
Creating tasks...Done, 
Creating device locations...Done.
SimManager is starting...Done.
.........10.........20.........30.........40.........50.........60.........70.........80.........90.........100
# of tasks (Edge/Cloud/Mobile): 72607(61669/10938/0)
# of failed tasks (Edge/Cloud/Mobile): 6744(5737/1007/0)
# of completed tasks (Edge/Cloud/Mobile): 65863(55932/9931/0)
# of uncompleted tasks (Edge/Cloud/Mobile): 1695(1430/35/230)
# of failed tasks due to vm capacity (Edge/Cloud/Mobile): 800(800/0/0)
# of failed tasks due to Mobility/Network(WLAN/MAN/WAN): 1186/4758(0/3875/883)
percentage of failed tasks: 9,288361%
average service time: 3,542896 seconds. (on Edge: 3,650409, on Cloud: 2,937381, on Mobile: NaN)
average processing time: 3,009421 seconds. (on Edge: 3,504950, on Cloud: 0,218570, on Mobile: NaN)
average network delay: 0,533475 seconds. (LAN delay: 0,140260, MAN delay: 0,015393, WAN delay: 2,718811)
average server utilization Edge/Cloud/Mobile: 44,347668/4,206122/0,000000
average cost: 0.0$
Scenario finished at 18/09/2020 10:37:44. It took 10 Minutes 26 Seconds
----------------------------------------------------------------------
Scenario started at 18/09/2020 10:37:44
Scenario: TWO_TIER_WITH_EO - Policy: DDQN - #iteration: 4
Duration: 5.0 min (warm up period: 1.0 min) - #devices: 2400
Creating tasks...Done, 
Creating device locations...Done.
SimManager is starting...Done.
.........10.........20.........30.........40.........50.........60.........70.........80.........90.........100
# of tasks (Edge/Cloud/Mobile): 82166(70863/11303/0)
# of failed tasks (Edge/Cloud/Mobile): 15080(13305/1775/0)
# of completed tasks (Edge/Cloud/Mobile): 67086(57558/9528/0)
# of uncompleted tasks (Edge/Cloud/Mobile): 1722(1426/28/268)
# of failed tasks due to vm capacity (Edge/Cloud/Mobile): 11749(11749/0/0)
# of failed tasks due to Mobility/Network(WLAN/MAN/WAN): 1914/1417(0/0/1417)
percentage of failed tasks: 18,353090%
average service time: 5,457064 seconds. (on Edge: 5,366385, on Cloud: 6,004848, on Mobile: NaN)
average processing time: 4,494681 seconds. (on Edge: 5,208242, on Cloud: 0,184107, on Mobile: NaN)
average network delay: 0,962383 seconds. (LAN delay: 0,145547, MAN delay: 0,013476, WAN delay: 5,820741)
average server utilization Edge/Cloud/Mobile: 70,154883/3,730612/0,000000
average cost: 0.0$
Scenario finished at 18/09/2020 10:40:27. It took 2 Minutes 43 Seconds
----------------------------------------------------------------------
Scenario started at 18/09/2020 10:40:27
Scenario: TWO_TIER_WITH_EO - Policy: NETWORK_BASED - #iteration: 4
Duration: 5.0 min (warm up period: 1.0 min) - #devices: 2400
Creating tasks...Done, 
Creating device locations...Done.
SimManager is starting...Done.
.........10.........20.........30.........40.........50.........60.........70.........80.........90.........100
# of tasks (Edge/Cloud/Mobile): 75757(55260/20497/0)
# of failed tasks (Edge/Cloud/Mobile): 16356(16115/241/0)
# of completed tasks (Edge/Cloud/Mobile): 59401(39145/20256/0)
# of uncompleted tasks (Edge/Cloud/Mobile): 2368(2171/24/173)
# of failed tasks due to vm capacity (Edge/Cloud/Mobile): 412(412/0/0)
# of failed tasks due to Mobility/Network(WLAN/MAN/WAN): 865/15079(10/15069/0)
percentage of failed tasks: 21,590084%
average service time: 2,936799 seconds. (on Edge: 3,510213, on Cloud: 1,828668, on Mobile: NaN)
average processing time: 2,257720 seconds. (on Edge: 3,364830, on Cloud: 0,118213, on Mobile: NaN)
average network delay: 0,679079 seconds. (LAN delay: 0,127909, MAN delay: 0,019572, WAN delay: 1,710455)
average server utilization Edge/Cloud/Mobile: 42,016399/2,171429/0,000000
average cost: 0.0$
Scenario finished at 18/09/2020 10:42:11. It took 1 Minute 43 Seconds
----------------------------------------------------------------------
Scenario started at 18/09/2020 10:42:11
Scenario: TWO_TIER_WITH_EO - Policy: UTILIZATION_BASED - #iteration: 4
Duration: 5.0 min (warm up period: 1.0 min) - #devices: 2400
Creating tasks...Done, 
Creating device locations...Done.
SimManager is starting...Done.
.........10.........20.........30.........40.........50.........60.........70.........80.........90.........100
# of tasks (Edge/Cloud/Mobile): 80612(62774/17838/0)
# of failed tasks (Edge/Cloud/Mobile): 34435(21610/12825/0)
# of completed tasks (Edge/Cloud/Mobile): 46177(41164/5013/0)
# of uncompleted tasks (Edge/Cloud/Mobile): 1616(1242/40/334)
# of failed tasks due to vm capacity (Edge/Cloud/Mobile): 0(0/0/0)
# of failed tasks due to Mobility/Network(WLAN/MAN/WAN): 1044/33391(7/20710/12674)
percentage of failed tasks: 42,716965%
average service time: 4,142121 seconds. (on Edge: 3,945476, on Cloud: 5,756857, on Mobile: NaN)
average processing time: 3,403907 seconds. (on Edge: 3,805032, on Cloud: 0,110088, on Mobile: NaN)
average network delay: 0,738214 seconds. (LAN delay: 0,123153, MAN delay: 0,019580, WAN delay: 5,646769)
average server utilization Edge/Cloud/Mobile: 50,589650/0,906122/0,000000
average cost: 0.0$
Scenario finished at 18/09/2020 10:43:35. It took 1 Minute 23 Seconds
----------------------------------------------------------------------
Scenario started at 18/09/2020 10:43:35
Scenario: TWO_TIER_WITH_EO - Policy: HYBRID - #iteration: 4
Duration: 5.0 min (warm up period: 1.0 min) - #devices: 2400
Creating tasks...Done, 
Creating device locations...Done.
SimManager is starting...Done.
.........10.........20.........30.........40.........50.........60.........70.........80.........90.........100
# of tasks (Edge/Cloud/Mobile): 79909(70364/9545/0)
# of failed tasks (Edge/Cloud/Mobile): 27524(27432/92/0)
# of completed tasks (Edge/Cloud/Mobile): 52385(42932/9453/0)
# of uncompleted tasks (Edge/Cloud/Mobile): 1499(1310/37/152)
# of failed tasks due to vm capacity (Edge/Cloud/Mobile): 1159(1159/0/0)
# of failed tasks due to Mobility/Network(WLAN/MAN/WAN): 1131/25234(4/25230/0)
percentage of failed tasks: 34,444180%
average service time: 4,396429 seconds. (on Edge: 4,960770, on Cloud: 1,833403, on Mobile: NaN)
average processing time: 3,960081 seconds. (on Edge: 4,803771, on Cloud: 0,128355, on Mobile: NaN)
average network delay: 0,436348 seconds. (LAN delay: 0,135599, MAN delay: 0,024441, WAN delay: 1,705047)
average server utilization Edge/Cloud/Mobile: 61,933673/1,144898/0,000000
average cost: 0.0$
Scenario finished at 18/09/2020 10:45:47. It took 2 Minutes 12 Seconds
----------------------------------------------------------------------
Scenario started at 18/09/2020 10:45:47
Scenario: TWO_TIER_WITH_EO - Policy: FUZZY_BASED - #iteration: 4
Duration: 5.0 min (warm up period: 1.0 min) - #devices: 2400
Creating tasks...Done, 
Creating device locations...Done.
SimManager is starting...Done.
.........10.........20.........30.........40.........50.........60.........70.........80.........90.........100
# of tasks (Edge/Cloud/Mobile): 78014(66219/11795/0)
# of failed tasks (Edge/Cloud/Mobile): 18679(17283/1396/0)
# of completed tasks (Edge/Cloud/Mobile): 59335(48936/10399/0)
# of uncompleted tasks (Edge/Cloud/Mobile): 1110(944/22/144)
# of failed tasks due to vm capacity (Edge/Cloud/Mobile): 725(725/0/0)
# of failed tasks due to Mobility/Network(WLAN/MAN/WAN): 1126/16828(18/15569/1241)
percentage of failed tasks: 23,943138%
average service time: 3,412513 seconds. (on Edge: 3,572071, on Cloud: 2,661658, on Mobile: NaN)
average processing time: 2,868108 seconds. (on Edge: 3,427804, on Cloud: 0,234268, on Mobile: NaN)
average network delay: 0,544405 seconds. (LAN delay: 0,139714, MAN delay: 0,014725, WAN delay: 2,427390)
average server utilization Edge/Cloud/Mobile: 42,024417/3,993878/0,000000
average cost: 0.0$
Scenario finished at 18/09/2020 10:57:03. It took 11 Minutes 16 Seconds
----------------------------------------------------------------------
Simulation finished at 18/09/2020 10:57:03. It took 1 Hour 52 Minutes 47 Seconds
