#auto generated file!
6.0;0.0;0.0;0.0
12.0;0.4107142857142857;0.0;0.0
18.0;3.75;0.0;0.0
24.0;7.625;0.0;0.0
30.0;12.910714285714286;0.0;0.0
36.0;16.517857142857142;0.0;0.0
42.0;24.785714285714285;0.0;0.0
48.0;30.107142857142858;0.0;0.0
54.0;36.660714285714285;0.0;0.0
60.0;34.25;0.0;0.0
66.0;24.660714285714285;0.0;0.0
72.0;18.0;0.0;0.0
78.0;14.410714285714286;0.0;0.0
84.0;17.0;0.0;0.0
90.0;16.660714285714285;0.0;0.0
96.0;17.178571428571427;0.0;0.0
102.0;17.857142857142858;0.0;0.0
108.0;23.017857142857142;0.0;0.0
114.0;22.410714285714285;0.0;0.0
120.0;18.071428571428573;0.0;0.0
126.0;12.839285714285714;0.0;0.0
132.0;7.446428571428571;0.0;0.0
138.0;6.857142857142857;0.0;0.0
144.0;5.464285714285714;0.0;0.0
150.0;5.178571428571429;0.0;0.0
156.0;6.982142857142857;0.0;0.0
162.0;9.821428571428571;0.0;0.0
168.0;12.571428571428571;0.0;0.0
174.0;16.125;0.0;0.0
180.0;13.732142857142858;0.0;0.0
186.0;11.946428571428571;0.0;0.0
192.0;12.767857142857142;0.0;0.0
198.0;9.946428571428571;0.0;0.0
204.0;12.535714285714286;0.0;0.0
210.0;11.732142857142858;0.0;0.0
216.0;15.089285714285714;0.0;0.0
222.0;13.839285714285714;0.0;0.0
228.0;20.535714285714285;0.0;0.0
234.0;20.410714285714285;0.0;0.0
240.0;20.892857142857142;0.0;0.0
246.0;23.125;0.0;0.0
252.0;24.428571428571427;0.0;0.0
258.0;24.535714285714285;0.0;0.0
264.0;24.196428571428573;0.0;0.0
270.0;20.017857142857142;0.0;0.0
276.0;19.071428571428573;0.0;0.0
282.0;19.571428571428573;0.0;0.0
288.0;21.982142857142858;0.0;0.0
294.0;19.982142857142858;0.0;0.0
