#auto generated file!
6.0;0.0;0.0;0.0
12.0;0.16071428571428573;0.0;0.0
18.0;2.125;0.0;0.0
24.0;5.464285714285714;0.0;0.0
30.0;8.982142857142858;0.0;0.0
36.0;13.339285714285714;0.0;0.0
42.0;14.928571428571429;0.0;0.0
48.0;17.482142857142858;0.0;0.0
54.0;17.339285714285715;0.0;0.0
60.0;17.571428571428573;0.0;0.0
66.0;17.75;0.0;0.0
72.0;13.410714285714286;0.0;0.0
78.0;9.678571428571429;0.0;0.0
84.0;11.642857142857142;0.0;0.0
90.0;8.321428571428571;0.0;0.0
96.0;11.214285714285714;0.0;0.0
102.0;12.589285714285714;0.0;0.0
108.0;17.589285714285715;0.0;0.0
114.0;18.142857142857142;0.0;0.0
120.0;15.428571428571429;0.0;0.0
126.0;10.660714285714286;0.0;0.0
132.0;7.392857142857143;0.0;0.0
138.0;5.821428571428571;0.0;0.0
144.0;4.392857142857143;0.0;0.0
150.0;3.8392857142857144;0.0;0.0
156.0;4.696428571428571;0.0;0.0
162.0;6.464285714285714;0.0;0.0
168.0;8.160714285714286;0.0;0.0
174.0;8.910714285714286;0.0;0.0
180.0;10.089285714285714;0.0;0.0
186.0;7.946428571428571;0.0;0.0
192.0;9.267857142857142;0.0;0.0
198.0;9.214285714285714;0.0;0.0
204.0;6.392857142857143;0.0;0.0
210.0;10.232142857142858;0.0;0.0
216.0;10.642857142857142;0.0;0.0
222.0;10.392857142857142;0.0;0.0
228.0;12.303571428571429;0.0;0.0
234.0;13.232142857142858;0.0;0.0
240.0;15.053571428571429;0.0;0.0
246.0;13.696428571428571;0.0;0.0
252.0;11.267857142857142;0.0;0.0
258.0;12.839285714285714;0.0;0.0
264.0;17.196428571428573;0.0;0.0
270.0;14.660714285714286;0.0;0.0
276.0;15.821428571428571;0.0;0.0
282.0;14.214285714285714;0.0;0.0
288.0;15.982142857142858;0.0;0.0
294.0;12.785714285714286;0.0;0.0
