#auto generated file!
6.0;0.0;0.0;0.0
12.0;1.1964285714285714;0.0;0.0
18.0;7.875;0.0;0.0
24.0;19.964285714285715;0.0;0.0
30.0;44.625;0.0;0.0
36.0;68.05357142857143;0.44999999999999996;0.0
42.0;16.035714285714285;0.0;0.0
48.0;5.642857142857143;0.0;0.0
54.0;3.5357142857142856;0.0;0.0
60.0;3.767857142857143;0.0;0.0
66.0;3.5892857142857144;0.0;0.0
72.0;26.232142857142858;0.0;0.0
78.0;56.267857142857146;0.0;0.0
84.0;78.19642857142857;0.0;0.0
90.0;78.64285714285714;1.35;0.0
96.0;79.82142857142857;5.05;0.0
102.0;80.39285714285714;2.0999999999999996;0.0
108.0;80.30357142857143;2.45;0.0
114.0;80.28571428571429;0.8;0.0
120.0;79.80357142857143;0.6;0.0
126.0;79.07142857142857;0.15;0.0
132.0;77.73214285714286;1.95;0.0
138.0;71.33928571428571;0.0;0.0
144.0;49.160714285714285;0.75;0.0
150.0;31.428571428571427;0.0;0.0
156.0;24.053571428571427;0.0;0.0
162.0;34.392857142857146;0.0;0.0
168.0;67.78571428571429;0.0;0.0
174.0;36.32142857142857;0.0;0.0
180.0;6.946428571428571;0.0;0.0
186.0;2.5535714285714284;0.15;0.0
192.0;3.3214285714285716;0.0;0.0
198.0;3.017857142857143;0.0;0.0
204.0;2.6785714285714284;0.0;0.0
210.0;47.892857142857146;0.0;0.0
216.0;71.83928571428571;0.0;0.0
222.0;79.05357142857143;1.05;0.0
228.0;80.05357142857143;0.9;0.0
234.0;79.33928571428571;1.2;0.0
240.0;78.875;0.75;0.0
246.0;80.16071428571429;1.45;0.0
252.0;80.33928571428571;2.5;0.0
258.0;80.5;2.2;0.0
264.0;79.78571428571429;0.75;0.0
270.0;80.05357142857143;3.0;0.0
276.0;80.32142857142857;2.5;0.0
282.0;79.96428571428571;1.9;0.0
288.0;80.28571428571429;0.75;0.0
294.0;79.76785714285714;1.05;0.0
