#auto generated file!
6.0;0.0;0.0;0.0
12.0;0.0;0.0;0.0
18.0;0.0;0.3;0.0
24.0;0.0;1.2999999999999998;0.0
30.0;0.08928571428571429;0.65;0.0
36.0;1.5535714285714286;2.1999999999999997;0.0
42.0;3.5;0.49999999999999994;0.0
48.0;5.803571428571429;1.6;0.0
54.0;6.464285714285714;1.75;0.0
60.0;3.982142857142857;0.65;0.0
66.0;1.1071428571428572;2.45;0.0
72.0;0.875;3.15;0.0
78.0;0.8214285714285714;0.7999999999999999;0.0
84.0;1.0892857142857142;4.55;0.0
90.0;0.32142857142857145;3.9999999999999996;0.0
96.0;1.625;3.8;0.0
102.0;1.8571428571428572;1.15;0.0
108.0;3.4642857142857144;1.5499999999999998;0.0
114.0;3.982142857142857;1.25;0.0
120.0;1.3214285714285714;4.049999999999999;0.0
126.0;1.6071428571428572;1.25;0.0
132.0;0.5357142857142857;1.15;0.0
138.0;0.375;0.44999999999999996;0.0
144.0;0.26785714285714285;0.44999999999999996;0.0
150.0;0.21428571428571427;0.8999999999999999;0.0
156.0;0.21428571428571427;0.6;0.0
162.0;0.75;0.15;0.0
168.0;1.875;0.7000000000000001;0.0
174.0;1.9464285714285714;0.85;0.0
180.0;2.107142857142857;0.39999999999999997;0.0
186.0;2.5714285714285716;0.6000000000000001;0.0
192.0;1.4642857142857142;1.85;0.0
198.0;2.8035714285714284;0.75;0.0
204.0;1.3035714285714286;0.15;0.0
210.0;0.9285714285714286;1.45;0.0
216.0;1.3214285714285714;1.35;0.0
222.0;1.3392857142857142;0.6;0.0
228.0;1.9642857142857142;2.4;0.0
234.0;1.1785714285714286;0.8999999999999999;0.0
240.0;3.5;0.9;0.0
246.0;2.482142857142857;2.1;0.0
252.0;2.1964285714285716;2.7;0.0
258.0;2.392857142857143;1.7000000000000002;0.0
264.0;2.3214285714285716;2.8;0.0
270.0;1.4285714285714286;4.45;0.0
276.0;2.375;3.55;0.0
282.0;2.107142857142857;0.85;0.0
288.0;3.2142857142857144;1.45;0.0
294.0;2.4285714285714284;2.25;0.0
