#auto generated file!
6.0;0.0;0.0;0.0
12.0;0.0;0.45;0.0
18.0;1.4464285714285714;1.55;0.0
24.0;8.839285714285714;1.05;0.0
30.0;20.285714285714285;1.35;0.0
36.0;35.42857142857143;2.4;0.0
42.0;33.94642857142857;2.45;0.0
48.0;7.553571428571429;1.0;0.0
54.0;3.767857142857143;4.3;0.0
60.0;2.732142857142857;1.55;0.0
66.0;13.910714285714286;2.3999999999999995;0.0
72.0;38.67857142857143;1.5;0.0
78.0;29.875;2.35;0.0
84.0;22.875;6.0;0.0
90.0;22.553571428571427;2.2;0.0
96.0;29.178571428571427;2.3499999999999996;0.0
102.0;36.785714285714285;3.6499999999999995;0.0
108.0;68.16071428571429;2.45;0.0
114.0;112.46428571428571;2.05;0.0
120.0;60.482142857142854;5.1499999999999995;0.0
126.0;56.482142857142854;2.1500000000000004;0.0
132.0;32.410714285714285;2.55;0.0
138.0;10.785714285714286;1.15;0.0
144.0;6.0;1.4;0.0
150.0;7.035714285714286;0.8;0.0
156.0;10.232142857142858;0.75;0.0
162.0;18.107142857142858;0.8999999999999999;0.0
168.0;27.553571428571427;0.8999999999999999;0.0
174.0;62.839285714285715;2.2;0.0
180.0;39.982142857142854;0.55;0.0
186.0;18.089285714285715;4.35;0.0
192.0;31.625;1.8;0.0
198.0;66.94642857142857;1.1;0.0
204.0;63.67857142857143;3.3;0.0
210.0;48.964285714285715;2.8499999999999996;0.0
216.0;36.410714285714285;1.9500000000000002;0.0
222.0;37.857142857142854;1.5499999999999998;0.0
228.0;49.214285714285715;2.8499999999999996;0.0
234.0;74.14285714285714;1.3499999999999999;0.0
240.0;81.92857142857143;4.449999999999999;0.0
246.0;79.39285714285714;5.1499999999999995;0.0
252.0;72.32142857142857;4.7;0.0
258.0;75.5;6.549999999999999;0.0
264.0;79.51785714285714;7.949999999999999;0.0
270.0;79.21428571428571;4.5;0.0
276.0;86.92857142857143;3.5999999999999996;0.0
282.0;95.19642857142857;1.3;0.0
288.0;106.42857142857143;1.9499999999999997;0.0
294.0;107.14285714285714;2.7;0.0
