#auto generated file!
6.0;0.0;0.0;0.0
12.0;0.5357142857142857;0.0;0.0
18.0;2.4107142857142856;0.0;0.0
24.0;7.232142857142857;0.0;0.0
30.0;13.125;0.0;0.0
36.0;18.482142857142858;0.0;0.0
42.0;28.660714285714285;0.0;0.0
48.0;32.94642857142857;0.0;0.0
54.0;40.714285714285715;0.0;0.0
60.0;49.285714285714285;0.0;0.0
66.0;62.142857142857146;0.0;0.0
72.0;73.66071428571429;0.0;0.0
78.0;75.0;0.0;0.0
84.0;75.53571428571429;3.0;0.0
90.0;62.410714285714285;0.0;0.0
96.0;50.892857142857146;0.0;0.0
102.0;40.17857142857143;0.0;0.0
108.0;31.071428571428573;0.0;0.0
114.0;18.75;0.0;0.0
120.0;16.339285714285715;0.0;0.0
126.0;6.696428571428571;0.0;0.0
132.0;1.3392857142857142;0.0;0.0
138.0;0.26785714285714285;0.0;0.0
144.0;0.0;0.0;0.0
150.0;0.0;0.0;0.0
156.0;0.0;0.0;0.0
162.0;0.0;0.0;0.0
168.0;0.0;0.0;0.0
174.0;0.0;0.0;0.0
180.0;0.0;0.0;0.0
186.0;0.0;0.0;0.0
192.0;0.26785714285714285;0.0;0.0
198.0;2.6785714285714284;0.0;0.0
204.0;10.714285714285714;0.0;0.0
210.0;12.053571428571429;0.0;0.0
216.0;20.089285714285715;0.0;0.0
222.0;25.714285714285715;0.0;0.0
228.0;28.928571428571427;0.0;0.0
234.0;39.642857142857146;0.0;0.0
240.0;49.55357142857143;0.0;0.0
246.0;62.67857142857143;0.0;0.0
252.0;62.410714285714285;0.0;0.0
258.0;70.44642857142857;0.0;0.0
264.0;67.76785714285714;0.0;0.0
270.0;68.57142857142857;0.0;0.0
276.0;55.17857142857143;0.0;0.0
282.0;35.357142857142854;0.0;0.0
288.0;30.535714285714285;0.0;0.0
294.0;19.017857142857142;0.0;0.0
