#auto generated file!
6.0;0.0;0.0;0.0
12.0;0.75;0.5;0.0
18.0;6.928571428571429;0.5;0.0
24.0;16.428571428571427;1.25;0.0
30.0;30.053571428571427;0.75;0.0
36.0;45.017857142857146;4.75;0.0
42.0;67.0;9.35;0.0
48.0;103.375;4.55;0.0
54.0;104.125;0.7999999999999999;0.0
60.0;101.5;0.3;0.0
66.0;101.125;0.1;0.0
72.0;93.89285714285714;2.55;0.0
78.0;80.96428571428571;8.35;0.0
84.0;77.01785714285714;4.1;0.0
90.0;71.42857142857143;1.95;0.0
96.0;74.14285714285714;2.75;0.0
102.0;92.26785714285714;5.9;0.0
108.0;104.73214285714286;3.4999999999999996;0.0
114.0;104.10714285714286;3.4;0.0
120.0;102.875;3.1999999999999997;0.0
126.0;102.28571428571429;2.9;0.0
132.0;91.53571428571429;2.8;0.0
138.0;68.91071428571429;0.15;0.0
144.0;40.75;1.15;0.0
150.0;27.0;0.0;0.0
156.0;26.571428571428573;0.15;0.0
162.0;31.553571428571427;0.25;0.0
168.0;45.44642857142857;1.4;0.0
174.0;77.85714285714286;1.3;0.0
180.0;103.76785714285714;1.9;0.0
186.0;101.39285714285714;2.5;0.0
192.0;98.98214285714286;1.0;0.0
198.0;97.64285714285714;2.5;0.0
204.0;99.10714285714286;1.65;0.0
210.0;95.89285714285714;3.2;0.0
216.0;88.94642857142857;0.7000000000000001;0.0
222.0;93.39285714285714;2.1;0.0
228.0;98.82142857142857;1.8;0.0
234.0;120.78571428571429;2.0999999999999996;0.0
240.0;116.69642857142857;2.5;0.0
246.0;108.44642857142857;7.199999999999999;0.0
252.0;93.42857142857143;6.6499999999999995;0.0
258.0;97.23214285714286;4.6;0.0
264.0;98.82142857142857;4.0;0.0
270.0;100.46428571428571;5.6;0.0
276.0;93.57142857142857;2.25;0.0
282.0;102.26785714285714;1.15;0.0
288.0;113.67857142857143;1.7999999999999998;0.0
294.0;118.98214285714286;1.1;0.0
