#auto generated file!
6.0;0.0;0.0;0.0
12.0;0.0;0.3;0.0
18.0;0.0;0.65;0.0
24.0;0.16071428571428573;3.05;0.0
30.0;0.5714285714285714;1.8;0.0
36.0;0.9464285714285714;1.6500000000000001;0.0
42.0;2.8392857142857144;1.6;0.0
48.0;4.517857142857143;2.35;0.0
54.0;5.285714285714286;2.6;0.0
60.0;4.767857142857143;4.1;0.0
66.0;2.6964285714285716;0.8;0.0
72.0;2.125;1.05;0.0
78.0;1.7142857142857142;2.3;0.0
84.0;1.2857142857142858;1.65;0.0
90.0;0.0;1.4;0.0
96.0;0.30357142857142855;1.6;0.0
102.0;2.4107142857142856;4.35;0.0
108.0;3.9285714285714284;3.05;0.0
114.0;3.8214285714285716;1.8499999999999996;0.0
120.0;2.232142857142857;1.9;0.0
126.0;1.3571428571428572;0.85;0.0
132.0;0.5535714285714286;0.7000000000000001;0.0
138.0;0.32142857142857145;0.0;0.0
144.0;0.2857142857142857;0.6;0.0
150.0;0.32142857142857145;0.65;0.0
156.0;0.9642857142857143;0.9;0.0
162.0;1.1785714285714286;1.0999999999999999;0.0
168.0;2.3392857142857144;0.6499999999999999;0.0
174.0;2.0357142857142856;1.7000000000000002;0.0
180.0;3.2857142857142856;0.7;0.0
186.0;2.25;0.85;0.0
192.0;2.6607142857142856;1.0999999999999999;0.0
198.0;1.0178571428571428;1.3;0.0
204.0;0.9642857142857143;1.2;0.0
210.0;0.4642857142857143;1.1;0.0
216.0;2.0;0.6;0.0
222.0;2.5892857142857144;0.75;0.0
228.0;3.107142857142857;1.65;0.0
234.0;2.892857142857143;1.2;0.0
240.0;2.892857142857143;4.15;0.0
246.0;2.125;1.5500000000000003;0.0
252.0;2.3392857142857144;4.3;0.0
258.0;1.9464285714285714;1.35;0.0
264.0;3.25;0.9500000000000001;0.0
270.0;2.232142857142857;4.0;0.0
276.0;1.625;1.9;0.0
282.0;3.3214285714285716;1.55;0.0
288.0;3.0357142857142856;1.35;0.0
294.0;3.1785714285714284;1.0499999999999998;0.0
