#auto generated file!
6.0;0.0;0.0;0.0
12.0;0.7321428571428571;0.0;0.0
18.0;4.428571428571429;0.0;0.0
24.0;9.125;0.0;0.0
30.0;16.196428571428573;0.0;0.0
36.0;24.910714285714285;0.0;0.0
42.0;37.57142857142857;0.0;0.0
48.0;67.53571428571429;0.0;0.0
54.0;79.82142857142857;1.85;0.0
60.0;79.51785714285714;1.2;0.0
66.0;68.91071428571429;0.15;0.0
72.0;51.30357142857143;0.0;0.0
78.0;37.125;0.0;0.0
84.0;26.089285714285715;0.0;0.0
90.0;25.357142857142858;0.0;0.0
96.0;27.214285714285715;0.0;0.0
102.0;30.285714285714285;0.0;0.0
108.0;39.142857142857146;0.0;0.0
114.0;62.07142857142857;0.0;0.0
120.0;75.0;0.0;0.0
126.0;64.83928571428571;0.0;0.0
132.0;40.857142857142854;0.0;0.0
138.0;13.303571428571429;0.0;0.0
144.0;8.0;0.0;0.0
150.0;4.767857142857143;0.0;0.0
156.0;7.321428571428571;0.0;0.0
162.0;14.089285714285714;0.0;0.0
168.0;18.196428571428573;0.0;0.0
174.0;25.660714285714285;0.0;0.0
180.0;24.75;0.0;0.0
186.0;23.803571428571427;0.0;0.0
192.0;26.375;0.0;0.0
198.0;19.589285714285715;0.0;0.0
204.0;18.553571428571427;0.0;0.0
210.0;19.089285714285715;0.0;0.0
216.0;17.196428571428573;0.0;0.0
222.0;16.732142857142858;0.0;0.0
228.0;27.375;0.0;0.0
234.0;35.267857142857146;0.0;0.0
240.0;37.642857142857146;0.0;0.0
246.0;36.625;0.0;0.0
252.0;41.892857142857146;0.0;0.0
258.0;44.80357142857143;0.0;0.0
264.0;51.94642857142857;0.0;0.0
270.0;47.517857142857146;0.0;0.0
276.0;49.75;0.0;0.0
282.0;48.67857142857143;0.0;0.0
288.0;53.785714285714285;0.0;0.0
294.0;50.875;0.0;0.0
