#auto generated file!
6.0;0.0;0.0;0.0
12.0;0.0;0.3;0.0
18.0;0.8392857142857143;1.55;0.0
24.0;6.321428571428571;4.15;0.0
30.0;15.053571428571429;3.8000000000000003;0.0
36.0;30.071428571428573;2.5999999999999996;0.0
42.0;51.714285714285715;2.15;0.0
48.0;37.5;2.8;0.0
54.0;7.839285714285714;2.8;0.0
60.0;3.1964285714285716;2.5500000000000003;0.0
66.0;8.678571428571429;1.35;0.0
72.0;25.375;1.0999999999999999;0.0
78.0;21.571428571428573;3.9;0.0
84.0;20.107142857142858;1.35;0.0
90.0;19.071428571428573;2.1;0.0
96.0;22.839285714285715;2.4;0.0
102.0;30.946428571428573;4.1;0.0
108.0;51.160714285714285;2.35;0.0
114.0;82.08928571428571;5.999999999999999;0.0
120.0;98.46428571428571;1.6;0.0
126.0;86.375;2.2;0.0
132.0;53.92857142857143;2.7;0.0
138.0;12.767857142857142;1.5499999999999998;0.0
144.0;6.785714285714286;1.15;0.0
150.0;5.339285714285714;1.25;0.0
156.0;7.392857142857143;1.05;0.0
162.0;12.607142857142858;1.0999999999999999;0.0
168.0;20.767857142857142;1.25;0.0
174.0;36.232142857142854;0.9500000000000001;0.0
180.0;44.910714285714285;1.0499999999999998;0.0
186.0;53.92857142857143;1.75;0.0
192.0;53.982142857142854;1.6;0.0
198.0;49.035714285714285;1.35;0.0
204.0;39.089285714285715;1.6;0.0
210.0;26.017857142857142;2.8500000000000005;0.0
216.0;20.339285714285715;3.5;0.0
222.0;22.910714285714285;2.55;0.0
228.0;31.857142857142858;1.7999999999999996;0.0
234.0;43.857142857142854;2.6999999999999997;0.0
240.0;46.30357142857143;3.45;0.0
246.0;44.142857142857146;3.8;0.0
252.0;36.30357142857143;3.1;0.0
258.0;31.535714285714285;6.2;0.0
264.0;31.696428571428573;5.8;0.0
270.0;32.285714285714285;4.1;0.0
276.0;33.839285714285715;4.85;0.0
282.0;34.035714285714285;3.15;0.0
288.0;46.464285714285715;2.4;0.0
294.0;49.5;2.25;0.0
