#auto generated file!
6.0;0.0;0.0;0.0
12.0;0.0;0.3;0.0
18.0;1.2142857142857142;1.25;0.0
24.0;11.339285714285714;2.5000000000000004;0.0
30.0;20.375;1.2999999999999998;0.0
36.0;56.392857142857146;2.9000000000000004;0.0
42.0;64.53571428571429;2.6;0.0
48.0;17.410714285714285;3.5;0.0
54.0;7.821428571428571;3.6500000000000004;0.0
60.0;5.160714285714286;3.0999999999999996;0.0
66.0;3.5357142857142856;4.25;0.0
72.0;19.535714285714285;1.8;0.0
78.0;35.267857142857146;3.5999999999999996;0.0
84.0;32.607142857142854;2.85;0.0
90.0;37.642857142857146;3.45;0.0
96.0;45.57142857142857;3.3;0.0
102.0;68.28571428571429;3.25;0.0
108.0;105.53571428571429;2.65;0.0
114.0;150.21428571428572;3.4;0.0
120.0;105.78571428571429;1.9499999999999997;0.0
126.0;114.41071428571429;1.6;0.0
132.0;92.71428571428571;1.85;0.0
138.0;58.160714285714285;1.6;0.0
144.0;30.321428571428573;1.5;0.0
150.0;17.875;0.44999999999999996;0.0
156.0;19.839285714285715;1.65;0.0
162.0;20.875;0.75;0.0
168.0;38.035714285714285;0.75;0.0
174.0;11.392857142857142;1.7;0.0
180.0;2.3035714285714284;1.3;0.0
186.0;2.142857142857143;2.2;0.0
192.0;2.0535714285714284;1.4500000000000002;0.0
198.0;2.125;0.65;0.0
204.0;28.75;2.8;0.0
210.0;31.375;1.45;0.0
216.0;35.035714285714285;0.44999999999999996;0.0
222.0;50.625;0.75;0.0
228.0;77.35714285714286;2.1;0.0
234.0;110.85714285714286;3.3;0.0
240.0;123.98214285714286;1.35;0.0
246.0;110.03571428571429;3.3;0.0
252.0;89.48214285714286;4.15;0.0
258.0;86.42857142857143;9.049999999999999;0.0
264.0;110.28571428571429;2.8499999999999996;0.0
270.0;101.39285714285714;2.1999999999999997;0.0
276.0;99.23214285714286;2.0;0.0
282.0;99.69642857142857;2.55;0.0
288.0;115.28571428571429;1.7;0.0
294.0;139.17857142857142;2.25;0.0
