#auto generated file!
6.0;0.0;0.0;0.0
12.0;0.0;0.3;0.0
18.0;0.5892857142857143;3.15;0.0
24.0;4.232142857142857;2.1999999999999997;0.0
30.0;14.5;2.1;0.0
36.0;32.142857142857146;0.85;0.0
42.0;59.25;1.25;0.0
48.0;42.75;2.75;0.0
54.0;12.017857142857142;1.3;0.0
60.0;4.803571428571429;2.0;0.0
66.0;13.982142857142858;1.75;0.0
72.0;22.767857142857142;3.4;0.0
78.0;22.946428571428573;2.7;0.0
84.0;20.910714285714285;2.1;0.0
90.0;19.196428571428573;5.0;0.0
96.0;25.821428571428573;7.199999999999999;0.0
102.0;33.607142857142854;3.05;0.0
108.0;49.0;3.3499999999999996;0.0
114.0;76.78571428571429;1.25;0.0
120.0;90.55357142857143;1.4;0.0
126.0;82.64285714285714;3.1999999999999997;0.0
132.0;46.875;1.6;0.0
138.0;13.089285714285714;0.9500000000000001;0.0
144.0;5.821428571428571;0.75;0.0
150.0;4.839285714285714;0.75;0.0
156.0;9.321428571428571;1.5;0.0
162.0;14.821428571428571;0.75;0.0
168.0;23.553571428571427;1.4499999999999997;0.0
174.0;44.535714285714285;0.6;0.0
180.0;7.553571428571429;2.0;0.0
186.0;42.089285714285715;2.7;0.0
192.0;52.05357142857143;2.4499999999999997;0.0
198.0;43.44642857142857;1.7999999999999998;0.0
204.0;28.803571428571427;0.9;0.0
210.0;16.25;0.3;0.0
216.0;20.928571428571427;1.7;0.0
222.0;22.625;2.25;0.0
228.0;39.964285714285715;1.2;0.0
234.0;52.732142857142854;2.9999999999999996;0.0
240.0;58.142857142857146;0.6;0.0
246.0;58.32142857142857;5.6499999999999995;0.0
252.0;49.535714285714285;3.05;0.0
258.0;43.982142857142854;7.849999999999999;0.0
264.0;45.625;5.1;0.0
270.0;48.410714285714285;6.75;0.0
276.0;38.607142857142854;4.25;0.0
282.0;35.892857142857146;2.3;0.0
288.0;38.160714285714285;1.5;0.0
294.0;45.94642857142857;2.8;0.0
