#auto generated file!
6.0;0.0;0.0;0.0
12.0;0.8035714285714286;0.0;0.0
18.0;30.535714285714285;0.0;0.0
24.0;80.08928571428571;17.25;0.0
30.0;80.08928571428571;74.25;0.0
36.0;79.82142857142857;81.0;0.0
42.0;79.82142857142857;65.25;0.0
48.0;82.23214285714286;10.5;0.0
54.0;83.57142857142857;20.25;0.0
60.0;86.78571428571429;8.25;0.0
66.0;77.67857142857143;7.5;0.0
72.0;76.875;9.75;0.0
78.0;79.01785714285714;6.0;0.0
84.0;67.76785714285714;3.75;0.0
90.0;58.125;5.25;0.0
96.0;49.285714285714285;0.75;0.0
102.0;36.964285714285715;2.25;0.0
108.0;49.55357142857143;2.25;0.0
114.0;140.08928571428572;45.75;0.0
120.0;117.05357142857143;68.25;0.0
126.0;105.26785714285714;33.0;0.0
132.0;92.94642857142857;14.25;0.0
138.0;80.08928571428571;3.0;0.0
144.0;68.57142857142857;5.25;0.0
150.0;60.80357142857143;3.75;0.0
156.0;52.5;0.0;0.0
162.0;44.464285714285715;0.75;0.0
168.0;37.767857142857146;1.5;0.0
174.0;30.803571428571427;0.75;0.0
180.0;27.589285714285715;0.0;0.0
186.0;23.035714285714285;0.75;0.0
192.0;21.964285714285715;0.0;0.0
198.0;69.375;0.0;0.0
204.0;80.625;27.0;0.0
210.0;79.82142857142857;57.75;0.0
216.0;81.69642857142857;69.75;0.0
222.0;81.69642857142857;74.25;0.0
228.0;81.42857142857143;43.5;0.0
234.0;80.625;10.5;0.0
240.0;88.92857142857143;10.5;0.0
246.0;72.58928571428571;9.75;0.0
252.0;72.32142857142857;4.5;0.0
258.0;72.05357142857143;3.0;0.0
264.0;68.83928571428571;3.75;0.0
270.0;73.92857142857143;0.75;0.0
276.0;72.58928571428571;0.75;0.0
282.0;69.64285714285714;1.5;0.0
288.0;129.10714285714286;35.25;0.0
294.0;148.39285714285714;44.25;0.0
