#auto generated file!
6.0;0.0;0.0;0.0
12.0;0.5357142857142857;0.0;0.0
18.0;18.482142857142858;0.75;0.0
24.0;61.875;4.5;0.0
30.0;106.07142857142857;9.0;0.0
36.0;76.07142857142857;25.5;0.0
42.0;110.625;6.75;0.0
48.0;84.375;0.0;0.0
54.0;136.33928571428572;64.5;0.0
60.0;148.125;43.5;0.0
66.0;133.66071428571428;30.0;0.0
72.0;129.91071428571428;10.5;0.0
78.0;91.875;28.5;0.0
84.0;135.26785714285714;9.0;0.0
90.0;116.78571428571429;5.25;0.0
96.0;76.875;2.25;0.0
102.0;90.80357142857143;13.5;0.0
108.0;113.83928571428571;11.25;0.0
114.0;100.71428571428571;5.25;0.0
120.0;91.875;4.5;0.0
126.0;63.482142857142854;3.75;0.0
132.0;30.0;2.25;0.0
138.0;10.982142857142858;0.0;0.0
144.0;2.6785714285714284;0.0;0.0
150.0;0.8035714285714286;0.0;0.0
156.0;0.26785714285714285;0.0;0.0
162.0;0.0;0.0;0.0
168.0;0.0;0.0;0.0
174.0;0.0;0.0;0.0
180.0;0.0;0.0;0.0
186.0;0.0;0.0;0.0
192.0;1.3392857142857142;0.0;0.0
198.0;17.946428571428573;3.0;0.0
204.0;46.07142857142857;6.75;0.0
210.0;103.125;8.25;0.0
216.0;101.78571428571429;22.5;0.0
222.0;108.48214285714286;44.25;0.0
228.0;103.39285714285714;27.0;0.0
234.0;114.64285714285714;40.5;0.0
240.0;122.41071428571429;54.0;0.0
246.0;131.25;35.25;0.0
252.0;133.39285714285714;27.0;0.0
258.0;115.98214285714286;8.25;0.0
264.0;133.125;18.75;0.0
270.0;121.07142857142857;4.5;0.0
276.0;121.875;17.25;0.0
282.0;115.17857142857143;21.0;0.0
288.0;114.375;9.75;0.0
294.0;97.23214285714286;3.75;0.0
