#auto generated file!
6.0;0.0;0.0;0.0
12.0;0.8035714285714286;0.0;0.0
18.0;33.482142857142854;0.0;0.0
24.0;80.625;12.75;0.0
30.0;80.625;76.5;0.0
36.0;80.08928571428571;81.75;0.0
42.0;80.625;66.0;0.0
48.0;81.42857142857143;34.5;0.0
54.0;88.39285714285714;36.75;0.0
60.0;81.96428571428571;6.0;0.0
66.0;81.69642857142857;3.75;0.0
72.0;79.82142857142857;9.0;0.0
78.0;78.21428571428571;6.75;0.0
84.0;73.92857142857143;4.5;0.0
90.0;74.46428571428571;2.25;0.0
96.0;69.91071428571429;3.75;0.0
102.0;65.625;1.5;0.0
108.0;65.625;0.75;0.0
114.0;55.982142857142854;0.0;0.0
120.0;87.85714285714286;38.25;0.0
126.0;79.01785714285714;25.5;0.0
132.0;63.482142857142854;3.75;0.0
138.0;35.892857142857146;3.75;0.0
144.0;19.285714285714285;1.5;0.0
150.0;9.375;0.75;0.0
156.0;4.821428571428571;1.5;0.0
162.0;2.6785714285714284;0.75;0.0
168.0;1.3392857142857142;0.75;0.0
174.0;0.26785714285714285;0.0;0.0
180.0;0.26785714285714285;0.0;0.0
186.0;0.26785714285714285;0.0;0.0
192.0;3.75;0.0;0.0
198.0;53.57142857142857;0.0;0.0
204.0;80.625;24.75;0.0
210.0;80.35714285714286;69.0;0.0
216.0;80.89285714285714;67.5;0.0
222.0;80.35714285714286;25.5;0.0
228.0;84.64285714285714;11.25;0.0
234.0;77.67857142857143;3.75;0.0
240.0;70.17857142857143;5.25;0.0
246.0;74.73214285714286;3.0;0.0
252.0;73.92857142857143;20.25;0.0
258.0;76.60714285714286;28.5;0.0
264.0;74.73214285714286;27.75;0.0
270.0;72.58928571428571;14.25;0.0
276.0;71.25;0.75;0.0
282.0;74.73214285714286;0.75;0.0
288.0;70.71428571428571;0.75;0.0
294.0;67.5;0.0;0.0
