#auto generated file!
6.0;0.0;0.0;0.0
12.0;0.0;1.5;0.0
18.0;4.553571428571429;18.0;0.0
24.0;41.517857142857146;34.5;0.0
30.0;97.76785714285714;102.0;0.0
36.0;76.07142857142857;116.25;0.0
42.0;104.73214285714286;116.25;0.0
48.0;169.01785714285714;141.75;0.0
54.0;195.26785714285714;168.0;0.0
60.0;134.19642857142858;128.25;0.0
66.0;97.76785714285714;147.0;0.0
72.0;62.410714285714285;132.0;0.0
78.0;38.30357142857143;138.75;0.0
84.0;24.642857142857142;129.75;0.0
90.0;13.928571428571429;117.75;0.0
96.0;139.55357142857142;135.75;0.0
102.0;133.125;144.75;0.0
108.0;124.01785714285714;127.5;0.0
114.0;154.55357142857142;131.25;0.0
120.0;119.73214285714286;137.25;0.0
126.0;92.14285714285714;83.25;0.0
132.0;68.57142857142857;11.25;0.0
138.0;54.642857142857146;0.0;0.0
144.0;46.607142857142854;0.0;0.0
150.0;38.57142857142857;0.0;0.0
156.0;33.214285714285715;0.0;0.0
162.0;27.589285714285715;0.0;0.0
168.0;23.839285714285715;0.0;0.0
174.0;21.160714285714285;0.0;0.0
180.0;18.214285714285715;0.0;0.0
186.0;16.875;0.0;0.0
192.0;13.660714285714286;1.5;0.0
198.0;17.410714285714285;19.5;0.0
204.0;52.5;37.5;0.0
210.0;107.67857142857143;45.75;0.0
216.0;205.17857142857142;108.0;0.0
222.0;190.98214285714286;118.5;0.0
228.0;216.16071428571428;141.0;0.0
234.0;176.51785714285714;126.75;0.0
240.0;131.25;141.0;0.0
246.0;85.98214285714286;126.75;0.0
252.0;61.07142857142857;128.25;0.0
258.0;51.964285714285715;110.25;0.0
264.0;35.089285714285715;132.0;0.0
270.0;28.660714285714285;126.0;0.0
276.0;15.535714285714286;153.75;0.0
282.0;12.321428571428571;117.0;0.0
288.0;76.07142857142857;119.25;0.0
294.0;84.10714285714286;112.5;0.0
