#auto generated file!
6.0;0.0;0.0;0.0
12.0;0.16071428571428573;0.05;0.0
18.0;4.178571428571429;0.0;0.0
24.0;7.214285714285714;0.25;0.0
30.0;17.071428571428573;0.15;0.0
36.0;30.589285714285715;0.8;0.0
42.0;59.410714285714285;2.5;0.0
48.0;91.53571428571429;1.5;0.0
54.0;95.89285714285714;4.0;0.0
60.0;91.64285714285714;5.25;0.0
66.0;81.44642857142857;4.5;0.0
72.0;66.41071428571429;0.9;0.0
78.0;50.964285714285715;1.1;0.0
84.0;39.67857142857143;0.25;0.0
90.0;29.071428571428573;0.3;0.0
96.0;29.589285714285715;0.8;0.0
102.0;37.285714285714285;0.25;0.0
108.0;56.92857142857143;0.55;0.0
114.0;82.32142857142857;1.2;0.0
120.0;88.01785714285714;0.0;0.0
126.0;81.08928571428571;1.5;0.0
132.0;46.714285714285715;1.25;0.0
138.0;22.357142857142858;0.3;0.0
144.0;10.625;0.44999999999999996;0.0
150.0;7.017857142857143;0.15;0.0
156.0;9.071428571428571;0.3;0.0
162.0;10.142857142857142;0.15;0.0
168.0;19.767857142857142;0.0;0.0
174.0;37.07142857142857;0.15;0.0
180.0;48.142857142857146;0.4;0.0
186.0;54.375;0.7;0.0
192.0;60.57142857142857;0.15;0.0
198.0;62.767857142857146;0.45;0.0
204.0;54.392857142857146;0.2;0.0
210.0;46.910714285714285;0.2;0.0
216.0;42.107142857142854;0.3;0.0
222.0;39.875;0.15;0.0
228.0;58.25;0.0;0.0
234.0;66.73214285714286;0.9;0.0
240.0;63.017857142857146;0.25;0.0
246.0;57.642857142857146;1.6;0.0
252.0;60.285714285714285;0.75;0.0
258.0;57.57142857142857;1.8;0.0
264.0;61.92857142857143;1.7999999999999998;0.0
270.0;63.67857142857143;0.4;0.0
276.0;61.964285714285715;0.3;0.0
282.0;59.55357142857143;1.2;0.0
288.0;57.017857142857146;0.44999999999999996;0.0
294.0;60.660714285714285;0.0;0.0
