#auto generated file!
6.0;0.0;0.0;0.0
12.0;0.14285714285714285;0.4;0.0
18.0;6.625;1.0;0.0
24.0;14.839285714285714;0.3;0.0
30.0;28.0;1.25;0.0
36.0;59.839285714285715;0.55;0.0
42.0;97.71428571428571;13.4;0.0
48.0;105.89285714285714;28.900000000000006;0.0
54.0;99.5;1.8;0.0
60.0;100.5;1.1;0.0
66.0;91.85714285714286;1.05;0.0
72.0;85.0;7.65;0.0
78.0;79.55357142857143;4.5;0.0
84.0;75.26785714285714;5.25;0.0
90.0;78.60714285714286;6.0;0.0
96.0;80.55357142857143;2.25;0.0
102.0;92.51785714285714;13.5;0.0
108.0;96.85714285714286;13.700000000000001;0.0
114.0;100.0;1.65;0.0
120.0;101.64285714285714;0.7;0.0
126.0;94.39285714285714;2.95;0.0
132.0;90.46428571428571;0.44999999999999996;0.0
138.0;76.41071428571429;0.0;0.0
144.0;53.392857142857146;0.0;0.0
150.0;34.410714285714285;0.0;0.0
156.0;27.125;0.15;0.0
162.0;34.857142857142854;0.0;0.0
168.0;55.982142857142854;0.4;0.0
174.0;95.03571428571429;2.5;0.0
180.0;97.48214285714286;2.5;0.0
186.0;97.14285714285714;6.65;0.0
192.0;102.26785714285714;2.5;0.0
198.0;90.71428571428571;1.7;0.0
204.0;91.57142857142857;3.25;0.0
210.0;88.08928571428571;0.75;0.0
216.0;82.625;3.75;0.0
222.0;84.16071428571429;3.75;0.0
228.0;90.78571428571429;6.9;0.0
234.0;97.33928571428571;3.7499999999999996;0.0
240.0;97.92857142857143;8.299999999999999;0.0
246.0;91.80357142857143;12.9;0.0
252.0;87.05357142857143;6.75;0.0
258.0;91.92857142857143;25.0;0.0
264.0;91.375;13.0;0.0
270.0;91.71428571428571;8.25;0.0
276.0;92.64285714285714;7.5;0.0
282.0;93.25;6.25;0.0
288.0;97.82142857142857;8.95;0.0
294.0;99.48214285714286;2.0999999999999996;0.0
