#auto generated file!
6.0;0.0;0.0;0.0
12.0;0.0;0.3;0.0
18.0;0.17857142857142858;1.55;0.0
24.0;5.357142857142857;1.0;0.0
30.0;12.678571428571429;1.6;0.0
36.0;18.178571428571427;1.85;0.0
42.0;39.892857142857146;4.8;0.0
48.0;23.285714285714285;0.75;0.0
54.0;4.732142857142857;2.0;0.0
60.0;2.5714285714285716;1.55;0.0
66.0;37.035714285714285;2.15;0.0
72.0;25.732142857142858;1.1;0.0
78.0;18.660714285714285;2.75;0.0
84.0;15.392857142857142;0.6;0.0
90.0;17.928571428571427;2.55;0.0
96.0;19.589285714285715;2.8999999999999995;0.0
102.0;26.625;0.75;0.0
108.0;35.107142857142854;2.7;0.0
114.0;53.5;0.75;0.0
120.0;57.339285714285715;2.3;0.0
126.0;39.107142857142854;1.5;0.0
132.0;11.071428571428571;1.0;0.0
138.0;7.285714285714286;0.3;0.0
144.0;4.678571428571429;1.6;0.0
150.0;4.482142857142857;1.1;0.0
156.0;5.232142857142857;0.6;0.0
162.0;11.125;1.35;0.0
168.0;15.928571428571429;1.0;0.0
174.0;23.803571428571427;0.7000000000000001;0.0
180.0;24.571428571428573;0.7;0.0
186.0;22.375;1.9;0.0
192.0;18.125;2.95;0.0
198.0;16.946428571428573;1.45;0.0
204.0;15.232142857142858;1.85;0.0
210.0;13.071428571428571;0.8999999999999999;0.0
216.0;14.517857142857142;0.7000000000000001;0.0
222.0;15.821428571428571;3.0;0.0
228.0;25.178571428571427;1.3499999999999999;0.0
234.0;38.44642857142857;2.55;0.0
240.0;34.910714285714285;1.9500000000000002;0.0
246.0;30.035714285714285;1.4;0.0
252.0;28.017857142857142;3.25;0.0
258.0;26.821428571428573;4.4;0.0
264.0;26.892857142857142;4.95;0.0
270.0;26.392857142857142;2.2;0.0
276.0;23.767857142857142;1.4;0.0
282.0;27.232142857142858;2.3;0.0
288.0;30.232142857142858;2.35;0.0
294.0;33.357142857142854;1.05;0.0
