#auto generated file!
6.0;0.0;0.0;0.0
12.0;0.8214285714285714;0.0;0.0
18.0;4.267857142857143;1.0;0.0
24.0;12.0;0.75;0.0
30.0;24.053571428571427;2.05;0.0
36.0;37.357142857142854;4.0;0.0
42.0;53.714285714285715;5.5;0.0
48.0;74.89285714285714;9.399999999999999;0.0
54.0;103.17857142857143;1.5;0.0
60.0;99.83928571428571;0.3;0.0
66.0;96.55357142857143;1.5;0.0
72.0;77.73214285714286;2.35;0.0
78.0;59.482142857142854;3.95;0.0
84.0;36.375;1.5;0.0
90.0;29.642857142857142;4.75;0.0
96.0;32.357142857142854;4.75;0.0
102.0;44.535714285714285;5.0;0.0
108.0;49.92857142857143;13.2;0.0
114.0;67.66071428571429;4.95;0.0
120.0;77.33928571428571;1.55;0.0
126.0;78.32142857142857;2.15;0.0
132.0;57.464285714285715;0.6;0.0
138.0;30.0;0.5;0.0
144.0;15.5;0.0;0.0
150.0;13.196428571428571;0.0;0.0
156.0;19.392857142857142;0.15;0.0
162.0;25.178571428571427;0.05;0.0
168.0;40.25;0.75;0.0
174.0;45.785714285714285;0.95;0.0
180.0;62.982142857142854;1.75;0.0
186.0;73.91071428571429;0.55;0.0
192.0;82.83928571428571;2.85;0.0
198.0;79.60714285714286;1.85;0.0
204.0;71.375;1.05;0.0
210.0;58.05357142857143;0.6;0.0
216.0;40.089285714285715;1.05;0.0
222.0;36.92857142857143;2.15;0.0
228.0;42.57142857142857;4.95;0.0
234.0;57.642857142857146;3.15;0.0
240.0;62.32142857142857;3.3499999999999996;0.0
246.0;57.82142857142857;5.3;0.0
252.0;42.107142857142854;14.299999999999999;0.0
258.0;34.482142857142854;10.35;0.0
264.0;35.375;5.65;0.0
270.0;36.375;3.5;0.0
276.0;29.553571428571427;3.7499999999999996;0.0
282.0;36.482142857142854;2.05;0.0
288.0;51.30357142857143;2.35;0.0
294.0;56.80357142857143;2.6500000000000004;0.0
