#auto generated file!
6.0;0.0;0.0;0.0
12.0;0.6785714285714286;0.0;0.0
18.0;6.857142857142857;0.0;0.0
24.0;18.267857142857142;0.0;0.0
30.0;34.375;0.0;0.0
36.0;75.80357142857143;0.0;0.0
42.0;80.73214285714286;3.1999999999999997;0.0
48.0;80.01785714285714;0.9500000000000001;0.0
54.0;44.107142857142854;0.44999999999999996;0.0
60.0;18.303571428571427;0.15;0.0
66.0;5.392857142857143;0.75;0.0
72.0;30.303571428571427;0.15;0.0
78.0;61.94642857142857;0.0;0.0
84.0;67.94642857142857;0.0;0.0
90.0;73.0;0.0;0.0
96.0;79.41071428571429;1.5999999999999999;0.0
102.0;80.01785714285714;2.8;0.0
108.0;80.07142857142857;1.85;0.0
114.0;79.76785714285714;1.05;0.0
120.0;80.08928571428571;0.9500000000000001;0.0
126.0;79.69642857142857;1.0;0.0
132.0;76.98214285714286;0.8999999999999999;0.0
138.0;66.55357142857143;0.15;0.0
144.0;38.464285714285715;0.0;0.0
150.0;16.25;0.15;0.0
156.0;19.25;0.15;0.0
162.0;32.5;0.0;0.0
168.0;64.07142857142857;0.0;0.0
174.0;32.05357142857143;0.0;0.0
180.0;5.303571428571429;0.0;0.0
186.0;2.607142857142857;0.0;0.0
192.0;2.3392857142857144;0.0;0.0
198.0;2.25;0.0;0.0
204.0;26.678571428571427;0.0;0.0
210.0;79.58928571428571;0.5;0.0
216.0;78.58928571428571;0.9;0.0
222.0;79.82142857142857;0.6;0.0
228.0;80.625;1.05;0.0
234.0;79.98214285714286;3.15;0.0
240.0;79.33928571428571;1.3;0.0
246.0;80.16071428571429;3.0999999999999996;0.0
252.0;80.125;1.4499999999999997;0.0
258.0;79.48214285714286;2.4;0.0
264.0;78.875;0.9;0.0
270.0;79.76785714285714;1.4;0.0
276.0;79.55357142857143;2.05;0.0
282.0;79.80357142857143;2.6;0.0
288.0;80.10714285714286;2.0;0.0
294.0;79.98214285714286;0.8999999999999999;0.0
