#auto generated file!
6.0;0.0;0.0;0.0
12.0;0.0;0.15;0.0
18.0;0.6607142857142857;2.45;0.0
24.0;6.660714285714286;2.75;0.0
30.0;17.75;3.0000000000000004;0.0
36.0;35.660714285714285;2.95;0.0
42.0;63.535714285714285;3.75;0.0
48.0;48.357142857142854;0.55;0.0
54.0;11.178571428571429;1.1;0.0
60.0;3.767857142857143;2.25;0.0
66.0;12.964285714285714;2.75;0.0
72.0;31.357142857142858;2.1999999999999997;0.0
78.0;32.482142857142854;1.65;0.0
84.0;23.321428571428573;1.5;0.0
90.0;21.232142857142858;1.55;0.0
96.0;23.732142857142858;2.7499999999999996;0.0
102.0;32.732142857142854;3.25;0.0
108.0;53.857142857142854;1.1;0.0
114.0;89.85714285714286;2.6999999999999997;0.0
120.0;107.94642857142857;4.2;0.0
126.0;96.33928571428571;1.5500000000000003;0.0
132.0;63.375;1.4;0.0
138.0;23.714285714285715;1.85;0.0
144.0;6.375;0.44999999999999996;0.0
150.0;4.678571428571429;1.35;0.0
156.0;9.017857142857142;0.75;0.0
162.0;12.535714285714286;2.3;0.0
168.0;25.285714285714285;2.55;0.0
174.0;37.714285714285715;1.3499999999999999;0.0
180.0;54.42857142857143;1.0;0.0
186.0;70.64285714285714;2.6;0.0
192.0;78.92857142857143;2.0999999999999996;0.0
198.0;75.57142857142857;0.44999999999999996;0.0
204.0;71.46428571428571;0.95;0.0
210.0;44.285714285714285;1.5999999999999999;0.0
216.0;22.071428571428573;2.0999999999999996;0.0
222.0;27.125;1.65;0.0
228.0;41.089285714285715;1.35;0.0
234.0;56.625;2.4;0.0
240.0;55.69642857142857;2.1;0.0
246.0;60.607142857142854;0.8999999999999999;0.0
252.0;57.535714285714285;7.75;0.0
258.0;57.964285714285715;4.8;0.0
264.0;46.30357142857143;5.1;0.0
270.0;50.05357142857143;1.45;0.0
276.0;50.17857142857143;1.65;0.0
282.0;57.69642857142857;5.499999999999999;0.0
288.0;67.64285714285714;0.8999999999999999;0.0
294.0;77.66071428571429;2.5999999999999996;0.0
