#auto generated file!
6.0;0.0;0.0;0.0
12.0;0.375;0.25;0.0
18.0;1.875;1.05;0.0
24.0;6.803571428571429;0.75;0.0
30.0;10.803571428571429;0.3;0.0
36.0;13.785714285714286;0.0;0.0
42.0;18.767857142857142;0.0;0.0
48.0;20.535714285714285;0.3;0.0
54.0;28.267857142857142;0.75;0.0
60.0;24.142857142857142;0.15;0.0
66.0;17.607142857142858;0.75;0.0
72.0;15.107142857142858;0.3;0.0
78.0;13.160714285714286;0.15;0.0
84.0;13.017857142857142;1.7999999999999998;0.0
90.0;14.107142857142858;0.75;0.0
96.0;12.053571428571429;0.55;0.0
102.0;13.017857142857142;0.4;0.0
108.0;17.821428571428573;0.55;0.0
114.0;16.767857142857142;1.7999999999999998;0.0
120.0;13.303571428571429;0.55;0.0
126.0;9.75;0.75;0.0
132.0;6.553571428571429;0.4;0.0
138.0;3.75;0.15;0.0
144.0;3.1607142857142856;0.3;0.0
150.0;2.7857142857142856;0.15;0.0
156.0;5.232142857142857;0.3;0.0
162.0;3.9642857142857144;0.3;0.0
168.0;7.803571428571429;0.15;0.0
174.0;11.982142857142858;0.15;0.0
180.0;12.428571428571429;0.55;0.0
186.0;12.857142857142858;0.65;0.0
192.0;11.464285714285714;0.35;0.0
198.0;11.660714285714286;0.3;0.0
204.0;8.589285714285714;0.2;0.0
210.0;8.446428571428571;1.2;0.0
216.0;9.517857142857142;0.9;0.0
222.0;12.464285714285714;0.75;0.0
228.0;15.732142857142858;0.3;0.0
234.0;14.160714285714286;0.15;0.0
240.0;15.232142857142858;0.9;0.0
246.0;15.357142857142858;0.4;0.0
252.0;21.714285714285715;1.05;0.0
258.0;22.535714285714285;1.9;0.0
264.0;22.839285714285715;0.0;0.0
270.0;22.071428571428573;2.55;0.0
276.0;23.267857142857142;1.15;0.0
282.0;24.482142857142858;0.0;0.0
288.0;25.571428571428573;0.4;0.0
294.0;20.267857142857142;0.44999999999999996;0.0
