Simulation started at 03/08/2021 00:17:33
----------------------------------------------------------------------
Scenario started at 03/08/2021 00:17:33
Scenario: TWO_TIER_WITH_EO - Policy: DDQN - #iteration: 10
Duration: 5.0 min (warm up period: 1.0 min) - #devices: 0
Creating tasks...Done, 
Creating device locations...Done.
o.n.l.f.Nd4jBackend - Loaded [CpuBackend] backend
o.n.n.NativeOpsHolder - Number of threads used for linear algebra: 1
o.n.n.Nd4jBlas - Number of threads used for OpenMP BLAS: 4
o.n.l.a.o.e.DefaultOpExecutioner - Backend used: [CPU]; OS: [Mac OS X]
o.n.l.a.o.e.DefaultOpExecutioner - Cores: [8]; Memory: [1,8GB];
o.n.l.a.o.e.DefaultOpExecutioner - Blas vendor: [OPENBLAS]
o.d.n.m.MultiLayerNetwork - Starting MultiLayerNetwork with WorkspaceModes set to [training: ENABLED; inference: ENABLED], cacheMode set to [NONE]
SimManager is starting...Done.
.........10.........20.........30.........40.........50.........60.........70.........80.........90.........100
# of tasks (Edge/Cloud/Mobile): 0(0/0/0)
# of failed tasks (Edge/Cloud/Mobile): 0(0/0/0)
# of completed tasks (Edge/Cloud/Mobile): 0(0/0/0)
# of uncompleted tasks (Edge/Cloud/Mobile): 0(0/0/0)
# of failed tasks due to vm capacity (Edge/Cloud/Mobile): 0(0/0/0)
# of failed tasks due to Mobility/Network(WLAN/MAN/WAN): 0/0(0/0/0)
percentage of failed tasks: NaN%
average service time: NaN seconds. (on Edge: NaN, on Cloud: NaN, on Mobile: NaN)
average processing time: NaN seconds. (on Edge: NaN, on Cloud: NaN, on Mobile: NaN)
average network delay: NaN seconds. (LAN delay: NaN, MAN delay: NaN, WAN delay: NaN)
average server utilization Edge/Cloud/Mobile: 0,000000/0,000000/0,000000
average cost: NaN$
Scenario finished at 03/08/2021 00:17:44. It took 11 Seconds
----------------------------------------------------------------------
Scenario started at 03/08/2021 00:17:44
Scenario: TWO_TIER_WITH_EO - Policy: FUZZY_BASED - #iteration: 10
Duration: 5.0 min (warm up period: 1.0 min) - #devices: 0
Creating tasks...Done, 
Creating device locations...Done.
SimManager is starting...Done.
.........10.........20.........30.........40.........50.........60.........70.........80.........90.........100
# of tasks (Edge/Cloud/Mobile): 0(0/0/0)
# of failed tasks (Edge/Cloud/Mobile): 0(0/0/0)
# of completed tasks (Edge/Cloud/Mobile): 0(0/0/0)
# of uncompleted tasks (Edge/Cloud/Mobile): 0(0/0/0)
# of failed tasks due to vm capacity (Edge/Cloud/Mobile): 0(0/0/0)
# of failed tasks due to Mobility/Network(WLAN/MAN/WAN): 0/0(0/0/0)
percentage of failed tasks: NaN%
average service time: NaN seconds. (on Edge: NaN, on Cloud: NaN, on Mobile: NaN)
average processing time: NaN seconds. (on Edge: NaN, on Cloud: NaN, on Mobile: NaN)
average network delay: NaN seconds. (LAN delay: NaN, MAN delay: NaN, WAN delay: NaN)
average server utilization Edge/Cloud/Mobile: 0,000000/0,000000/0,000000
average cost: NaN$
Scenario finished at 03/08/2021 00:17:44. It took 476 Milli Seconds
----------------------------------------------------------------------
Scenario started at 03/08/2021 00:17:44
Scenario: TWO_TIER_WITH_EO - Policy: NETWORK_BASED - #iteration: 10
Duration: 5.0 min (warm up period: 1.0 min) - #devices: 0
Creating tasks...Done, 
Creating device locations...Done.
SimManager is starting...Done.
.........10.........20.........30.........40.........50.........60.........70.........80.........90.........100
# of tasks (Edge/Cloud/Mobile): 0(0/0/0)
# of failed tasks (Edge/Cloud/Mobile): 0(0/0/0)
# of completed tasks (Edge/Cloud/Mobile): 0(0/0/0)
# of uncompleted tasks (Edge/Cloud/Mobile): 0(0/0/0)
# of failed tasks due to vm capacity (Edge/Cloud/Mobile): 0(0/0/0)
# of failed tasks due to Mobility/Network(WLAN/MAN/WAN): 0/0(0/0/0)
percentage of failed tasks: NaN%
average service time: NaN seconds. (on Edge: NaN, on Cloud: NaN, on Mobile: NaN)
average processing time: NaN seconds. (on Edge: NaN, on Cloud: NaN, on Mobile: NaN)
average network delay: NaN seconds. (LAN delay: NaN, MAN delay: NaN, WAN delay: NaN)
average server utilization Edge/Cloud/Mobile: 0,000000/0,000000/0,000000
average cost: NaN$
Scenario finished at 03/08/2021 00:17:45. It took 452 Milli Seconds
----------------------------------------------------------------------
Scenario started at 03/08/2021 00:17:45
Scenario: TWO_TIER_WITH_EO - Policy: UTILIZATION_BASED - #iteration: 10
Duration: 5.0 min (warm up period: 1.0 min) - #devices: 0
Creating tasks...Done, 
Creating device locations...Done.
SimManager is starting...Done.
.........10.........20.........30.........40.........50.........60.........70.........80.........90.........100
# of tasks (Edge/Cloud/Mobile): 0(0/0/0)
# of failed tasks (Edge/Cloud/Mobile): 0(0/0/0)
# of completed tasks (Edge/Cloud/Mobile): 0(0/0/0)
# of uncompleted tasks (Edge/Cloud/Mobile): 0(0/0/0)
# of failed tasks due to vm capacity (Edge/Cloud/Mobile): 0(0/0/0)
# of failed tasks due to Mobility/Network(WLAN/MAN/WAN): 0/0(0/0/0)
percentage of failed tasks: NaN%
average service time: NaN seconds. (on Edge: NaN, on Cloud: NaN, on Mobile: NaN)
average processing time: NaN seconds. (on Edge: NaN, on Cloud: NaN, on Mobile: NaN)
average network delay: NaN seconds. (LAN delay: NaN, MAN delay: NaN, WAN delay: NaN)
average server utilization Edge/Cloud/Mobile: 0,000000/0,000000/0,000000
average cost: NaN$
Scenario finished at 03/08/2021 00:17:45. It took 366 Milli Seconds
----------------------------------------------------------------------
Scenario started at 03/08/2021 00:17:45
Scenario: TWO_TIER_WITH_EO - Policy: HYBRID - #iteration: 10
Duration: 5.0 min (warm up period: 1.0 min) - #devices: 0
Creating tasks...Done, 
Creating device locations...Done.
SimManager is starting...Done.
.........10.........20.........30.........40.........50.........60.........70.........80.........90.........100
# of tasks (Edge/Cloud/Mobile): 0(0/0/0)
# of failed tasks (Edge/Cloud/Mobile): 0(0/0/0)
# of completed tasks (Edge/Cloud/Mobile): 0(0/0/0)
# of uncompleted tasks (Edge/Cloud/Mobile): 0(0/0/0)
# of failed tasks due to vm capacity (Edge/Cloud/Mobile): 0(0/0/0)
# of failed tasks due to Mobility/Network(WLAN/MAN/WAN): 0/0(0/0/0)
percentage of failed tasks: NaN%
average service time: NaN seconds. (on Edge: NaN, on Cloud: NaN, on Mobile: NaN)
average processing time: NaN seconds. (on Edge: NaN, on Cloud: NaN, on Mobile: NaN)
average network delay: NaN seconds. (LAN delay: NaN, MAN delay: NaN, WAN delay: NaN)
average server utilization Edge/Cloud/Mobile: 0,000000/0,000000/0,000000
average cost: NaN$
Scenario finished at 03/08/2021 00:17:46. It took 377 Milli Seconds
----------------------------------------------------------------------
Scenario started at 03/08/2021 00:17:46
Scenario: TWO_TIER_WITH_EO - Policy: DDQN - #iteration: 10
Duration: 5.0 min (warm up period: 1.0 min) - #devices: 200
Creating tasks...Done, 
Creating device locations...Done.
SimManager is starting...Done.
.........10.........20.........30.........40.........50.........60.........70.........80.........90.........100
# of tasks (Edge/Cloud/Mobile): 6433(5797/636/0)
# of failed tasks (Edge/Cloud/Mobile): 0(0/0/0)
# of completed tasks (Edge/Cloud/Mobile): 6433(5797/636/0)
# of uncompleted tasks (Edge/Cloud/Mobile): 19(19/0/0)
# of failed tasks due to vm capacity (Edge/Cloud/Mobile): 0(0/0/0)
# of failed tasks due to Mobility/Network(WLAN/MAN/WAN): 0/0(0/0/0)
percentage of failed tasks: 0,000000%
average service time: 0,936692 seconds. (on Edge: 0,962690, on Cloud: 0,699723, on Mobile: NaN)
average processing time: 0,833305 seconds. (on Edge: 0,902048, on Cloud: 0,206725, on Mobile: NaN)
average network delay: 0,103387 seconds. (LAN delay: 0,049215, MAN delay: 0,012412, WAN delay: 0,492998)
average server utilization Edge/Cloud/Mobile: 1,583090/0,280612/0,000000
average cost: 0.0$
Scenario finished at 03/08/2021 00:18:04. It took 18 Seconds
----------------------------------------------------------------------
Scenario started at 03/08/2021 00:18:04
Scenario: TWO_TIER_WITH_EO - Policy: FUZZY_BASED - #iteration: 10
Duration: 5.0 min (warm up period: 1.0 min) - #devices: 200
Creating tasks...Done, 
Creating device locations...Done.
SimManager is starting...Done.
.........10.........20.........30.........40.........50.........60.........70.........80.........90.........100
# of tasks (Edge/Cloud/Mobile): 7311(6438/873/0)
# of failed tasks (Edge/Cloud/Mobile): 0(0/0/0)
# of completed tasks (Edge/Cloud/Mobile): 7311(6438/873/0)
# of uncompleted tasks (Edge/Cloud/Mobile): 29(28/0/1)
# of failed tasks due to vm capacity (Edge/Cloud/Mobile): 0(0/0/0)
# of failed tasks due to Mobility/Network(WLAN/MAN/WAN): 0/0(0/0/0)
percentage of failed tasks: 0,000000%
average service time: 0,905142 seconds. (on Edge: 0,898195, on Cloud: 0,956371, on Mobile: NaN)
average processing time: 0,778012 seconds. (on Edge: 0,847099, on Cloud: 0,268524, on Mobile: NaN)
average network delay: 0,127130 seconds. (LAN delay: 0,051096, MAN delay: NaN, WAN delay: 0,687847)
average server utilization Edge/Cloud/Mobile: 1,125000/0,489796/0,000000
average cost: 0.0$
Scenario finished at 03/08/2021 00:19:35. It took 1 Minute 31 Seconds
----------------------------------------------------------------------
Scenario started at 03/08/2021 00:19:35
Scenario: TWO_TIER_WITH_EO - Policy: NETWORK_BASED - #iteration: 10
Duration: 5.0 min (warm up period: 1.0 min) - #devices: 200
Creating tasks...Done, 
Creating device locations...Done.
SimManager is starting...Done.
.........10.........20.........30.........40.........50.........60.........70.........80.........90.........100
# of tasks (Edge/Cloud/Mobile): 6687(47/6640/0)
# of failed tasks (Edge/Cloud/Mobile): 0(0/0/0)
# of completed tasks (Edge/Cloud/Mobile): 6687(47/6640/0)
# of uncompleted tasks (Edge/Cloud/Mobile): 33(0/5/28)
# of failed tasks due to vm capacity (Edge/Cloud/Mobile): 0(0/0/0)
# of failed tasks due to Mobility/Network(WLAN/MAN/WAN): 0/0(0/0/0)
percentage of failed tasks: 0,000000%
average service time: 1,326988 seconds. (on Edge: 1,029444, on Cloud: 1,329094, on Mobile: NaN)
average processing time: 0,109636 seconds. (on Edge: 0,975927, on Cloud: 0,103504, on Mobile: NaN)
average network delay: 1,217352 seconds. (LAN delay: 0,041095, MAN delay: 0,012422, WAN delay: 1,225590)
average server utilization Edge/Cloud/Mobile: 0,014577/0,766327/0,000000
average cost: 0.0$
Scenario finished at 03/08/2021 00:19:37. It took 1 Second
----------------------------------------------------------------------
Scenario started at 03/08/2021 00:19:37
Scenario: TWO_TIER_WITH_EO - Policy: UTILIZATION_BASED - #iteration: 10
Duration: 5.0 min (warm up period: 1.0 min) - #devices: 200
Creating tasks...Done, 
Creating device locations...Done.
SimManager is starting...Done.
.........10.........20.........30.........40.........50.........60.........70.........80.........90.........100
# of tasks (Edge/Cloud/Mobile): 6076(6076/0/0)
# of failed tasks (Edge/Cloud/Mobile): 0(0/0/0)
# of completed tasks (Edge/Cloud/Mobile): 6076(6076/0/0)
# of uncompleted tasks (Edge/Cloud/Mobile): 30(29/0/1)
# of failed tasks due to vm capacity (Edge/Cloud/Mobile): 0(0/0/0)
# of failed tasks due to Mobility/Network(WLAN/MAN/WAN): 0/0(0/0/0)
percentage of failed tasks: 0,000000%
average service time: 1,175885 seconds. (on Edge: 1,175885, on Cloud: NaN, on Mobile: NaN)
average processing time: 1,116118 seconds. (on Edge: 1,116118, on Cloud: NaN, on Mobile: NaN)
average network delay: 0,059767 seconds. (LAN delay: 0,047986, MAN delay: 0,012481, WAN delay: NaN)
average server utilization Edge/Cloud/Mobile: 2,863703/0,000000/0,000000
average cost: 0.0$
Scenario finished at 03/08/2021 00:19:39. It took 1 Second
----------------------------------------------------------------------
Scenario started at 03/08/2021 00:19:39
Scenario: TWO_TIER_WITH_EO - Policy: HYBRID - #iteration: 10
Duration: 5.0 min (warm up period: 1.0 min) - #devices: 200
Creating tasks...Done, 
Creating device locations...Done.
SimManager is starting...Done.
.........10.........20.........30.........40.........50.........60.........70.........80.........90.........100
# of tasks (Edge/Cloud/Mobile): 7576(7576/0/0)
# of failed tasks (Edge/Cloud/Mobile): 0(0/0/0)
# of completed tasks (Edge/Cloud/Mobile): 7576(7576/0/0)
# of uncompleted tasks (Edge/Cloud/Mobile): 39(36/0/3)
# of failed tasks due to vm capacity (Edge/Cloud/Mobile): 0(0/0/0)
# of failed tasks due to Mobility/Network(WLAN/MAN/WAN): 0/0(0/0/0)
percentage of failed tasks: 0,000000%
average service time: 1,100444 seconds. (on Edge: 1,100444, on Cloud: NaN, on Mobile: NaN)
average processing time: 1,037267 seconds. (on Edge: 1,037267, on Cloud: NaN, on Mobile: NaN)
average network delay: 0,063178 seconds. (LAN delay: 0,051613, MAN delay: 0,012515, WAN delay: NaN)
average server utilization Edge/Cloud/Mobile: 2,418367/0,000000/0,000000
average cost: 0.0$
Scenario finished at 03/08/2021 00:19:41. It took 2 Seconds
----------------------------------------------------------------------
Scenario started at 03/08/2021 00:19:41
Scenario: TWO_TIER_WITH_EO - Policy: DDQN - #iteration: 10
Duration: 5.0 min (warm up period: 1.0 min) - #devices: 400
Creating tasks...Done, 
Creating device locations...Done.
SimManager is starting...Done.
.........10.........20.........30.........40.........50.........60.........70.........80.........90.........100
# of tasks (Edge/Cloud/Mobile): 14655(13601/1054/0)
# of failed tasks (Edge/Cloud/Mobile): 0(0/0/0)
# of completed tasks (Edge/Cloud/Mobile): 14655(13601/1054/0)
# of uncompleted tasks (Edge/Cloud/Mobile): 81(78/0/3)
# of failed tasks due to vm capacity (Edge/Cloud/Mobile): 0(0/0/0)
# of failed tasks due to Mobility/Network(WLAN/MAN/WAN): 0/0(0/0/0)
percentage of failed tasks: 0,000000%
average service time: 1,020794 seconds. (on Edge: 1,041605, on Cloud: 0,752243, on Mobile: NaN)
average processing time: 0,920115 seconds. (on Edge: 0,974383, on Cloud: 0,219824, on Mobile: NaN)
average network delay: 0,100679 seconds. (LAN delay: 0,055688, MAN delay: 0,012515, WAN delay: 0,532420)
average server utilization Edge/Cloud/Mobile: 3,632289/0,454082/0,000000
average cost: 0.0$
Scenario finished at 03/08/2021 00:20:11. It took 30 Seconds
----------------------------------------------------------------------
Scenario started at 03/08/2021 00:20:11
Scenario: TWO_TIER_WITH_EO - Policy: FUZZY_BASED - #iteration: 10
Duration: 5.0 min (warm up period: 1.0 min) - #devices: 400
Creating tasks...Done, 
Creating device locations...Done.
SimManager is starting...Done.
.........10.........20.........30.........40.........50.........60.........70.........80.........90.........100
# of tasks (Edge/Cloud/Mobile): 12579(10720/1859/0)
# of failed tasks (Edge/Cloud/Mobile): 0(0/0/0)
# of completed tasks (Edge/Cloud/Mobile): 12579(10720/1859/0)
# of uncompleted tasks (Edge/Cloud/Mobile): 54(48/0/6)
# of failed tasks due to vm capacity (Edge/Cloud/Mobile): 0(0/0/0)
# of failed tasks due to Mobility/Network(WLAN/MAN/WAN): 0/0(0/0/0)
percentage of failed tasks: 0,000000%
average service time: 0,870654 seconds. (on Edge: 0,851297, on Cloud: 0,982281, on Mobile: NaN)
average processing time: 0,714271 seconds. (on Edge: 0,797044, on Cloud: 0,236957, on Mobile: NaN)
average network delay: 0,156383 seconds. (LAN delay: 0,054252, MAN delay: NaN, WAN delay: 0,745324)
average server utilization Edge/Cloud/Mobile: 1,814504/0,846939/0,000000
average cost: 0.0$
Scenario finished at 03/08/2021 00:22:40. It took 2 Minutes 28 Seconds
----------------------------------------------------------------------
Scenario started at 03/08/2021 00:22:40
Scenario: TWO_TIER_WITH_EO - Policy: NETWORK_BASED - #iteration: 10
Duration: 5.0 min (warm up period: 1.0 min) - #devices: 400
Creating tasks...Done, 
Creating device locations...Done.
SimManager is starting...Done.
.........10.........20.........30.........40.........50.........60.........70.........80.........90.........100
# of tasks (Edge/Cloud/Mobile): 13792(1289/12503/0)
# of failed tasks (Edge/Cloud/Mobile): 0(0/0/0)
# of completed tasks (Edge/Cloud/Mobile): 13792(1289/12503/0)
# of uncompleted tasks (Edge/Cloud/Mobile): 97(5/14/78)
# of failed tasks due to vm capacity (Edge/Cloud/Mobile): 0(0/0/0)
# of failed tasks due to Mobility/Network(WLAN/MAN/WAN): 0/0(0/0/0)
percentage of failed tasks: 0,000000%
average service time: 1,567487 seconds. (on Edge: 0,999422, on Cloud: 1,626051, on Mobile: NaN)
average processing time: 0,184082 seconds. (on Edge: 0,933106, on Cloud: 0,106861, on Mobile: NaN)
average network delay: 1,383405 seconds. (LAN delay: 0,055677, MAN delay: 0,012523, WAN delay: 1,519191)
average server utilization Edge/Cloud/Mobile: 0,470481/1,334694/0,000000
average cost: 0.0$
Scenario finished at 03/08/2021 00:22:44. It took 4 Seconds
----------------------------------------------------------------------
Scenario started at 03/08/2021 00:22:44
Scenario: TWO_TIER_WITH_EO - Policy: UTILIZATION_BASED - #iteration: 10
Duration: 5.0 min (warm up period: 1.0 min) - #devices: 400
Creating tasks...Done, 
Creating device locations...Done.
SimManager is starting...Done.
.........10.........20.........30.........40.........50.........60.........70.........80.........90.........100
# of tasks (Edge/Cloud/Mobile): 13789(13789/0/0)
# of failed tasks (Edge/Cloud/Mobile): 0(0/0/0)
# of completed tasks (Edge/Cloud/Mobile): 13789(13789/0/0)
# of uncompleted tasks (Edge/Cloud/Mobile): 75(73/0/2)
# of failed tasks due to vm capacity (Edge/Cloud/Mobile): 0(0/0/0)
# of failed tasks due to Mobility/Network(WLAN/MAN/WAN): 0/0(0/0/0)
percentage of failed tasks: 0,000000%
average service time: 1,235523 seconds. (on Edge: 1,235523, on Cloud: NaN, on Mobile: NaN)
average processing time: 1,167475 seconds. (on Edge: 1,167475, on Cloud: NaN, on Mobile: NaN)
average network delay: 0,068049 seconds. (LAN delay: 0,056278, MAN delay: 0,012685, WAN delay: NaN)
average server utilization Edge/Cloud/Mobile: 5,742711/0,000000/0,000000
average cost: 0.0$
Scenario finished at 03/08/2021 00:22:47. It took 3 Seconds
----------------------------------------------------------------------
Scenario started at 03/08/2021 00:22:47
Scenario: TWO_TIER_WITH_EO - Policy: HYBRID - #iteration: 10
Duration: 5.0 min (warm up period: 1.0 min) - #devices: 400
Creating tasks...Done, 
Creating device locations...Done.
SimManager is starting...Done.
.........10.........20.........30.........40.........50.........60.........70.........80.........90.........100
# of tasks (Edge/Cloud/Mobile): 12562(12562/0/0)
# of failed tasks (Edge/Cloud/Mobile): 0(0/0/0)
# of completed tasks (Edge/Cloud/Mobile): 12562(12562/0/0)
# of uncompleted tasks (Edge/Cloud/Mobile): 67(66/0/1)
# of failed tasks due to vm capacity (Edge/Cloud/Mobile): 0(0/0/0)
# of failed tasks due to Mobility/Network(WLAN/MAN/WAN): 0/0(0/0/0)
percentage of failed tasks: 0,000000%
average service time: 1,215994 seconds. (on Edge: 1,215994, on Cloud: NaN, on Mobile: NaN)
average processing time: 1,149462 seconds. (on Edge: 1,149462, on Cloud: NaN, on Mobile: NaN)
average network delay: 0,066533 seconds. (LAN delay: 0,054757, MAN delay: 0,012656, WAN delay: NaN)
average server utilization Edge/Cloud/Mobile: 5,384840/0,000000/0,000000
average cost: 0.0$
Scenario finished at 03/08/2021 00:22:50. It took 2 Seconds
----------------------------------------------------------------------
Scenario started at 03/08/2021 00:22:50
Scenario: TWO_TIER_WITH_EO - Policy: DDQN - #iteration: 10
Duration: 5.0 min (warm up period: 1.0 min) - #devices: 600
Creating tasks...Done, 
Creating device locations...Done.
SimManager is starting...Done.
.........10.........20.........30.........40.........50.........60.........70.........80.........90.........100
# of tasks (Edge/Cloud/Mobile): 19613(17926/1687/0)
# of failed tasks (Edge/Cloud/Mobile): 0(0/0/0)
# of completed tasks (Edge/Cloud/Mobile): 19613(17926/1687/0)
# of uncompleted tasks (Edge/Cloud/Mobile): 123(117/2/4)
# of failed tasks due to vm capacity (Edge/Cloud/Mobile): 0(0/0/0)
# of failed tasks due to Mobility/Network(WLAN/MAN/WAN): 0/0(0/0/0)
percentage of failed tasks: 0,000000%
average service time: 1,111675 seconds. (on Edge: 1,143964, on Cloud: 0,768573, on Mobile: NaN)
average processing time: 0,999038 seconds. (on Edge: 1,072594, on Cloud: 0,217435, on Mobile: NaN)
average network delay: 0,112637 seconds. (LAN delay: 0,059735, MAN delay: 0,012579, WAN delay: 0,551138)
average server utilization Edge/Cloud/Mobile: 5,357507/0,505102/0,000000
average cost: 0.0$
Scenario finished at 03/08/2021 00:23:28. It took 38 Seconds
----------------------------------------------------------------------
Scenario started at 03/08/2021 00:23:28
Scenario: TWO_TIER_WITH_EO - Policy: FUZZY_BASED - #iteration: 10
Duration: 5.0 min (warm up period: 1.0 min) - #devices: 600
Creating tasks...Done, 
Creating device locations...Done.
SimManager is starting...Done.
.........10.........20.........30.........40.........50.........60.........70.........80.........90.........100
# of tasks (Edge/Cloud/Mobile): 19503(16699/2804/0)
# of failed tasks (Edge/Cloud/Mobile): 0(0/0/0)
# of completed tasks (Edge/Cloud/Mobile): 19503(16699/2804/0)
# of uncompleted tasks (Edge/Cloud/Mobile): 92(83/1/8)
# of failed tasks due to vm capacity (Edge/Cloud/Mobile): 0(0/0/0)
# of failed tasks due to Mobility/Network(WLAN/MAN/WAN): 0/0(0/0/0)
percentage of failed tasks: 0,000000%
average service time: 0,899654 seconds. (on Edge: 0,882200, on Cloud: 1,003601, on Mobile: NaN)
average processing time: 0,735203 seconds. (on Edge: 0,822816, on Cloud: 0,213433, on Mobile: NaN)
average network delay: 0,164451 seconds. (LAN delay: 0,059384, MAN delay: NaN, WAN delay: 0,790168)
average server utilization Edge/Cloud/Mobile: 2,814504/1,045918/0,000000
average cost: 0.0$
Scenario finished at 03/08/2021 00:26:45. It took 3 Minutes 17 Seconds
----------------------------------------------------------------------
Scenario started at 03/08/2021 00:26:45
Scenario: TWO_TIER_WITH_EO - Policy: NETWORK_BASED - #iteration: 10
Duration: 5.0 min (warm up period: 1.0 min) - #devices: 600
Creating tasks...Done, 
Creating device locations...Done.
SimManager is starting...Done.
.........10.........20.........30.........40.........50.........60.........70.........80.........90.........100
# of tasks (Edge/Cloud/Mobile): 18735(3449/15286/0)
# of failed tasks (Edge/Cloud/Mobile): 0(0/0/0)
# of completed tasks (Edge/Cloud/Mobile): 18735(3449/15286/0)
# of uncompleted tasks (Edge/Cloud/Mobile): 131(19/19/93)
# of failed tasks due to vm capacity (Edge/Cloud/Mobile): 0(0/0/0)
# of failed tasks due to Mobility/Network(WLAN/MAN/WAN): 0/0(0/0/0)
percentage of failed tasks: 0,000000%
average service time: 1,591479 seconds. (on Edge: 1,133914, on Cloud: 1,694720, on Mobile: NaN)
average processing time: 0,286096 seconds. (on Edge: 1,066251, on Cloud: 0,110069, on Mobile: NaN)
average network delay: 1,305383 seconds. (LAN delay: 0,056022, MAN delay: 0,012621, WAN delay: 1,584651)
average server utilization Edge/Cloud/Mobile: 1,447157/1,674490/0,000000
average cost: 0.0$
Scenario finished at 03/08/2021 00:26:50. It took 4 Seconds
----------------------------------------------------------------------
Scenario started at 03/08/2021 00:26:50
Scenario: TWO_TIER_WITH_EO - Policy: UTILIZATION_BASED - #iteration: 10
Duration: 5.0 min (warm up period: 1.0 min) - #devices: 600
Creating tasks...Done, 
Creating device locations...Done.
SimManager is starting...Done.
.........10.........20.........30.........40.........50.........60.........70.........80.........90.........100
# of tasks (Edge/Cloud/Mobile): 20932(20932/0/0)
# of failed tasks (Edge/Cloud/Mobile): 0(0/0/0)
# of completed tasks (Edge/Cloud/Mobile): 20932(20932/0/0)
# of uncompleted tasks (Edge/Cloud/Mobile): 124(117/0/7)
# of failed tasks due to vm capacity (Edge/Cloud/Mobile): 0(0/0/0)
# of failed tasks due to Mobility/Network(WLAN/MAN/WAN): 0/0(0/0/0)
percentage of failed tasks: 0,000000%
average service time: 1,292989 seconds. (on Edge: 1,292989, on Cloud: NaN, on Mobile: NaN)
average processing time: 1,218986 seconds. (on Edge: 1,218986, on Cloud: NaN, on Mobile: NaN)
average network delay: 0,074003 seconds. (LAN delay: 0,061992, MAN delay: 0,012945, WAN delay: NaN)
average server utilization Edge/Cloud/Mobile: 8,550656/0,000000/0,000000
average cost: 0.0$
Scenario finished at 03/08/2021 00:26:56. It took 6 Seconds
----------------------------------------------------------------------
Scenario started at 03/08/2021 00:26:57
Scenario: TWO_TIER_WITH_EO - Policy: HYBRID - #iteration: 10
Duration: 5.0 min (warm up period: 1.0 min) - #devices: 600
Creating tasks...Done, 
Creating device locations...Done.
SimManager is starting...Done.
.........10.........20.........30.........40.........50.........60.........70.........80.........90.........100
# of tasks (Edge/Cloud/Mobile): 19972(19972/0/0)
# of failed tasks (Edge/Cloud/Mobile): 0(0/0/0)
# of completed tasks (Edge/Cloud/Mobile): 19972(19972/0/0)
# of uncompleted tasks (Edge/Cloud/Mobile): 88(86/0/2)
# of failed tasks due to vm capacity (Edge/Cloud/Mobile): 0(0/0/0)
# of failed tasks due to Mobility/Network(WLAN/MAN/WAN): 0/0(0/0/0)
percentage of failed tasks: 0,000000%
average service time: 1,313741 seconds. (on Edge: 1,313741, on Cloud: NaN, on Mobile: NaN)
average processing time: 1,241124 seconds. (on Edge: 1,241124, on Cloud: NaN, on Mobile: NaN)
average network delay: 0,072616 seconds. (LAN delay: 0,060616, MAN delay: 0,012895, WAN delay: NaN)
average server utilization Edge/Cloud/Mobile: 8,588192/0,000000/0,000000
average cost: 0.0$
Scenario finished at 03/08/2021 00:27:02. It took 5 Seconds
----------------------------------------------------------------------
Scenario started at 03/08/2021 00:27:02
Scenario: TWO_TIER_WITH_EO - Policy: DDQN - #iteration: 10
Duration: 5.0 min (warm up period: 1.0 min) - #devices: 800
Creating tasks...Done, 
Creating device locations...Done.
SimManager is starting...Done.
.........10.........20.........30.........40.........50.........60.........70.........80.........90.........100
# of tasks (Edge/Cloud/Mobile): 25335(22902/2433/0)
# of failed tasks (Edge/Cloud/Mobile): 0(0/0/0)
# of completed tasks (Edge/Cloud/Mobile): 25335(22902/2433/0)
# of uncompleted tasks (Edge/Cloud/Mobile): 171(160/3/8)
# of failed tasks due to vm capacity (Edge/Cloud/Mobile): 0(0/0/0)
# of failed tasks due to Mobility/Network(WLAN/MAN/WAN): 0/0(0/0/0)
percentage of failed tasks: 0,000000%
average service time: 1,364173 seconds. (on Edge: 1,427553, on Cloud: 0,767573, on Mobile: NaN)
average processing time: 1,237496 seconds. (on Edge: 1,348579, on Cloud: 0,191864, on Mobile: NaN)
average network delay: 0,126677 seconds. (LAN delay: 0,067262, MAN delay: 0,012654, WAN delay: 0,575709)
average server utilization Edge/Cloud/Mobile: 8,610787/0,824490/0,000000
average cost: 0.0$
Scenario finished at 03/08/2021 00:27:55. It took 52 Seconds
----------------------------------------------------------------------
Scenario started at 03/08/2021 00:27:55
Scenario: TWO_TIER_WITH_EO - Policy: FUZZY_BASED - #iteration: 10
Duration: 5.0 min (warm up period: 1.0 min) - #devices: 800
Creating tasks...Done, 
Creating device locations...Done.
SimManager is starting...Done.
.........10.........20.........30.........40.........50.........60.........70.........80.........90.........100
# of tasks (Edge/Cloud/Mobile): 25720(22009/3711/0)
# of failed tasks (Edge/Cloud/Mobile): 0(0/0/0)
# of completed tasks (Edge/Cloud/Mobile): 25720(22009/3711/0)
# of uncompleted tasks (Edge/Cloud/Mobile): 96(87/2/7)
# of failed tasks due to vm capacity (Edge/Cloud/Mobile): 0(0/0/0)
# of failed tasks due to Mobility/Network(WLAN/MAN/WAN): 0/0(0/0/0)
percentage of failed tasks: 0,000000%
average service time: 0,935002 seconds. (on Edge: 0,909389, on Cloud: 1,086909, on Mobile: NaN)
average processing time: 0,752481 seconds. (on Edge: 0,842888, on Cloud: 0,216296, on Mobile: NaN)
average network delay: 0,182522 seconds. (LAN delay: 0,066501, MAN delay: NaN, WAN delay: 0,870614)
average server utilization Edge/Cloud/Mobile: 3,834913/1,408163/0,000000
average cost: 0.0$
Scenario finished at 03/08/2021 00:32:25. It took 4 Minutes 29 Seconds
----------------------------------------------------------------------
Scenario started at 03/08/2021 00:32:25
Scenario: TWO_TIER_WITH_EO - Policy: NETWORK_BASED - #iteration: 10
Duration: 5.0 min (warm up period: 1.0 min) - #devices: 800
Creating tasks...Done, 
Creating device locations...Done.
SimManager is starting...Done.
.........10.........20.........30.........40.........50.........60.........70.........80.........90.........100
# of tasks (Edge/Cloud/Mobile): 28407(10433/17974/0)
# of failed tasks (Edge/Cloud/Mobile): 0(0/0/0)
# of completed tasks (Edge/Cloud/Mobile): 28407(10433/17974/0)
# of uncompleted tasks (Edge/Cloud/Mobile): 197(49/22/126)
# of failed tasks due to vm capacity (Edge/Cloud/Mobile): 0(0/0/0)
# of failed tasks due to Mobility/Network(WLAN/MAN/WAN): 0/0(0/0/0)
percentage of failed tasks: 0,000000%
average service time: 1,576620 seconds. (on Edge: 1,204489, on Cloud: 1,792624, on Mobile: NaN)
average processing time: 0,483097 seconds. (on Edge: 1,129824, on Cloud: 0,107705, on Mobile: NaN)
average network delay: 1,093523 seconds. (LAN delay: 0,062521, MAN delay: 0,012918, WAN delay: 1,684919)
average server utilization Edge/Cloud/Mobile: 3,812318/1,736735/0,000000
average cost: 0.0$
Scenario finished at 03/08/2021 00:32:35. It took 10 Seconds
----------------------------------------------------------------------
Scenario started at 03/08/2021 00:32:35
Scenario: TWO_TIER_WITH_EO - Policy: UTILIZATION_BASED - #iteration: 10
Duration: 5.0 min (warm up period: 1.0 min) - #devices: 800
Creating tasks...Done, 
Creating device locations...Done.
SimManager is starting...Done.
.........10.........20.........30.........40.........50.........60.........70.........80.........90.........100
# of tasks (Edge/Cloud/Mobile): 27534(27534/0/0)
# of failed tasks (Edge/Cloud/Mobile): 0(0/0/0)
# of completed tasks (Edge/Cloud/Mobile): 27534(27534/0/0)
# of uncompleted tasks (Edge/Cloud/Mobile): 153(147/0/6)
# of failed tasks due to vm capacity (Edge/Cloud/Mobile): 0(0/0/0)
# of failed tasks due to Mobility/Network(WLAN/MAN/WAN): 0/0(0/0/0)
percentage of failed tasks: 0,000000%
average service time: 1,414870 seconds. (on Edge: 1,414870, on Cloud: NaN, on Mobile: NaN)
average processing time: 1,333160 seconds. (on Edge: 1,333160, on Cloud: NaN, on Mobile: NaN)
average network delay: 0,081710 seconds. (LAN delay: 0,069437, MAN delay: 0,013221, WAN delay: NaN)
average server utilization Edge/Cloud/Mobile: 11,879373/0,000000/0,000000
average cost: 0.0$
Scenario finished at 03/08/2021 00:32:48. It took 13 Seconds
----------------------------------------------------------------------
Scenario started at 03/08/2021 00:32:48
Scenario: TWO_TIER_WITH_EO - Policy: HYBRID - #iteration: 10
Duration: 5.0 min (warm up period: 1.0 min) - #devices: 800
Creating tasks...Done, 
Creating device locations...Done.
SimManager is starting...Done.
.........10.........20.........30.........40.........50.........60.........70.........80.........90.........100
# of tasks (Edge/Cloud/Mobile): 26004(26004/0/0)
# of failed tasks (Edge/Cloud/Mobile): 0(0/0/0)
# of completed tasks (Edge/Cloud/Mobile): 26004(26004/0/0)
# of uncompleted tasks (Edge/Cloud/Mobile): 153(145/0/8)
# of failed tasks due to vm capacity (Edge/Cloud/Mobile): 0(0/0/0)
# of failed tasks due to Mobility/Network(WLAN/MAN/WAN): 0/0(0/0/0)
percentage of failed tasks: 0,000000%
average service time: 1,400645 seconds. (on Edge: 1,400645, on Cloud: NaN, on Mobile: NaN)
average processing time: 1,321338 seconds. (on Edge: 1,321338, on Cloud: NaN, on Mobile: NaN)
average network delay: 0,079307 seconds. (LAN delay: 0,067084, MAN delay: 0,013153, WAN delay: NaN)
average server utilization Edge/Cloud/Mobile: 11,812318/0,000000/0,000000
average cost: 0.0$
Scenario finished at 03/08/2021 00:32:57. It took 8 Seconds
----------------------------------------------------------------------
Scenario started at 03/08/2021 00:32:57
Scenario: TWO_TIER_WITH_EO - Policy: DDQN - #iteration: 10
Duration: 5.0 min (warm up period: 1.0 min) - #devices: 1000
Creating tasks...Done, 
Creating device locations...Done.
SimManager is starting...Done.
.........10.........20.........30.........40.........50.........60.........70.........80.........90.........100
# of tasks (Edge/Cloud/Mobile): 35309(30921/4388/0)
# of failed tasks (Edge/Cloud/Mobile): 0(0/0/0)
# of completed tasks (Edge/Cloud/Mobile): 35309(30921/4388/0)
# of uncompleted tasks (Edge/Cloud/Mobile): 315(280/8/27)
# of failed tasks due to vm capacity (Edge/Cloud/Mobile): 0(0/0/0)
# of failed tasks due to Mobility/Network(WLAN/MAN/WAN): 0/0(0/0/0)
percentage of failed tasks: 0,000000%
average service time: 1,752030 seconds. (on Edge: 1,867547, on Cloud: 0,938016, on Mobile: NaN)
average processing time: 1,579125 seconds. (on Edge: 1,779694, on Cloud: 0,165772, on Mobile: NaN)
average network delay: 0,172906 seconds. (LAN delay: 0,075956, MAN delay: 0,012787, WAN delay: 0,772244)
average server utilization Edge/Cloud/Mobile: 14,545554/1,093878/0,000000
average cost: 0.0$
Scenario finished at 03/08/2021 00:34:16. It took 1 Minute 19 Seconds
----------------------------------------------------------------------
Scenario started at 03/08/2021 00:34:16
Scenario: TWO_TIER_WITH_EO - Policy: FUZZY_BASED - #iteration: 10
Duration: 5.0 min (warm up period: 1.0 min) - #devices: 1000
Creating tasks...Done, 
Creating device locations...Done.
SimManager is starting...Done.
.........10.........20.........30.........40.........50.........60.........70.........80.........90.........100
# of tasks (Edge/Cloud/Mobile): 34137(29764/4373/0)
# of failed tasks (Edge/Cloud/Mobile): 0(0/0/0)
# of completed tasks (Edge/Cloud/Mobile): 34137(29764/4373/0)
# of uncompleted tasks (Edge/Cloud/Mobile): 142(127/0/15)
# of failed tasks due to vm capacity (Edge/Cloud/Mobile): 0(0/0/0)
# of failed tasks due to Mobility/Network(WLAN/MAN/WAN): 0/0(0/0/0)
percentage of failed tasks: 0,000000%
average service time: 0,978064 seconds. (on Edge: 0,940397, on Cloud: 1,234438, on Mobile: NaN)
average processing time: 0,784484 seconds. (on Edge: 0,866652, on Cloud: 0,225227, on Mobile: NaN)
average network delay: 0,193579 seconds. (LAN delay: 0,073745, MAN delay: NaN, WAN delay: 1,009211)
average server utilization Edge/Cloud/Mobile: 5,444971/2,040816/0,000000
average cost: 0.0$
Scenario finished at 03/08/2021 00:40:06. It took 5 Minutes 49 Seconds
----------------------------------------------------------------------
Scenario started at 03/08/2021 00:40:06
Scenario: TWO_TIER_WITH_EO - Policy: NETWORK_BASED - #iteration: 10
Duration: 5.0 min (warm up period: 1.0 min) - #devices: 1000
Creating tasks...Done, 
Creating device locations...Done.
SimManager is starting...Done.
.........10.........20.........30.........40.........50.........60.........70.........80.........90.........100
# of tasks (Edge/Cloud/Mobile): 33135(14508/18627/0)
# of failed tasks (Edge/Cloud/Mobile): 0(0/0/0)
# of completed tasks (Edge/Cloud/Mobile): 33135(14508/18627/0)
# of uncompleted tasks (Edge/Cloud/Mobile): 254(93/34/127)
# of failed tasks due to vm capacity (Edge/Cloud/Mobile): 0(0/0/0)
# of failed tasks due to Mobility/Network(WLAN/MAN/WAN): 0/0(0/0/0)
percentage of failed tasks: 0,000000%
average service time: 1,586576 seconds. (on Edge: 1,278594, on Cloud: 1,826454, on Mobile: NaN)
average processing time: 0,589484 seconds. (on Edge: 1,200381, on Cloud: 0,113675, on Mobile: NaN)
average network delay: 0,997092 seconds. (LAN delay: 0,066151, MAN delay: 0,013088, WAN delay: 1,712779)
average server utilization Edge/Cloud/Mobile: 6,026968/1,872449/0,000000
average cost: 0.0$
Scenario finished at 03/08/2021 00:40:24. It took 17 Seconds
----------------------------------------------------------------------
Scenario started at 03/08/2021 00:40:24
Scenario: TWO_TIER_WITH_EO - Policy: UTILIZATION_BASED - #iteration: 10
Duration: 5.0 min (warm up period: 1.0 min) - #devices: 1000
Creating tasks...Done, 
Creating device locations...Done.
SimManager is starting...Done.
.........10.........20.........30.........40.........50.........60.........70.........80.........90.........100
# of tasks (Edge/Cloud/Mobile): 31874(31874/0/0)
# of failed tasks (Edge/Cloud/Mobile): 0(0/0/0)
# of completed tasks (Edge/Cloud/Mobile): 31874(31874/0/0)
# of uncompleted tasks (Edge/Cloud/Mobile): 195(185/0/10)
# of failed tasks due to vm capacity (Edge/Cloud/Mobile): 0(0/0/0)
# of failed tasks due to Mobility/Network(WLAN/MAN/WAN): 0/0(0/0/0)
percentage of failed tasks: 0,000000%
average service time: 1,522255 seconds. (on Edge: 1,522255, on Cloud: NaN, on Mobile: NaN)
average processing time: 1,434729 seconds. (on Edge: 1,434729, on Cloud: NaN, on Mobile: NaN)
average network delay: 0,087526 seconds. (LAN delay: 0,075043, MAN delay: 0,013440, WAN delay: NaN)
average server utilization Edge/Cloud/Mobile: 16,253644/0,000000/0,000000
average cost: 0.0$
Scenario finished at 03/08/2021 00:40:47. It took 23 Seconds
----------------------------------------------------------------------
Scenario started at 03/08/2021 00:40:47
Scenario: TWO_TIER_WITH_EO - Policy: HYBRID - #iteration: 10
Duration: 5.0 min (warm up period: 1.0 min) - #devices: 1000
Creating tasks...Done, 
Creating device locations...Done.
SimManager is starting...Done.
.........10.........20.........30.........40.........50.........60.........70.........80.........90.........100
# of tasks (Edge/Cloud/Mobile): 32779(32779/0/0)
# of failed tasks (Edge/Cloud/Mobile): 0(0/0/0)
# of completed tasks (Edge/Cloud/Mobile): 32779(32779/0/0)
# of uncompleted tasks (Edge/Cloud/Mobile): 174(159/0/15)
# of failed tasks due to vm capacity (Edge/Cloud/Mobile): 0(0/0/0)
# of failed tasks due to Mobility/Network(WLAN/MAN/WAN): 0/0(0/0/0)
percentage of failed tasks: 0,000000%
average service time: 1,513872 seconds. (on Edge: 1,513872, on Cloud: NaN, on Mobile: NaN)
average processing time: 1,424438 seconds. (on Edge: 1,424438, on Cloud: NaN, on Mobile: NaN)
average network delay: 0,089434 seconds. (LAN delay: 0,076891, MAN delay: 0,013508, WAN delay: NaN)
average server utilization Edge/Cloud/Mobile: 15,479227/0,000000/0,000000
average cost: 0.0$
Scenario finished at 03/08/2021 00:41:11. It took 23 Seconds
----------------------------------------------------------------------
Scenario started at 03/08/2021 00:41:11
Scenario: TWO_TIER_WITH_EO - Policy: DDQN - #iteration: 10
Duration: 5.0 min (warm up period: 1.0 min) - #devices: 1200
Creating tasks...Done, 
Creating device locations...Done.
SimManager is starting...Done.
.........10.........20.........30.........40.........50.........60.........70.........80.........90.........100
# of tasks (Edge/Cloud/Mobile): 40062(34448/5614/0)
# of failed tasks (Edge/Cloud/Mobile): 0(0/0/0)
# of completed tasks (Edge/Cloud/Mobile): 40062(34448/5614/0)
# of uncompleted tasks (Edge/Cloud/Mobile): 389(352/17/20)
# of failed tasks due to vm capacity (Edge/Cloud/Mobile): 0(0/0/0)
# of failed tasks due to Mobility/Network(WLAN/MAN/WAN): 0/0(0/0/0)
percentage of failed tasks: 0,000000%
average service time: 1,836319 seconds. (on Edge: 1,977146, on Cloud: 0,972191, on Mobile: NaN)
average processing time: 1,639869 seconds. (on Edge: 1,880570, on Cloud: 0,162903, on Mobile: NaN)
average network delay: 0,196450 seconds. (LAN delay: 0,084614, MAN delay: 0,012868, WAN delay: 0,809288)
average server utilization Edge/Cloud/Mobile: 16,852041/1,362245/0,000000
average cost: 0.0$
Scenario finished at 03/08/2021 00:42:45. It took 1 Minute 34 Seconds
----------------------------------------------------------------------
Scenario started at 03/08/2021 00:42:45
Scenario: TWO_TIER_WITH_EO - Policy: FUZZY_BASED - #iteration: 10
Duration: 5.0 min (warm up period: 1.0 min) - #devices: 1200
Creating tasks...Done, 
Creating device locations...Done.
SimManager is starting...Done.
.........10.........20.........30.........40.........50.........60.........70.........80.........90.........100
# of tasks (Edge/Cloud/Mobile): 44131(39066/5065/0)
# of failed tasks (Edge/Cloud/Mobile): 0(0/0/0)
# of completed tasks (Edge/Cloud/Mobile): 44131(39066/5065/0)
# of uncompleted tasks (Edge/Cloud/Mobile): 277(255/2/20)
# of failed tasks due to vm capacity (Edge/Cloud/Mobile): 0(0/0/0)
# of failed tasks due to Mobility/Network(WLAN/MAN/WAN): 0/0(0/0/0)
percentage of failed tasks: 0,000000%
average service time: 1,133252 seconds. (on Edge: 1,121957, on Cloud: 1,220370, on Mobile: NaN)
average processing time: 0,940632 seconds. (on Edge: 1,033669, on Cloud: 0,223049, on Mobile: NaN)
average network delay: 0,192619 seconds. (LAN delay: 0,088172, MAN delay: 0,013166, WAN delay: 0,997321)
average server utilization Edge/Cloud/Mobile: 8,716837/2,209184/0,000000
average cost: 0.0$
Scenario finished at 03/08/2021 00:50:05. It took 7 Minutes 19 Seconds
----------------------------------------------------------------------
Scenario started at 03/08/2021 00:50:05
Scenario: TWO_TIER_WITH_EO - Policy: NETWORK_BASED - #iteration: 10
Duration: 5.0 min (warm up period: 1.0 min) - #devices: 1200
Creating tasks...Done, 
Creating device locations...Done.
SimManager is starting...Done.
.........10.........20.........30.........40.........50.........60.........70.........80.........90.........100
# of tasks (Edge/Cloud/Mobile): 40102(20703/19399/0)
# of failed tasks (Edge/Cloud/Mobile): 0(0/0/0)
# of completed tasks (Edge/Cloud/Mobile): 40102(20703/19399/0)
# of uncompleted tasks (Edge/Cloud/Mobile): 249(98/22/129)
# of failed tasks due to vm capacity (Edge/Cloud/Mobile): 0(0/0/0)
# of failed tasks due to Mobility/Network(WLAN/MAN/WAN): 0/0(0/0/0)
percentage of failed tasks: 0,000000%
average service time: 1,585365 seconds. (on Edge: 1,354257, on Cloud: 1,832009, on Mobile: NaN)
average processing time: 0,711112 seconds. (on Edge: 1,269582, on Cloud: 0,115102, on Mobile: NaN)
average network delay: 0,874253 seconds. (LAN delay: 0,072150, MAN delay: 0,013429, WAN delay: 1,716907)
average server utilization Edge/Cloud/Mobile: 8,964286/2,094898/0,000000
average cost: 0.0$
Scenario finished at 03/08/2021 00:50:37. It took 32 Seconds
----------------------------------------------------------------------
Scenario started at 03/08/2021 00:50:37
Scenario: TWO_TIER_WITH_EO - Policy: UTILIZATION_BASED - #iteration: 10
Duration: 5.0 min (warm up period: 1.0 min) - #devices: 1200
Creating tasks...Done, 
Creating device locations...Done.
SimManager is starting...Done.
.........10.........20.........30.........40.........50.........60.........70.........80.........90.........100
# of tasks (Edge/Cloud/Mobile): 39994(39994/0/0)
# of failed tasks (Edge/Cloud/Mobile): 0(0/0/0)
# of completed tasks (Edge/Cloud/Mobile): 39994(39994/0/0)
# of uncompleted tasks (Edge/Cloud/Mobile): 261(245/0/16)
# of failed tasks due to vm capacity (Edge/Cloud/Mobile): 0(0/0/0)
# of failed tasks due to Mobility/Network(WLAN/MAN/WAN): 0/0(0/0/0)
percentage of failed tasks: 0,000000%
average service time: 1,927764 seconds. (on Edge: 1,927764, on Cloud: NaN, on Mobile: NaN)
average processing time: 1,828326 seconds. (on Edge: 1,828326, on Cloud: NaN, on Mobile: NaN)
average network delay: 0,099438 seconds. (LAN delay: 0,086367, MAN delay: 0,014053, WAN delay: NaN)
average server utilization Edge/Cloud/Mobile: 26,215015/0,003061/0,000000
average cost: 0.0$
Scenario finished at 03/08/2021 00:51:17. It took 39 Seconds
----------------------------------------------------------------------
Scenario started at 03/08/2021 00:51:17
Scenario: TWO_TIER_WITH_EO - Policy: HYBRID - #iteration: 10
Duration: 5.0 min (warm up period: 1.0 min) - #devices: 1200
Creating tasks...Done, 
Creating device locations...Done.
SimManager is starting...Done.
.........10.........20.........30.........40.........50.........60.........70.........80.........90.........100
# of tasks (Edge/Cloud/Mobile): 39813(39813/0/0)
# of failed tasks (Edge/Cloud/Mobile): 0(0/0/0)
# of completed tasks (Edge/Cloud/Mobile): 39813(39813/0/0)
# of uncompleted tasks (Edge/Cloud/Mobile): 274(258/0/16)
# of failed tasks due to vm capacity (Edge/Cloud/Mobile): 0(0/0/0)
# of failed tasks due to Mobility/Network(WLAN/MAN/WAN): 0/0(0/0/0)
percentage of failed tasks: 0,000000%
average service time: 1,847965 seconds. (on Edge: 1,847965, on Cloud: NaN, on Mobile: NaN)
average processing time: 1,749258 seconds. (on Edge: 1,749258, on Cloud: NaN, on Mobile: NaN)
average network delay: 0,098708 seconds. (LAN delay: 0,085663, MAN delay: 0,014060, WAN delay: NaN)
average server utilization Edge/Cloud/Mobile: 23,994534/0,000000/0,000000
average cost: 0.0$
Scenario finished at 03/08/2021 00:51:57. It took 39 Seconds
----------------------------------------------------------------------
Scenario started at 03/08/2021 00:51:57
Scenario: TWO_TIER_WITH_EO - Policy: DDQN - #iteration: 10
Duration: 5.0 min (warm up period: 1.0 min) - #devices: 1400
Creating tasks...Done, 
Creating device locations...Done.
SimManager is starting...Done.
.........10.........20.........30.........40.........50.........60.........70.........80.........90.........100
# of tasks (Edge/Cloud/Mobile): 44724(38185/6539/0)
# of failed tasks (Edge/Cloud/Mobile): 0(0/0/0)
# of completed tasks (Edge/Cloud/Mobile): 44724(38185/6539/0)
# of uncompleted tasks (Edge/Cloud/Mobile): 394(338/29/27)
# of failed tasks due to vm capacity (Edge/Cloud/Mobile): 0(0/0/0)
# of failed tasks due to Mobility/Network(WLAN/MAN/WAN): 0/0(0/0/0)
percentage of failed tasks: 0,000000%
average service time: 1,906751 seconds. (on Edge: 2,042340, on Cloud: 1,114966, on Mobile: NaN)
average processing time: 1,683551 seconds. (on Edge: 1,942103, on Cloud: 0,173717, on Mobile: NaN)
average network delay: 0,223200 seconds. (LAN delay: 0,088238, MAN delay: 0,012936, WAN delay: 0,941250)
average server utilization Edge/Cloud/Mobile: 19,426749/2,045918/0,000000
average cost: 0.0$
Scenario finished at 03/08/2021 00:53:35. It took 1 Minute 38 Seconds
----------------------------------------------------------------------
Scenario started at 03/08/2021 00:53:35
Scenario: TWO_TIER_WITH_EO - Policy: FUZZY_BASED - #iteration: 10
Duration: 5.0 min (warm up period: 1.0 min) - #devices: 1400
Creating tasks...Done, 
Creating device locations...Done.
SimManager is starting...Done.
.........10.........20.........30.........40.........50.........60.........70.........80.........90.........100
# of tasks (Edge/Cloud/Mobile): 45801(39598/6203/0)
# of failed tasks (Edge/Cloud/Mobile): 0(0/0/0)
# of completed tasks (Edge/Cloud/Mobile): 45801(39598/6203/0)
# of uncompleted tasks (Edge/Cloud/Mobile): 225(200/0/25)
# of failed tasks due to vm capacity (Edge/Cloud/Mobile): 0(0/0/0)
# of failed tasks due to Mobility/Network(WLAN/MAN/WAN): 0/0(0/0/0)
percentage of failed tasks: 0,000000%
average service time: 1,144416 seconds. (on Edge: 1,110782, on Cloud: 1,359124, on Mobile: NaN)
average processing time: 0,916047 seconds. (on Edge: 1,022397, on Cloud: 0,237147, on Mobile: NaN)
average network delay: 0,228369 seconds. (LAN delay: 0,088297, MAN delay: 0,013179, WAN delay: 1,121977)
average server utilization Edge/Cloud/Mobile: 9,161808/3,102041/0,000000
average cost: 0.0$
Scenario finished at 03/08/2021 01:01:18. It took 7 Minutes 43 Seconds
----------------------------------------------------------------------
Scenario started at 03/08/2021 01:01:18
Scenario: TWO_TIER_WITH_EO - Policy: NETWORK_BASED - #iteration: 10
Duration: 5.0 min (warm up period: 1.0 min) - #devices: 1400
Creating tasks...Done, 
Creating device locations...Done.
SimManager is starting...Done.
.........10.........20.........30.........40.........50.........60.........70.........80.........90.........100
# of tasks (Edge/Cloud/Mobile): 46825(27168/19657/0)
# of failed tasks (Edge/Cloud/Mobile): 0(0/0/0)
# of completed tasks (Edge/Cloud/Mobile): 46825(27168/19657/0)
# of uncompleted tasks (Edge/Cloud/Mobile): 316(158/33/125)
# of failed tasks due to vm capacity (Edge/Cloud/Mobile): 0(0/0/0)
# of failed tasks due to Mobility/Network(WLAN/MAN/WAN): 0/0(0/0/0)
percentage of failed tasks: 0,000000%
average service time: 1,618506 seconds. (on Edge: 1,460832, on Cloud: 1,836428, on Mobile: NaN)
average processing time: 0,840409 seconds. (on Edge: 1,367584, on Cloud: 0,111800, on Mobile: NaN)
average network delay: 0,778097 seconds. (LAN delay: 0,080158, MAN delay: 0,014061, WAN delay: 1,724629)
average server utilization Edge/Cloud/Mobile: 12,432945/2,060204/0,000000
average cost: 0.0$
Scenario finished at 03/08/2021 01:02:03. It took 44 Seconds
----------------------------------------------------------------------
Scenario started at 03/08/2021 01:02:03
Scenario: TWO_TIER_WITH_EO - Policy: UTILIZATION_BASED - #iteration: 10
Duration: 5.0 min (warm up period: 1.0 min) - #devices: 1400
Creating tasks...Done, 
Creating device locations...Done.
SimManager is starting...Done.
.........10.........20.........30.........40.........50.........60.........70.........80.........90.........100
# of tasks (Edge/Cloud/Mobile): 44806(44717/89/0)
# of failed tasks (Edge/Cloud/Mobile): 0(0/0/0)
# of completed tasks (Edge/Cloud/Mobile): 44806(44717/89/0)
# of uncompleted tasks (Edge/Cloud/Mobile): 643(623/0/20)
# of failed tasks due to vm capacity (Edge/Cloud/Mobile): 0(0/0/0)
# of failed tasks due to Mobility/Network(WLAN/MAN/WAN): 0/0(0/0/0)
percentage of failed tasks: 0,000000%
average service time: 2,615022 seconds. (on Edge: 2,618029, on Cloud: 1,104224, on Mobile: NaN)
average processing time: 2,507306 seconds. (on Edge: 2,512083, on Cloud: 0,107218, on Mobile: NaN)
average network delay: 0,107716 seconds. (LAN delay: 0,092417, MAN delay: 0,014590, WAN delay: 0,997006)
average server utilization Edge/Cloud/Mobile: 37,458090/0,058163/0,000000
average cost: 0.0$
Scenario finished at 03/08/2021 01:02:54. It took 50 Seconds
----------------------------------------------------------------------
Scenario started at 03/08/2021 01:02:54
Scenario: TWO_TIER_WITH_EO - Policy: HYBRID - #iteration: 10
Duration: 5.0 min (warm up period: 1.0 min) - #devices: 1400
Creating tasks...Done, 
Creating device locations...Done.
SimManager is starting...Done.
.........10.........20.........30.........40.........50.........60.........70.........80.........90.........100
# of tasks (Edge/Cloud/Mobile): 45891(45645/246/0)
# of failed tasks (Edge/Cloud/Mobile): 0(0/0/0)
# of completed tasks (Edge/Cloud/Mobile): 45891(45645/246/0)
# of uncompleted tasks (Edge/Cloud/Mobile): 753(724/0/29)
# of failed tasks due to vm capacity (Edge/Cloud/Mobile): 0(0/0/0)
# of failed tasks due to Mobility/Network(WLAN/MAN/WAN): 0/0(0/0/0)
percentage of failed tasks: 0,000000%
average service time: 2,751567 seconds. (on Edge: 2,758056, on Cloud: 1,547458, on Mobile: NaN)
average processing time: 2,636539 seconds. (on Edge: 2,650111, on Cloud: 0,118235, on Mobile: NaN)
average network delay: 0,115028 seconds. (LAN delay: 0,094264, MAN delay: 0,014703, WAN delay: 1,429223)
average server utilization Edge/Cloud/Mobile: 39,760933/0,110204/0,000000
average cost: 0.0$
Scenario finished at 03/08/2021 01:03:48. It took 54 Seconds
----------------------------------------------------------------------
Scenario started at 03/08/2021 01:03:48
Scenario: TWO_TIER_WITH_EO - Policy: DDQN - #iteration: 10
Duration: 5.0 min (warm up period: 1.0 min) - #devices: 1600
Creating tasks...Done, 
Creating device locations...Done.
SimManager is starting...Done.
.........10.........20.........30.........40.........50.........60.........70.........80.........90.........100
# of tasks (Edge/Cloud/Mobile): 52403(44183/8220/0)
# of failed tasks (Edge/Cloud/Mobile): 0(0/0/0)
# of completed tasks (Edge/Cloud/Mobile): 52403(44183/8220/0)
# of uncompleted tasks (Edge/Cloud/Mobile): 517(447/22/48)
# of failed tasks due to vm capacity (Edge/Cloud/Mobile): 0(0/0/0)
# of failed tasks due to Mobility/Network(WLAN/MAN/WAN): 0/0(0/0/0)
percentage of failed tasks: 0,000000%
average service time: 2,056201 seconds. (on Edge: 2,206741, on Cloud: 1,247037, on Mobile: NaN)
average processing time: 1,796420 seconds. (on Edge: 2,098970, on Cloud: 0,170198, on Mobile: NaN)
average network delay: 0,259781 seconds. (LAN delay: 0,095587, MAN delay: 0,013064, WAN delay: 1,076839)
average server utilization Edge/Cloud/Mobile: 23,620262/2,148980/0,000000
average cost: 0.0$
Scenario finished at 03/08/2021 01:06:08. It took 2 Minutes 19 Seconds
----------------------------------------------------------------------
Scenario started at 03/08/2021 01:06:08
Scenario: TWO_TIER_WITH_EO - Policy: FUZZY_BASED - #iteration: 10
Duration: 5.0 min (warm up period: 1.0 min) - #devices: 1600
Creating tasks...Done, 
Creating device locations...Done.
SimManager is starting...Done.
.........10.........20.........30.........40.........50.........60.........70.........80.........90.........100
# of tasks (Edge/Cloud/Mobile): 53653(46878/6775/0)
# of failed tasks (Edge/Cloud/Mobile): 0(0/0/0)
# of completed tasks (Edge/Cloud/Mobile): 53653(46878/6775/0)
# of uncompleted tasks (Edge/Cloud/Mobile): 386(365/4/17)
# of failed tasks due to vm capacity (Edge/Cloud/Mobile): 0(0/0/0)
# of failed tasks due to Mobility/Network(WLAN/MAN/WAN): 0/0(0/0/0)
percentage of failed tasks: 0,000000%
average service time: 1,349517 seconds. (on Edge: 1,340444, on Cloud: 1,412295, on Mobile: NaN)
average processing time: 1,111641 seconds. (on Edge: 1,238611, on Cloud: 0,233105, on Mobile: NaN)
average network delay: 0,237875 seconds. (LAN delay: 0,101504, MAN delay: 0,013406, WAN delay: 1,179190)
average server utilization Edge/Cloud/Mobile: 13,676749/3,250000/0,000000
average cost: 0.0$
Scenario finished at 03/08/2021 01:15:32. It took 9 Minutes 24 Seconds
----------------------------------------------------------------------
Scenario started at 03/08/2021 01:15:32
Scenario: TWO_TIER_WITH_EO - Policy: NETWORK_BASED - #iteration: 10
Duration: 5.0 min (warm up period: 1.0 min) - #devices: 1600
Creating tasks...Done, 
Creating device locations...Done.
SimManager is starting...Done.
.........10.........20.........30.........40.........50.........60.........70.........80.........90.........100
# of tasks (Edge/Cloud/Mobile): 52645(32893/19752/0)
# of failed tasks (Edge/Cloud/Mobile): 0(0/0/0)
# of completed tasks (Edge/Cloud/Mobile): 52645(32893/19752/0)
# of uncompleted tasks (Edge/Cloud/Mobile): 358(192/33/133)
# of failed tasks due to vm capacity (Edge/Cloud/Mobile): 0(0/0/0)
# of failed tasks due to Mobility/Network(WLAN/MAN/WAN): 0/0(0/0/0)
percentage of failed tasks: 0,000000%
average service time: 1,780913 seconds. (on Edge: 1,731605, on Cloud: 1,863027, on Mobile: NaN)
average processing time: 1,064505 seconds. (on Edge: 1,633149, on Cloud: 0,117542, on Mobile: NaN)
average network delay: 0,716408 seconds. (LAN delay: 0,084933, MAN delay: 0,014583, WAN delay: 1,745485)
average server utilization Edge/Cloud/Mobile: 19,826531/2,523469/0,000000
average cost: 0.0$
Scenario finished at 03/08/2021 01:16:22. It took 50 Seconds
----------------------------------------------------------------------
Scenario started at 03/08/2021 01:16:22
Scenario: TWO_TIER_WITH_EO - Policy: UTILIZATION_BASED - #iteration: 10
Duration: 5.0 min (warm up period: 1.0 min) - #devices: 1600
Creating tasks...Done, 
Creating device locations...Done.
SimManager is starting...Done.
.........10.........20.........30.........40.........50.........60.........70.........80.........90.........100
# of tasks (Edge/Cloud/Mobile): 53209(49627/3582/0)
# of failed tasks (Edge/Cloud/Mobile): 733(0/733/0)
# of completed tasks (Edge/Cloud/Mobile): 52476(49627/2849/0)
# of uncompleted tasks (Edge/Cloud/Mobile): 1092(1072/1/19)
# of failed tasks due to vm capacity (Edge/Cloud/Mobile): 0(0/0/0)
# of failed tasks due to Mobility/Network(WLAN/MAN/WAN): 0/733(0/0/733)
percentage of failed tasks: 1,377586%
average service time: 3,743948 seconds. (on Edge: 3,827510, on Cloud: 2,288375, on Mobile: NaN)
average processing time: 3,516564 seconds. (on Edge: 3,711522, on Cloud: 0,120571, on Mobile: NaN)
average network delay: 0,227384 seconds. (LAN delay: 0,101015, MAN delay: 0,016127, WAN delay: 2,167803)
average server utilization Edge/Cloud/Mobile: 56,509111/0,311224/0,000000
average cost: 0.0$
Scenario finished at 03/08/2021 01:17:42. It took 1 Minute 20 Seconds
----------------------------------------------------------------------
Scenario started at 03/08/2021 01:17:42
Scenario: TWO_TIER_WITH_EO - Policy: HYBRID - #iteration: 10
Duration: 5.0 min (warm up period: 1.0 min) - #devices: 1600
Creating tasks...Done, 
Creating device locations...Done.
SimManager is starting...Done.
.........10.........20.........30.........40.........50.........60.........70.........80.........90.........100
# of tasks (Edge/Cloud/Mobile): 52095(48899/3196/0)
# of failed tasks (Edge/Cloud/Mobile): 25(25/0/0)
# of completed tasks (Edge/Cloud/Mobile): 52070(48874/3196/0)
# of uncompleted tasks (Edge/Cloud/Mobile): 1014(992/0/22)
# of failed tasks due to vm capacity (Edge/Cloud/Mobile): 25(25/0/0)
# of failed tasks due to Mobility/Network(WLAN/MAN/WAN): 0/0(0/0/0)
percentage of failed tasks: 0,047989%
average service time: 3,417641 seconds. (on Edge: 3,534764, on Cloud: 1,626579, on Mobile: NaN)
average processing time: 3,214775 seconds. (on Edge: 3,416964, on Cloud: 0,122846, on Mobile: NaN)
average network delay: 0,202866 seconds. (LAN delay: 0,103111, MAN delay: 0,015788, WAN delay: 1,503733)
average server utilization Edge/Cloud/Mobile: 55,332362/0,493878/0,000000
average cost: 0.0$
Scenario finished at 03/08/2021 01:18:58. It took 1 Minute 15 Seconds
----------------------------------------------------------------------
Scenario started at 03/08/2021 01:18:58
Scenario: TWO_TIER_WITH_EO - Policy: DDQN - #iteration: 10
Duration: 5.0 min (warm up period: 1.0 min) - #devices: 1800
Creating tasks...Done, 
Creating device locations...Done.
SimManager is starting...Done.
.........10.........20.........30.........40.........50.........60.........70.........80.........90.........100
# of tasks (Edge/Cloud/Mobile): 60050(48303/11747/0)
# of failed tasks (Edge/Cloud/Mobile): 49(49/0/0)
# of completed tasks (Edge/Cloud/Mobile): 60001(48254/11747/0)
# of uncompleted tasks (Edge/Cloud/Mobile): 597(411/48/138)
# of failed tasks due to vm capacity (Edge/Cloud/Mobile): 49(49/0/0)
# of failed tasks due to Mobility/Network(WLAN/MAN/WAN): 0/0(0/0/0)
percentage of failed tasks: 0,081599%
average service time: 2,279236 seconds. (on Edge: 2,444015, on Cloud: 1,602362, on Mobile: NaN)
average processing time: 1,908160 seconds. (on Edge: 2,329473, on Cloud: 0,177504, on Mobile: NaN)
average network delay: 0,371076 seconds. (LAN delay: 0,102277, MAN delay: 0,013138, WAN delay: 1,424858)
average server utilization Edge/Cloud/Mobile: 30,067784/3,329592/0,000000
average cost: 0.0$
Scenario finished at 03/08/2021 01:21:47. It took 2 Minutes 49 Seconds
----------------------------------------------------------------------
Scenario started at 03/08/2021 01:21:47
Scenario: TWO_TIER_WITH_EO - Policy: FUZZY_BASED - #iteration: 10
Duration: 5.0 min (warm up period: 1.0 min) - #devices: 1800
Creating tasks...Done, 
Creating device locations...Done.
SimManager is starting...Done.
.........10.........20.........30.........40.........50.........60.........70.........80.........90.........100
# of tasks (Edge/Cloud/Mobile): 59746(52716/7030/0)
# of failed tasks (Edge/Cloud/Mobile): 0(0/0/0)
# of completed tasks (Edge/Cloud/Mobile): 59746(52716/7030/0)
# of uncompleted tasks (Edge/Cloud/Mobile): 799(770/3/26)
# of failed tasks due to vm capacity (Edge/Cloud/Mobile): 0(0/0/0)
# of failed tasks due to Mobility/Network(WLAN/MAN/WAN): 0/0(0/0/0)
percentage of failed tasks: 0,000000%
average service time: 1,960475 seconds. (on Edge: 2,023577, on Cloud: 1,487289, on Mobile: NaN)
average processing time: 1,716703 seconds. (on Edge: 1,913551, on Cloud: 0,240598, on Mobile: NaN)
average network delay: 0,243771 seconds. (LAN delay: 0,107917, MAN delay: 0,014096, WAN delay: 1,246692)
average server utilization Edge/Cloud/Mobile: 24,336735/3,022449/0,000000
average cost: 0.0$
Scenario finished at 03/08/2021 01:32:51. It took 11 Minutes 3 Seconds
----------------------------------------------------------------------
Scenario started at 03/08/2021 01:32:51
Scenario: TWO_TIER_WITH_EO - Policy: NETWORK_BASED - #iteration: 10
Duration: 5.0 min (warm up period: 1.0 min) - #devices: 1800
Creating tasks...Done, 
Creating device locations...Done.
SimManager is starting...Done.
.........10.........20.........30.........40.........50.........60.........70.........80.........90.........100
# of tasks (Edge/Cloud/Mobile): 59174(38863/20311/0)
# of failed tasks (Edge/Cloud/Mobile): 0(0/0/0)
# of completed tasks (Edge/Cloud/Mobile): 59174(38863/20311/0)
# of uncompleted tasks (Edge/Cloud/Mobile): 410(244/35/131)
# of failed tasks due to vm capacity (Edge/Cloud/Mobile): 0(0/0/0)
# of failed tasks due to Mobility/Network(WLAN/MAN/WAN): 0/0(0/0/0)
percentage of failed tasks: 0,000000%
average service time: 1,934043 seconds. (on Edge: 1,987497, on Cloud: 1,831763, on Mobile: NaN)
average processing time: 1,273955 seconds. (on Edge: 1,879420, on Cloud: 0,115462, on Mobile: NaN)
average network delay: 0,660087 seconds. (LAN delay: 0,093233, MAN delay: 0,015966, WAN delay: 1,716301)
average server utilization Edge/Cloud/Mobile: 23,154155/2,364286/0,000000
average cost: 0.0$
Scenario finished at 03/08/2021 01:34:04. It took 1 Minute 13 Seconds
----------------------------------------------------------------------
Scenario started at 03/08/2021 01:34:04
Scenario: TWO_TIER_WITH_EO - Policy: UTILIZATION_BASED - #iteration: 10
Duration: 5.0 min (warm up period: 1.0 min) - #devices: 1800
Creating tasks...Done, 
Creating device locations...Done.
SimManager is starting...Done.
.........10.........20.........30.........40.........50.........60.........70.........80.........90.........100
# of tasks (Edge/Cloud/Mobile): 58533(53213/5320/0)
# of failed tasks (Edge/Cloud/Mobile): 4732(3328/1404/0)
# of completed tasks (Edge/Cloud/Mobile): 53801(49885/3916/0)
# of uncompleted tasks (Edge/Cloud/Mobile): 1225(1202/0/23)
# of failed tasks due to vm capacity (Edge/Cloud/Mobile): 0(0/0/0)
# of failed tasks due to Mobility/Network(WLAN/MAN/WAN): 0/4732(7/3321/1404)
percentage of failed tasks: 8,084328%
average service time: 3,728752 seconds. (on Edge: 3,791806, on Cloud: 2,925522, on Mobile: NaN)
average processing time: 3,410641 seconds. (on Edge: 3,668975, on Cloud: 0,119779, on Mobile: NaN)
average network delay: 0,318112 seconds. (LAN delay: 0,105424, MAN delay: 0,018829, WAN delay: 2,805743)
average server utilization Edge/Cloud/Mobile: 57,061953/0,590816/0,000000
average cost: 0.0$
Scenario finished at 03/08/2021 01:35:31. It took 1 Minute 27 Seconds
----------------------------------------------------------------------
Scenario started at 03/08/2021 01:35:31
Scenario: TWO_TIER_WITH_EO - Policy: HYBRID - #iteration: 10
Duration: 5.0 min (warm up period: 1.0 min) - #devices: 1800
Creating tasks...Done, 
Creating device locations...Done.
SimManager is starting...Done.
.........10.........20.........30.........40.........50.........60.........70.........80.........90.........100
# of tasks (Edge/Cloud/Mobile): 58311(50344/7967/0)
# of failed tasks (Edge/Cloud/Mobile): 140(140/0/0)
# of completed tasks (Edge/Cloud/Mobile): 58171(50204/7967/0)
# of uncompleted tasks (Edge/Cloud/Mobile): 1266(1207/7/52)
# of failed tasks due to vm capacity (Edge/Cloud/Mobile): 140(140/0/0)
# of failed tasks due to Mobility/Network(WLAN/MAN/WAN): 0/0(0/0/0)
percentage of failed tasks: 0,240092%
average service time: 3,851150 seconds. (on Edge: 4,190947, on Cloud: 1,709919, on Mobile: NaN)
average processing time: 3,529860 seconds. (on Edge: 4,070351, on Cloud: 0,123958, on Mobile: NaN)
average network delay: 0,321290 seconds. (LAN delay: 0,102897, MAN delay: 0,019086, WAN delay: 1,585960)
average server utilization Edge/Cloud/Mobile: 66,014942/1,061224/0,000000
average cost: 0.0$
Scenario finished at 03/08/2021 01:37:14. It took 1 Minute 42 Seconds
----------------------------------------------------------------------
Scenario started at 03/08/2021 01:37:14
Scenario: TWO_TIER_WITH_EO - Policy: DDQN - #iteration: 10
Duration: 5.0 min (warm up period: 1.0 min) - #devices: 2000
Creating tasks...Done, 
Creating device locations...Done.
SimManager is starting...Done.
.........10.........20.........30.........40.........50.........60.........70.........80.........90.........100
# of tasks (Edge/Cloud/Mobile): 65045(51764/13281/0)
# of failed tasks (Edge/Cloud/Mobile): 375(318/57/0)
# of completed tasks (Edge/Cloud/Mobile): 64670(51446/13224/0)
# of uncompleted tasks (Edge/Cloud/Mobile): 1061(885/30/146)
# of failed tasks due to vm capacity (Edge/Cloud/Mobile): 318(318/0/0)
# of failed tasks due to Mobility/Network(WLAN/MAN/WAN): 0/57(0/0/57)
percentage of failed tasks: 0,576524%
average service time: 3,459056 seconds. (on Edge: 3,595800, on Cloud: 2,927075, on Mobile: NaN)
average processing time: 2,797394 seconds. (on Edge: 3,477212, on Cloud: 0,152666, on Mobile: NaN)
average network delay: 0,661662 seconds. (LAN delay: 0,106277, MAN delay: 0,013216, WAN delay: 2,774409)
average server utilization Edge/Cloud/Mobile: 47,131560/3,035714/0,000000
average cost: 0.0$
Scenario finished at 03/08/2021 01:40:50. It took 3 Minutes 36 Seconds
----------------------------------------------------------------------
Scenario started at 03/08/2021 01:40:50
Scenario: TWO_TIER_WITH_EO - Policy: FUZZY_BASED - #iteration: 10
Duration: 5.0 min (warm up period: 1.0 min) - #devices: 2000
Creating tasks...Done, 
Creating device locations...Done.
SimManager is starting...Done.
.........10.........20.........30.........40.........50.........60.........70.........80.........90.........100
# of tasks (Edge/Cloud/Mobile): 65626(57553/8073/0)
# of failed tasks (Edge/Cloud/Mobile): 2992(2992/0/0)
# of completed tasks (Edge/Cloud/Mobile): 62634(54561/8073/0)
# of uncompleted tasks (Edge/Cloud/Mobile): 1234(1192/2/40)
# of failed tasks due to vm capacity (Edge/Cloud/Mobile): 0(0/0/0)
# of failed tasks due to Mobility/Network(WLAN/MAN/WAN): 0/2992(0/2992/0)
percentage of failed tasks: 4,559169%
average service time: 2,523184 seconds. (on Edge: 2,646814, on Cloud: 1,687631, on Mobile: NaN)
average processing time: 2,229388 seconds. (on Edge: 2,525801, on Cloud: 0,226095, on Mobile: NaN)
average network delay: 0,293796 seconds. (LAN delay: 0,114122, MAN delay: 0,027113, WAN delay: 1,461536)
average server utilization Edge/Cloud/Mobile: 30,024052/3,465306/0,000000
average cost: 0.0$
Scenario finished at 03/08/2021 01:55:17. It took 14 Minutes 26 Seconds
----------------------------------------------------------------------
Scenario started at 03/08/2021 01:55:17
Scenario: TWO_TIER_WITH_EO - Policy: NETWORK_BASED - #iteration: 10
Duration: 5.0 min (warm up period: 1.0 min) - #devices: 2000
Creating tasks...Done, 
Creating device locations...Done.
SimManager is starting...Done.
.........10.........20.........30.........40.........50.........60.........70.........80.........90.........100
# of tasks (Edge/Cloud/Mobile): 64802(44459/20343/0)
# of failed tasks (Edge/Cloud/Mobile): 1225(1225/0/0)
# of completed tasks (Edge/Cloud/Mobile): 63577(43234/20343/0)
# of uncompleted tasks (Edge/Cloud/Mobile): 573(405/35/133)
# of failed tasks due to vm capacity (Edge/Cloud/Mobile): 0(0/0/0)
# of failed tasks due to Mobility/Network(WLAN/MAN/WAN): 0/1225(0/1225/0)
percentage of failed tasks: 1,890374%
average service time: 2,359819 seconds. (on Edge: 2,602658, on Cloud: 1,843724, on Mobile: NaN)
average processing time: 1,725677 seconds. (on Edge: 2,482815, on Cloud: 0,116567, on Mobile: NaN)
average network delay: 0,634142 seconds. (LAN delay: 0,103476, MAN delay: 0,017635, WAN delay: 1,727157)
average server utilization Edge/Cloud/Mobile: 30,333090/2,497959/0,000000
average cost: 0.0$
Scenario finished at 03/08/2021 01:56:49. It took 1 Minute 31 Seconds
----------------------------------------------------------------------
Scenario started at 03/08/2021 01:56:49
Scenario: TWO_TIER_WITH_EO - Policy: UTILIZATION_BASED - #iteration: 10
Duration: 5.0 min (warm up period: 1.0 min) - #devices: 2000
Creating tasks...Done, 
Creating device locations...Done.
SimManager is starting...Done.
.........10.........20.........30.........40.........50.........60.........70.........80.........90.........100
# of tasks (Edge/Cloud/Mobile): 64786(55497/9289/0)
# of failed tasks (Edge/Cloud/Mobile): 13854(10225/3629/0)
# of completed tasks (Edge/Cloud/Mobile): 50932(45272/5660/0)
# of uncompleted tasks (Edge/Cloud/Mobile): 1472(1236/20/216)
# of failed tasks due to vm capacity (Edge/Cloud/Mobile): 0(0/0/0)
# of failed tasks due to Mobility/Network(WLAN/MAN/WAN): 0/13854(1/10224/3629)
percentage of failed tasks: 21,384250%
average service time: 3,986419 seconds. (on Edge: 3,945556, on Cloud: 4,313260, on Mobile: NaN)
average processing time: 3,405115 seconds. (on Edge: 3,815602, on Cloud: 0,121799, on Mobile: NaN)
average network delay: 0,581304 seconds. (LAN delay: 0,106771, MAN delay: 0,025454, WAN delay: 4,191461)
average server utilization Edge/Cloud/Mobile: 53,595845/0,785714/0,000000
average cost: 0.0$
Scenario finished at 03/08/2021 01:58:24. It took 1 Minute 35 Seconds
----------------------------------------------------------------------
Scenario started at 03/08/2021 01:58:24
Scenario: TWO_TIER_WITH_EO - Policy: HYBRID - #iteration: 10
Duration: 5.0 min (warm up period: 1.0 min) - #devices: 2000
Creating tasks...Done, 
Creating device locations...Done.
SimManager is starting...Done.
.........10.........20.........30.........40.........50.........60.........70.........80.........90.........100
# of tasks (Edge/Cloud/Mobile): 66868(58195/8673/0)
# of failed tasks (Edge/Cloud/Mobile): 12426(12426/0/0)
# of completed tasks (Edge/Cloud/Mobile): 54442(45769/8673/0)
# of uncompleted tasks (Edge/Cloud/Mobile): 1440(1254/32/154)
# of failed tasks due to vm capacity (Edge/Cloud/Mobile): 267(267/0/0)
# of failed tasks due to Mobility/Network(WLAN/MAN/WAN): 0/12159(5/12154/0)
percentage of failed tasks: 18,582880%
average service time: 3,837939 seconds. (on Edge: 4,220466, on Cloud: 1,819278, on Mobile: NaN)
average processing time: 3,459448 seconds. (on Edge: 4,091157, on Cloud: 0,125802, on Mobile: NaN)
average network delay: 0,378491 seconds. (LAN delay: 0,110908, MAN delay: 0,020198, WAN delay: 1,693476)
average server utilization Edge/Cloud/Mobile: 53,488338/1,088776/0,000000
average cost: 0.0$
Scenario finished at 03/08/2021 02:00:02. It took 1 Minute 37 Seconds
----------------------------------------------------------------------
Scenario started at 03/08/2021 02:00:02
Scenario: TWO_TIER_WITH_EO - Policy: DDQN - #iteration: 10
Duration: 5.0 min (warm up period: 1.0 min) - #devices: 2200
Creating tasks...Done, 
Creating device locations...Done.
SimManager is starting...Done.
.........10.........20.........30.........40.........50.........60.........70.........80.........90.........100
# of tasks (Edge/Cloud/Mobile): 73783(59536/14247/0)
# of failed tasks (Edge/Cloud/Mobile): 3334(3249/85/0)
# of completed tasks (Edge/Cloud/Mobile): 70449(56287/14162/0)
# of uncompleted tasks (Edge/Cloud/Mobile): 1843(1666/37/140)
# of failed tasks due to vm capacity (Edge/Cloud/Mobile): 3249(3249/0/0)
# of failed tasks due to Mobility/Network(WLAN/MAN/WAN): 0/85(0/0/85)
percentage of failed tasks: 4,518656%
average service time: 4,762572 seconds. (on Edge: 5,159039, on Cloud: 3,186810, on Mobile: NaN)
average processing time: 4,048621 seconds. (on Edge: 5,031619, on Cloud: 0,141690, on Mobile: NaN)
average network delay: 0,713951 seconds. (LAN delay: 0,115071, MAN delay: 0,013338, WAN delay: 3,045120)
average server utilization Edge/Cloud/Mobile: 72,229956/2,528571/0,000000
average cost: 0.0$
Scenario finished at 03/08/2021 02:03:27. It took 3 Minutes 25 Seconds
----------------------------------------------------------------------
Scenario started at 03/08/2021 02:03:27
Scenario: TWO_TIER_WITH_EO - Policy: FUZZY_BASED - #iteration: 10
Duration: 5.0 min (warm up period: 1.0 min) - #devices: 2200
Creating tasks...Done, 
Creating device locations...Done.
SimManager is starting...Done.
.........10.........20.........30.........40.........50.........60.........70.........80.........90.........100
# of tasks (Edge/Cloud/Mobile): 72967(61777/11190/0)
# of failed tasks (Edge/Cloud/Mobile): 4984(4687/297/0)
# of completed tasks (Edge/Cloud/Mobile): 67983(57090/10893/0)
# of uncompleted tasks (Edge/Cloud/Mobile): 1961(1692/55/214)
# of failed tasks due to vm capacity (Edge/Cloud/Mobile): 201(201/0/0)
# of failed tasks due to Mobility/Network(WLAN/MAN/WAN): 0/4783(12/4474/297)
percentage of failed tasks: 6,830485%
average service time: 3,476614 seconds. (on Edge: 3,577978, on Cloud: 2,945366, on Mobile: NaN)
average processing time: 2,933332 seconds. (on Edge: 3,451860, on Cloud: 0,215735, on Mobile: NaN)
average network delay: 0,543282 seconds. (LAN delay: 0,121271, MAN delay: 0,016442, WAN delay: 2,729632)
average server utilization Edge/Cloud/Mobile: 43,184767/3,980612/0,000000
average cost: 0.0$
Scenario finished at 03/08/2021 02:18:00. It took 14 Minutes 32 Seconds
----------------------------------------------------------------------
Scenario started at 03/08/2021 02:18:00
Scenario: TWO_TIER_WITH_EO - Policy: NETWORK_BASED - #iteration: 10
Duration: 5.0 min (warm up period: 1.0 min) - #devices: 2200
Creating tasks...Done, 
Creating device locations...Done.
SimManager is starting...Done.
.........10.........20.........30.........40.........50.........60.........70.........80.........90.........100
# of tasks (Edge/Cloud/Mobile): 71406(51126/20280/0)
# of failed tasks (Edge/Cloud/Mobile): 3162(3162/0/0)
# of completed tasks (Edge/Cloud/Mobile): 68244(47964/20280/0)
# of uncompleted tasks (Edge/Cloud/Mobile): 1709(1529/23/157)
# of failed tasks due to vm capacity (Edge/Cloud/Mobile): 375(375/0/0)
# of failed tasks due to Mobility/Network(WLAN/MAN/WAN): 0/2787(2/2785/0)
percentage of failed tasks: 4,428199%
average service time: 3,226403 seconds. (on Edge: 3,801865, on Cloud: 1,865383, on Mobile: NaN)
average processing time: 2,609695 seconds. (on Edge: 3,663371, on Cloud: 0,117659, on Mobile: NaN)
average network delay: 0,616707 seconds. (LAN delay: 0,111439, MAN delay: 0,029214, WAN delay: 1,747724)
average server utilization Edge/Cloud/Mobile: 48,180394/2,335714/0,000000
average cost: 0.0$
Scenario finished at 03/08/2021 02:20:10. It took 2 Minutes 10 Seconds
----------------------------------------------------------------------
Scenario started at 03/08/2021 02:20:10
Scenario: TWO_TIER_WITH_EO - Policy: UTILIZATION_BASED - #iteration: 10
Duration: 5.0 min (warm up period: 1.0 min) - #devices: 2200
Creating tasks...Done, 
Creating device locations...Done.
SimManager is starting...Done.
.........10.........20.........30.........40.........50.........60.........70.........80.........90.........100
# of tasks (Edge/Cloud/Mobile): 72741(59831/12910/0)
# of failed tasks (Edge/Cloud/Mobile): 24712(16449/8263/0)
# of completed tasks (Edge/Cloud/Mobile): 48029(43382/4647/0)
# of uncompleted tasks (Edge/Cloud/Mobile): 1653(1297/44/312)
# of failed tasks due to vm capacity (Edge/Cloud/Mobile): 0(0/0/0)
# of failed tasks due to Mobility/Network(WLAN/MAN/WAN): 0/24712(1/16448/8263)
percentage of failed tasks: 33,972588%
average service time: 4,175844 seconds. (on Edge: 3,937716, on Cloud: 6,398888, on Mobile: NaN)
average processing time: 3,452151 seconds. (on Edge: 3,810127, on Cloud: 0,110264, on Mobile: NaN)
average network delay: 0,723693 seconds. (LAN delay: 0,111323, MAN delay: 0,018089, WAN delay: 6,288624)
average server utilization Edge/Cloud/Mobile: 50,695335/0,839796/0,000000
average cost: 0.0$
Scenario finished at 03/08/2021 02:21:59. It took 1 Minute 48 Seconds
----------------------------------------------------------------------
Scenario started at 03/08/2021 02:21:59
Scenario: TWO_TIER_WITH_EO - Policy: HYBRID - #iteration: 10
Duration: 5.0 min (warm up period: 1.0 min) - #devices: 2200
Creating tasks...Done, 
Creating device locations...Done.
SimManager is starting...Done.
.........10.........20.........30.........40.........50.........60.........70.........80.........90.........100
# of tasks (Edge/Cloud/Mobile): 71158(60901/10257/0)
# of failed tasks (Edge/Cloud/Mobile): 15574(15574/0/0)
# of completed tasks (Edge/Cloud/Mobile): 55584(45327/10257/0)
# of uncompleted tasks (Edge/Cloud/Mobile): 2012(1829/39/144)
# of failed tasks due to vm capacity (Edge/Cloud/Mobile): 989(989/0/0)
# of failed tasks due to Mobility/Network(WLAN/MAN/WAN): 0/14585(0/14585/0)
percentage of failed tasks: 21,886506%
average service time: 4,166600 seconds. (on Edge: 4,691197, on Cloud: 1,848340, on Mobile: NaN)
average processing time: 3,735175 seconds. (on Edge: 4,550370, on Cloud: 0,132722, on Mobile: NaN)
average network delay: 0,431426 seconds. (LAN delay: 0,117820, MAN delay: 0,025440, WAN delay: 1,715618)
average server utilization Edge/Cloud/Mobile: 60,293732/1,215306/0,000000
average cost: 0.0$
Scenario finished at 03/08/2021 02:23:56. It took 1 Minute 57 Seconds
----------------------------------------------------------------------
Scenario started at 03/08/2021 02:23:56
Scenario: TWO_TIER_WITH_EO - Policy: DDQN - #iteration: 10
Duration: 5.0 min (warm up period: 1.0 min) - #devices: 2400
Creating tasks...Done, 
Creating device locations...Done.
SimManager is starting...Done.
.........10.........20.........30.........40.........50.........60.........70.........80.........90.........100
# of tasks (Edge/Cloud/Mobile): 79606(65284/14322/0)
# of failed tasks (Edge/Cloud/Mobile): 8010(7396/614/0)
# of completed tasks (Edge/Cloud/Mobile): 71596(57888/13708/0)
# of uncompleted tasks (Edge/Cloud/Mobile): 2135(1944/51/140)
# of failed tasks due to vm capacity (Edge/Cloud/Mobile): 7396(7396/0/0)
# of failed tasks due to Mobility/Network(WLAN/MAN/WAN): 0/614(0/0/614)
percentage of failed tasks: 10,062056%
average service time: 5,404786 seconds. (on Edge: 5,824444, on Cloud: 3,632602, on Mobile: NaN)
average processing time: 4,625183 seconds. (on Edge: 5,688436, on Cloud: 0,135135, on Mobile: NaN)
average network delay: 0,779604 seconds. (LAN delay: 0,123689, MAN delay: 0,013376, WAN delay: 3,497467)
average server utilization Edge/Cloud/Mobile: 79,905612/2,941837/0,000000
average cost: 0.0$
Scenario finished at 03/08/2021 02:27:18. It took 3 Minutes 22 Seconds
----------------------------------------------------------------------
Scenario started at 03/08/2021 02:27:18
Scenario: TWO_TIER_WITH_EO - Policy: FUZZY_BASED - #iteration: 10
Duration: 5.0 min (warm up period: 1.0 min) - #devices: 2400
Creating tasks...Done, 
Creating device locations...Done.
SimManager is starting...Done.
.........10.........20.........30.........40.........50.........60.........70.........80.........90.........100
# of tasks (Edge/Cloud/Mobile): 79314(66433/12881/0)
# of failed tasks (Edge/Cloud/Mobile): 8196(6209/1987/0)
# of completed tasks (Edge/Cloud/Mobile): 71118(60224/10894/0)
# of uncompleted tasks (Edge/Cloud/Mobile): 1788(1535/58/195)
# of failed tasks due to vm capacity (Edge/Cloud/Mobile): 2845(2845/0/0)
# of failed tasks due to Mobility/Network(WLAN/MAN/WAN): 0/5351(0/3364/1987)
percentage of failed tasks: 10,333611%
average service time: 4,529794 seconds. (on Edge: 4,542914, on Cloud: 4,457263, on Mobile: NaN)
average processing time: 3,772427 seconds. (on Edge: 4,411015, on Cloud: 0,242199, on Mobile: NaN)
average network delay: 0,757366 seconds. (LAN delay: 0,125838, MAN delay: 0,015465, WAN delay: 4,215064)
average server utilization Edge/Cloud/Mobile: 62,752187/4,872449/0,000000
average cost: 0.0$
Scenario finished at 03/08/2021 02:42:28. It took 15 Minutes 9 Seconds
----------------------------------------------------------------------
Scenario started at 03/08/2021 02:42:28
Scenario: TWO_TIER_WITH_EO - Policy: NETWORK_BASED - #iteration: 10
Duration: 5.0 min (warm up period: 1.0 min) - #devices: 2400
Creating tasks...Done, 
Creating device locations...Done.
SimManager is starting...Done.
.........10.........20.........30.........40.........50.........60.........70.........80.........90.........100
# of tasks (Edge/Cloud/Mobile): 76296(56025/20271/0)
# of failed tasks (Edge/Cloud/Mobile): 16104(16104/0/0)
# of completed tasks (Edge/Cloud/Mobile): 60192(39921/20271/0)
# of uncompleted tasks (Edge/Cloud/Mobile): 2374(2178/30/166)
# of failed tasks due to vm capacity (Edge/Cloud/Mobile): 478(478/0/0)
# of failed tasks due to Mobility/Network(WLAN/MAN/WAN): 0/15626(33/15593/0)
percentage of failed tasks: 21,107266%
average service time: 2,991998 seconds. (on Edge: 3,559693, on Cloud: 1,873998, on Mobile: NaN)
average processing time: 2,314252 seconds. (on Edge: 3,429467, on Cloud: 0,117985, on Mobile: NaN)
average network delay: 0,677746 seconds. (LAN delay: 0,112482, MAN delay: 0,019616, WAN delay: 1,756014)
average server utilization Edge/Cloud/Mobile: 41,287901/2,512245/0,000000
average cost: 0.0$
Scenario finished at 03/08/2021 02:44:40. It took 2 Minutes 11 Seconds
----------------------------------------------------------------------
Scenario started at 03/08/2021 02:44:40
Scenario: TWO_TIER_WITH_EO - Policy: UTILIZATION_BASED - #iteration: 10
Duration: 5.0 min (warm up period: 1.0 min) - #devices: 2400
Creating tasks...Done, 
Creating device locations...Done.
SimManager is starting...Done.
.........10.........20.........30.........40.........50.........60.........70.........80.........90.........100
# of tasks (Edge/Cloud/Mobile): 77996(60705/17291/0)
# of failed tasks (Edge/Cloud/Mobile): 30933(18948/11985/0)
# of completed tasks (Edge/Cloud/Mobile): 47063(41757/5306/0)
# of uncompleted tasks (Edge/Cloud/Mobile): 1621(1255/45/321)
# of failed tasks due to vm capacity (Edge/Cloud/Mobile): 0(0/0/0)
# of failed tasks due to Mobility/Network(WLAN/MAN/WAN): 0/30933(25/18923/11985)
percentage of failed tasks: 39,659726%
average service time: 4,776045 seconds. (on Edge: 4,576971, on Cloud: 6,342712, on Mobile: NaN)
average processing time: 3,910116 seconds. (on Edge: 4,393701, on Cloud: 0,104409, on Mobile: NaN)
average network delay: 0,865929 seconds. (LAN delay: 0,109364, MAN delay: 0,082015, WAN delay: 6,238303)
average server utilization Edge/Cloud/Mobile: 51,682580/0,729592/0,000000
average cost: 0.0$
Scenario finished at 03/08/2021 02:46:06. It took 1 Minute 25 Seconds
----------------------------------------------------------------------
Scenario started at 03/08/2021 02:46:06
Scenario: TWO_TIER_WITH_EO - Policy: HYBRID - #iteration: 10
Duration: 5.0 min (warm up period: 1.0 min) - #devices: 2400
Creating tasks...Done, 
Creating device locations...Done.
SimManager is starting...Done.
.........10.........20.........30.........40.........50.........60.........70.........80.........90.........100
# of tasks (Edge/Cloud/Mobile): 77084(67548/9536/0)
# of failed tasks (Edge/Cloud/Mobile): 25235(25235/0/0)
# of completed tasks (Edge/Cloud/Mobile): 51849(42313/9536/0)
# of uncompleted tasks (Edge/Cloud/Mobile): 2610(2390/21/199)
# of failed tasks due to vm capacity (Edge/Cloud/Mobile): 891(891/0/0)
# of failed tasks due to Mobility/Network(WLAN/MAN/WAN): 0/24344(40/24304/0)
percentage of failed tasks: 32,737014%
average service time: 4,238125 seconds. (on Edge: 4,780881, on Cloud: 1,829816, on Mobile: NaN)
average processing time: 3,807410 seconds. (on Edge: 4,636362, on Cloud: 0,129198, on Mobile: NaN)
average network delay: 0,430715 seconds. (LAN delay: 0,119826, MAN delay: 0,027803, WAN delay: 1,700617)
average server utilization Edge/Cloud/Mobile: 54,656341/1,067347/0,000000
average cost: 0.0$
Scenario finished at 03/08/2021 02:47:19. It took 1 Minute 13 Seconds
----------------------------------------------------------------------
Simulation finished at 03/08/2021 02:47:19. It took 2 Hours 29 Minutes 46 Seconds
