#auto generated file!
6.0;0.0;0.0;0.0
12.0;0.23214285714285715;0.0;0.0
18.0;1.0178571428571428;1.0;0.0
24.0;2.017857142857143;2.45;0.0
30.0;5.25;8.95;0.0
36.0;19.982142857142858;2.95;0.0
42.0;38.125;11.549999999999999;0.0
48.0;56.75;3.65;0.0
54.0;74.5;3.9999999999999996;0.0
60.0;81.53571428571429;5.7;0.0
66.0;67.76785714285714;1.5;0.0
72.0;44.857142857142854;10.65;0.0
78.0;26.892857142857142;7.95;0.0
84.0;10.303571428571429;6.9;0.0
90.0;6.839285714285714;8.650000000000002;0.0
96.0;10.267857142857142;5.05;0.0
102.0;22.5;3.8;0.0
108.0;37.017857142857146;8.8;0.0
114.0;55.232142857142854;5.55;0.0
120.0;66.23214285714286;1.9;0.0
126.0;60.357142857142854;2.8;0.0
132.0;35.607142857142854;2.8;0.0
138.0;15.517857142857142;1.7;0.0
144.0;5.607142857142857;0.75;0.0
150.0;2.8392857142857144;1.2;0.0
156.0;5.732142857142857;1.4999999999999998;0.0
162.0;12.482142857142858;0.9;0.0
168.0;26.321428571428573;1.1;0.0
174.0;39.785714285714285;0.8;0.0
180.0;43.589285714285715;1.5;0.0
186.0;42.125;1.95;0.0
192.0;38.392857142857146;1.05;0.0
198.0;27.785714285714285;1.55;0.0
204.0;21.625;1.05;0.0
210.0;18.767857142857142;3.9499999999999997;0.0
216.0;11.589285714285714;4.35;0.0
222.0;16.517857142857142;4.35;0.0
228.0;28.214285714285715;6.6;0.0
234.0;36.035714285714285;2.55;0.0
240.0;38.32142857142857;9.0;0.0
246.0;31.392857142857142;9.45;0.0
252.0;25.839285714285715;9.3;0.0
258.0;26.160714285714285;6.7;0.0
264.0;28.839285714285715;6.85;0.0
270.0;26.357142857142858;5.3;0.0
276.0;26.821428571428573;10.05;0.0
282.0;26.035714285714285;4.449999999999999;0.0
288.0;37.535714285714285;2.35;0.0
294.0;45.57142857142857;1.05;0.0
