#auto generated file!
6.0;0.0;0.0;0.0
12.0;0.0;0.25;0.0
18.0;0.10714285714285714;1.5;0.0
24.0;2.7142857142857144;1.75;0.0
30.0;10.125;1.45;0.0
36.0;17.589285714285715;1.6;0.0
42.0;26.75;2.25;0.0
48.0;42.19642857142857;1.4000000000000001;0.0
54.0;68.35714285714286;2.15;0.0
60.0;73.64285714285714;1.7000000000000002;0.0
66.0;56.0;1.7;0.0
72.0;36.892857142857146;5.2;0.0
78.0;18.428571428571427;2.4;0.0
84.0;17.428571428571427;2.25;0.0
90.0;12.392857142857142;3.9000000000000004;0.0
96.0;13.0;4.5;0.0
102.0;18.5;2.6499999999999995;0.0
108.0;25.696428571428573;1.25;0.0
114.0;37.0;1.1;0.0
120.0;28.446428571428573;1.5;0.0
126.0;10.482142857142858;2.65;0.0
132.0;7.089285714285714;1.85;0.0
138.0;4.446428571428571;1.2;0.0
144.0;4.178571428571429;0.6;0.0
150.0;2.2857142857142856;0.8;0.0
156.0;4.107142857142857;0.75;0.0
162.0;8.232142857142858;2.1;0.0
168.0;12.589285714285714;1.5;0.0
174.0;21.571428571428573;0.4;0.0
180.0;16.125;1.3499999999999999;0.0
186.0;14.75;0.7500000000000001;0.0
192.0;14.160714285714286;1.1500000000000001;0.0
198.0;11.857142857142858;1.1;0.0
204.0;11.25;1.15;0.0
210.0;11.25;3.15;0.0
216.0;10.107142857142858;1.3499999999999999;0.0
222.0;16.232142857142858;2.6999999999999997;0.0
228.0;23.714285714285715;3.0;0.0
234.0;24.946428571428573;1.65;0.0
240.0;26.875;2.1;0.0
246.0;17.535714285714285;6.499999999999999;0.0
252.0;16.607142857142858;3.0999999999999996;0.0
258.0;17.803571428571427;2.6;0.0
264.0;19.0;4.5;0.0
270.0;15.392857142857142;6.999999999999999;0.0
276.0;19.535714285714285;4.6499999999999995;0.0
282.0;20.125;2.3999999999999995;0.0
288.0;23.053571428571427;0.44999999999999996;0.0
294.0;22.125;2.5999999999999996;0.0
