#auto generated file!
6.0;0.0;0.0;0.0
12.0;0.4642857142857143;0.0;0.0
18.0;5.875;0.0;0.0
24.0;15.696428571428571;0.0;0.0
30.0;22.982142857142858;0.0;0.0
36.0;47.607142857142854;0.0;0.0
42.0;80.01785714285714;2.0;0.0
48.0;80.14285714285714;0.3;0.0
54.0;79.96428571428571;2.2;0.0
60.0;80.96428571428571;0.44999999999999996;0.0
66.0;78.48214285714286;1.5999999999999999;0.0
72.0;76.85714285714286;1.7999999999999998;0.0
78.0;75.83928571428571;0.75;0.0
84.0;73.5;0.3;0.0
90.0;62.410714285714285;0.15;0.0
96.0;66.48214285714286;0.0;0.0
102.0;78.80357142857143;0.0;0.0
108.0;80.16071428571429;3.2;0.0
114.0;80.03571428571429;1.7000000000000002;0.0
120.0;79.41071428571429;0.7000000000000001;0.0
126.0;79.64285714285714;1.9499999999999997;0.0
132.0;64.78571428571429;0.9;0.0
138.0;47.357142857142854;0.0;0.0
144.0;20.178571428571427;0.0;0.0
150.0;10.785714285714286;0.0;0.0
156.0;12.196428571428571;0.0;0.0
162.0;15.25;0.0;0.0
168.0;33.92857142857143;0.0;0.0
174.0;64.71428571428571;0.0;0.0
180.0;17.857142857142858;0.0;0.0
186.0;15.482142857142858;0.0;0.0
192.0;51.94642857142857;0.0;0.0
198.0;62.5;0.0;0.0
204.0;68.91071428571429;0.0;0.0
210.0;68.46428571428571;0.0;0.0
216.0;68.19642857142857;0.0;0.0
222.0;73.23214285714286;0.0;0.0
228.0;80.10714285714286;1.25;0.0
234.0;78.76785714285714;2.7;0.0
240.0;79.14285714285714;1.3;0.0
246.0;77.21428571428571;3.0;0.0
252.0;80.10714285714286;1.25;0.0
258.0;78.25;0.8;0.0
264.0;80.0;2.6;0.0
270.0;79.55357142857143;0.75;0.0
276.0;79.66071428571429;1.4;0.0
282.0;79.21428571428571;1.65;0.0
288.0;79.53571428571429;2.1;0.0
294.0;79.66071428571429;0.3;0.0
