#auto generated file!
6.0;0.0;0.0;0.0
12.0;0.0;0.25;0.0
18.0;0.0;0.5;0.0
24.0;3.7142857142857144;3.0000000000000004;0.0
30.0;7.571428571428571;5.55;0.0
36.0;15.160714285714286;1.45;0.0
42.0;22.964285714285715;3.4000000000000004;0.0
48.0;33.732142857142854;4.1;0.0
54.0;40.535714285714285;1.45;0.0
60.0;41.05357142857143;2.9499999999999997;0.0
66.0;26.160714285714285;1.3;0.0
72.0;13.0;2.5;0.0
78.0;11.678571428571429;3.2;0.0
84.0;10.714285714285714;2.0999999999999996;0.0
90.0;9.357142857142858;2.9499999999999997;0.0
96.0;10.803571428571429;2.5999999999999996;0.0
102.0;16.446428571428573;4.65;0.0
108.0;22.517857142857142;2.2;0.0
114.0;30.017857142857142;1.25;0.0
120.0;22.125;2.5;0.0
126.0;13.107142857142858;1.65;0.0
132.0;4.660714285714286;4.25;0.0
138.0;3.732142857142857;1.55;0.0
144.0;3.2857142857142856;0.75;0.0
150.0;2.357142857142857;1.05;0.0
156.0;5.178571428571429;1.5;0.0
162.0;6.428571428571429;1.9;0.0
168.0;13.392857142857142;1.1;0.0
174.0;16.214285714285715;1.6999999999999997;0.0
180.0;12.392857142857142;1.75;0.0
186.0;11.035714285714286;1.9000000000000001;0.0
192.0;10.875;0.8500000000000001;0.0
198.0;12.232142857142858;2.75;0.0
204.0;9.982142857142858;0.9;0.0
210.0;7.803571428571429;1.2999999999999998;0.0
216.0;10.821428571428571;1.3499999999999999;0.0
222.0;15.75;4.55;0.0
228.0;16.625;0.8999999999999999;0.0
234.0;21.75;3.3;0.0
240.0;23.642857142857142;3.45;0.0
246.0;19.25;4.8999999999999995;0.0
252.0;15.821428571428571;5.5;0.0
258.0;14.625;3.3;0.0
264.0;16.089285714285715;5.3500000000000005;0.0
270.0;17.303571428571427;2.75;0.0
276.0;13.125;1.75;0.0
282.0;11.625;1.95;0.0
288.0;17.089285714285715;0.75;0.0
294.0;16.517857142857142;1.6500000000000001;0.0
