#auto generated file!
6.0;0.0;0.0;0.0
12.0;0.10714285714285714;0.0;0.0
18.0;2.767857142857143;0.0;0.0
24.0;7.357142857142857;0.0;0.0
30.0;13.232142857142858;0.0;0.0
36.0;15.214285714285714;0.0;0.0
42.0;21.303571428571427;0.0;0.0
48.0;27.357142857142858;0.0;0.0
54.0;32.80357142857143;0.0;0.0
60.0;23.321428571428573;0.0;0.0
66.0;22.767857142857142;0.0;0.0
72.0;19.375;0.0;0.0
78.0;16.946428571428573;0.0;0.0
84.0;15.035714285714286;0.0;0.0
90.0;16.321428571428573;0.0;0.0
96.0;18.839285714285715;0.0;0.0
102.0;20.232142857142858;0.0;0.0
108.0;23.589285714285715;0.0;0.0
114.0;29.910714285714285;0.0;0.0
120.0;23.464285714285715;0.0;0.0
126.0;15.696428571428571;0.0;0.0
132.0;9.339285714285714;0.0;0.0
138.0;5.25;0.0;0.0
144.0;5.428571428571429;0.0;0.0
150.0;5.553571428571429;0.0;0.0
156.0;9.321428571428571;0.0;0.0
162.0;10.535714285714286;0.0;0.0
168.0;11.232142857142858;0.0;0.0
174.0;15.232142857142858;0.0;0.0
180.0;14.214285714285714;0.0;0.0
186.0;13.946428571428571;0.0;0.0
192.0;11.285714285714286;0.0;0.0
198.0;11.0;0.0;0.0
204.0;12.767857142857142;0.0;0.0
210.0;12.0;0.0;0.0
216.0;11.767857142857142;0.0;0.0
222.0;14.375;0.0;0.0
228.0;22.035714285714285;0.0;0.0
234.0;24.232142857142858;0.0;0.0
240.0;22.75;0.0;0.0
246.0;20.75;0.0;0.0
252.0;23.767857142857142;0.0;0.0
258.0;23.589285714285715;0.0;0.0
264.0;23.196428571428573;0.0;0.0
270.0;21.464285714285715;0.0;0.0
276.0;21.267857142857142;0.0;0.0
282.0;17.892857142857142;0.0;0.0
288.0;18.803571428571427;0.0;0.0
294.0;16.464285714285715;0.0;0.0
