#auto generated file!
6.0;0.0;0.0;0.0
12.0;0.9642857142857143;0.0;0.0
18.0;7.857142857142857;0.0;0.0
24.0;20.517857142857142;0.0;0.0
30.0;30.053571428571427;0.0;0.0
36.0;72.51785714285714;0.0;0.0
42.0;71.19642857142857;0.9;0.0
48.0;19.303571428571427;0.0;0.0
54.0;7.625;0.0;0.0
60.0;2.4285714285714284;0.0;0.0
66.0;3.25;0.0;0.0
72.0;26.339285714285715;0.0;0.0
78.0;57.964285714285715;0.0;0.0
84.0;76.58928571428571;0.0;0.0
90.0;79.53571428571429;0.3;0.0
96.0;80.66071428571429;1.35;0.0
102.0;81.75;1.35;0.0
108.0;104.75;0.9500000000000001;0.0
114.0;130.16071428571428;2.9;0.0
120.0;128.78571428571428;1.15;0.0
126.0;109.16071428571429;5.1;0.0
132.0;86.14285714285714;1.7999999999999998;0.0
138.0;72.0;0.15;0.0
144.0;47.94642857142857;0.0;0.0
150.0;25.196428571428573;0.0;0.0
156.0;19.392857142857142;0.0;0.0
162.0;27.553571428571427;0.0;0.0
168.0;52.69642857142857;0.0;0.0
174.0;18.910714285714285;0.0;0.0
180.0;2.232142857142857;0.0;0.0
186.0;1.5;0.0;0.0
192.0;1.8392857142857142;0.0;0.0
198.0;2.0357142857142856;0.0;0.0
204.0;43.82142857142857;0.0;0.0
210.0;57.160714285714285;0.0;0.0
216.0;66.07142857142857;0.0;0.0
222.0;76.03571428571429;0.0;0.0
228.0;80.23214285714286;1.65;0.0
234.0;92.85714285714286;3.0;0.0
240.0;99.07142857142857;1.4;0.0
246.0;102.32142857142857;3.25;0.0
252.0;100.01785714285714;6.25;0.0
258.0;101.55357142857143;6.8999999999999995;0.0
264.0;94.75;8.45;0.0
270.0;87.33928571428571;4.5;0.0
276.0;89.78571428571429;4.1499999999999995;0.0
282.0;89.92857142857143;2.65;0.0
288.0;96.76785714285714;2.3;0.0
294.0;108.51785714285714;0.75;0.0
