#auto generated file!
6.0;0.0;0.0;0.0
12.0;0.0;0.0;0.0
18.0;0.0;0.9;0.0
24.0;0.16071428571428573;1.2;0.0
30.0;0.9821428571428571;1.2;0.0
36.0;1.9642857142857142;4.3;0.0
42.0;2.892857142857143;0.85;0.0
48.0;4.142857142857143;2.8000000000000003;0.0
54.0;4.428571428571429;3.0999999999999996;0.0
60.0;4.857142857142857;2.25;0.0
66.0;4.357142857142857;2.75;0.0
72.0;1.4642857142857142;1.9500000000000002;0.0
78.0;0.5535714285714286;3.8;0.0
84.0;0.10714285714285714;1.4000000000000001;0.0
90.0;0.7678571428571429;2.0999999999999996;0.0
96.0;2.25;1.2999999999999998;0.0
102.0;2.267857142857143;1.6;0.0
108.0;3.8214285714285716;4.3500000000000005;0.0
114.0;4.017857142857143;2.0;0.0
120.0;2.875;1.65;0.0
126.0;0.35714285714285715;1.5999999999999999;0.0
132.0;0.35714285714285715;0.4;0.0
138.0;0.375;1.15;0.0
144.0;0.10714285714285714;1.15;0.0
150.0;0.16071428571428573;1.2499999999999998;0.0
156.0;0.6071428571428571;0.8;0.0
162.0;1.5892857142857142;0.8999999999999999;0.0
168.0;2.1964285714285716;1.4500000000000002;0.0
174.0;2.8035714285714284;0.44999999999999996;0.0
180.0;2.8214285714285716;1.55;0.0
186.0;1.7321428571428572;0.9500000000000001;0.0
192.0;2.125;1.35;0.0
198.0;1.7142857142857142;0.6000000000000001;0.0
204.0;1.8214285714285714;0.4;0.0
210.0;0.875;1.85;0.0
216.0;1.5;1.9;0.0
222.0;1.0357142857142858;1.1999999999999997;0.0
228.0;3.0535714285714284;1.5;0.0
234.0;3.482142857142857;6.0;0.0
240.0;3.107142857142857;2.5499999999999994;0.0
246.0;1.9285714285714286;1.9;0.0
252.0;0.7678571428571429;1.4500000000000002;0.0
258.0;2.5357142857142856;2.45;0.0
264.0;1.4285714285714286;1.45;0.0
270.0;1.375;3.4;0.0
276.0;1.0178571428571428;2.5;0.0
282.0;3.107142857142857;2.65;0.0
288.0;3.4464285714285716;2.95;0.0
294.0;2.8392857142857144;0.44999999999999996;0.0
