#auto generated file!
6.0;0.0;0.0;0.0
12.0;0.48214285714285715;0.0;0.0
18.0;3.892857142857143;0.0;0.0
24.0;8.517857142857142;0.0;0.0
30.0;11.5;0.0;0.0
36.0;17.375;0.0;0.0
42.0;24.410714285714285;0.0;0.0
48.0;24.839285714285715;0.0;0.0
54.0;34.625;0.0;0.0
60.0;32.482142857142854;0.0;0.0
66.0;24.928571428571427;0.0;0.0
72.0;18.625;0.0;0.0
78.0;18.107142857142858;0.0;0.0
84.0;16.267857142857142;0.0;0.0
90.0;13.535714285714286;0.0;0.0
96.0;15.910714285714286;0.0;0.0
102.0;16.0;0.0;0.0
108.0;23.839285714285715;0.0;0.0
114.0;24.553571428571427;0.0;0.0
120.0;19.553571428571427;0.0;0.0
126.0;12.75;0.0;0.0
132.0;6.964285714285714;0.0;0.0
138.0;6.410714285714286;0.0;0.0
144.0;4.821428571428571;0.0;0.0
150.0;5.160714285714286;0.0;0.0
156.0;4.678571428571429;0.0;0.0
162.0;9.232142857142858;0.0;0.0
168.0;13.267857142857142;0.0;0.0
174.0;13.446428571428571;0.0;0.0
180.0;14.071428571428571;0.0;0.0
186.0;11.410714285714286;0.0;0.0
192.0;13.0;0.0;0.0
198.0;9.821428571428571;0.0;0.0
204.0;9.857142857142858;0.0;0.0
210.0;11.160714285714286;0.0;0.0
216.0;9.892857142857142;0.0;0.0
222.0;17.839285714285715;0.0;0.0
228.0;23.571428571428573;0.0;0.0
234.0;20.535714285714285;0.0;0.0
240.0;22.5;0.0;0.0
246.0;14.589285714285714;0.0;0.0
252.0;17.785714285714285;0.0;0.0
258.0;19.625;0.0;0.0
264.0;18.839285714285715;0.0;0.0
270.0;22.660714285714285;0.0;0.0
276.0;19.25;0.0;0.0
282.0;16.785714285714285;0.0;0.0
288.0;18.089285714285715;0.0;0.0
294.0;17.857142857142858;0.0;0.0
