#auto generated file!
6.0;0.0;0.0;0.0
12.0;0.0;0.4;0.0
18.0;0.0;0.75;0.0
24.0;1.5535714285714286;1.6;0.0
30.0;3.642857142857143;2.1500000000000004;0.0
36.0;7.785714285714286;1.7;0.0
42.0;8.982142857142858;1.05;0.0
48.0;14.357142857142858;1.05;0.0
54.0;11.642857142857142;5.65;0.0
60.0;10.089285714285714;3.3;0.0
66.0;9.285714285714286;1.9;0.0
72.0;6.875;2.8499999999999996;0.0
78.0;5.071428571428571;2.1;0.0
84.0;4.232142857142857;3.1;0.0
90.0;2.107142857142857;4.05;0.0
96.0;5.625;5.65;0.0
102.0;7.910714285714286;2.5999999999999996;0.0
108.0;9.0;2.0;0.0
114.0;9.803571428571429;2.8;0.0
120.0;7.071428571428571;2.85;0.0
126.0;4.160714285714286;1.9000000000000001;0.0
132.0;3.017857142857143;2.0500000000000003;0.0
138.0;2.125;0.55;0.0
144.0;1.2857142857142858;1.0;0.0
150.0;0.6964285714285714;0.2;0.0
156.0;1.8928571428571428;0.6499999999999999;0.0
162.0;3.5357142857142856;0.44999999999999996;0.0
168.0;4.839285714285714;1.0;0.0
174.0;5.946428571428571;1.85;0.0
180.0;6.392857142857143;3.1500000000000004;0.0
186.0;5.803571428571429;1.15;0.0
192.0;5.053571428571429;2.0;0.0
198.0;3.6785714285714284;0.95;0.0
204.0;4.375;1.8500000000000003;0.0
210.0;3.125;0.8999999999999999;0.0
216.0;3.767857142857143;1.45;0.0
222.0;5.696428571428571;1.35;0.0
228.0;8.017857142857142;4.2;0.0
234.0;6.053571428571429;1.95;0.0
240.0;3.9464285714285716;4.65;0.0
246.0;8.178571428571429;4.25;0.0
252.0;6.321428571428571;3.45;0.0
258.0;6.946428571428571;5.5;0.0
264.0;7.732142857142857;5.699999999999999;0.0
270.0;4.714285714285714;6.449999999999999;0.0
276.0;6.75;2.4000000000000004;0.0
282.0;6.142857142857143;1.6500000000000001;0.0
288.0;7.589285714285714;1.8;0.0
294.0;7.696428571428571;1.5;0.0
