#auto generated file!
6.0;0.0;0.0;0.0
12.0;0.23214285714285715;0.9;0.0
18.0;1.625;1.2000000000000002;0.0
24.0;4.196428571428571;3.1;0.0
30.0;18.875;2.0999999999999996;0.0
36.0;36.482142857142854;4.05;0.0
42.0;72.28571428571429;4.9;0.0
48.0;100.55357142857143;3.05;0.0
54.0;103.5;2.1;0.0
60.0;102.25;0.55;0.0
66.0;101.16071428571429;4.45;0.0
72.0;96.67857142857143;3.15;0.0
78.0;87.80357142857143;6.15;0.0
84.0;73.125;5.699999999999999;0.0
90.0;57.142857142857146;2.4;0.0
96.0;62.57142857142857;3.0;0.0
102.0;74.98214285714286;6.9;0.0
108.0;102.76785714285714;5.65;0.0
114.0;100.92857142857143;6.8;0.0
120.0;102.69642857142857;7.9;0.0
126.0;97.73214285714286;3.3;0.0
132.0;89.26785714285714;3.25;0.0
138.0;70.60714285714286;2.0;0.0
144.0;39.17857142857143;2.6999999999999997;0.0
150.0;15.982142857142858;1.65;0.0
156.0;12.928571428571429;1.95;0.0
162.0;23.535714285714285;1.5;0.0
168.0;42.857142857142854;0.75;0.0
174.0;68.16071428571429;1.4500000000000002;0.0
180.0;91.32142857142857;1.05;0.0
186.0;99.625;1.05;0.0
192.0;96.92857142857143;2.15;0.0
198.0;97.41071428571429;1.9;0.0
204.0;95.375;2.65;0.0
210.0;85.32142857142857;0.4;0.0
216.0;69.71428571428571;5.0;0.0
222.0;70.82142857142857;3.4499999999999997;0.0
228.0;78.14285714285714;3.4499999999999997;0.0
234.0;93.69642857142857;1.7999999999999998;0.0
240.0;98.91071428571429;8.850000000000001;0.0
246.0;97.57142857142857;5.15;0.0
252.0;90.16071428571429;7.9;0.0
258.0;87.46428571428571;4.0;0.0
264.0;92.35714285714286;9.75;0.0
270.0;84.89285714285714;4.9;0.0
276.0;84.14285714285714;4.5;0.0
282.0;91.35714285714286;4.0;0.0
288.0;101.60714285714286;4.8;0.0
294.0;93.875;2.25;0.0
