#auto generated file!
6.0;0.0;0.0;0.0
12.0;0.0;1.05;0.0
18.0;0.7142857142857143;1.4;0.0
24.0;9.035714285714286;1.75;0.0
30.0;20.785714285714285;1.7;0.0
36.0;44.017857142857146;2.15;0.0
42.0;50.80357142857143;2.9000000000000004;0.0
48.0;11.017857142857142;2.35;0.0
54.0;5.178571428571429;2.15;0.0
60.0;1.6964285714285714;2.45;0.0
66.0;1.5892857142857142;4.15;0.0
72.0;20.232142857142858;1.3499999999999999;0.0
78.0;31.410714285714285;2.7;0.0
84.0;35.5;3.05;0.0
90.0;26.446428571428573;2.3499999999999996;0.0
96.0;34.17857142857143;4.3;0.0
102.0;57.125;2.6500000000000004;0.0
108.0;97.10714285714286;2.0999999999999996;0.0
114.0;66.42857142857143;2.95;0.0
120.0;15.160714285714286;1.7;0.0
126.0;45.660714285714285;3.05;0.0
132.0;33.5;2.1;0.0
138.0;13.089285714285714;1.8;0.0
144.0;7.946428571428571;0.6;0.0
150.0;4.803571428571429;1.3499999999999999;0.0
156.0;8.857142857142858;0.44999999999999996;0.0
162.0;16.607142857142858;1.5;0.0
168.0;36.589285714285715;0.95;0.0
174.0;9.982142857142858;1.25;0.0
180.0;1.3392857142857142;1.2;0.0
186.0;2.0357142857142856;2.25;0.0
192.0;1.5178571428571428;0.5;0.0
198.0;1.1071428571428572;1.3;0.0
204.0;26.25;2.15;0.0
210.0;24.375;1.5000000000000002;0.0
216.0;27.607142857142858;1.45;0.0
222.0;34.160714285714285;2.25;0.0
228.0;54.32142857142857;1.65;0.0
234.0;84.55357142857143;4.35;0.0
240.0;95.96428571428571;1.8;0.0
246.0;107.42857142857143;2.3;0.0
252.0;97.82142857142857;5.6;0.0
258.0;100.60714285714286;5.800000000000001;0.0
264.0;97.98214285714286;5.55;0.0
270.0;94.48214285714286;5.699999999999999;0.0
276.0;90.39285714285714;6.45;0.0
282.0;100.67857142857143;4.3;0.0
288.0;115.46428571428571;1.55;0.0
294.0;123.57142857142857;4.699999999999999;0.0
