#auto generated file!
6.0;0.0;0.0;0.0
12.0;0.0;0.0;0.0
18.0;0.16071428571428573;1.6500000000000001;0.0
24.0;4.964285714285714;2.3;0.0
30.0;12.428571428571429;2.7500000000000004;0.0
36.0;26.303571428571427;4.15;0.0
42.0;39.017857142857146;4.9;0.0
48.0;63.82142857142857;3.2;0.0
54.0;27.446428571428573;1.5;0.0
60.0;5.642857142857143;2.3;0.0
66.0;33.982142857142854;5.85;0.0
72.0;22.482142857142858;2.3;0.0
78.0;22.75;5.1;0.0
84.0;16.535714285714285;1.55;0.0
90.0;12.642857142857142;5.699999999999999;0.0
96.0;17.267857142857142;2.7499999999999996;0.0
102.0;23.571428571428573;3.0;0.0
108.0;42.267857142857146;5.4;0.0
114.0;54.5;2.75;0.0
120.0;56.839285714285715;1.25;0.0
126.0;42.285714285714285;2.95;0.0
132.0;11.267857142857142;1.3;0.0
138.0;4.696428571428571;1.6;0.0
144.0;3.107142857142857;1.1999999999999997;0.0
150.0;4.375;1.0499999999999998;0.0
156.0;6.0;0.75;0.0
162.0;8.089285714285714;0.44999999999999996;0.0
168.0;17.642857142857142;0.44999999999999996;0.0
174.0;24.642857142857142;0.75;0.0
180.0;26.589285714285715;1.55;0.0
186.0;24.142857142857142;1.1;0.0
192.0;23.160714285714285;0.9500000000000001;0.0
198.0;17.196428571428573;0.44999999999999996;0.0
204.0;12.125;1.4;0.0
210.0;13.517857142857142;1.1500000000000001;0.0
216.0;13.464285714285714;0.6;0.0
222.0;20.589285714285715;2.6;0.0
228.0;28.035714285714285;4.049999999999999;0.0
234.0;41.464285714285715;2.85;0.0
240.0;33.642857142857146;2.75;0.0
246.0;33.30357142857143;5.549999999999999;0.0
252.0;31.517857142857142;6.6;0.0
258.0;24.214285714285715;3.2999999999999994;0.0
264.0;24.339285714285715;9.4;0.0
270.0;29.910714285714285;2.5999999999999996;0.0
276.0;27.446428571428573;3.6999999999999997;0.0
282.0;23.75;2.8499999999999996;0.0
288.0;27.375;3.4499999999999997;0.0
294.0;30.892857142857142;3.1999999999999997;0.0
