#auto generated file!
6.0;0.0;0.0;0.0
12.0;1.0;0.0;0.0
18.0;7.642857142857143;0.0;0.0
24.0;18.589285714285715;0.0;0.0
30.0;40.214285714285715;0.0;0.0
36.0;80.125;0.5;0.0
42.0;107.125;2.85;0.0
48.0;100.46428571428571;3.9499999999999997;0.0
54.0;37.589285714285715;0.15;0.0
60.0;12.107142857142858;0.0;0.0
66.0;6.839285714285714;0.0;0.0
72.0;25.178571428571427;0.0;0.0
78.0;50.142857142857146;0.0;0.0
84.0;66.32142857142857;0.0;0.0
90.0;67.92857142857143;0.0;0.0
96.0;79.80357142857143;2.0999999999999996;0.0
102.0;80.58928571428571;1.55;0.0
108.0;100.83928571428571;4.5;0.0
114.0;138.42857142857142;3.8;0.0
120.0;154.07142857142858;2.4999999999999996;0.0
126.0;148.41071428571428;1.85;0.0
132.0;124.55357142857143;0.8500000000000001;0.0
138.0;88.78571428571429;1.0;0.0
144.0;62.17857142857143;0.15;0.0
150.0;37.5;0.0;0.0
156.0;26.107142857142858;0.0;0.0
162.0;32.660714285714285;0.0;0.0
168.0;57.875;0.0;0.0
174.0;29.0;0.0;0.0
180.0;4.196428571428571;0.0;0.0
186.0;1.7321428571428572;0.0;0.0
192.0;2.017857142857143;0.0;0.0
198.0;1.75;0.0;0.0
204.0;1.8035714285714286;0.0;0.0
210.0;35.30357142857143;0.0;0.0
216.0;52.392857142857146;0.0;0.0
222.0;76.75;0.0;0.0
228.0;89.14285714285714;1.95;0.0
234.0;104.625;1.2;0.0
240.0;112.67857142857143;2.25;0.0
246.0;100.35714285714286;4.05;0.0
252.0;98.42857142857143;2.35;0.0
258.0;100.26785714285714;2.25;0.0
264.0;93.80357142857143;5.15;0.0
270.0;91.14285714285714;2.9;0.0
276.0;93.60714285714286;3.7499999999999996;0.0
282.0;102.05357142857143;1.8;0.0
288.0;110.48214285714286;2.25;0.0
294.0;118.01785714285714;1.05;0.0
