Simulation started at 21/09/2020 08:53:41
----------------------------------------------------------------------
Scenario started at 21/09/2020 08:53:41
Scenario: TWO_TIER_WITH_EO - Policy: DDQN - #iteration: 2
Duration: 5.0 min (warm up period: 1.0 min) - #devices: 0
Creating tasks...Done, 
Creating device locations...Done.
o.n.l.f.Nd4jBackend - Loaded [CpuBackend] backend
o.n.n.NativeOpsHolder - Number of threads used for linear algebra: 1
o.n.n.Nd4jBlas - Number of threads used for OpenMP BLAS: 4
o.n.l.a.o.e.DefaultOpExecutioner - Backend used: [CPU]; OS: [Mac OS X]
o.n.l.a.o.e.DefaultOpExecutioner - Cores: [8]; Memory: [1,8GB];
o.n.l.a.o.e.DefaultOpExecutioner - Blas vendor: [OPENBLAS]
o.d.n.m.MultiLayerNetwork - Starting MultiLayerNetwork with WorkspaceModes set to [training: ENABLED; inference: ENABLED], cacheMode set to [NONE]
SimManager is starting...Done.
.........10.........20.........30.........40.........50.........60.........70.........80.........90.........100
# of tasks (Edge/Cloud/Mobile): 0(0/0/0)
# of failed tasks (Edge/Cloud/Mobile): 0(0/0/0)
# of completed tasks (Edge/Cloud/Mobile): 0(0/0/0)
# of uncompleted tasks (Edge/Cloud/Mobile): 0(0/0/0)
# of failed tasks due to vm capacity (Edge/Cloud/Mobile): 0(0/0/0)
# of failed tasks due to Mobility/Network(WLAN/MAN/WAN): 0/0(0/0/0)
percentage of failed tasks: NaN%
average service time: NaN seconds. (on Edge: NaN, on Cloud: NaN, on Mobile: NaN)
average processing time: NaN seconds. (on Edge: NaN, on Cloud: NaN, on Mobile: NaN)
average network delay: NaN seconds. (LAN delay: NaN, MAN delay: NaN, WAN delay: NaN)
average server utilization Edge/Cloud/Mobile: 0,000000/0,000000/0,000000
average cost: NaN$
Scenario finished at 21/09/2020 08:53:51. It took 10 Seconds
----------------------------------------------------------------------
Scenario started at 21/09/2020 08:53:51
Scenario: TWO_TIER_WITH_EO - Policy: FUZZY_BASED - #iteration: 2
Duration: 5.0 min (warm up period: 1.0 min) - #devices: 0
Creating tasks...Done, 
Creating device locations...Done.
SimManager is starting...Done.
.........10.........20.........30.........40.........50.........60.........70.........80.........90.........100
# of tasks (Edge/Cloud/Mobile): 0(0/0/0)
# of failed tasks (Edge/Cloud/Mobile): 0(0/0/0)
# of completed tasks (Edge/Cloud/Mobile): 0(0/0/0)
# of uncompleted tasks (Edge/Cloud/Mobile): 0(0/0/0)
# of failed tasks due to vm capacity (Edge/Cloud/Mobile): 0(0/0/0)
# of failed tasks due to Mobility/Network(WLAN/MAN/WAN): 0/0(0/0/0)
percentage of failed tasks: NaN%
average service time: NaN seconds. (on Edge: NaN, on Cloud: NaN, on Mobile: NaN)
average processing time: NaN seconds. (on Edge: NaN, on Cloud: NaN, on Mobile: NaN)
average network delay: NaN seconds. (LAN delay: NaN, MAN delay: NaN, WAN delay: NaN)
average server utilization Edge/Cloud/Mobile: 0,000000/0,000000/0,000000
average cost: NaN$
Scenario finished at 21/09/2020 08:53:52. It took 531 Milli Seconds
----------------------------------------------------------------------
Scenario started at 21/09/2020 08:53:52
Scenario: TWO_TIER_WITH_EO - Policy: NETWORK_BASED - #iteration: 2
Duration: 5.0 min (warm up period: 1.0 min) - #devices: 0
Creating tasks...Done, 
Creating device locations...Done.
SimManager is starting...Done.
.........10.........20.........30.........40.........50.........60.........70.........80.........90.........100
# of tasks (Edge/Cloud/Mobile): 0(0/0/0)
# of failed tasks (Edge/Cloud/Mobile): 0(0/0/0)
# of completed tasks (Edge/Cloud/Mobile): 0(0/0/0)
# of uncompleted tasks (Edge/Cloud/Mobile): 0(0/0/0)
# of failed tasks due to vm capacity (Edge/Cloud/Mobile): 0(0/0/0)
# of failed tasks due to Mobility/Network(WLAN/MAN/WAN): 0/0(0/0/0)
percentage of failed tasks: NaN%
average service time: NaN seconds. (on Edge: NaN, on Cloud: NaN, on Mobile: NaN)
average processing time: NaN seconds. (on Edge: NaN, on Cloud: NaN, on Mobile: NaN)
average network delay: NaN seconds. (LAN delay: NaN, MAN delay: NaN, WAN delay: NaN)
average server utilization Edge/Cloud/Mobile: 0,000000/0,000000/0,000000
average cost: NaN$
Scenario finished at 21/09/2020 08:53:52. It took 291 Milli Seconds
----------------------------------------------------------------------
Scenario started at 21/09/2020 08:53:52
Scenario: TWO_TIER_WITH_EO - Policy: UTILIZATION_BASED - #iteration: 2
Duration: 5.0 min (warm up period: 1.0 min) - #devices: 0
Creating tasks...Done, 
Creating device locations...Done.
SimManager is starting...Done.
.........10.........20.........30.........40.........50.........60.........70.........80.........90.........100
# of tasks (Edge/Cloud/Mobile): 0(0/0/0)
# of failed tasks (Edge/Cloud/Mobile): 0(0/0/0)
# of completed tasks (Edge/Cloud/Mobile): 0(0/0/0)
# of uncompleted tasks (Edge/Cloud/Mobile): 0(0/0/0)
# of failed tasks due to vm capacity (Edge/Cloud/Mobile): 0(0/0/0)
# of failed tasks due to Mobility/Network(WLAN/MAN/WAN): 0/0(0/0/0)
percentage of failed tasks: NaN%
average service time: NaN seconds. (on Edge: NaN, on Cloud: NaN, on Mobile: NaN)
average processing time: NaN seconds. (on Edge: NaN, on Cloud: NaN, on Mobile: NaN)
average network delay: NaN seconds. (LAN delay: NaN, MAN delay: NaN, WAN delay: NaN)
average server utilization Edge/Cloud/Mobile: 0,000000/0,000000/0,000000
average cost: NaN$
Scenario finished at 21/09/2020 08:53:52. It took 397 Milli Seconds
----------------------------------------------------------------------
Scenario started at 21/09/2020 08:53:52
Scenario: TWO_TIER_WITH_EO - Policy: HYBRID - #iteration: 2
Duration: 5.0 min (warm up period: 1.0 min) - #devices: 0
Creating tasks...Done, 
Creating device locations...Done.
SimManager is starting...Done.
.........10.........20.........30.........40.........50.........60.........70.........80.........90.........100
# of tasks (Edge/Cloud/Mobile): 0(0/0/0)
# of failed tasks (Edge/Cloud/Mobile): 0(0/0/0)
# of completed tasks (Edge/Cloud/Mobile): 0(0/0/0)
# of uncompleted tasks (Edge/Cloud/Mobile): 0(0/0/0)
# of failed tasks due to vm capacity (Edge/Cloud/Mobile): 0(0/0/0)
# of failed tasks due to Mobility/Network(WLAN/MAN/WAN): 0/0(0/0/0)
percentage of failed tasks: NaN%
average service time: NaN seconds. (on Edge: NaN, on Cloud: NaN, on Mobile: NaN)
average processing time: NaN seconds. (on Edge: NaN, on Cloud: NaN, on Mobile: NaN)
average network delay: NaN seconds. (LAN delay: NaN, MAN delay: NaN, WAN delay: NaN)
average server utilization Edge/Cloud/Mobile: 0,000000/0,000000/0,000000
average cost: NaN$
Scenario finished at 21/09/2020 08:53:53. It took 583 Milli Seconds
----------------------------------------------------------------------
Scenario started at 21/09/2020 08:53:53
Scenario: TWO_TIER_WITH_EO - Policy: DDQN - #iteration: 2
Duration: 5.0 min (warm up period: 1.0 min) - #devices: 200
Creating tasks...Done, 
Creating device locations...Done.
SimManager is starting...Done.
.........10.........20.........30.........40.........50.........60.........70.........80.........90.........100
# of tasks (Edge/Cloud/Mobile): 6145(5670/475/0)
# of failed tasks (Edge/Cloud/Mobile): 30(27/3/0)
# of completed tasks (Edge/Cloud/Mobile): 6115(5643/472/0)
# of uncompleted tasks (Edge/Cloud/Mobile): 28(26/0/2)
# of failed tasks due to vm capacity (Edge/Cloud/Mobile): 0(0/0/0)
# of failed tasks due to Mobility/Network(WLAN/MAN/WAN): 30/0(0/0/0)
percentage of failed tasks: 0,488202%
average service time: 0,952158 seconds. (on Edge: 0,976894, on Cloud: 0,656421, on Mobile: NaN)
average processing time: 0,860485 seconds. (on Edge: 0,916192, on Cloud: 0,194477, on Mobile: NaN)
average network delay: 0,091673 seconds. (LAN delay: 0,049388, MAN delay: 0,012411, WAN delay: 0,461944)
average server utilization Edge/Cloud/Mobile: 1,751093/0,188776/0,000000
average cost: 0.0$
Scenario finished at 21/09/2020 08:54:12. It took 18 Seconds
----------------------------------------------------------------------
Scenario started at 21/09/2020 08:54:12
Scenario: TWO_TIER_WITH_EO - Policy: FUZZY_BASED - #iteration: 2
Duration: 5.0 min (warm up period: 1.0 min) - #devices: 200
Creating tasks...Done, 
Creating device locations...Done.
SimManager is starting...Done.
.........10.........20.........30.........40.........50.........60.........70.........80.........90.........100
# of tasks (Edge/Cloud/Mobile): 6850(5840/1010/0)
# of failed tasks (Edge/Cloud/Mobile): 36(33/3/0)
# of completed tasks (Edge/Cloud/Mobile): 6814(5807/1007/0)
# of uncompleted tasks (Edge/Cloud/Mobile): 24(23/0/1)
# of failed tasks due to vm capacity (Edge/Cloud/Mobile): 0(0/0/0)
# of failed tasks due to Mobility/Network(WLAN/MAN/WAN): 36/0(0/0/0)
percentage of failed tasks: 0,525547%
average service time: 0,879151 seconds. (on Edge: 0,881455, on Cloud: 0,865862, on Mobile: NaN)
average processing time: 0,738775 seconds. (on Edge: 0,829667, on Cloud: 0,214639, on Mobile: NaN)
average network delay: 0,140375 seconds. (LAN delay: 0,051789, MAN delay: NaN, WAN delay: 0,651223)
average server utilization Edge/Cloud/Mobile: 1,029519/0,285714/0,000000
average cost: 0.0$
Scenario finished at 21/09/2020 08:55:12. It took 1 Minute 0 Seconds
----------------------------------------------------------------------
Scenario started at 21/09/2020 08:55:12
Scenario: TWO_TIER_WITH_EO - Policy: NETWORK_BASED - #iteration: 2
Duration: 5.0 min (warm up period: 1.0 min) - #devices: 200
Creating tasks...Done, 
Creating device locations...Done.
SimManager is starting...Done.
.........10.........20.........30.........40.........50.........60.........70.........80.........90.........100
# of tasks (Edge/Cloud/Mobile): 6487(57/6430/0)
# of failed tasks (Edge/Cloud/Mobile): 40(0/40/0)
# of completed tasks (Edge/Cloud/Mobile): 6447(57/6390/0)
# of uncompleted tasks (Edge/Cloud/Mobile): 52(0/6/46)
# of failed tasks due to vm capacity (Edge/Cloud/Mobile): 0(0/0/0)
# of failed tasks due to Mobility/Network(WLAN/MAN/WAN): 40/0(0/0/0)
percentage of failed tasks: 0,616618%
average service time: 1,322385 seconds. (on Edge: 0,800528, on Cloud: 1,327040, on Mobile: NaN)
average processing time: 0,111886 seconds. (on Edge: 0,753253, on Cloud: 0,106165, on Mobile: NaN)
average network delay: 1,210499 seconds. (LAN delay: 0,037689, MAN delay: 0,012418, WAN delay: 1,220875)
average server utilization Edge/Cloud/Mobile: 0,011662/0,686735/0,000000
average cost: 0.0$
Scenario finished at 21/09/2020 08:55:13. It took 1 Second
----------------------------------------------------------------------
Scenario started at 21/09/2020 08:55:13
Scenario: TWO_TIER_WITH_EO - Policy: UTILIZATION_BASED - #iteration: 2
Duration: 5.0 min (warm up period: 1.0 min) - #devices: 200
Creating tasks...Done, 
Creating device locations...Done.
SimManager is starting...Done.
.........10.........20.........30.........40.........50.........60.........70.........80.........90.........100
# of tasks (Edge/Cloud/Mobile): 6325(6325/0/0)
# of failed tasks (Edge/Cloud/Mobile): 45(45/0/0)
# of completed tasks (Edge/Cloud/Mobile): 6280(6280/0/0)
# of uncompleted tasks (Edge/Cloud/Mobile): 24(20/0/4)
# of failed tasks due to vm capacity (Edge/Cloud/Mobile): 0(0/0/0)
# of failed tasks due to Mobility/Network(WLAN/MAN/WAN): 45/0(0/0/0)
percentage of failed tasks: 0,711462%
average service time: 1,088968 seconds. (on Edge: 1,088968, on Cloud: NaN, on Mobile: NaN)
average processing time: 1,026623 seconds. (on Edge: 1,026623, on Cloud: NaN, on Mobile: NaN)
average network delay: 0,062345 seconds. (LAN delay: 0,051029, MAN delay: 0,012488, WAN delay: NaN)
average server utilization Edge/Cloud/Mobile: 2,317784/0,000000/0,000000
average cost: 0.0$
Scenario finished at 21/09/2020 08:55:16. It took 2 Seconds
----------------------------------------------------------------------
Scenario started at 21/09/2020 08:55:16
Scenario: TWO_TIER_WITH_EO - Policy: HYBRID - #iteration: 2
Duration: 5.0 min (warm up period: 1.0 min) - #devices: 200
Creating tasks...Done, 
Creating device locations...Done.
SimManager is starting...Done.
.........10.........20.........30.........40.........50.........60.........70.........80.........90.........100
# of tasks (Edge/Cloud/Mobile): 6481(6481/0/0)
# of failed tasks (Edge/Cloud/Mobile): 35(35/0/0)
# of completed tasks (Edge/Cloud/Mobile): 6446(6446/0/0)
# of uncompleted tasks (Edge/Cloud/Mobile): 24(22/0/2)
# of failed tasks due to vm capacity (Edge/Cloud/Mobile): 0(0/0/0)
# of failed tasks due to Mobility/Network(WLAN/MAN/WAN): 35/0(0/0/0)
percentage of failed tasks: 0,540040%
average service time: 1,104550 seconds. (on Edge: 1,104550, on Cloud: NaN, on Mobile: NaN)
average processing time: 1,043711 seconds. (on Edge: 1,043711, on Cloud: NaN, on Mobile: NaN)
average network delay: 0,060839 seconds. (LAN delay: 0,049615, MAN delay: 0,012489, WAN delay: NaN)
average server utilization Edge/Cloud/Mobile: 2,433673/0,000000/0,000000
average cost: 0.0$
Scenario finished at 21/09/2020 08:55:18. It took 1 Second
----------------------------------------------------------------------
Scenario started at 21/09/2020 08:55:18
Scenario: TWO_TIER_WITH_EO - Policy: DDQN - #iteration: 2
Duration: 5.0 min (warm up period: 1.0 min) - #devices: 400
Creating tasks...Done, 
Creating device locations...Done.
SimManager is starting...Done.
.........10.........20.........30.........40.........50.........60.........70.........80.........90.........100
# of tasks (Edge/Cloud/Mobile): 13771(12744/1027/0)
# of failed tasks (Edge/Cloud/Mobile): 75(67/8/0)
# of completed tasks (Edge/Cloud/Mobile): 13696(12677/1019/0)
# of uncompleted tasks (Edge/Cloud/Mobile): 58(54/0/4)
# of failed tasks due to vm capacity (Edge/Cloud/Mobile): 0(0/0/0)
# of failed tasks due to Mobility/Network(WLAN/MAN/WAN): 75/0(0/0/0)
percentage of failed tasks: 0,544623%
average service time: 1,056266 seconds. (on Edge: 1,074615, on Cloud: 0,828000, on Mobile: NaN)
average processing time: 0,948744 seconds. (on Edge: 1,006395, on Cloud: 0,231538, on Mobile: NaN)
average network delay: 0,107522 seconds. (LAN delay: 0,056648, MAN delay: 0,012505, WAN delay: 0,596461)
average server utilization Edge/Cloud/Mobile: 3,784257/0,336735/0,000000
average cost: 0.0$
Scenario finished at 21/09/2020 08:55:51. It took 33 Seconds
----------------------------------------------------------------------
Scenario started at 21/09/2020 08:55:51
Scenario: TWO_TIER_WITH_EO - Policy: FUZZY_BASED - #iteration: 2
Duration: 5.0 min (warm up period: 1.0 min) - #devices: 400
Creating tasks...Done, 
Creating device locations...Done.
SimManager is starting...Done.
.........10.........20.........30.........40.........50.........60.........70.........80.........90.........100
# of tasks (Edge/Cloud/Mobile): 13859(12054/1805/0)
# of failed tasks (Edge/Cloud/Mobile): 67(59/8/0)
# of completed tasks (Edge/Cloud/Mobile): 13792(11995/1797/0)
# of uncompleted tasks (Edge/Cloud/Mobile): 43(40/2/1)
# of failed tasks due to vm capacity (Edge/Cloud/Mobile): 0(0/0/0)
# of failed tasks due to Mobility/Network(WLAN/MAN/WAN): 67/0(0/0/0)
percentage of failed tasks: 0,483440%
average service time: 0,903180 seconds. (on Edge: 0,885429, on Cloud: 1,021667, on Mobile: NaN)
average processing time: 0,752689 seconds. (on Edge: 0,827604, on Cloud: 0,252633, on Mobile: NaN)
average network delay: 0,150491 seconds. (LAN delay: 0,057826, MAN delay: NaN, WAN delay: 0,769035)
average server utilization Edge/Cloud/Mobile: 2,121356/0,862245/0,000000
average cost: 0.0$
Scenario finished at 21/09/2020 08:57:56. It took 2 Minutes 4 Seconds
----------------------------------------------------------------------
Scenario started at 21/09/2020 08:57:56
Scenario: TWO_TIER_WITH_EO - Policy: NETWORK_BASED - #iteration: 2
Duration: 5.0 min (warm up period: 1.0 min) - #devices: 400
Creating tasks...Done, 
Creating device locations...Done.
SimManager is starting...Done.
.........10.........20.........30.........40.........50.........60.........70.........80.........90.........100
# of tasks (Edge/Cloud/Mobile): 12788(1462/11326/0)
# of failed tasks (Edge/Cloud/Mobile): 109(4/105/0)
# of completed tasks (Edge/Cloud/Mobile): 12679(1458/11221/0)
# of uncompleted tasks (Edge/Cloud/Mobile): 88(6/16/66)
# of failed tasks due to vm capacity (Edge/Cloud/Mobile): 0(0/0/0)
# of failed tasks due to Mobility/Network(WLAN/MAN/WAN): 109/0(0/0/0)
percentage of failed tasks: 0,852362%
average service time: 1,529701 seconds. (on Edge: 1,022716, on Cloud: 1,595576, on Mobile: NaN)
average processing time: 0,205457 seconds. (on Edge: 0,953106, on Cloud: 0,108311, on Mobile: NaN)
average network delay: 1,324244 seconds. (LAN delay: 0,059805, MAN delay: 0,012507, WAN delay: 1,487265)
average server utilization Edge/Cloud/Mobile: 0,416181/1,202041/0,000000
average cost: 0.0$
Scenario finished at 21/09/2020 08:58:00. It took 4 Seconds
----------------------------------------------------------------------
Scenario started at 21/09/2020 08:58:00
Scenario: TWO_TIER_WITH_EO - Policy: UTILIZATION_BASED - #iteration: 2
Duration: 5.0 min (warm up period: 1.0 min) - #devices: 400
Creating tasks...Done, 
Creating device locations...Done.
SimManager is starting...Done.
.........10.........20.........30.........40.........50.........60.........70.........80.........90.........100
# of tasks (Edge/Cloud/Mobile): 13079(13079/0/0)
# of failed tasks (Edge/Cloud/Mobile): 85(85/0/0)
# of completed tasks (Edge/Cloud/Mobile): 12994(12994/0/0)
# of uncompleted tasks (Edge/Cloud/Mobile): 58(55/0/3)
# of failed tasks due to vm capacity (Edge/Cloud/Mobile): 0(0/0/0)
# of failed tasks due to Mobility/Network(WLAN/MAN/WAN): 85/0(0/0/0)
percentage of failed tasks: 0,649897%
average service time: 1,245336 seconds. (on Edge: 1,245336, on Cloud: NaN, on Mobile: NaN)
average processing time: 1,175340 seconds. (on Edge: 1,175340, on Cloud: NaN, on Mobile: NaN)
average network delay: 0,069996 seconds. (LAN delay: 0,058649, MAN delay: 0,012656, WAN delay: NaN)
average server utilization Edge/Cloud/Mobile: 5,688411/0,000000/0,000000
average cost: 0.0$
Scenario finished at 21/09/2020 08:58:04. It took 3 Seconds
----------------------------------------------------------------------
Scenario started at 21/09/2020 08:58:04
Scenario: TWO_TIER_WITH_EO - Policy: HYBRID - #iteration: 2
Duration: 5.0 min (warm up period: 1.0 min) - #devices: 400
Creating tasks...Done, 
Creating device locations...Done.
SimManager is starting...Done.
.........10.........20.........30.........40.........50.........60.........70.........80.........90.........100
# of tasks (Edge/Cloud/Mobile): 13806(13806/0/0)
# of failed tasks (Edge/Cloud/Mobile): 115(115/0/0)
# of completed tasks (Edge/Cloud/Mobile): 13691(13691/0/0)
# of uncompleted tasks (Edge/Cloud/Mobile): 59(59/0/0)
# of failed tasks due to vm capacity (Edge/Cloud/Mobile): 0(0/0/0)
# of failed tasks due to Mobility/Network(WLAN/MAN/WAN): 115/0(0/0/0)
percentage of failed tasks: 0,832971%
average service time: 1,208933 seconds. (on Edge: 1,208933, on Cloud: NaN, on Mobile: NaN)
average processing time: 1,141369 seconds. (on Edge: 1,141369, on Cloud: NaN, on Mobile: NaN)
average network delay: 0,067563 seconds. (LAN delay: 0,055992, MAN delay: 0,012686, WAN delay: NaN)
average server utilization Edge/Cloud/Mobile: 5,604592/0,000000/0,000000
average cost: 0.0$
Scenario finished at 21/09/2020 08:58:08. It took 4 Seconds
----------------------------------------------------------------------
Scenario started at 21/09/2020 08:58:08
Scenario: TWO_TIER_WITH_EO - Policy: DDQN - #iteration: 2
Duration: 5.0 min (warm up period: 1.0 min) - #devices: 600
Creating tasks...Done, 
Creating device locations...Done.
SimManager is starting...Done.
.........10.........20.........30.........40.........50.........60.........70.........80.........90.........100
# of tasks (Edge/Cloud/Mobile): 19731(18053/1678/0)
# of failed tasks (Edge/Cloud/Mobile): 107(99/8/0)
# of completed tasks (Edge/Cloud/Mobile): 19624(17954/1670/0)
# of uncompleted tasks (Edge/Cloud/Mobile): 100(95/0/5)
# of failed tasks due to vm capacity (Edge/Cloud/Mobile): 0(0/0/0)
# of failed tasks due to Mobility/Network(WLAN/MAN/WAN): 107/0(0/0/0)
percentage of failed tasks: 0,542294%
average service time: 1,122315 seconds. (on Edge: 1,158382, on Cloud: 0,734565, on Mobile: NaN)
average processing time: 1,008748 seconds. (on Edge: 1,083482, on Cloud: 0,205288, on Mobile: NaN)
average network delay: 0,113567 seconds. (LAN delay: 0,063156, MAN delay: 0,012583, WAN delay: 0,529277)
average server utilization Edge/Cloud/Mobile: 5,797376/0,673469/0,000000
average cost: 0.0$
Scenario finished at 21/09/2020 08:58:48. It took 40 Seconds
----------------------------------------------------------------------
Scenario started at 21/09/2020 08:58:48
Scenario: TWO_TIER_WITH_EO - Policy: FUZZY_BASED - #iteration: 2
Duration: 5.0 min (warm up period: 1.0 min) - #devices: 600
Creating tasks...Done, 
Creating device locations...Done.
SimManager is starting...Done.
.........10.........20.........30.........40.........50.........60.........70.........80.........90.........100
# of tasks (Edge/Cloud/Mobile): 21171(18336/2835/0)
# of failed tasks (Edge/Cloud/Mobile): 80(63/17/0)
# of completed tasks (Edge/Cloud/Mobile): 21091(18273/2818/0)
# of uncompleted tasks (Edge/Cloud/Mobile): 94(89/0/5)
# of failed tasks due to vm capacity (Edge/Cloud/Mobile): 0(0/0/0)
# of failed tasks due to Mobility/Network(WLAN/MAN/WAN): 80/0(0/0/0)
percentage of failed tasks: 0,377875%
average service time: 0,949705 seconds. (on Edge: 0,935326, on Cloud: 1,042943, on Mobile: NaN)
average processing time: 0,782548 seconds. (on Edge: 0,870032, on Cloud: 0,215269, on Mobile: NaN)
average network delay: 0,167156 seconds. (LAN delay: 0,065293, MAN delay: NaN, WAN delay: 0,827674)
average server utilization Edge/Cloud/Mobile: 3,337099/1,193878/0,000000
average cost: 0.0$
Scenario finished at 21/09/2020 09:01:30. It took 2 Minutes 42 Seconds
----------------------------------------------------------------------
Scenario started at 21/09/2020 09:01:30
Scenario: TWO_TIER_WITH_EO - Policy: NETWORK_BASED - #iteration: 2
Duration: 5.0 min (warm up period: 1.0 min) - #devices: 600
Creating tasks...Done, 
Creating device locations...Done.
SimManager is starting...Done.
.........10.........20.........30.........40.........50.........60.........70.........80.........90.........100
# of tasks (Edge/Cloud/Mobile): 20125(4877/15248/0)
# of failed tasks (Edge/Cloud/Mobile): 168(24/144/0)
# of completed tasks (Edge/Cloud/Mobile): 19957(4853/15104/0)
# of uncompleted tasks (Edge/Cloud/Mobile): 156(33/21/102)
# of failed tasks due to vm capacity (Edge/Cloud/Mobile): 0(0/0/0)
# of failed tasks due to Mobility/Network(WLAN/MAN/WAN): 168/0(0/0/0)
percentage of failed tasks: 0,834783%
average service time: 1,549044 seconds. (on Edge: 1,119825, on Cloud: 1,686954, on Mobile: NaN)
average processing time: 0,336324 seconds. (on Edge: 1,049392, on Cloud: 0,107211, on Mobile: NaN)
average network delay: 1,212720 seconds. (LAN delay: 0,059788, MAN delay: 0,012646, WAN delay: 1,579743)
average server utilization Edge/Cloud/Mobile: 1,791910/1,586735/0,000000
average cost: 0.0$
Scenario finished at 21/09/2020 09:01:37. It took 6 Seconds
----------------------------------------------------------------------
Scenario started at 21/09/2020 09:01:37
Scenario: TWO_TIER_WITH_EO - Policy: UTILIZATION_BASED - #iteration: 2
Duration: 5.0 min (warm up period: 1.0 min) - #devices: 600
Creating tasks...Done, 
Creating device locations...Done.
SimManager is starting...Done.
.........10.........20.........30.........40.........50.........60.........70.........80.........90.........100
# of tasks (Edge/Cloud/Mobile): 20100(20100/0/0)
# of failed tasks (Edge/Cloud/Mobile): 142(142/0/0)
# of completed tasks (Edge/Cloud/Mobile): 19958(19958/0/0)
# of uncompleted tasks (Edge/Cloud/Mobile): 98(94/0/4)
# of failed tasks due to vm capacity (Edge/Cloud/Mobile): 0(0/0/0)
# of failed tasks due to Mobility/Network(WLAN/MAN/WAN): 142/0(0/0/0)
percentage of failed tasks: 0,706468%
average service time: 1,311837 seconds. (on Edge: 1,311837, on Cloud: NaN, on Mobile: NaN)
average processing time: 1,236399 seconds. (on Edge: 1,236399, on Cloud: NaN, on Mobile: NaN)
average network delay: 0,075439 seconds. (LAN delay: 0,063607, MAN delay: 0,012896, WAN delay: NaN)
average server utilization Edge/Cloud/Mobile: 8,783892/0,000000/0,000000
average cost: 0.0$
Scenario finished at 21/09/2020 09:01:44. It took 6 Seconds
----------------------------------------------------------------------
Scenario started at 21/09/2020 09:01:44
Scenario: TWO_TIER_WITH_EO - Policy: HYBRID - #iteration: 2
Duration: 5.0 min (warm up period: 1.0 min) - #devices: 600
Creating tasks...Done, 
Creating device locations...Done.
SimManager is starting...Done.
.........10.........20.........30.........40.........50.........60.........70.........80.........90.........100
# of tasks (Edge/Cloud/Mobile): 20468(20468/0/0)
# of failed tasks (Edge/Cloud/Mobile): 128(128/0/0)
# of completed tasks (Edge/Cloud/Mobile): 20340(20340/0/0)
# of uncompleted tasks (Edge/Cloud/Mobile): 106(105/0/1)
# of failed tasks due to vm capacity (Edge/Cloud/Mobile): 0(0/0/0)
# of failed tasks due to Mobility/Network(WLAN/MAN/WAN): 128/0(0/0/0)
percentage of failed tasks: 0,625366%
average service time: 1,274586 seconds. (on Edge: 1,274586, on Cloud: NaN, on Mobile: NaN)
average processing time: 1,197979 seconds. (on Edge: 1,197979, on Cloud: NaN, on Mobile: NaN)
average network delay: 0,076607 seconds. (LAN delay: 0,064804, MAN delay: 0,012919, WAN delay: NaN)
average server utilization Edge/Cloud/Mobile: 8,140306/0,000000/0,000000
average cost: 0.0$
Scenario finished at 21/09/2020 09:01:51. It took 7 Seconds
----------------------------------------------------------------------
Scenario started at 21/09/2020 09:01:51
Scenario: TWO_TIER_WITH_EO - Policy: DDQN - #iteration: 2
Duration: 5.0 min (warm up period: 1.0 min) - #devices: 800
Creating tasks...Done, 
Creating device locations...Done.
SimManager is starting...Done.
.........10.........20.........30.........40.........50.........60.........70.........80.........90.........100
# of tasks (Edge/Cloud/Mobile): 26492(24011/2481/0)
# of failed tasks (Edge/Cloud/Mobile): 188(180/8/0)
# of completed tasks (Edge/Cloud/Mobile): 26304(23831/2473/0)
# of uncompleted tasks (Edge/Cloud/Mobile): 217(201/6/10)
# of failed tasks due to vm capacity (Edge/Cloud/Mobile): 0(0/0/0)
# of failed tasks due to Mobility/Network(WLAN/MAN/WAN): 188/0(0/0/0)
percentage of failed tasks: 0,709648%
average service time: 1,465750 seconds. (on Edge: 1,532148, on Cloud: 0,825907, on Mobile: NaN)
average processing time: 1,326699 seconds. (on Edge: 1,444868, on Cloud: 0,187965, on Mobile: NaN)
average network delay: 0,139051 seconds. (LAN delay: 0,075540, MAN delay: 0,012672, WAN delay: 0,637942)
average server utilization Edge/Cloud/Mobile: 9,512755/0,582653/0,000000
average cost: 0.0$
Scenario finished at 21/09/2020 09:02:34. It took 43 Seconds
----------------------------------------------------------------------
Scenario started at 21/09/2020 09:02:34
Scenario: TWO_TIER_WITH_EO - Policy: FUZZY_BASED - #iteration: 2
Duration: 5.0 min (warm up period: 1.0 min) - #devices: 800
Creating tasks...Done, 
Creating device locations...Done.
SimManager is starting...Done.
.........10.........20.........30.........40.........50.........60.........70.........80.........90.........100
# of tasks (Edge/Cloud/Mobile): 28420(24567/3853/0)
# of failed tasks (Edge/Cloud/Mobile): 116(102/14/0)
# of completed tasks (Edge/Cloud/Mobile): 28304(24465/3839/0)
# of uncompleted tasks (Edge/Cloud/Mobile): 113(104/1/8)
# of failed tasks due to vm capacity (Edge/Cloud/Mobile): 0(0/0/0)
# of failed tasks due to Mobility/Network(WLAN/MAN/WAN): 116/0(0/0/0)
percentage of failed tasks: 0,408163%
average service time: 0,959587 seconds. (on Edge: 0,938665, on Cloud: 1,092918, on Mobile: NaN)
average processing time: 0,778778 seconds. (on Edge: 0,868174, on Cloud: 0,209078, on Mobile: NaN)
average network delay: 0,180810 seconds. (LAN delay: 0,070491, MAN delay: NaN, WAN delay: 0,883841)
average server utilization Edge/Cloud/Mobile: 4,394315/1,357143/0,000000
average cost: 0.0$
Scenario finished at 21/09/2020 09:06:08. It took 3 Minutes 33 Seconds
----------------------------------------------------------------------
Scenario started at 21/09/2020 09:06:08
Scenario: TWO_TIER_WITH_EO - Policy: NETWORK_BASED - #iteration: 2
Duration: 5.0 min (warm up period: 1.0 min) - #devices: 800
Creating tasks...Done, 
Creating device locations...Done.
SimManager is starting...Done.
.........10.........20.........30.........40.........50.........60.........70.........80.........90.........100
# of tasks (Edge/Cloud/Mobile): 25892(8778/17114/0)
# of failed tasks (Edge/Cloud/Mobile): 199(45/154/0)
# of completed tasks (Edge/Cloud/Mobile): 25693(8733/16960/0)
# of uncompleted tasks (Edge/Cloud/Mobile): 152(35/23/94)
# of failed tasks due to vm capacity (Edge/Cloud/Mobile): 0(0/0/0)
# of failed tasks due to Mobility/Network(WLAN/MAN/WAN): 199/0(0/0/0)
percentage of failed tasks: 0,768577%
average service time: 1,530839 seconds. (on Edge: 1,145972, on Cloud: 1,729013, on Mobile: NaN)
average processing time: 0,434950 seconds. (on Edge: 1,067484, on Cloud: 0,109248, on Mobile: NaN)
average network delay: 1,095889 seconds. (LAN delay: 0,067071, MAN delay: 0,012829, WAN delay: 1,619766)
average server utilization Edge/Cloud/Mobile: 3,144315/1,782653/0,000000
average cost: 0.0$
Scenario finished at 21/09/2020 09:06:17. It took 9 Seconds
----------------------------------------------------------------------
Scenario started at 21/09/2020 09:06:17
Scenario: TWO_TIER_WITH_EO - Policy: UTILIZATION_BASED - #iteration: 2
Duration: 5.0 min (warm up period: 1.0 min) - #devices: 800
Creating tasks...Done, 
Creating device locations...Done.
SimManager is starting...Done.
.........10.........20.........30.........40.........50.........60.........70.........80.........90.........100
# of tasks (Edge/Cloud/Mobile): 27394(27394/0/0)
# of failed tasks (Edge/Cloud/Mobile): 191(191/0/0)
# of completed tasks (Edge/Cloud/Mobile): 27203(27203/0/0)
# of uncompleted tasks (Edge/Cloud/Mobile): 159(152/0/7)
# of failed tasks due to vm capacity (Edge/Cloud/Mobile): 0(0/0/0)
# of failed tasks due to Mobility/Network(WLAN/MAN/WAN): 191/0(0/0/0)
percentage of failed tasks: 0,697233%
average service time: 1,382285 seconds. (on Edge: 1,382285, on Cloud: NaN, on Mobile: NaN)
average processing time: 1,291814 seconds. (on Edge: 1,291814, on Cloud: NaN, on Mobile: NaN)
average network delay: 0,090471 seconds. (LAN delay: 0,078352, MAN delay: 0,013213, WAN delay: NaN)
average server utilization Edge/Cloud/Mobile: 11,364067/0,000000/0,000000
average cost: 0.0$
Scenario finished at 21/09/2020 09:06:31. It took 13 Seconds
----------------------------------------------------------------------
Scenario started at 21/09/2020 09:06:31
Scenario: TWO_TIER_WITH_EO - Policy: HYBRID - #iteration: 2
Duration: 5.0 min (warm up period: 1.0 min) - #devices: 800
Creating tasks...Done, 
Creating device locations...Done.
SimManager is starting...Done.
.........10.........20.........30.........40.........50.........60.........70.........80.........90.........100
# of tasks (Edge/Cloud/Mobile): 26083(26083/0/0)
# of failed tasks (Edge/Cloud/Mobile): 193(193/0/0)
# of completed tasks (Edge/Cloud/Mobile): 25890(25890/0/0)
# of uncompleted tasks (Edge/Cloud/Mobile): 119(111/0/8)
# of failed tasks due to vm capacity (Edge/Cloud/Mobile): 0(0/0/0)
# of failed tasks due to Mobility/Network(WLAN/MAN/WAN): 193/0(0/0/0)
percentage of failed tasks: 0,739946%
average service time: 1,313772 seconds. (on Edge: 1,313772, on Cloud: NaN, on Mobile: NaN)
average processing time: 1,232584 seconds. (on Edge: 1,232584, on Cloud: NaN, on Mobile: NaN)
average network delay: 0,081188 seconds. (LAN delay: 0,069095, MAN delay: 0,013144, WAN delay: NaN)
average server utilization Edge/Cloud/Mobile: 11,176020/0,000000/0,000000
average cost: 0.0$
Scenario finished at 21/09/2020 09:06:43. It took 11 Seconds
----------------------------------------------------------------------
Scenario started at 21/09/2020 09:06:43
Scenario: TWO_TIER_WITH_EO - Policy: DDQN - #iteration: 2
Duration: 5.0 min (warm up period: 1.0 min) - #devices: 1000
Creating tasks...Done, 
Creating device locations...Done.
SimManager is starting...Done.
.........10.........20.........30.........40.........50.........60.........70.........80.........90.........100
# of tasks (Edge/Cloud/Mobile): 33311(29394/3917/0)
# of failed tasks (Edge/Cloud/Mobile): 303(284/19/0)
# of completed tasks (Edge/Cloud/Mobile): 33008(29110/3898/0)
# of uncompleted tasks (Edge/Cloud/Mobile): 269(244/7/18)
# of failed tasks due to vm capacity (Edge/Cloud/Mobile): 0(0/0/0)
# of failed tasks due to Mobility/Network(WLAN/MAN/WAN): 303/0(0/0/0)
percentage of failed tasks: 0,909609%
average service time: 1,664430 seconds. (on Edge: 1,774552, on Cloud: 0,842043, on Mobile: NaN)
average processing time: 1,503890 seconds. (on Edge: 1,683045, on Cloud: 0,165967, on Mobile: NaN)
average network delay: 0,160540 seconds. (LAN delay: 0,079804, MAN delay: 0,012758, WAN delay: 0,676076)
average server utilization Edge/Cloud/Mobile: 13,337828/1,021429/0,000000
average cost: 0.0$
Scenario finished at 21/09/2020 09:07:36. It took 53 Seconds
----------------------------------------------------------------------
Scenario started at 21/09/2020 09:07:36
Scenario: TWO_TIER_WITH_EO - Policy: FUZZY_BASED - #iteration: 2
Duration: 5.0 min (warm up period: 1.0 min) - #devices: 1000
Creating tasks...Done, 
Creating device locations...Done.
SimManager is starting...Done.
.........10.........20.........30.........40.........50.........60.........70.........80.........90.........100
# of tasks (Edge/Cloud/Mobile): 33664(29315/4349/0)
# of failed tasks (Edge/Cloud/Mobile): 171(148/23/0)
# of completed tasks (Edge/Cloud/Mobile): 33493(29167/4326/0)
# of uncompleted tasks (Edge/Cloud/Mobile): 157(145/1/11)
# of failed tasks due to vm capacity (Edge/Cloud/Mobile): 0(0/0/0)
# of failed tasks due to Mobility/Network(WLAN/MAN/WAN): 171/0(0/0/0)
percentage of failed tasks: 0,507961%
average service time: 1,042885 seconds. (on Edge: 1,007352, on Cloud: 1,282455, on Mobile: NaN)
average processing time: 0,838903 seconds. (on Edge: 0,929347, on Cloud: 0,229104, on Mobile: NaN)
average network delay: 0,203982 seconds. (LAN delay: 0,077993, MAN delay: 0,012881, WAN delay: 1,053351)
average server utilization Edge/Cloud/Mobile: 5,892128/1,938776/0,000000
average cost: 0.0$
Scenario finished at 21/09/2020 09:11:53. It took 4 Minutes 16 Seconds
----------------------------------------------------------------------
Scenario started at 21/09/2020 09:11:53
Scenario: TWO_TIER_WITH_EO - Policy: NETWORK_BASED - #iteration: 2
Duration: 5.0 min (warm up period: 1.0 min) - #devices: 1000
Creating tasks...Done, 
Creating device locations...Done.
SimManager is starting...Done.
.........10.........20.........30.........40.........50.........60.........70.........80.........90.........100
# of tasks (Edge/Cloud/Mobile): 34539(15877/18662/0)
# of failed tasks (Edge/Cloud/Mobile): 260(85/175/0)
# of completed tasks (Edge/Cloud/Mobile): 34279(15792/18487/0)
# of uncompleted tasks (Edge/Cloud/Mobile): 234(84/25/125)
# of failed tasks due to vm capacity (Edge/Cloud/Mobile): 0(0/0/0)
# of failed tasks due to Mobility/Network(WLAN/MAN/WAN): 260/0(0/0/0)
percentage of failed tasks: 0,752772%
average service time: 1,548074 seconds. (on Edge: 1,279853, on Cloud: 1,777195, on Mobile: NaN)
average processing time: 0,611372 seconds. (on Edge: 1,196238, on Cloud: 0,111766, on Mobile: NaN)
average network delay: 0,936703 seconds. (LAN delay: 0,071809, MAN delay: 0,013175, WAN delay: 1,665429)
average server utilization Edge/Cloud/Mobile: 6,451166/1,925510/0,000000
average cost: 0.0$
Scenario finished at 21/09/2020 09:12:14. It took 21 Seconds
----------------------------------------------------------------------
Scenario started at 21/09/2020 09:12:14
Scenario: TWO_TIER_WITH_EO - Policy: UTILIZATION_BASED - #iteration: 2
Duration: 5.0 min (warm up period: 1.0 min) - #devices: 1000
Creating tasks...Done, 
Creating device locations...Done.
SimManager is starting...Done.
.........10.........20.........30.........40.........50.........60.........70.........80.........90.........100
# of tasks (Edge/Cloud/Mobile): 32847(32847/0/0)
# of failed tasks (Edge/Cloud/Mobile): 263(263/0/0)
# of completed tasks (Edge/Cloud/Mobile): 32584(32584/0/0)
# of uncompleted tasks (Edge/Cloud/Mobile): 236(228/0/8)
# of failed tasks due to vm capacity (Edge/Cloud/Mobile): 0(0/0/0)
# of failed tasks due to Mobility/Network(WLAN/MAN/WAN): 263/0(0/0/0)
percentage of failed tasks: 0,800682%
average service time: 1,506327 seconds. (on Edge: 1,506327, on Cloud: NaN, on Mobile: NaN)
average processing time: 1,412533 seconds. (on Edge: 1,412533, on Cloud: NaN, on Mobile: NaN)
average network delay: 0,093793 seconds. (LAN delay: 0,081340, MAN delay: 0,013507, WAN delay: NaN)
average server utilization Edge/Cloud/Mobile: 15,816691/0,000000/0,000000
average cost: 0.0$
Scenario finished at 21/09/2020 09:12:37. It took 22 Seconds
----------------------------------------------------------------------
Scenario started at 21/09/2020 09:12:37
Scenario: TWO_TIER_WITH_EO - Policy: HYBRID - #iteration: 2
Duration: 5.0 min (warm up period: 1.0 min) - #devices: 1000
Creating tasks...Done, 
Creating device locations...Done.
SimManager is starting...Done.
.........10.........20.........30.........40.........50.........60.........70.........80.........90.........100
# of tasks (Edge/Cloud/Mobile): 34222(34222/0/0)
# of failed tasks (Edge/Cloud/Mobile): 281(281/0/0)
# of completed tasks (Edge/Cloud/Mobile): 33941(33941/0/0)
# of uncompleted tasks (Edge/Cloud/Mobile): 220(210/0/10)
# of failed tasks due to vm capacity (Edge/Cloud/Mobile): 0(0/0/0)
# of failed tasks due to Mobility/Network(WLAN/MAN/WAN): 281/0(0/0/0)
percentage of failed tasks: 0,821109%
average service time: 1,588468 seconds. (on Edge: 1,588468, on Cloud: NaN, on Mobile: NaN)
average processing time: 1,490823 seconds. (on Edge: 1,490823, on Cloud: NaN, on Mobile: NaN)
average network delay: 0,097644 seconds. (LAN delay: 0,085076, MAN delay: 0,013580, WAN delay: NaN)
average server utilization Edge/Cloud/Mobile: 17,392857/0,000000/0,000000
average cost: 0.0$
Scenario finished at 21/09/2020 09:12:57. It took 20 Seconds
----------------------------------------------------------------------
Scenario started at 21/09/2020 09:12:57
Scenario: TWO_TIER_WITH_EO - Policy: DDQN - #iteration: 2
Duration: 5.0 min (warm up period: 1.0 min) - #devices: 1200
Creating tasks...Done, 
Creating device locations...Done.
SimManager is starting...Done.
.........10.........20.........30.........40.........50.........60.........70.........80.........90.........100
# of tasks (Edge/Cloud/Mobile): 39703(34175/5528/0)
# of failed tasks (Edge/Cloud/Mobile): 356(333/23/0)
# of completed tasks (Edge/Cloud/Mobile): 39347(33842/5505/0)
# of uncompleted tasks (Edge/Cloud/Mobile): 345(309/15/21)
# of failed tasks due to vm capacity (Edge/Cloud/Mobile): 0(0/0/0)
# of failed tasks due to Mobility/Network(WLAN/MAN/WAN): 356/0(0/0/0)
percentage of failed tasks: 0,896658%
average service time: 1,818994 seconds. (on Edge: 1,957362, on Cloud: 0,968375, on Mobile: NaN)
average processing time: 1,621554 seconds. (on Edge: 1,858874, on Cloud: 0,162624, on Mobile: NaN)
average network delay: 0,197440 seconds. (LAN delay: 0,086653, MAN delay: 0,012845, WAN delay: 0,805751)
average server utilization Edge/Cloud/Mobile: 17,073980/1,270408/0,000000
average cost: 0.0$
Scenario finished at 21/09/2020 09:14:05. It took 1 Minute 7 Seconds
----------------------------------------------------------------------
Scenario started at 21/09/2020 09:14:05
Scenario: TWO_TIER_WITH_EO - Policy: FUZZY_BASED - #iteration: 2
Duration: 5.0 min (warm up period: 1.0 min) - #devices: 1200
Creating tasks...Done, 
Creating device locations...Done.
SimManager is starting...Done.
.........10.........20.........30.........40.........50.........60.........70.........80.........90.........100
# of tasks (Edge/Cloud/Mobile): 39881(34418/5463/0)
# of failed tasks (Edge/Cloud/Mobile): 179(143/36/0)
# of completed tasks (Edge/Cloud/Mobile): 39702(34275/5427/0)
# of uncompleted tasks (Edge/Cloud/Mobile): 276(259/1/16)
# of failed tasks due to vm capacity (Edge/Cloud/Mobile): 0(0/0/0)
# of failed tasks due to Mobility/Network(WLAN/MAN/WAN): 179/0(0/0/0)
percentage of failed tasks: 0,448835%
average service time: 1,136206 seconds. (on Edge: 1,108887, on Cloud: 1,308749, on Mobile: NaN)
average processing time: 0,913637 seconds. (on Edge: 1,021651, on Cloud: 0,231461, on Mobile: NaN)
average network delay: 0,222569 seconds. (LAN delay: 0,087067, MAN delay: 0,012937, WAN delay: 1,077288)
average server utilization Edge/Cloud/Mobile: 7,678207/2,571429/0,000000
average cost: 0.0$
Scenario finished at 21/09/2020 09:19:07. It took 5 Minutes 2 Seconds
----------------------------------------------------------------------
Scenario started at 21/09/2020 09:19:07
Scenario: TWO_TIER_WITH_EO - Policy: NETWORK_BASED - #iteration: 2
Duration: 5.0 min (warm up period: 1.0 min) - #devices: 1200
Creating tasks...Done, 
Creating device locations...Done.
SimManager is starting...Done.
.........10.........20.........30.........40.........50.........60.........70.........80.........90.........100
# of tasks (Edge/Cloud/Mobile): 39865(20872/18993/0)
# of failed tasks (Edge/Cloud/Mobile): 335(126/209/0)
# of completed tasks (Edge/Cloud/Mobile): 39530(20746/18784/0)
# of uncompleted tasks (Edge/Cloud/Mobile): 280(128/24/128)
# of failed tasks due to vm capacity (Edge/Cloud/Mobile): 0(0/0/0)
# of failed tasks due to Mobility/Network(WLAN/MAN/WAN): 335/0(0/0/0)
percentage of failed tasks: 0,840336%
average service time: 1,590861 seconds. (on Edge: 1,408349, on Cloud: 1,792437, on Mobile: NaN)
average processing time: 0,742287 seconds. (on Edge: 1,310935, on Cloud: 0,114243, on Mobile: NaN)
average network delay: 0,848575 seconds. (LAN delay: 0,085227, MAN delay: 0,013442, WAN delay: 1,678194)
average server utilization Edge/Cloud/Mobile: 9,506924/2,131633/0,000000
average cost: 0.0$
Scenario finished at 21/09/2020 09:19:38. It took 30 Seconds
----------------------------------------------------------------------
Scenario started at 21/09/2020 09:19:38
Scenario: TWO_TIER_WITH_EO - Policy: UTILIZATION_BASED - #iteration: 2
Duration: 5.0 min (warm up period: 1.0 min) - #devices: 1200
Creating tasks...Done, 
Creating device locations...Done.
SimManager is starting...Done.
.........10.........20.........30.........40.........50.........60.........70.........80.........90.........100
# of tasks (Edge/Cloud/Mobile): 39481(39481/0/0)
# of failed tasks (Edge/Cloud/Mobile): 383(383/0/0)
# of completed tasks (Edge/Cloud/Mobile): 39098(39098/0/0)
# of uncompleted tasks (Edge/Cloud/Mobile): 275(262/0/13)
# of failed tasks due to vm capacity (Edge/Cloud/Mobile): 0(0/0/0)
# of failed tasks due to Mobility/Network(WLAN/MAN/WAN): 383/0(0/0/0)
percentage of failed tasks: 0,970087%
average service time: 1,879576 seconds. (on Edge: 1,879576, on Cloud: NaN, on Mobile: NaN)
average processing time: 1,775704 seconds. (on Edge: 1,775704, on Cloud: NaN, on Mobile: NaN)
average network delay: 0,103872 seconds. (LAN delay: 0,090829, MAN delay: 0,014068, WAN delay: NaN)
average server utilization Edge/Cloud/Mobile: 23,629738/0,000000/0,000000
average cost: 0.0$
Scenario finished at 21/09/2020 09:20:11. It took 33 Seconds
----------------------------------------------------------------------
Scenario started at 21/09/2020 09:20:11
Scenario: TWO_TIER_WITH_EO - Policy: HYBRID - #iteration: 2
Duration: 5.0 min (warm up period: 1.0 min) - #devices: 1200
Creating tasks...Done, 
Creating device locations...Done.
SimManager is starting...Done.
.........10.........20.........30.........40.........50.........60.........70.........80.........90.........100
# of tasks (Edge/Cloud/Mobile): 40006(40006/0/0)
# of failed tasks (Edge/Cloud/Mobile): 379(379/0/0)
# of completed tasks (Edge/Cloud/Mobile): 39627(39627/0/0)
# of uncompleted tasks (Edge/Cloud/Mobile): 294(281/0/13)
# of failed tasks due to vm capacity (Edge/Cloud/Mobile): 0(0/0/0)
# of failed tasks due to Mobility/Network(WLAN/MAN/WAN): 379/0(0/0/0)
percentage of failed tasks: 0,947358%
average service time: 1,988513 seconds. (on Edge: 1,988513, on Cloud: NaN, on Mobile: NaN)
average processing time: 1,877715 seconds. (on Edge: 1,877715, on Cloud: NaN, on Mobile: NaN)
average network delay: 0,110798 seconds. (LAN delay: 0,097753, MAN delay: 0,014074, WAN delay: NaN)
average server utilization Edge/Cloud/Mobile: 26,312318/0,000000/0,000000
average cost: 0.0$
Scenario finished at 21/09/2020 09:20:45. It took 34 Seconds
----------------------------------------------------------------------
Scenario started at 21/09/2020 09:20:45
Scenario: TWO_TIER_WITH_EO - Policy: DDQN - #iteration: 2
Duration: 5.0 min (warm up period: 1.0 min) - #devices: 1400
Creating tasks...Done, 
Creating device locations...Done.
SimManager is starting...Done.
.........10.........20.........30.........40.........50.........60.........70.........80.........90.........100
# of tasks (Edge/Cloud/Mobile): 45232(38764/6468/0)
# of failed tasks (Edge/Cloud/Mobile): 440(401/39/0)
# of completed tasks (Edge/Cloud/Mobile): 44792(38363/6429/0)
# of uncompleted tasks (Edge/Cloud/Mobile): 480(445/8/27)
# of failed tasks due to vm capacity (Edge/Cloud/Mobile): 0(0/0/0)
# of failed tasks due to Mobility/Network(WLAN/MAN/WAN): 440/0(0/0/0)
percentage of failed tasks: 0,972763%
average service time: 1,957035 seconds. (on Edge: 2,098173, on Cloud: 1,114844, on Mobile: NaN)
average processing time: 1,729306 seconds. (on Edge: 1,989296, on Cloud: 0,177898, on Mobile: NaN)
average network delay: 0,227730 seconds. (LAN delay: 0,096882, MAN delay: 0,012955, WAN delay: 0,936946)
average server utilization Edge/Cloud/Mobile: 20,585641/1,947959/0,000000
average cost: 0.0$
Scenario finished at 21/09/2020 09:22:09. It took 1 Minute 23 Seconds
----------------------------------------------------------------------
Scenario started at 21/09/2020 09:22:09
Scenario: TWO_TIER_WITH_EO - Policy: FUZZY_BASED - #iteration: 2
Duration: 5.0 min (warm up period: 1.0 min) - #devices: 1400
Creating tasks...Done, 
Creating device locations...Done.
SimManager is starting...Done.
.........10.........20.........30.........40.........50.........60.........70.........80.........90.........100
# of tasks (Edge/Cloud/Mobile): 46915(40851/6064/0)
# of failed tasks (Edge/Cloud/Mobile): 299(263/36/0)
# of completed tasks (Edge/Cloud/Mobile): 46616(40588/6028/0)
# of uncompleted tasks (Edge/Cloud/Mobile): 326(309/1/16)
# of failed tasks due to vm capacity (Edge/Cloud/Mobile): 0(0/0/0)
# of failed tasks due to Mobility/Network(WLAN/MAN/WAN): 299/0(0/0/0)
percentage of failed tasks: 0,637323%
average service time: 1,281327 seconds. (on Edge: 1,276870, on Cloud: 1,311337, on Mobile: NaN)
average processing time: 1,055000 seconds. (on Edge: 1,178800, on Cloud: 0,221427, on Mobile: NaN)
average network delay: 0,226327 seconds. (LAN delay: 0,097544, MAN delay: 0,013193, WAN delay: 1,089909)
average server utilization Edge/Cloud/Mobile: 10,782799/2,479592/0,000000
average cost: 0.0$
Scenario finished at 21/09/2020 09:28:18. It took 6 Minutes 9 Seconds
----------------------------------------------------------------------
Scenario started at 21/09/2020 09:28:18
Scenario: TWO_TIER_WITH_EO - Policy: NETWORK_BASED - #iteration: 2
Duration: 5.0 min (warm up period: 1.0 min) - #devices: 1400
Creating tasks...Done, 
Creating device locations...Done.
SimManager is starting...Done.
.........10.........20.........30.........40.........50.........60.........70.........80.........90.........100
# of tasks (Edge/Cloud/Mobile): 45461(26004/19457/0)
# of failed tasks (Edge/Cloud/Mobile): 373(179/194/0)
# of completed tasks (Edge/Cloud/Mobile): 45088(25825/19263/0)
# of uncompleted tasks (Edge/Cloud/Mobile): 365(204/20/141)
# of failed tasks due to vm capacity (Edge/Cloud/Mobile): 0(0/0/0)
# of failed tasks due to Mobility/Network(WLAN/MAN/WAN): 373/0(0/0/0)
percentage of failed tasks: 0,820483%
average service time: 1,604365 seconds. (on Edge: 1,446637, on Cloud: 1,815823, on Mobile: NaN)
average processing time: 0,819474 seconds. (on Edge: 1,347289, on Cloud: 0,111857, on Mobile: NaN)
average network delay: 0,784891 seconds. (LAN delay: 0,086523, MAN delay: 0,013940, WAN delay: 1,703966)
average server utilization Edge/Cloud/Mobile: 12,041181/2,286735/0,000000
average cost: 0.0$
Scenario finished at 21/09/2020 09:28:53. It took 35 Seconds
----------------------------------------------------------------------
Scenario started at 21/09/2020 09:28:53
Scenario: TWO_TIER_WITH_EO - Policy: UTILIZATION_BASED - #iteration: 2
Duration: 5.0 min (warm up period: 1.0 min) - #devices: 1400
Creating tasks...Done, 
Creating device locations...Done.
SimManager is starting...Done.
.........10.........20.........30.........40.........50.........60.........70.........80.........90.........100
# of tasks (Edge/Cloud/Mobile): 45238(45106/132/0)
# of failed tasks (Edge/Cloud/Mobile): 610(571/39/0)
# of completed tasks (Edge/Cloud/Mobile): 44628(44535/93/0)
# of uncompleted tasks (Edge/Cloud/Mobile): 711(690/0/21)
# of failed tasks due to vm capacity (Edge/Cloud/Mobile): 0(0/0/0)
# of failed tasks due to Mobility/Network(WLAN/MAN/WAN): 571/39(0/0/39)
percentage of failed tasks: 1,348424%
average service time: 2,566459 seconds. (on Edge: 2,567033, on Cloud: 2,291564, on Mobile: NaN)
average processing time: 2,444758 seconds. (on Edge: 2,449667, on Cloud: 0,093948, on Mobile: NaN)
average network delay: 0,121702 seconds. (LAN delay: 0,103780, MAN delay: 0,014665, WAN delay: 2,197616)
average server utilization Edge/Cloud/Mobile: 37,524052/0,076531/0,000000
average cost: 0.0$
Scenario finished at 21/09/2020 09:29:40. It took 46 Seconds
----------------------------------------------------------------------
Scenario started at 21/09/2020 09:29:40
Scenario: TWO_TIER_WITH_EO - Policy: HYBRID - #iteration: 2
Duration: 5.0 min (warm up period: 1.0 min) - #devices: 1400
Creating tasks...Done, 
Creating device locations...Done.
SimManager is starting...Done.
.........10.........20.........30.........40.........50.........60.........70.........80.........90.........100
# of tasks (Edge/Cloud/Mobile): 46388(46035/353/0)
# of failed tasks (Edge/Cloud/Mobile): 719(717/2/0)
# of completed tasks (Edge/Cloud/Mobile): 45669(45318/351/0)
# of uncompleted tasks (Edge/Cloud/Mobile): 704(676/0/28)
# of failed tasks due to vm capacity (Edge/Cloud/Mobile): 0(0/0/0)
# of failed tasks due to Mobility/Network(WLAN/MAN/WAN): 719/0(0/0/0)
percentage of failed tasks: 1,549970%
average service time: 2,726241 seconds. (on Edge: 2,736218, on Cloud: 1,438086, on Mobile: NaN)
average processing time: 2,601572 seconds. (on Edge: 2,620843, on Cloud: 0,113513, on Mobile: NaN)
average network delay: 0,124669 seconds. (LAN delay: 0,101630, MAN delay: 0,014815, WAN delay: 1,324573)
average server utilization Edge/Cloud/Mobile: 40,178936/0,171429/0,000000
average cost: 0.0$
Scenario finished at 21/09/2020 09:30:32. It took 52 Seconds
----------------------------------------------------------------------
Scenario started at 21/09/2020 09:30:32
Scenario: TWO_TIER_WITH_EO - Policy: DDQN - #iteration: 2
Duration: 5.0 min (warm up period: 1.0 min) - #devices: 1600
Creating tasks...Done, 
Creating device locations...Done.
SimManager is starting...Done.
.........10.........20.........30.........40.........50.........60.........70.........80.........90.........100
# of tasks (Edge/Cloud/Mobile): 52840(44608/8232/0)
# of failed tasks (Edge/Cloud/Mobile): 664(614/50/0)
# of completed tasks (Edge/Cloud/Mobile): 52176(43994/8182/0)
# of uncompleted tasks (Edge/Cloud/Mobile): 574(536/4/34)
# of failed tasks due to vm capacity (Edge/Cloud/Mobile): 34(34/0/0)
# of failed tasks due to Mobility/Network(WLAN/MAN/WAN): 630/0(0/0/0)
percentage of failed tasks: 1,256624%
average service time: 2,150822 seconds. (on Edge: 2,313297, on Cloud: 1,277208, on Mobile: NaN)
average processing time: 1,876587 seconds. (on Edge: 2,194082, on Cloud: 0,169438, on Mobile: NaN)
average network delay: 0,274236 seconds. (LAN delay: 0,107160, MAN delay: 0,013056, WAN delay: 1,107771)
average server utilization Edge/Cloud/Mobile: 25,409621/2,075510/0,000000
average cost: 0.0$
Scenario finished at 21/09/2020 09:32:23. It took 1 Minute 51 Seconds
----------------------------------------------------------------------
Scenario started at 21/09/2020 09:32:23
Scenario: TWO_TIER_WITH_EO - Policy: FUZZY_BASED - #iteration: 2
Duration: 5.0 min (warm up period: 1.0 min) - #devices: 1600
Creating tasks...Done, 
Creating device locations...Done.
SimManager is starting...Done.
.........10.........20.........30.........40.........50.........60.........70.........80.........90.........100
# of tasks (Edge/Cloud/Mobile): 54881(48949/5932/0)
# of failed tasks (Edge/Cloud/Mobile): 401(359/42/0)
# of completed tasks (Edge/Cloud/Mobile): 54480(48590/5890/0)
# of uncompleted tasks (Edge/Cloud/Mobile): 599(550/1/48)
# of failed tasks due to vm capacity (Edge/Cloud/Mobile): 0(0/0/0)
# of failed tasks due to Mobility/Network(WLAN/MAN/WAN): 401/0(0/0/0)
percentage of failed tasks: 0,730672%
average service time: 1,583894 seconds. (on Edge: 1,602725, on Cloud: 1,428546, on Mobile: NaN)
average processing time: 1,349892 seconds. (on Edge: 1,485008, on Cloud: 0,235238, on Mobile: NaN)
average network delay: 0,234002 seconds. (LAN delay: 0,116017, MAN delay: 0,013706, WAN delay: 1,193308)
average server utilization Edge/Cloud/Mobile: 17,146137/2,897959/0,000000
average cost: 0.0$
Scenario finished at 21/09/2020 09:39:52. It took 7 Minutes 29 Seconds
----------------------------------------------------------------------
Scenario started at 21/09/2020 09:39:52
Scenario: TWO_TIER_WITH_EO - Policy: NETWORK_BASED - #iteration: 2
Duration: 5.0 min (warm up period: 1.0 min) - #devices: 1600
Creating tasks...Done, 
Creating device locations...Done.
SimManager is starting...Done.
.........10.........20.........30.........40.........50.........60.........70.........80.........90.........100
# of tasks (Edge/Cloud/Mobile): 53238(33897/19341/0)
# of failed tasks (Edge/Cloud/Mobile): 470(273/197/0)
# of completed tasks (Edge/Cloud/Mobile): 52768(33624/19144/0)
# of uncompleted tasks (Edge/Cloud/Mobile): 380(223/23/134)
# of failed tasks due to vm capacity (Edge/Cloud/Mobile): 0(0/0/0)
# of failed tasks due to Mobility/Network(WLAN/MAN/WAN): 470/0(0/0/0)
percentage of failed tasks: 0,882828%
average service time: 1,820160 seconds. (on Edge: 1,791970, on Cloud: 1,869671, on Mobile: NaN)
average processing time: 1,110296 seconds. (on Edge: 1,678731, on Cloud: 0,111911, on Mobile: NaN)
average network delay: 0,709864 seconds. (LAN delay: 0,099649, MAN delay: 0,014680, WAN delay: 1,757760)
average server utilization Edge/Cloud/Mobile: 20,885933/1,748980/0,000000
average cost: 0.0$
Scenario finished at 21/09/2020 09:40:49. It took 56 Seconds
----------------------------------------------------------------------
Scenario started at 21/09/2020 09:40:49
Scenario: TWO_TIER_WITH_EO - Policy: UTILIZATION_BASED - #iteration: 2
Duration: 5.0 min (warm up period: 1.0 min) - #devices: 1600
Creating tasks...Done, 
Creating device locations...Done.
SimManager is starting...Done.
.........10.........20.........30.........40.........50.........60.........70.........80.........90.........100
# of tasks (Edge/Cloud/Mobile): 54052(51006/3046/0)
# of failed tasks (Edge/Cloud/Mobile): 1991(996/995/0)
# of completed tasks (Edge/Cloud/Mobile): 52061(50010/2051/0)
# of uncompleted tasks (Edge/Cloud/Mobile): 1157(1128/0/29)
# of failed tasks due to vm capacity (Edge/Cloud/Mobile): 0(0/0/0)
# of failed tasks due to Mobility/Network(WLAN/MAN/WAN): 1014/977(0/0/977)
percentage of failed tasks: 3,683490%
average service time: 3,691640 seconds. (on Edge: 3,749730, on Cloud: 2,275226, on Mobile: NaN)
average processing time: 3,482547 seconds. (on Edge: 3,620424, on Cloud: 0,120662, on Mobile: NaN)
average network delay: 0,209093 seconds. (LAN delay: 0,114501, MAN delay: 0,015967, WAN delay: 2,154564)
average server utilization Edge/Cloud/Mobile: 57,125364/0,346939/0,000000
average cost: 0.0$
Scenario finished at 21/09/2020 09:41:55. It took 1 Minute 5 Seconds
----------------------------------------------------------------------
Scenario started at 21/09/2020 09:41:55
Scenario: TWO_TIER_WITH_EO - Policy: HYBRID - #iteration: 2
Duration: 5.0 min (warm up period: 1.0 min) - #devices: 1600
Creating tasks...Done, 
Creating device locations...Done.
SimManager is starting...Done.
.........10.........20.........30.........40.........50.........60.........70.........80.........90.........100
# of tasks (Edge/Cloud/Mobile): 52654(49649/3005/0)
# of failed tasks (Edge/Cloud/Mobile): 904(884/20/0)
# of completed tasks (Edge/Cloud/Mobile): 51750(48765/2985/0)
# of uncompleted tasks (Edge/Cloud/Mobile): 1115(1078/0/37)
# of failed tasks due to vm capacity (Edge/Cloud/Mobile): 9(9/0/0)
# of failed tasks due to Mobility/Network(WLAN/MAN/WAN): 895/0(0/0/0)
percentage of failed tasks: 1,716869%
average service time: 3,514579 seconds. (on Edge: 3,631074, on Cloud: 1,611442, on Mobile: NaN)
average processing time: 3,311746 seconds. (on Edge: 3,505650, on Cloud: 0,143994, on Mobile: NaN)
average network delay: 0,202833 seconds. (LAN delay: 0,110472, MAN delay: 0,016147, WAN delay: 1,467448)
average server utilization Edge/Cloud/Mobile: 55,709184/0,497959/0,000000
average cost: 0.0$
Scenario finished at 21/09/2020 09:43:00. It took 1 Minute 5 Seconds
----------------------------------------------------------------------
Scenario started at 21/09/2020 09:43:00
Scenario: TWO_TIER_WITH_EO - Policy: DDQN - #iteration: 2
Duration: 5.0 min (warm up period: 1.0 min) - #devices: 1800
Creating tasks...Done, 
Creating device locations...Done.
SimManager is starting...Done.
.........10.........20.........30.........40.........50.........60.........70.........80.........90.........100
# of tasks (Edge/Cloud/Mobile): 58117(46610/11507/0)
# of failed tasks (Edge/Cloud/Mobile): 725(607/118/0)
# of completed tasks (Edge/Cloud/Mobile): 57392(46003/11389/0)
# of uncompleted tasks (Edge/Cloud/Mobile): 572(475/31/66)
# of failed tasks due to vm capacity (Edge/Cloud/Mobile): 8(8/0/0)
# of failed tasks due to Mobility/Network(WLAN/MAN/WAN): 717/0(0/0/0)
percentage of failed tasks: 1,247484%
average service time: 2,254428 seconds. (on Edge: 2,414644, on Cloud: 1,607278, on Mobile: NaN)
average processing time: 1,872684 seconds. (on Edge: 2,290998, on Cloud: 0,183014, on Mobile: NaN)
average network delay: 0,381744 seconds. (LAN delay: 0,111452, MAN delay: 0,013093, WAN delay: 1,424264)
average server utilization Edge/Cloud/Mobile: 29,625729/3,185714/0,000000
average cost: 0.0$
Scenario finished at 21/09/2020 09:45:02. It took 2 Minutes 2 Seconds
----------------------------------------------------------------------
Scenario started at 21/09/2020 09:45:02
Scenario: TWO_TIER_WITH_EO - Policy: FUZZY_BASED - #iteration: 2
Duration: 5.0 min (warm up period: 1.0 min) - #devices: 1800
Creating tasks...Done, 
Creating device locations...Done.
SimManager is starting...Done.
.........10.........20.........30.........40.........50.........60.........70.........80.........90.........100
# of tasks (Edge/Cloud/Mobile): 59166(52336/6830/0)
# of failed tasks (Edge/Cloud/Mobile): 557(497/60/0)
# of completed tasks (Edge/Cloud/Mobile): 58609(51839/6770/0)
# of uncompleted tasks (Edge/Cloud/Mobile): 889(859/3/27)
# of failed tasks due to vm capacity (Edge/Cloud/Mobile): 1(1/0/0)
# of failed tasks due to Mobility/Network(WLAN/MAN/WAN): 545/11(0/0/11)
percentage of failed tasks: 0,941419%
average service time: 2,105346 seconds. (on Edge: 2,168938, on Cloud: 1,618411, on Mobile: NaN)
average processing time: 1,834545 seconds. (on Edge: 2,043898, on Cloud: 0,231497, on Mobile: NaN)
average network delay: 0,270801 seconds. (LAN delay: 0,121332, MAN delay: 0,014275, WAN delay: 1,386914)
average server utilization Edge/Cloud/Mobile: 26,258017/3,180612/0,000000
average cost: 0.0$
Scenario finished at 21/09/2020 09:53:25. It took 8 Minutes 22 Seconds
----------------------------------------------------------------------
Scenario started at 21/09/2020 09:53:25
Scenario: TWO_TIER_WITH_EO - Policy: NETWORK_BASED - #iteration: 2
Duration: 5.0 min (warm up period: 1.0 min) - #devices: 1800
Creating tasks...Done, 
Creating device locations...Done.
SimManager is starting...Done.
.........10.........20.........30.........40.........50.........60.........70.........80.........90.........100
# of tasks (Edge/Cloud/Mobile): 58478(38397/20081/0)
# of failed tasks (Edge/Cloud/Mobile): 594(373/221/0)
# of completed tasks (Edge/Cloud/Mobile): 57884(38024/19860/0)
# of uncompleted tasks (Edge/Cloud/Mobile): 499(320/38/141)
# of failed tasks due to vm capacity (Edge/Cloud/Mobile): 0(0/0/0)
# of failed tasks due to Mobility/Network(WLAN/MAN/WAN): 591/3(3/0/0)
percentage of failed tasks: 1,015767%
average service time: 1,961570 seconds. (on Edge: 2,033951, on Cloud: 1,822990, on Mobile: NaN)
average processing time: 1,295901 seconds. (on Edge: 1,912298, on Cloud: 0,115748, on Mobile: NaN)
average network delay: 0,665669 seconds. (LAN delay: 0,106925, MAN delay: 0,015874, WAN delay: 1,707242)
average server utilization Edge/Cloud/Mobile: 23,896137/2,382653/0,000000
average cost: 0.0$
Scenario finished at 21/09/2020 09:54:38. It took 1 Minute 13 Seconds
----------------------------------------------------------------------
Scenario started at 21/09/2020 09:54:38
Scenario: TWO_TIER_WITH_EO - Policy: UTILIZATION_BASED - #iteration: 2
Duration: 5.0 min (warm up period: 1.0 min) - #devices: 1800
Creating tasks...Done, 
Creating device locations...Done.
SimManager is starting...Done.
.........10.........20.........30.........40.........50.........60.........70.........80.........90.........100
# of tasks (Edge/Cloud/Mobile): 60631(53096/7535/0)
# of failed tasks (Edge/Cloud/Mobile): 5589(2607/2982/0)
# of completed tasks (Edge/Cloud/Mobile): 55042(50489/4553/0)
# of uncompleted tasks (Edge/Cloud/Mobile): 1286(1197/5/84)
# of failed tasks due to vm capacity (Edge/Cloud/Mobile): 0(0/0/0)
# of failed tasks due to Mobility/Network(WLAN/MAN/WAN): 1107/4482(4/1565/2913)
percentage of failed tasks: 9,218057%
average service time: 3,808214 seconds. (on Edge: 3,844437, on Cloud: 3,406530, on Mobile: NaN)
average processing time: 3,410857 seconds. (on Edge: 3,707674, on Cloud: 0,119403, on Mobile: NaN)
average network delay: 0,397356 seconds. (LAN delay: 0,119988, MAN delay: 0,018139, WAN delay: 3,287127)
average server utilization Edge/Cloud/Mobile: 59,703717/0,681633/0,000000
average cost: 0.0$
Scenario finished at 21/09/2020 09:55:49. It took 1 Minute 10 Seconds
----------------------------------------------------------------------
Scenario started at 21/09/2020 09:55:49
Scenario: TWO_TIER_WITH_EO - Policy: HYBRID - #iteration: 2
Duration: 5.0 min (warm up period: 1.0 min) - #devices: 1800
Creating tasks...Done, 
Creating device locations...Done.
SimManager is starting...Done.
.........10.........20.........30.........40.........50.........60.........70.........80.........90.........100
# of tasks (Edge/Cloud/Mobile): 57768(53232/4536/0)
# of failed tasks (Edge/Cloud/Mobile): 5652(5618/34/0)
# of completed tasks (Edge/Cloud/Mobile): 52116(47614/4502/0)
# of uncompleted tasks (Edge/Cloud/Mobile): 1226(1179/0/47)
# of failed tasks due to vm capacity (Edge/Cloud/Mobile): 21(21/0/0)
# of failed tasks due to Mobility/Network(WLAN/MAN/WAN): 967/4664(1/4663/0)
percentage of failed tasks: 9,783963%
average service time: 3,371879 seconds. (on Edge: 3,531307, on Cloud: 1,685736, on Mobile: NaN)
average processing time: 3,113878 seconds. (on Edge: 3,396640, on Cloud: 0,123337, on Mobile: NaN)
average network delay: 0,258000 seconds. (LAN delay: 0,118497, MAN delay: 0,017575, WAN delay: 1,562399)
average server utilization Edge/Cloud/Mobile: 52,789723/0,574490/0,000000
average cost: 0.0$
Scenario finished at 21/09/2020 09:57:05. It took 1 Minute 15 Seconds
----------------------------------------------------------------------
Scenario started at 21/09/2020 09:57:05
Scenario: TWO_TIER_WITH_EO - Policy: DDQN - #iteration: 2
Duration: 5.0 min (warm up period: 1.0 min) - #devices: 2000
Creating tasks...Done, 
Creating device locations...Done.
SimManager is starting...Done.
.........10.........20.........30.........40.........50.........60.........70.........80.........90.........100
# of tasks (Edge/Cloud/Mobile): 65999(51705/14294/0)
# of failed tasks (Edge/Cloud/Mobile): 1940(1620/320/0)
# of completed tasks (Edge/Cloud/Mobile): 64059(50085/13974/0)
# of uncompleted tasks (Edge/Cloud/Mobile): 970(796/41/133)
# of failed tasks due to vm capacity (Edge/Cloud/Mobile): 630(630/0/0)
# of failed tasks due to Mobility/Network(WLAN/MAN/WAN): 1231/79(0/0/79)
percentage of failed tasks: 2,939438%
average service time: 3,439892 seconds. (on Edge: 3,655587, on Cloud: 2,666805, on Mobile: NaN)
average processing time: 2,786907 seconds. (on Edge: 3,522503, on Cloud: 0,150418, on Mobile: NaN)
average network delay: 0,652984 seconds. (LAN delay: 0,120810, MAN delay: 0,013207, WAN delay: 2,516387)
average server utilization Edge/Cloud/Mobile: 48,139942/2,966327/0,000000
average cost: 0.0$
Scenario finished at 21/09/2020 09:59:43. It took 2 Minutes 37 Seconds
----------------------------------------------------------------------
Scenario started at 21/09/2020 09:59:43
Scenario: TWO_TIER_WITH_EO - Policy: FUZZY_BASED - #iteration: 2
Duration: 5.0 min (warm up period: 1.0 min) - #devices: 2000
Creating tasks...Done, 
Creating device locations...Done.
SimManager is starting...Done.
.........10.........20.........30.........40.........50.........60.........70.........80.........90.........100
# of tasks (Edge/Cloud/Mobile): 65529(57544/7985/0)
# of failed tasks (Edge/Cloud/Mobile): 1844(1770/74/0)
# of completed tasks (Edge/Cloud/Mobile): 63685(55774/7911/0)
# of uncompleted tasks (Edge/Cloud/Mobile): 1040(947/10/83)
# of failed tasks due to vm capacity (Edge/Cloud/Mobile): 22(22/0/0)
# of failed tasks due to Mobility/Network(WLAN/MAN/WAN): 726/1096(6/1086/4)
percentage of failed tasks: 2,814021%
average service time: 2,509454 seconds. (on Edge: 2,628652, on Cloud: 1,669086, on Mobile: NaN)
average processing time: 2,209766 seconds. (on Edge: 2,492690, on Cloud: 0,215105, on Mobile: NaN)
average network delay: 0,299687 seconds. (LAN delay: 0,131290, MAN delay: 0,014568, WAN delay: 1,453982)
average server utilization Edge/Cloud/Mobile: 34,022959/3,296939/0,000000
average cost: 0.0$
Scenario finished at 21/09/2020 10:09:22. It took 9 Minutes 39 Seconds
----------------------------------------------------------------------
Scenario started at 21/09/2020 10:09:22
Scenario: TWO_TIER_WITH_EO - Policy: NETWORK_BASED - #iteration: 2
Duration: 5.0 min (warm up period: 1.0 min) - #devices: 2000
Creating tasks...Done, 
Creating device locations...Done.
SimManager is starting...Done.
.........10.........20.........30.........40.........50.........60.........70.........80.........90.........100
# of tasks (Edge/Cloud/Mobile): 66468(46279/20189/0)
# of failed tasks (Edge/Cloud/Mobile): 2064(1836/228/0)
# of completed tasks (Edge/Cloud/Mobile): 64404(44443/19961/0)
# of uncompleted tasks (Edge/Cloud/Mobile): 1135(957/24/154)
# of failed tasks due to vm capacity (Edge/Cloud/Mobile): 0(0/0/0)
# of failed tasks due to Mobility/Network(WLAN/MAN/WAN): 849/1215(0/1215/0)
percentage of failed tasks: 3,105254%
average service time: 2,760560 seconds. (on Edge: 3,178368, on Cloud: 1,830313, on Mobile: NaN)
average processing time: 2,129654 seconds. (on Edge: 3,035060, on Cloud: 0,113777, on Mobile: NaN)
average network delay: 0,630906 seconds. (LAN delay: 0,123886, MAN delay: 0,021025, WAN delay: 1,716536)
average server utilization Edge/Cloud/Mobile: 39,258017/2,084694/0,000000
average cost: 0.0$
Scenario finished at 21/09/2020 10:11:09. It took 1 Minute 46 Seconds
----------------------------------------------------------------------
Scenario started at 21/09/2020 10:11:09
Scenario: TWO_TIER_WITH_EO - Policy: UTILIZATION_BASED - #iteration: 2
Duration: 5.0 min (warm up period: 1.0 min) - #devices: 2000
Creating tasks...Done, 
Creating device locations...Done.
SimManager is starting...Done.
.........10.........20.........30.........40.........50.........60.........70.........80.........90.........100
# of tasks (Edge/Cloud/Mobile): 68754(54819/13935/0)
# of failed tasks (Edge/Cloud/Mobile): 15939(7493/8446/0)
# of completed tasks (Edge/Cloud/Mobile): 52815(47326/5489/0)
# of uncompleted tasks (Edge/Cloud/Mobile): 1430(1190/27/213)
# of failed tasks due to vm capacity (Edge/Cloud/Mobile): 0(0/0/0)
# of failed tasks due to Mobility/Network(WLAN/MAN/WAN): 1082/14857(5/6551/8301)
percentage of failed tasks: 23,182651%
average service time: 4,053397 seconds. (on Edge: 3,988289, on Cloud: 4,614758, on Mobile: NaN)
average processing time: 3,458189 seconds. (on Edge: 3,845919, on Cloud: 0,115189, on Mobile: NaN)
average network delay: 0,595208 seconds. (LAN delay: 0,119330, MAN delay: 0,025246, WAN delay: 4,499568)
average server utilization Edge/Cloud/Mobile: 60,744898/0,887755/0,000000
average cost: 0.0$
Scenario finished at 21/09/2020 10:12:34. It took 1 Minute 24 Seconds
----------------------------------------------------------------------
Scenario started at 21/09/2020 10:12:34
Scenario: TWO_TIER_WITH_EO - Policy: HYBRID - #iteration: 2
Duration: 5.0 min (warm up period: 1.0 min) - #devices: 2000
Creating tasks...Done, 
Creating device locations...Done.
SimManager is starting...Done.
.........10.........20.........30.........40.........50.........60.........70.........80.........90.........100
# of tasks (Edge/Cloud/Mobile): 64008(56894/7114/0)
# of failed tasks (Edge/Cloud/Mobile): 14272(14193/79/0)
# of completed tasks (Edge/Cloud/Mobile): 49736(42701/7035/0)
# of uncompleted tasks (Edge/Cloud/Mobile): 1339(1283/6/50)
# of failed tasks due to vm capacity (Edge/Cloud/Mobile): 122(122/0/0)
# of failed tasks due to Mobility/Network(WLAN/MAN/WAN): 914/13236(2/13234/0)
percentage of failed tasks: 22,297213%
average service time: 3,482180 seconds. (on Edge: 3,765160, on Cloud: 1,764551, on Mobile: NaN)
average processing time: 3,134119 seconds. (on Edge: 3,629055, on Cloud: 0,129957, on Mobile: NaN)
average network delay: 0,348061 seconds. (LAN delay: 0,121391, MAN delay: 0,016329, WAN delay: 1,634593)
average server utilization Edge/Cloud/Mobile: 50,387755/0,904082/0,000000
average cost: 0.0$
Scenario finished at 21/09/2020 10:13:55. It took 1 Minute 21 Seconds
----------------------------------------------------------------------
Scenario started at 21/09/2020 10:13:55
Scenario: TWO_TIER_WITH_EO - Policy: DDQN - #iteration: 2
Duration: 5.0 min (warm up period: 1.0 min) - #devices: 2200
Creating tasks...Done, 
Creating device locations...Done.
SimManager is starting...Done.
.........10.........20.........30.........40.........50.........60.........70.........80.........90.........100
# of tasks (Edge/Cloud/Mobile): 72678(57342/15336/0)
# of failed tasks (Edge/Cloud/Mobile): 3664(3391/273/0)
# of completed tasks (Edge/Cloud/Mobile): 69014(53951/15063/0)
# of uncompleted tasks (Edge/Cloud/Mobile): 1834(1643/39/152)
# of failed tasks due to vm capacity (Edge/Cloud/Mobile): 2132(2132/0/0)
# of failed tasks due to Mobility/Network(WLAN/MAN/WAN): 1493/39(0/0/39)
percentage of failed tasks: 5,041416%
average service time: 4,441123 seconds. (on Edge: 4,923062, on Cloud: 2,714966, on Mobile: NaN)
average processing time: 3,767634 seconds. (on Edge: 4,773121, on Cloud: 0,166288, on Mobile: NaN)
average network delay: 0,673489 seconds. (LAN delay: 0,137600, MAN delay: 0,013310, WAN delay: 2,548678)
average server utilization Edge/Cloud/Mobile: 69,632653/3,391837/0,000000
average cost: 0.0$
Scenario finished at 21/09/2020 10:17:05. It took 3 Minutes 9 Seconds
----------------------------------------------------------------------
Scenario started at 21/09/2020 10:17:05
Scenario: TWO_TIER_WITH_EO - Policy: FUZZY_BASED - #iteration: 2
Duration: 5.0 min (warm up period: 1.0 min) - #devices: 2200
Creating tasks...Done, 
Creating device locations...Done.
SimManager is starting...Done.
.........10.........20.........30.........40.........50.........60.........70.........80.........90.........100
# of tasks (Edge/Cloud/Mobile): 70321(59903/10418/0)
# of failed tasks (Edge/Cloud/Mobile): 5698(5128/570/0)
# of completed tasks (Edge/Cloud/Mobile): 64623(54775/9848/0)
# of uncompleted tasks (Edge/Cloud/Mobile): 1528(1343/35/150)
# of failed tasks due to vm capacity (Edge/Cloud/Mobile): 870(870/0/0)
# of failed tasks due to Mobility/Network(WLAN/MAN/WAN): 1096/3732(0/3285/447)
percentage of failed tasks: 8,102843%
average service time: 3,299618 seconds. (on Edge: 3,420964, on Cloud: 2,624690, on Mobile: NaN)
average processing time: 2,819539 seconds. (on Edge: 3,282251, on Cloud: 0,245914, on Mobile: NaN)
average network delay: 0,480080 seconds. (LAN delay: 0,133918, MAN delay: 0,015067, WAN delay: 2,378776)
average server utilization Edge/Cloud/Mobile: 40,651239/4,976531/0,000000
average cost: 0.0$
Scenario finished at 21/09/2020 10:27:31. It took 10 Minutes 26 Seconds
----------------------------------------------------------------------
Scenario started at 21/09/2020 10:27:31
Scenario: TWO_TIER_WITH_EO - Policy: NETWORK_BASED - #iteration: 2
Duration: 5.0 min (warm up period: 1.0 min) - #devices: 2200
Creating tasks...Done, 
Creating device locations...Done.
SimManager is starting...Done.
.........10.........20.........30.........40.........50.........60.........70.........80.........90.........100
# of tasks (Edge/Cloud/Mobile): 71584(51312/20272/0)
# of failed tasks (Edge/Cloud/Mobile): 7946(7717/229/0)
# of completed tasks (Edge/Cloud/Mobile): 63638(43595/20043/0)
# of uncompleted tasks (Edge/Cloud/Mobile): 1881(1689/35/157)
# of failed tasks due to vm capacity (Edge/Cloud/Mobile): 24(24/0/0)
# of failed tasks due to Mobility/Network(WLAN/MAN/WAN): 955/6967(2/6965/0)
percentage of failed tasks: 11,100246%
average service time: 2,957573 seconds. (on Edge: 3,472120, on Cloud: 1,838395, on Mobile: NaN)
average processing time: 2,309035 seconds. (on Edge: 3,318493, on Cloud: 0,113390, on Mobile: NaN)
average network delay: 0,648537 seconds. (LAN delay: 0,125850, MAN delay: 0,030399, WAN delay: 1,725005)
average server utilization Edge/Cloud/Mobile: 42,996356/2,159184/0,000000
average cost: 0.0$
Scenario finished at 21/09/2020 10:29:34. It took 2 Minutes 2 Seconds
----------------------------------------------------------------------
Scenario started at 21/09/2020 10:29:34
Scenario: TWO_TIER_WITH_EO - Policy: UTILIZATION_BASED - #iteration: 2
Duration: 5.0 min (warm up period: 1.0 min) - #devices: 2200
Creating tasks...Done, 
Creating device locations...Done.
SimManager is starting...Done.
.........10.........20.........30.........40.........50.........60.........70.........80.........90.........100
# of tasks (Edge/Cloud/Mobile): 76008(55896/20112/0)
# of failed tasks (Edge/Cloud/Mobile): 25988(11712/14276/0)
# of completed tasks (Edge/Cloud/Mobile): 50020(44184/5836/0)
# of uncompleted tasks (Edge/Cloud/Mobile): 1557(1243/31/283)
# of failed tasks due to vm capacity (Edge/Cloud/Mobile): 0(0/0/0)
# of failed tasks due to Mobility/Network(WLAN/MAN/WAN): 953/25035(7/10890/14138)
percentage of failed tasks: 34,191138%
average service time: 3,958074 seconds. (on Edge: 3,770592, on Cloud: 5,377488, on Mobile: NaN)
average processing time: 3,222100 seconds. (on Edge: 3,633746, on Cloud: 0,105550, on Mobile: NaN)
average network delay: 0,735974 seconds. (LAN delay: 0,120114, MAN delay: 0,018535, WAN delay: 5,271937)
average server utilization Edge/Cloud/Mobile: 60,563776/0,947959/0,000000
average cost: 0.0$
Scenario finished at 21/09/2020 10:30:59. It took 1 Minute 24 Seconds
----------------------------------------------------------------------
Scenario started at 21/09/2020 10:30:59
Scenario: TWO_TIER_WITH_EO - Policy: HYBRID - #iteration: 2
Duration: 5.0 min (warm up period: 1.0 min) - #devices: 2200
Creating tasks...Done, 
Creating device locations...Done.
SimManager is starting...Done.
.........10.........20.........30.........40.........50.........60.........70.........80.........90.........100
# of tasks (Edge/Cloud/Mobile): 71689(62134/9555/0)
# of failed tasks (Edge/Cloud/Mobile): 18258(18153/105/0)
# of completed tasks (Edge/Cloud/Mobile): 53431(43981/9450/0)
# of uncompleted tasks (Edge/Cloud/Mobile): 1789(1595/27/167)
# of failed tasks due to vm capacity (Edge/Cloud/Mobile): 441(441/0/0)
# of failed tasks due to Mobility/Network(WLAN/MAN/WAN): 1048/16769(20/16749/0)
percentage of failed tasks: 25,468342%
average service time: 3,982341 seconds. (on Edge: 4,440095, on Cloud: 1,851922, on Mobile: NaN)
average processing time: 3,548597 seconds. (on Edge: 4,282816, on Cloud: 0,131485, on Mobile: NaN)
average network delay: 0,433744 seconds. (LAN delay: 0,139966, MAN delay: 0,019419, WAN delay: 1,720437)
average server utilization Edge/Cloud/Mobile: 62,505102/1,246939/0,000000
average cost: 0.0$
Scenario finished at 21/09/2020 10:32:54. It took 1 Minute 55 Seconds
----------------------------------------------------------------------
Scenario started at 21/09/2020 10:32:54
Scenario: TWO_TIER_WITH_EO - Policy: DDQN - #iteration: 2
Duration: 5.0 min (warm up period: 1.0 min) - #devices: 2400
Creating tasks...Done, 
Creating device locations...Done.
SimManager is starting...Done.
.........10.........20.........30.........40.........50.........60.........70.........80.........90.........100
# of tasks (Edge/Cloud/Mobile): 80839(66174/14665/0)
# of failed tasks (Edge/Cloud/Mobile): 10563(9513/1050/0)
# of completed tasks (Edge/Cloud/Mobile): 70276(56661/13615/0)
# of uncompleted tasks (Edge/Cloud/Mobile): 2214(2030/34/150)
# of failed tasks due to vm capacity (Edge/Cloud/Mobile): 7890(7890/0/0)
# of failed tasks due to Mobility/Network(WLAN/MAN/WAN): 1856/817(0/0/817)
percentage of failed tasks: 13,066713%
average service time: 5,277259 seconds. (on Edge: 5,706854, on Cloud: 3,489431, on Mobile: NaN)
average processing time: 4,504916 seconds. (on Edge: 5,555446, on Cloud: 0,132968, on Mobile: NaN)
average network delay: 0,772343 seconds. (LAN delay: 0,139028, MAN delay: 0,013388, WAN delay: 3,356463)
average server utilization Edge/Cloud/Mobile: 80,818149/2,545918/0,000000
average cost: 0.0$
Scenario finished at 21/09/2020 10:36:12. It took 3 Minutes 17 Seconds
----------------------------------------------------------------------
Scenario started at 21/09/2020 10:36:12
Scenario: TWO_TIER_WITH_EO - Policy: FUZZY_BASED - #iteration: 2
Duration: 5.0 min (warm up period: 1.0 min) - #devices: 2400
Creating tasks...Done, 
Creating device locations...Done.
SimManager is starting...Done.
.........10.........20.........30.........40.........50.........60.........70.........80.........90.........100
# of tasks (Edge/Cloud/Mobile): 79907(67818/12089/0)
# of failed tasks (Edge/Cloud/Mobile): 10392(8445/1947/0)
# of completed tasks (Edge/Cloud/Mobile): 69515(59373/10142/0)
# of uncompleted tasks (Edge/Cloud/Mobile): 1296(1068/32/196)
# of failed tasks due to vm capacity (Edge/Cloud/Mobile): 3073(3073/0/0)
# of failed tasks due to Mobility/Network(WLAN/MAN/WAN): 1491/5828(0/4099/1729)
percentage of failed tasks: 13,005118%
average service time: 4,181855 seconds. (on Edge: 4,236111, on Cloud: 3,864232, on Mobile: NaN)
average processing time: 3,519641 seconds. (on Edge: 4,083378, on Cloud: 0,219430, on Mobile: NaN)
average network delay: 0,662214 seconds. (LAN delay: 0,145303, MAN delay: 0,018785, WAN delay: 3,644802)
average server utilization Edge/Cloud/Mobile: 59,846574/4,769388/0,000000
average cost: 0.0$
Scenario finished at 21/09/2020 10:47:12. It took 11 Minutes 0 Seconds
----------------------------------------------------------------------
Scenario started at 21/09/2020 10:47:12
Scenario: TWO_TIER_WITH_EO - Policy: NETWORK_BASED - #iteration: 2
Duration: 5.0 min (warm up period: 1.0 min) - #devices: 2400
Creating tasks...Done, 
Creating device locations...Done.
SimManager is starting...Done.
.........10.........20.........30.........40.........50.........60.........70.........80.........90.........100
# of tasks (Edge/Cloud/Mobile): 77876(57923/19953/0)
# of failed tasks (Edge/Cloud/Mobile): 16021(15812/209/0)
# of completed tasks (Edge/Cloud/Mobile): 61855(42111/19744/0)
# of uncompleted tasks (Edge/Cloud/Mobile): 2350(2149/42/159)
# of failed tasks due to vm capacity (Edge/Cloud/Mobile): 1163(1163/0/0)
# of failed tasks due to Mobility/Network(WLAN/MAN/WAN): 1034/13824(3/13821/0)
percentage of failed tasks: 20,572449%
average service time: 3,438172 seconds. (on Edge: 4,168119, on Cloud: 1,881304, on Mobile: NaN)
average processing time: 2,768642 seconds. (on Edge: 4,011879, on Cloud: 0,117002, on Mobile: NaN)
average network delay: 0,669530 seconds. (LAN delay: 0,134449, MAN delay: 0,024252, WAN delay: 1,764302)
average server utilization Edge/Cloud/Mobile: 49,499636/2,398980/0,000000
average cost: 0.0$
Scenario finished at 21/09/2020 10:48:59. It took 1 Minute 47 Seconds
----------------------------------------------------------------------
Scenario started at 21/09/2020 10:48:59
Scenario: TWO_TIER_WITH_EO - Policy: UTILIZATION_BASED - #iteration: 2
Duration: 5.0 min (warm up period: 1.0 min) - #devices: 2400
Creating tasks...Done, 
Creating device locations...Done.
SimManager is starting...Done.
.........10.........20.........30.........40.........50.........60.........70.........80.........90.........100
# of tasks (Edge/Cloud/Mobile): 81402(63698/17704/0)
# of failed tasks (Edge/Cloud/Mobile): 35109(22242/12867/0)
# of completed tasks (Edge/Cloud/Mobile): 46293(41456/4837/0)
# of uncompleted tasks (Edge/Cloud/Mobile): 1650(1288/52/310)
# of failed tasks due to vm capacity (Edge/Cloud/Mobile): 0(0/0/0)
# of failed tasks due to Mobility/Network(WLAN/MAN/WAN): 1039/34070(0/21345/12725)
percentage of failed tasks: 43,130390%
average service time: 4,247702 seconds. (on Edge: 4,091350, on Cloud: 5,587731, on Mobile: NaN)
average processing time: 3,542295 seconds. (on Edge: 3,943495, on Cloud: 0,103765, on Mobile: NaN)
average network delay: 0,705407 seconds. (LAN delay: 0,130190, MAN delay: 0,020152, WAN delay: 5,483965)
average server utilization Edge/Cloud/Mobile: 51,339286/0,871429/0,000000
average cost: 0.0$
Scenario finished at 21/09/2020 10:50:42. It took 1 Minute 42 Seconds
----------------------------------------------------------------------
Scenario started at 21/09/2020 10:50:42
Scenario: TWO_TIER_WITH_EO - Policy: HYBRID - #iteration: 2
Duration: 5.0 min (warm up period: 1.0 min) - #devices: 2400
Creating tasks...Done, 
Creating device locations...Done.
SimManager is starting...Done.
.........10.........20.........30.........40.........50.........60.........70.........80.........90.........100
# of tasks (Edge/Cloud/Mobile): 80218(71566/8652/0)
# of failed tasks (Edge/Cloud/Mobile): 30375(30281/94/0)
# of completed tasks (Edge/Cloud/Mobile): 49843(41285/8558/0)
# of uncompleted tasks (Edge/Cloud/Mobile): 2580(2385/18/177)
# of failed tasks due to vm capacity (Edge/Cloud/Mobile): 1244(1244/0/0)
# of failed tasks due to Mobility/Network(WLAN/MAN/WAN): 1109/28022(17/28005/0)
percentage of failed tasks: 37,865566%
average service time: 4,079154 seconds. (on Edge: 4,537045, on Cloud: 1,870219, on Mobile: NaN)
average processing time: 3,633894 seconds. (on Edge: 4,358966, on Cloud: 0,136046, on Mobile: NaN)
average network delay: 0,445260 seconds. (LAN delay: 0,144212, MAN delay: 0,039125, WAN delay: 1,734173)
average server utilization Edge/Cloud/Mobile: 53,145408/1,296939/0,000000
average cost: 0.0$
Scenario finished at 21/09/2020 10:52:25. It took 1 Minute 43 Seconds
----------------------------------------------------------------------
Simulation finished at 21/09/2020 10:52:25. It took 1 Hour 58 Minutes 44 Seconds
