#auto generated file!
6.0;0.0;0.0;0.0
12.0;0.0;0.65;0.0
18.0;0.7142857142857143;0.4;0.0
24.0;6.482142857142857;3.2;0.0
30.0;17.857142857142858;2.95;0.0
36.0;25.892857142857142;0.7;0.0
42.0;58.107142857142854;0.7;0.0
48.0;42.92857142857143;3.0000000000000004;0.0
54.0;9.767857142857142;2.15;0.0
60.0;3.232142857142857;3.6500000000000004;0.0
66.0;14.821428571428571;3.9999999999999996;0.0
72.0;29.535714285714285;2.05;0.0
78.0;25.678571428571427;5.0;0.0
84.0;27.0;0.9;0.0
90.0;20.232142857142858;2.3;0.0
96.0;24.035714285714285;2.65;0.0
102.0;33.32142857142857;3.35;0.0
108.0;48.92857142857143;3.3;0.0
114.0;87.67857142857143;2.25;0.0
120.0;98.71428571428571;2.75;0.0
126.0;83.46428571428571;1.4000000000000001;0.0
132.0;54.517857142857146;1.15;0.0
138.0;18.732142857142858;1.25;0.0
144.0;6.678571428571429;1.2;0.0
150.0;7.214285714285714;1.2;0.0
156.0;9.357142857142858;1.7;0.0
162.0;15.589285714285714;0.75;0.0
168.0;21.303571428571427;2.5;0.0
174.0;40.464285714285715;1.1;0.0
180.0;4.303571428571429;1.25;0.0
186.0;28.5;1.25;0.0
192.0;29.660714285714285;0.9;0.0
198.0;31.107142857142858;1.7500000000000002;0.0
204.0;23.446428571428573;2.5;0.0
210.0;16.964285714285715;1.0;0.0
216.0;21.839285714285715;0.7;0.0
222.0;24.428571428571427;1.5;0.0
228.0;34.30357142857143;1.3499999999999999;0.0
234.0;50.125;2.4;0.0
240.0;56.625;4.45;0.0
246.0;55.339285714285715;2.5499999999999994;0.0
252.0;44.92857142857143;4.3999999999999995;0.0
258.0;34.32142857142857;3.25;0.0
264.0;33.357142857142854;2.75;0.0
270.0;31.125;5.85;0.0
276.0;33.285714285714285;3.0;0.0
282.0;43.535714285714285;4.05;0.0
288.0;57.089285714285715;2.05;0.0
294.0;70.85714285714286;1.2;0.0
