#auto generated file!
6.0;0.0;0.0;0.0
12.0;0.0;0.25;0.0
18.0;0.6428571428571429;0.95;0.0
24.0;5.785714285714286;2.85;0.0
30.0;14.267857142857142;2.8;0.0
36.0;26.946428571428573;2.2;0.0
42.0;34.32142857142857;3.35;0.0
48.0;60.214285714285715;1.7999999999999998;0.0
54.0;28.267857142857142;1.15;0.0
60.0;6.214285714285714;0.55;0.0
66.0;32.32142857142857;2.25;0.0
72.0;24.892857142857142;2.25;0.0
78.0;23.857142857142858;1.65;0.0
84.0;18.857142857142858;2.15;0.0
90.0;17.053571428571427;3.35;0.0
96.0;19.321428571428573;4.2;0.0
102.0;28.982142857142858;2.75;0.0
108.0;39.232142857142854;3.35;0.0
114.0;52.55357142857143;2.7;0.0
120.0;49.482142857142854;1.15;0.0
126.0;28.071428571428573;1.8;0.0
132.0;8.107142857142858;2.5500000000000003;0.0
138.0;6.464285714285714;1.85;0.0
144.0;3.0357142857142856;0.75;0.0
150.0;4.517857142857143;1.7999999999999998;0.0
156.0;7.464285714285714;1.0499999999999998;0.0
162.0;10.714285714285714;1.15;0.0
168.0;19.107142857142858;1.4999999999999998;0.0
174.0;26.071428571428573;2.0;0.0
180.0;25.053571428571427;1.2;0.0
186.0;25.678571428571427;1.2000000000000002;0.0
192.0;22.678571428571427;0.65;0.0
198.0;17.232142857142858;0.7000000000000001;0.0
204.0;14.571428571428571;1.65;0.0
210.0;16.125;2.75;0.0
216.0;15.232142857142858;1.05;0.0
222.0;20.303571428571427;4.999999999999999;0.0
228.0;25.589285714285715;4.5;0.0
234.0;32.767857142857146;0.9;0.0
240.0;29.357142857142858;3.6999999999999993;0.0
246.0;28.767857142857142;7.35;0.0
252.0;24.214285714285715;3.4499999999999997;0.0
258.0;22.75;4.55;0.0
264.0;25.142857142857142;3.85;0.0
270.0;24.017857142857142;1.55;0.0
276.0;28.285714285714285;3.4999999999999996;0.0
282.0;30.589285714285715;1.5999999999999999;0.0
288.0;34.785714285714285;1.7;0.0
294.0;31.321428571428573;2.4000000000000004;0.0
