#auto generated file!
6.0;0.0;0.0;0.0
12.0;0.0;0.0;0.0
18.0;0.0;0.0;0.0
24.0;0.0;3.4999999999999996;0.0
30.0;0.3392857142857143;3.65;0.0
36.0;1.1071428571428572;2.6;0.0
42.0;3.0;2.25;0.0
48.0;4.696428571428571;2.25;0.0
54.0;4.035714285714286;1.6500000000000001;0.0
60.0;4.482142857142857;1.9;0.0
66.0;3.017857142857143;3.35;0.0
72.0;1.9107142857142858;1.65;0.0
78.0;1.8928571428571428;0.9500000000000001;0.0
84.0;2.5892857142857144;1.5;0.0
90.0;1.1785714285714286;1.1;0.0
96.0;2.017857142857143;2.8;0.0
102.0;3.4285714285714284;2.9;0.0
108.0;2.767857142857143;2.25;0.0
114.0;3.6785714285714284;4.1499999999999995;0.0
120.0;2.1785714285714284;2.6999999999999997;0.0
126.0;0.5;0.85;0.0
132.0;0.25;1.0;0.0
138.0;0.10714285714285714;0.8500000000000001;0.0
144.0;0.0;0.75;0.0
150.0;0.375;0.5499999999999999;0.0
156.0;0.16071428571428573;1.05;0.0
162.0;0.5;1.35;0.0
168.0;2.0357142857142856;0.15;0.0
174.0;2.375;0.6;0.0
180.0;1.7142857142857142;1.9500000000000002;0.0
186.0;2.375;1.6;0.0
192.0;1.4285714285714286;1.05;0.0
198.0;1.7142857142857142;1.55;0.0
204.0;1.9285714285714286;0.7;0.0
210.0;0.9464285714285714;0.6;0.0
216.0;1.3928571428571428;1.45;0.0
222.0;3.125;0.6499999999999999;0.0
228.0;2.482142857142857;1.05;0.0
234.0;3.75;5.3;0.0
240.0;2.2142857142857144;2.6999999999999997;0.0
246.0;2.4285714285714284;3.5999999999999996;0.0
252.0;1.2678571428571428;1.95;0.0
258.0;1.5;2.25;0.0
264.0;2.9107142857142856;0.95;0.0
270.0;1.3571428571428572;3.9;0.0
276.0;0.9285714285714286;2.0999999999999996;0.0
282.0;1.1785714285714286;3.7499999999999996;0.0
288.0;2.017857142857143;0.9;0.0
294.0;2.9107142857142856;0.8999999999999999;0.0
