#auto generated file!
6.0;0.0;0.0;0.0
12.0;0.8214285714285714;0.0;0.0
18.0;4.785714285714286;0.0;0.0
24.0;11.910714285714286;0.0;0.0
30.0;18.428571428571427;0.0;0.0
36.0;28.803571428571427;0.0;0.0
42.0;53.392857142857146;0.0;0.0
48.0;80.03571428571429;1.35;0.0
54.0;80.07142857142857;4.65;0.0
60.0;78.53571428571429;1.05;0.0
66.0;74.21428571428571;0.0;0.0
72.0;58.75;0.0;0.0
78.0;44.25;0.0;0.0
84.0;34.660714285714285;0.0;0.0
90.0;29.107142857142858;0.0;0.0
96.0;30.196428571428573;0.0;0.0
102.0;37.035714285714285;0.0;0.0
108.0;53.732142857142854;0.0;0.0
114.0;76.66071428571429;0.0;0.0
120.0;76.69642857142857;0.0;0.0
126.0;66.85714285714286;0.0;0.0
132.0;41.607142857142854;0.0;0.0
138.0;13.464285714285714;0.0;0.0
144.0;10.428571428571429;0.0;0.0
150.0;9.285714285714286;0.0;0.0
156.0;11.0;0.0;0.0
162.0;14.946428571428571;0.0;0.0
168.0;19.196428571428573;0.0;0.0
174.0;28.017857142857142;0.0;0.0
180.0;29.5;0.0;0.0
186.0;27.928571428571427;0.0;0.0
192.0;22.892857142857142;0.0;0.0
198.0;23.767857142857142;0.0;0.0
204.0;21.446428571428573;0.0;0.0
210.0;19.535714285714285;0.0;0.0
216.0;23.696428571428573;0.0;0.0
222.0;23.428571428571427;0.0;0.0
228.0;34.07142857142857;0.0;0.0
234.0;47.857142857142854;0.0;0.0
240.0;50.82142857142857;0.0;0.0
246.0;50.892857142857146;0.0;0.0
252.0;52.92857142857143;0.0;0.0
258.0;54.67857142857143;0.0;0.0
264.0;64.57142857142857;0.0;0.0
270.0;59.0;0.0;0.0
276.0;53.17857142857143;0.0;0.0
282.0;55.857142857142854;0.0;0.0
288.0;58.55357142857143;0.0;0.0
294.0;52.69642857142857;0.0;0.0
