#auto generated file!
6.0;0.0;0.0;0.0
12.0;0.625;0.0;0.0
18.0;3.2142857142857144;0.0;0.0
24.0;8.607142857142858;0.5;0.0
30.0;13.428571428571429;2.25;0.0
36.0;24.446428571428573;1.25;0.0
42.0;33.875;1.5;0.0
48.0;42.214285714285715;2.75;0.0
54.0;45.57142857142857;6.6;0.0
60.0;37.410714285714285;5.05;0.0
66.0;32.92857142857143;5.25;0.0
72.0;20.410714285714285;2.3;0.0
78.0;17.428571428571427;1.5;0.0
84.0;20.214285714285715;1.5;0.0
90.0;19.571428571428573;2.0;0.0
96.0;23.982142857142858;0.25;0.0
102.0;27.589285714285715;3.25;0.0
108.0;35.464285714285715;0.8;0.0
114.0;38.30357142857143;1.5;0.0
120.0;31.303571428571427;2.25;0.0
126.0;18.517857142857142;0.75;0.0
132.0;10.75;0.25;0.0
138.0;9.535714285714286;0.25;0.0
144.0;7.803571428571429;0.25;0.0
150.0;9.875;0.0;0.0
156.0;13.125;0.15;0.0
162.0;15.214285714285714;0.4;0.0
168.0;24.767857142857142;1.1;0.0
174.0;26.589285714285715;0.75;0.0
180.0;22.089285714285715;1.75;0.0
186.0;17.321428571428573;1.25;0.0
192.0;17.5;0.75;0.0
198.0;18.642857142857142;1.5;0.0
204.0;15.946428571428571;1.5;0.0
210.0;16.482142857142858;0.55;0.0
216.0;18.696428571428573;0.25;0.0
222.0;22.571428571428573;0.9;0.0
228.0;25.553571428571427;2.55;0.0
234.0;29.803571428571427;1.65;0.0
240.0;25.446428571428573;1.8;0.0
246.0;21.785714285714285;5.5;0.0
252.0;16.535714285714285;5.15;0.0
258.0;15.107142857142858;9.5;0.0
264.0;17.785714285714285;2.5;0.0
270.0;18.160714285714285;3.75;0.0
276.0;18.892857142857142;1.5;0.0
282.0;20.785714285714285;2.9;0.0
288.0;23.642857142857142;2.5;0.0
294.0;26.160714285714285;0.8;0.0
