#auto generated file!
6.0;0.0;0.0;0.0
12.0;1.3392857142857142;0.0;0.0
18.0;7.589285714285714;0.0;0.0
24.0;15.535714285714286;0.0;0.0
30.0;29.696428571428573;0.0;0.0
36.0;67.96428571428571;0.0;0.0
42.0;86.55357142857143;3.75;0.0
48.0;125.75;3.85;0.0
54.0;97.08928571428571;2.3;0.0
60.0;40.19642857142857;0.15;0.0
66.0;27.375;0.0;0.0
72.0;57.625;0.0;0.0
78.0;64.96428571428571;0.0;0.0
84.0;68.46428571428571;0.0;0.0
90.0;70.35714285714286;0.0;0.0
96.0;79.80357142857143;0.0;0.0
102.0;79.94642857142857;2.5500000000000003;0.0
108.0;91.25;1.9000000000000001;0.0
114.0;111.67857142857143;4.4;0.0
120.0;113.19642857142857;2.9;0.0
126.0;98.25;1.15;0.0
132.0;74.53571428571429;0.3;0.0
138.0;53.267857142857146;0.15;0.0
144.0;28.017857142857142;0.0;0.0
150.0;13.928571428571429;0.0;0.0
156.0;14.285714285714286;0.0;0.0
162.0;20.857142857142858;0.0;0.0
168.0;37.19642857142857;0.0;0.0
174.0;70.125;0.0;0.0
180.0;26.642857142857142;0.0;0.0
186.0;4.714285714285714;0.0;0.0
192.0;1.8392857142857142;0.0;0.0
198.0;32.464285714285715;0.0;0.0
204.0;45.69642857142857;0.0;0.0
210.0;45.857142857142854;0.0;0.0
216.0;48.55357142857143;0.0;0.0
222.0;53.5;0.0;0.0
228.0;76.08928571428571;0.0;0.0
234.0;79.71428571428571;4.95;0.0
240.0;77.80357142857143;0.6;0.0
246.0;79.60714285714286;0.7;0.0
252.0;79.80357142857143;1.7500000000000002;0.0
258.0;79.96428571428571;9.299999999999999;0.0
264.0;81.10714285714286;2.1999999999999997;0.0
270.0;78.125;2.25;0.0
276.0;79.58928571428571;3.4;0.0
282.0;79.17857142857143;2.75;0.0
288.0;79.25;3.1499999999999995;0.0
294.0;79.55357142857143;0.44999999999999996;0.0
