#auto generated file!
6.0;0.0;0.0;0.0
12.0;0.14285714285714285;0.15;0.0
18.0;1.0357142857142858;2.75;0.0
24.0;2.767857142857143;3.8000000000000003;0.0
30.0;16.267857142857142;0.44999999999999996;0.0
36.0;28.982142857142858;4.8;0.0
42.0;55.57142857142857;6.55;0.0
48.0;91.66071428571429;3.25;0.0
54.0;102.01785714285714;5.050000000000001;0.0
60.0;99.71428571428571;1.65;0.0
66.0;97.75;2.4;0.0
72.0;76.76785714285714;1.65;0.0
78.0;53.839285714285715;2.4;0.0
84.0;33.05357142857143;5.25;0.0
90.0;22.357142857142858;12.15;0.0
96.0;32.089285714285715;5.699999999999999;0.0
102.0;43.44642857142857;6.300000000000001;0.0
108.0;64.875;12.65;0.0
114.0;95.44642857142857;5.1;0.0
120.0;100.01785714285714;0.65;0.0
126.0;95.57142857142857;1.75;0.0
132.0;74.23214285714286;0.4;0.0
138.0;39.982142857142854;1.7999999999999998;0.0
144.0;13.392857142857142;1.4500000000000002;0.0
150.0;8.0;1.2;0.0
156.0;9.267857142857142;1.1999999999999997;0.0
162.0;20.535714285714285;1.05;0.0
168.0;37.92857142857143;1.2;0.0
174.0;50.464285714285715;1.6500000000000001;0.0
180.0;59.232142857142854;1.5;0.0
186.0;62.107142857142854;1.9;0.0
192.0;62.107142857142854;1.25;0.0
198.0;55.25;2.35;0.0
204.0;41.214285714285715;2.1999999999999997;0.0
210.0;25.714285714285715;3.25;0.0
216.0;20.660714285714285;1.8;0.0
222.0;25.553571428571427;4.6499999999999995;0.0
228.0;34.357142857142854;2.55;0.0
234.0;43.05357142857143;5.25;0.0
240.0;41.357142857142854;5.9;0.0
246.0;33.07142857142857;7.050000000000001;0.0
252.0;25.232142857142858;10.100000000000001;0.0
258.0;26.678571428571427;6.9;0.0
264.0;32.017857142857146;9.3;0.0
270.0;37.160714285714285;19.450000000000003;0.0
276.0;35.660714285714285;2.8;0.0
282.0;25.25;5.45;0.0
288.0;39.75;4.3;0.0
294.0;49.785714285714285;2.85;0.0
