Simulation started at 18/09/2020 00:06:37
----------------------------------------------------------------------
Scenario started at 18/09/2020 00:06:37
Scenario: TWO_TIER_WITH_EO - Policy: DDQN - #iteration: 2
Duration: 5.0 min (warm up period: 1.0 min) - #devices: 0
Creating tasks...Done, 
Creating device locations...Done.
o.n.l.f.Nd4jBackend - Loaded [CpuBackend] backend
o.n.n.NativeOpsHolder - Number of threads used for linear algebra: 1
o.n.n.Nd4jBlas - Number of threads used for OpenMP BLAS: 4
o.n.l.a.o.e.DefaultOpExecutioner - Backend used: [CPU]; OS: [Mac OS X]
o.n.l.a.o.e.DefaultOpExecutioner - Cores: [8]; Memory: [1,8GB];
o.n.l.a.o.e.DefaultOpExecutioner - Blas vendor: [OPENBLAS]
o.d.n.m.MultiLayerNetwork - Starting MultiLayerNetwork with WorkspaceModes set to [training: ENABLED; inference: ENABLED], cacheMode set to [NONE]
SimManager is starting...Done.
.........10.........20.........30.........40.........50.........60.........70.........80.........90.........100
# of tasks (Edge/Cloud/Mobile): 0(0/0/0)
# of failed tasks (Edge/Cloud/Mobile): 0(0/0/0)
# of completed tasks (Edge/Cloud/Mobile): 0(0/0/0)
# of uncompleted tasks (Edge/Cloud/Mobile): 0(0/0/0)
# of failed tasks due to vm capacity (Edge/Cloud/Mobile): 0(0/0/0)
# of failed tasks due to Mobility/Network(WLAN/MAN/WAN): 0/0(0/0/0)
percentage of failed tasks: NaN%
average service time: NaN seconds. (on Edge: NaN, on Cloud: NaN, on Mobile: NaN)
average processing time: NaN seconds. (on Edge: NaN, on Cloud: NaN, on Mobile: NaN)
average network delay: NaN seconds. (LAN delay: NaN, MAN delay: NaN, WAN delay: NaN)
average server utilization Edge/Cloud/Mobile: 0,000000/0,000000/0,000000
average cost: NaN$
Scenario finished at 18/09/2020 00:06:44. It took 6 Seconds
----------------------------------------------------------------------
Scenario started at 18/09/2020 00:06:44
Scenario: TWO_TIER_WITH_EO - Policy: NETWORK_BASED - #iteration: 2
Duration: 5.0 min (warm up period: 1.0 min) - #devices: 0
Creating tasks...Done, 
Creating device locations...Done.
SimManager is starting...Done.
.........10.........20.........30.........40.........50.........60.........70.........80.........90.........100
# of tasks (Edge/Cloud/Mobile): 0(0/0/0)
# of failed tasks (Edge/Cloud/Mobile): 0(0/0/0)
# of completed tasks (Edge/Cloud/Mobile): 0(0/0/0)
# of uncompleted tasks (Edge/Cloud/Mobile): 0(0/0/0)
# of failed tasks due to vm capacity (Edge/Cloud/Mobile): 0(0/0/0)
# of failed tasks due to Mobility/Network(WLAN/MAN/WAN): 0/0(0/0/0)
percentage of failed tasks: NaN%
average service time: NaN seconds. (on Edge: NaN, on Cloud: NaN, on Mobile: NaN)
average processing time: NaN seconds. (on Edge: NaN, on Cloud: NaN, on Mobile: NaN)
average network delay: NaN seconds. (LAN delay: NaN, MAN delay: NaN, WAN delay: NaN)
average server utilization Edge/Cloud/Mobile: 0,000000/0,000000/0,000000
average cost: NaN$
Scenario finished at 18/09/2020 00:06:44. It took 257 Milli Seconds
----------------------------------------------------------------------
Scenario started at 18/09/2020 00:06:44
Scenario: TWO_TIER_WITH_EO - Policy: UTILIZATION_BASED - #iteration: 2
Duration: 5.0 min (warm up period: 1.0 min) - #devices: 0
Creating tasks...Done, 
Creating device locations...Done.
SimManager is starting...Done.
.........10.........20.........30.........40.........50.........60.........70.........80.........90.........100
# of tasks (Edge/Cloud/Mobile): 0(0/0/0)
# of failed tasks (Edge/Cloud/Mobile): 0(0/0/0)
# of completed tasks (Edge/Cloud/Mobile): 0(0/0/0)
# of uncompleted tasks (Edge/Cloud/Mobile): 0(0/0/0)
# of failed tasks due to vm capacity (Edge/Cloud/Mobile): 0(0/0/0)
# of failed tasks due to Mobility/Network(WLAN/MAN/WAN): 0/0(0/0/0)
percentage of failed tasks: NaN%
average service time: NaN seconds. (on Edge: NaN, on Cloud: NaN, on Mobile: NaN)
average processing time: NaN seconds. (on Edge: NaN, on Cloud: NaN, on Mobile: NaN)
average network delay: NaN seconds. (LAN delay: NaN, MAN delay: NaN, WAN delay: NaN)
average server utilization Edge/Cloud/Mobile: 0,000000/0,000000/0,000000
average cost: NaN$
Scenario finished at 18/09/2020 00:06:44. It took 191 Milli Seconds
----------------------------------------------------------------------
Scenario started at 18/09/2020 00:06:44
Scenario: TWO_TIER_WITH_EO - Policy: HYBRID - #iteration: 2
Duration: 5.0 min (warm up period: 1.0 min) - #devices: 0
Creating tasks...Done, 
Creating device locations...Done.
SimManager is starting...Done.
.........10.........20.........30.........40.........50.........60.........70.........80.........90.........100
# of tasks (Edge/Cloud/Mobile): 0(0/0/0)
# of failed tasks (Edge/Cloud/Mobile): 0(0/0/0)
# of completed tasks (Edge/Cloud/Mobile): 0(0/0/0)
# of uncompleted tasks (Edge/Cloud/Mobile): 0(0/0/0)
# of failed tasks due to vm capacity (Edge/Cloud/Mobile): 0(0/0/0)
# of failed tasks due to Mobility/Network(WLAN/MAN/WAN): 0/0(0/0/0)
percentage of failed tasks: NaN%
average service time: NaN seconds. (on Edge: NaN, on Cloud: NaN, on Mobile: NaN)
average processing time: NaN seconds. (on Edge: NaN, on Cloud: NaN, on Mobile: NaN)
average network delay: NaN seconds. (LAN delay: NaN, MAN delay: NaN, WAN delay: NaN)
average server utilization Edge/Cloud/Mobile: 0,000000/0,000000/0,000000
average cost: NaN$
Scenario finished at 18/09/2020 00:06:44. It took 155 Milli Seconds
----------------------------------------------------------------------
Scenario started at 18/09/2020 00:06:44
Scenario: TWO_TIER_WITH_EO - Policy: FUZZY_BASED - #iteration: 2
Duration: 5.0 min (warm up period: 1.0 min) - #devices: 0
Creating tasks...Done, 
Creating device locations...Done.
SimManager is starting...Done.
.........10.........20.........30.........40.........50.........60.........70.........80.........90.........100
# of tasks (Edge/Cloud/Mobile): 0(0/0/0)
# of failed tasks (Edge/Cloud/Mobile): 0(0/0/0)
# of completed tasks (Edge/Cloud/Mobile): 0(0/0/0)
# of uncompleted tasks (Edge/Cloud/Mobile): 0(0/0/0)
# of failed tasks due to vm capacity (Edge/Cloud/Mobile): 0(0/0/0)
# of failed tasks due to Mobility/Network(WLAN/MAN/WAN): 0/0(0/0/0)
percentage of failed tasks: NaN%
average service time: NaN seconds. (on Edge: NaN, on Cloud: NaN, on Mobile: NaN)
average processing time: NaN seconds. (on Edge: NaN, on Cloud: NaN, on Mobile: NaN)
average network delay: NaN seconds. (LAN delay: NaN, MAN delay: NaN, WAN delay: NaN)
average server utilization Edge/Cloud/Mobile: 0,000000/0,000000/0,000000
average cost: NaN$
Scenario finished at 18/09/2020 00:06:45. It took 262 Milli Seconds
----------------------------------------------------------------------
Scenario started at 18/09/2020 00:06:45
Scenario: TWO_TIER_WITH_EO - Policy: DDQN - #iteration: 2
Duration: 5.0 min (warm up period: 1.0 min) - #devices: 200
Creating tasks...Done, 
Creating device locations...Done.
SimManager is starting...Done.
.........10.........20.........30.........40.........50.........60.........70.........80.........90.........100
# of tasks (Edge/Cloud/Mobile): 6365(2238/4127/0)
# of failed tasks (Edge/Cloud/Mobile): 27(11/16/0)
# of completed tasks (Edge/Cloud/Mobile): 6338(2227/4111/0)
# of uncompleted tasks (Edge/Cloud/Mobile): 27(10/2/15)
# of failed tasks due to vm capacity (Edge/Cloud/Mobile): 0(0/0/0)
# of failed tasks due to Mobility/Network(WLAN/MAN/WAN): 27/0(0/0/0)
percentage of failed tasks: 0,424195%
average service time: 0,939029 seconds. (on Edge: 0,739742, on Cloud: 1,046987, on Mobile: NaN)
average processing time: 0,313946 seconds. (on Edge: 0,683795, on Cloud: 0,113593, on Mobile: NaN)
average network delay: 0,625083 seconds. (LAN delay: 0,044417, MAN delay: 0,012375, WAN delay: 0,933393)
average server utilization Edge/Cloud/Mobile: 0,377551/0,480612/0,000000
average cost: 0.0$
Scenario finished at 18/09/2020 00:06:54. It took 9 Seconds
----------------------------------------------------------------------
Scenario started at 18/09/2020 00:06:54
Scenario: TWO_TIER_WITH_EO - Policy: NETWORK_BASED - #iteration: 2
Duration: 5.0 min (warm up period: 1.0 min) - #devices: 200
Creating tasks...Done, 
Creating device locations...Done.
SimManager is starting...Done.
.........10.........20.........30.........40.........50.........60.........70.........80.........90.........100
# of tasks (Edge/Cloud/Mobile): 6128(79/6049/0)
# of failed tasks (Edge/Cloud/Mobile): 44(1/43/0)
# of completed tasks (Edge/Cloud/Mobile): 6084(78/6006/0)
# of uncompleted tasks (Edge/Cloud/Mobile): 44(1/13/30)
# of failed tasks due to vm capacity (Edge/Cloud/Mobile): 0(0/0/0)
# of failed tasks due to Mobility/Network(WLAN/MAN/WAN): 44/0(0/0/0)
percentage of failed tasks: 0,718016%
average service time: 1,366895 seconds. (on Edge: 0,928713, on Cloud: 1,372586, on Mobile: NaN)
average processing time: 0,119206 seconds. (on Edge: 0,873985, on Cloud: 0,109404, on Mobile: NaN)
average network delay: 1,247690 seconds. (LAN delay: 0,045023, MAN delay: 0,012411, WAN delay: 1,263183)
average server utilization Edge/Cloud/Mobile: 0,016035/0,597959/0,000000
average cost: 0.0$
Scenario finished at 18/09/2020 00:06:55. It took 793 Milli Seconds
----------------------------------------------------------------------
Scenario started at 18/09/2020 00:06:55
Scenario: TWO_TIER_WITH_EO - Policy: UTILIZATION_BASED - #iteration: 2
Duration: 5.0 min (warm up period: 1.0 min) - #devices: 200
Creating tasks...Done, 
Creating device locations...Done.
SimManager is starting...Done.
.........10.........20.........30.........40.........50.........60.........70.........80.........90.........100
# of tasks (Edge/Cloud/Mobile): 6616(6616/0/0)
# of failed tasks (Edge/Cloud/Mobile): 51(51/0/0)
# of completed tasks (Edge/Cloud/Mobile): 6565(6565/0/0)
# of uncompleted tasks (Edge/Cloud/Mobile): 30(30/0/0)
# of failed tasks due to vm capacity (Edge/Cloud/Mobile): 0(0/0/0)
# of failed tasks due to Mobility/Network(WLAN/MAN/WAN): 51/0(0/0/0)
percentage of failed tasks: 0,770859%
average service time: 1,105098 seconds. (on Edge: 1,105098, on Cloud: NaN, on Mobile: NaN)
average processing time: 1,042469 seconds. (on Edge: 1,042469, on Cloud: NaN, on Mobile: NaN)
average network delay: 0,062629 seconds. (LAN delay: 0,051434, MAN delay: 0,012494, WAN delay: NaN)
average server utilization Edge/Cloud/Mobile: 2,532070/0,000000/0,000000
average cost: 0.0$
Scenario finished at 18/09/2020 00:06:56. It took 997 Milli Seconds
----------------------------------------------------------------------
Scenario started at 18/09/2020 00:06:56
Scenario: TWO_TIER_WITH_EO - Policy: HYBRID - #iteration: 2
Duration: 5.0 min (warm up period: 1.0 min) - #devices: 200
Creating tasks...Done, 
Creating device locations...Done.
SimManager is starting...Done.
.........10.........20.........30.........40.........50.........60.........70.........80.........90.........100
# of tasks (Edge/Cloud/Mobile): 6993(6993/0/0)
# of failed tasks (Edge/Cloud/Mobile): 30(30/0/0)
# of completed tasks (Edge/Cloud/Mobile): 6963(6963/0/0)
# of uncompleted tasks (Edge/Cloud/Mobile): 24(23/0/1)
# of failed tasks due to vm capacity (Edge/Cloud/Mobile): 0(0/0/0)
# of failed tasks due to Mobility/Network(WLAN/MAN/WAN): 30/0(0/0/0)
percentage of failed tasks: 0,429000%
average service time: 1,138884 seconds. (on Edge: 1,138884, on Cloud: NaN, on Mobile: NaN)
average processing time: 1,076847 seconds. (on Edge: 1,076847, on Cloud: NaN, on Mobile: NaN)
average network delay: 0,062037 seconds. (LAN delay: 0,050832, MAN delay: 0,012495, WAN delay: NaN)
average server utilization Edge/Cloud/Mobile: 2,633382/0,000000/0,000000
average cost: 0.0$
Scenario finished at 18/09/2020 00:06:57. It took 1 Second
----------------------------------------------------------------------
Scenario started at 18/09/2020 00:06:57
Scenario: TWO_TIER_WITH_EO - Policy: FUZZY_BASED - #iteration: 2
Duration: 5.0 min (warm up period: 1.0 min) - #devices: 200
Creating tasks...Done, 
Creating device locations...Done.
SimManager is starting...Done.
.........10.........20.........30.........40.........50.........60.........70.........80.........90.........100
# of tasks (Edge/Cloud/Mobile): 6913(5984/929/0)
# of failed tasks (Edge/Cloud/Mobile): 25(24/1/0)
# of completed tasks (Edge/Cloud/Mobile): 6888(5960/928/0)
# of uncompleted tasks (Edge/Cloud/Mobile): 32(28/0/4)
# of failed tasks due to vm capacity (Edge/Cloud/Mobile): 0(0/0/0)
# of failed tasks due to Mobility/Network(WLAN/MAN/WAN): 25/0(0/0/0)
percentage of failed tasks: 0,361637%
average service time: 0,876308 seconds. (on Edge: 0,880848, on Cloud: 0,847151, on Mobile: NaN)
average processing time: 0,749770 seconds. (on Edge: 0,828773, on Cloud: 0,242378, on Mobile: NaN)
average network delay: 0,126538 seconds. (LAN delay: 0,052075, MAN delay: NaN, WAN delay: 0,604773)
average server utilization Edge/Cloud/Mobile: 1,038994/0,362245/0,000000
average cost: 0.0$
Scenario finished at 18/09/2020 00:07:54. It took 56 Seconds
----------------------------------------------------------------------
Scenario started at 18/09/2020 00:07:54
Scenario: TWO_TIER_WITH_EO - Policy: DDQN - #iteration: 2
Duration: 5.0 min (warm up period: 1.0 min) - #devices: 400
Creating tasks...Done, 
Creating device locations...Done.
SimManager is starting...Done.
.........10.........20.........30.........40.........50.........60.........70.........80.........90.........100
# of tasks (Edge/Cloud/Mobile): 11982(4240/7742/0)
# of failed tasks (Edge/Cloud/Mobile): 60(11/49/0)
# of completed tasks (Edge/Cloud/Mobile): 11922(4229/7693/0)
# of uncompleted tasks (Edge/Cloud/Mobile): 74(13/8/53)
# of failed tasks due to vm capacity (Edge/Cloud/Mobile): 0(0/0/0)
# of failed tasks due to Mobility/Network(WLAN/MAN/WAN): 60/0(0/0/0)
percentage of failed tasks: 0,500751%
average service time: 1,197401 seconds. (on Edge: 0,775187, on Cloud: 1,429500, on Mobile: NaN)
average processing time: 0,333194 seconds. (on Edge: 0,711862, on Cloud: 0,125033, on Mobile: NaN)
average network delay: 0,864206 seconds. (LAN delay: 0,051510, MAN delay: 0,012408, WAN delay: 1,304467)
average server utilization Edge/Cloud/Mobile: 0,644315/1,110204/0,000000
average cost: 0.0$
Scenario finished at 18/09/2020 00:08:07. It took 12 Seconds
----------------------------------------------------------------------
Scenario started at 18/09/2020 00:08:07
Scenario: TWO_TIER_WITH_EO - Policy: NETWORK_BASED - #iteration: 2
Duration: 5.0 min (warm up period: 1.0 min) - #devices: 400
Creating tasks...Done, 
Creating device locations...Done.
SimManager is starting...Done.
.........10.........20.........30.........40.........50.........60.........70.........80.........90.........100
# of tasks (Edge/Cloud/Mobile): 13702(1691/12011/0)
# of failed tasks (Edge/Cloud/Mobile): 114(5/109/0)
# of completed tasks (Edge/Cloud/Mobile): 13588(1686/11902/0)
# of uncompleted tasks (Edge/Cloud/Mobile): 105(10/22/73)
# of failed tasks due to vm capacity (Edge/Cloud/Mobile): 0(0/0/0)
# of failed tasks due to Mobility/Network(WLAN/MAN/WAN): 114/0(0/0/0)
percentage of failed tasks: 0,831995%
average service time: 1,553744 seconds. (on Edge: 0,985322, on Cloud: 1,634265, on Mobile: NaN)
average processing time: 0,205116 seconds. (on Edge: 0,920378, on Cloud: 0,103794, on Mobile: NaN)
average network delay: 1,348628 seconds. (LAN delay: 0,055266, MAN delay: 0,012532, WAN delay: 1,530471)
average server utilization Edge/Cloud/Mobile: 0,653426/1,045918/0,000000
average cost: 0.0$
Scenario finished at 18/09/2020 00:08:08. It took 1 Second
----------------------------------------------------------------------
Scenario started at 18/09/2020 00:08:08
Scenario: TWO_TIER_WITH_EO - Policy: UTILIZATION_BASED - #iteration: 2
Duration: 5.0 min (warm up period: 1.0 min) - #devices: 400
Creating tasks...Done, 
Creating device locations...Done.
SimManager is starting...Done.
.........10.........20.........30.........40.........50.........60.........70.........80.........90.........100
# of tasks (Edge/Cloud/Mobile): 13592(13592/0/0)
# of failed tasks (Edge/Cloud/Mobile): 97(97/0/0)
# of completed tasks (Edge/Cloud/Mobile): 13495(13495/0/0)
# of uncompleted tasks (Edge/Cloud/Mobile): 58(54/0/4)
# of failed tasks due to vm capacity (Edge/Cloud/Mobile): 0(0/0/0)
# of failed tasks due to Mobility/Network(WLAN/MAN/WAN): 97/0(0/0/0)
percentage of failed tasks: 0,713655%
average service time: 1,196888 seconds. (on Edge: 1,196888, on Cloud: NaN, on Mobile: NaN)
average processing time: 1,130591 seconds. (on Edge: 1,130591, on Cloud: NaN, on Mobile: NaN)
average network delay: 0,066297 seconds. (LAN delay: 0,054850, MAN delay: 0,012675, WAN delay: NaN)
average server utilization Edge/Cloud/Mobile: 5,389577/0,000000/0,000000
average cost: 0.0$
Scenario finished at 18/09/2020 00:08:10. It took 1 Second
----------------------------------------------------------------------
Scenario started at 18/09/2020 00:08:10
Scenario: TWO_TIER_WITH_EO - Policy: HYBRID - #iteration: 2
Duration: 5.0 min (warm up period: 1.0 min) - #devices: 400
Creating tasks...Done, 
Creating device locations...Done.
SimManager is starting...Done.
.........10.........20.........30.........40.........50.........60.........70.........80.........90.........100
# of tasks (Edge/Cloud/Mobile): 13109(13109/0/0)
# of failed tasks (Edge/Cloud/Mobile): 99(99/0/0)
# of completed tasks (Edge/Cloud/Mobile): 13010(13010/0/0)
# of uncompleted tasks (Edge/Cloud/Mobile): 68(64/0/4)
# of failed tasks due to vm capacity (Edge/Cloud/Mobile): 0(0/0/0)
# of failed tasks due to Mobility/Network(WLAN/MAN/WAN): 99/0(0/0/0)
percentage of failed tasks: 0,755206%
average service time: 1,178727 seconds. (on Edge: 1,178727, on Cloud: NaN, on Mobile: NaN)
average processing time: 1,111369 seconds. (on Edge: 1,111369, on Cloud: NaN, on Mobile: NaN)
average network delay: 0,067357 seconds. (LAN delay: 0,055814, MAN delay: 0,012669, WAN delay: NaN)
average server utilization Edge/Cloud/Mobile: 5,116254/0,000000/0,000000
average cost: 0.0$
Scenario finished at 18/09/2020 00:08:12. It took 1 Second
----------------------------------------------------------------------
Scenario started at 18/09/2020 00:08:12
Scenario: TWO_TIER_WITH_EO - Policy: FUZZY_BASED - #iteration: 2
Duration: 5.0 min (warm up period: 1.0 min) - #devices: 400
Creating tasks...Done, 
Creating device locations...Done.
SimManager is starting...Done.
.........10.........20.........30.........40.........50.........60.........70.........80.........90.........100
# of tasks (Edge/Cloud/Mobile): 13440(11593/1847/0)
# of failed tasks (Edge/Cloud/Mobile): 53(45/8/0)
# of completed tasks (Edge/Cloud/Mobile): 13387(11548/1839/0)
# of uncompleted tasks (Edge/Cloud/Mobile): 52(48/1/3)
# of failed tasks due to vm capacity (Edge/Cloud/Mobile): 0(0/0/0)
# of failed tasks due to Mobility/Network(WLAN/MAN/WAN): 53/0(0/0/0)
percentage of failed tasks: 0,394345%
average service time: 0,899757 seconds. (on Edge: 0,893041, on Cloud: 0,941932, on Mobile: NaN)
average processing time: 0,751676 seconds. (on Edge: 0,836721, on Cloud: 0,217635, on Mobile: NaN)
average network delay: 0,148081 seconds. (LAN delay: 0,056319, MAN delay: NaN, WAN delay: 0,724297)
average server utilization Edge/Cloud/Mobile: 2,063776/0,647959/0,000000
average cost: 0.0$
Scenario finished at 18/09/2020 00:09:09. It took 56 Seconds
----------------------------------------------------------------------
Scenario started at 18/09/2020 00:09:09
Scenario: TWO_TIER_WITH_EO - Policy: DDQN - #iteration: 2
Duration: 5.0 min (warm up period: 1.0 min) - #devices: 600
Creating tasks...Done, 
Creating device locations...Done.
SimManager is starting...Done.
.........10.........20.........30.........40.........50.........60.........70.........80.........90.........100
# of tasks (Edge/Cloud/Mobile): 19697(6318/13379/0)
# of failed tasks (Edge/Cloud/Mobile): 145(17/128/0)
# of completed tasks (Edge/Cloud/Mobile): 19552(6301/13251/0)
# of uncompleted tasks (Edge/Cloud/Mobile): 160(50/12/98)
# of failed tasks due to vm capacity (Edge/Cloud/Mobile): 0(0/0/0)
# of failed tasks due to Mobility/Network(WLAN/MAN/WAN): 145/0(0/0/0)
percentage of failed tasks: 0,736153%
average service time: 1,440203 seconds. (on Edge: 0,849071, on Cloud: 1,721292, on Mobile: NaN)
average processing time: 0,337629 seconds. (on Edge: 0,782199, on Cloud: 0,126231, on Mobile: NaN)
average network delay: 1,102574 seconds. (LAN delay: 0,055014, MAN delay: 0,012434, WAN delay: 1,595062)
average server utilization Edge/Cloud/Mobile: 1,033163/2,054082/0,000000
average cost: 0.0$
Scenario finished at 18/09/2020 00:09:30. It took 21 Seconds
----------------------------------------------------------------------
Scenario started at 18/09/2020 00:09:30
Scenario: TWO_TIER_WITH_EO - Policy: NETWORK_BASED - #iteration: 2
Duration: 5.0 min (warm up period: 1.0 min) - #devices: 600
Creating tasks...Done, 
Creating device locations...Done.
SimManager is starting...Done.
.........10.........20.........30.........40.........50.........60.........70.........80.........90.........100
# of tasks (Edge/Cloud/Mobile): 19555(4508/15047/0)
# of failed tasks (Edge/Cloud/Mobile): 151(12/139/0)
# of completed tasks (Edge/Cloud/Mobile): 19404(4496/14908/0)
# of uncompleted tasks (Edge/Cloud/Mobile): 113(10/16/87)
# of failed tasks due to vm capacity (Edge/Cloud/Mobile): 0(0/0/0)
# of failed tasks due to Mobility/Network(WLAN/MAN/WAN): 151/0(0/0/0)
percentage of failed tasks: 0,772181%
average service time: 1,542416 seconds. (on Edge: 1,096083, on Cloud: 1,677022, on Mobile: NaN)
average processing time: 0,320436 seconds. (on Edge: 1,023944, on Cloud: 0,108270, on Mobile: NaN)
average network delay: 1,221980 seconds. (LAN delay: 0,061748, MAN delay: 0,012646, WAN delay: 1,568753)
average server utilization Edge/Cloud/Mobile: 1,681122/1,797959/0,000000
average cost: 0.0$
Scenario finished at 18/09/2020 00:09:32. It took 2 Seconds
----------------------------------------------------------------------
Scenario started at 18/09/2020 00:09:32
Scenario: TWO_TIER_WITH_EO - Policy: UTILIZATION_BASED - #iteration: 2
Duration: 5.0 min (warm up period: 1.0 min) - #devices: 600
Creating tasks...Done, 
Creating device locations...Done.
SimManager is starting...Done.
.........10.........20.........30.........40.........50.........60.........70.........80.........90.........100
# of tasks (Edge/Cloud/Mobile): 20289(20289/0/0)
# of failed tasks (Edge/Cloud/Mobile): 110(110/0/0)
# of completed tasks (Edge/Cloud/Mobile): 20179(20179/0/0)
# of uncompleted tasks (Edge/Cloud/Mobile): 126(124/0/2)
# of failed tasks due to vm capacity (Edge/Cloud/Mobile): 0(0/0/0)
# of failed tasks due to Mobility/Network(WLAN/MAN/WAN): 110/0(0/0/0)
percentage of failed tasks: 0,542166%
average service time: 1,291245 seconds. (on Edge: 1,291245, on Cloud: NaN, on Mobile: NaN)
average processing time: 1,214942 seconds. (on Edge: 1,214942, on Cloud: NaN, on Mobile: NaN)
average network delay: 0,076303 seconds. (LAN delay: 0,064469, MAN delay: 0,012899, WAN delay: NaN)
average server utilization Edge/Cloud/Mobile: 8,409985/0,000000/0,000000
average cost: 0.0$
Scenario finished at 18/09/2020 00:09:35. It took 2 Seconds
----------------------------------------------------------------------
Scenario started at 18/09/2020 00:09:35
Scenario: TWO_TIER_WITH_EO - Policy: HYBRID - #iteration: 2
Duration: 5.0 min (warm up period: 1.0 min) - #devices: 600
Creating tasks...Done, 
Creating device locations...Done.
SimManager is starting...Done.
.........10.........20.........30.........40.........50.........60.........70.........80.........90.........100
# of tasks (Edge/Cloud/Mobile): 21366(21366/0/0)
# of failed tasks (Edge/Cloud/Mobile): 161(161/0/0)
# of completed tasks (Edge/Cloud/Mobile): 21205(21205/0/0)
# of uncompleted tasks (Edge/Cloud/Mobile): 130(125/0/5)
# of failed tasks due to vm capacity (Edge/Cloud/Mobile): 0(0/0/0)
# of failed tasks due to Mobility/Network(WLAN/MAN/WAN): 161/0(0/0/0)
percentage of failed tasks: 0,753534%
average service time: 1,286572 seconds. (on Edge: 1,286572, on Cloud: NaN, on Mobile: NaN)
average processing time: 1,208345 seconds. (on Edge: 1,208345, on Cloud: NaN, on Mobile: NaN)
average network delay: 0,078227 seconds. (LAN delay: 0,066392, MAN delay: 0,012932, WAN delay: NaN)
average server utilization Edge/Cloud/Mobile: 8,544825/0,000000/0,000000
average cost: 0.0$
Scenario finished at 18/09/2020 00:09:38. It took 3 Seconds
----------------------------------------------------------------------
Scenario started at 18/09/2020 00:09:38
Scenario: TWO_TIER_WITH_EO - Policy: FUZZY_BASED - #iteration: 2
Duration: 5.0 min (warm up period: 1.0 min) - #devices: 600
Creating tasks...Done, 
Creating device locations...Done.
SimManager is starting...Done.
.........10.........20.........30.........40.........50.........60.........70.........80.........90.........100
# of tasks (Edge/Cloud/Mobile): 21210(18668/2542/0)
# of failed tasks (Edge/Cloud/Mobile): 94(86/8/0)
# of completed tasks (Edge/Cloud/Mobile): 21116(18582/2534/0)
# of uncompleted tasks (Edge/Cloud/Mobile): 73(62/0/11)
# of failed tasks due to vm capacity (Edge/Cloud/Mobile): 0(0/0/0)
# of failed tasks due to Mobility/Network(WLAN/MAN/WAN): 94/0(0/0/0)
percentage of failed tasks: 0,443187%
average service time: 0,918015 seconds. (on Edge: 0,903617, on Cloud: 1,023591, on Mobile: NaN)
average processing time: 0,764169 seconds. (on Edge: 0,839969, on Cloud: 0,208316, on Mobile: NaN)
average network delay: 0,153846 seconds. (LAN delay: 0,063648, MAN delay: NaN, WAN delay: 0,815275)
average server utilization Edge/Cloud/Mobile: 3,295190/1,255102/0,000000
average cost: 0.0$
Scenario finished at 18/09/2020 00:10:57. It took 1 Minute 19 Seconds
----------------------------------------------------------------------
Scenario started at 18/09/2020 00:10:57
Scenario: TWO_TIER_WITH_EO - Policy: DDQN - #iteration: 2
Duration: 5.0 min (warm up period: 1.0 min) - #devices: 800
Creating tasks...Done, 
Creating device locations...Done.
SimManager is starting...Done.
.........10.........20.........30.........40.........50.........60.........70.........80.........90.........100
# of tasks (Edge/Cloud/Mobile): 26612(10449/16163/0)
# of failed tasks (Edge/Cloud/Mobile): 208(33/175/0)
# of completed tasks (Edge/Cloud/Mobile): 26404(10416/15988/0)
# of uncompleted tasks (Edge/Cloud/Mobile): 207(73/12/122)
# of failed tasks due to vm capacity (Edge/Cloud/Mobile): 0(0/0/0)
# of failed tasks due to Mobility/Network(WLAN/MAN/WAN): 208/0(0/0/0)
percentage of failed tasks: 0,781602%
average service time: 1,547994 seconds. (on Edge: 0,985293, on Cloud: 1,914588, on Mobile: NaN)
average processing time: 0,438464 seconds. (on Edge: 0,912473, on Cloud: 0,129652, on Mobile: NaN)
average network delay: 1,109531 seconds. (LAN delay: 0,060963, MAN delay: 0,012495, WAN delay: 1,784936)
average server utilization Edge/Cloud/Mobile: 2,069606/2,321429/0,000000
average cost: 0.0$
Scenario finished at 18/09/2020 00:11:19. It took 21 Seconds
----------------------------------------------------------------------
Scenario started at 18/09/2020 00:11:19
Scenario: TWO_TIER_WITH_EO - Policy: NETWORK_BASED - #iteration: 2
Duration: 5.0 min (warm up period: 1.0 min) - #devices: 800
Creating tasks...Done, 
Creating device locations...Done.
SimManager is starting...Done.
.........10.........20.........30.........40.........50.........60.........70.........80.........90.........100
# of tasks (Edge/Cloud/Mobile): 26055(8677/17378/0)
# of failed tasks (Edge/Cloud/Mobile): 220(49/171/0)
# of completed tasks (Edge/Cloud/Mobile): 25835(8628/17207/0)
# of uncompleted tasks (Edge/Cloud/Mobile): 202(65/28/109)
# of failed tasks due to vm capacity (Edge/Cloud/Mobile): 0(0/0/0)
# of failed tasks due to Mobility/Network(WLAN/MAN/WAN): 220/0(0/0/0)
percentage of failed tasks: 0,844368%
average service time: 1,542694 seconds. (on Edge: 1,183609, on Cloud: 1,722747, on Mobile: NaN)
average processing time: 0,444814 seconds. (on Edge: 1,108621, on Cloud: 0,111966, on Mobile: NaN)
average network delay: 1,097879 seconds. (LAN delay: 0,063886, MAN delay: 0,012833, WAN delay: 1,610781)
average server utilization Edge/Cloud/Mobile: 3,552114/1,866327/0,000000
average cost: 0.0$
Scenario finished at 18/09/2020 00:11:22. It took 3 Seconds
----------------------------------------------------------------------
Scenario started at 18/09/2020 00:11:22
Scenario: TWO_TIER_WITH_EO - Policy: UTILIZATION_BASED - #iteration: 2
Duration: 5.0 min (warm up period: 1.0 min) - #devices: 800
Creating tasks...Done, 
Creating device locations...Done.
SimManager is starting...Done.
.........10.........20.........30.........40.........50.........60.........70.........80.........90.........100
# of tasks (Edge/Cloud/Mobile): 25668(25668/0/0)
# of failed tasks (Edge/Cloud/Mobile): 192(192/0/0)
# of completed tasks (Edge/Cloud/Mobile): 25476(25476/0/0)
# of uncompleted tasks (Edge/Cloud/Mobile): 106(104/0/2)
# of failed tasks due to vm capacity (Edge/Cloud/Mobile): 0(0/0/0)
# of failed tasks due to Mobility/Network(WLAN/MAN/WAN): 192/0(0/0/0)
percentage of failed tasks: 0,748013%
average service time: 1,376193 seconds. (on Edge: 1,376193, on Cloud: NaN, on Mobile: NaN)
average processing time: 1,294159 seconds. (on Edge: 1,294159, on Cloud: NaN, on Mobile: NaN)
average network delay: 0,082034 seconds. (LAN delay: 0,069917, MAN delay: 0,013121, WAN delay: NaN)
average server utilization Edge/Cloud/Mobile: 11,599490/0,000000/0,000000
average cost: 0.0$
Scenario finished at 18/09/2020 00:11:27. It took 4 Seconds
----------------------------------------------------------------------
Scenario started at 18/09/2020 00:11:27
Scenario: TWO_TIER_WITH_EO - Policy: HYBRID - #iteration: 2
Duration: 5.0 min (warm up period: 1.0 min) - #devices: 800
Creating tasks...Done, 
Creating device locations...Done.
SimManager is starting...Done.
.........10.........20.........30.........40.........50.........60.........70.........80.........90.........100
# of tasks (Edge/Cloud/Mobile): 28035(28035/0/0)
# of failed tasks (Edge/Cloud/Mobile): 186(186/0/0)
# of completed tasks (Edge/Cloud/Mobile): 27849(27849/0/0)
# of uncompleted tasks (Edge/Cloud/Mobile): 203(191/0/12)
# of failed tasks due to vm capacity (Edge/Cloud/Mobile): 0(0/0/0)
# of failed tasks due to Mobility/Network(WLAN/MAN/WAN): 186/0(0/0/0)
percentage of failed tasks: 0,663456%
average service time: 1,409872 seconds. (on Edge: 1,409872, on Cloud: NaN, on Mobile: NaN)
average processing time: 1,321823 seconds. (on Edge: 1,321823, on Cloud: NaN, on Mobile: NaN)
average network delay: 0,088048 seconds. (LAN delay: 0,075837, MAN delay: 0,013232, WAN delay: NaN)
average server utilization Edge/Cloud/Mobile: 11,905248/0,000000/0,000000
average cost: 0.0$
Scenario finished at 18/09/2020 00:11:31. It took 4 Seconds
----------------------------------------------------------------------
Scenario started at 18/09/2020 00:11:31
Scenario: TWO_TIER_WITH_EO - Policy: FUZZY_BASED - #iteration: 2
Duration: 5.0 min (warm up period: 1.0 min) - #devices: 800
Creating tasks...Done, 
Creating device locations...Done.
SimManager is starting...Done.
.........10.........20.........30.........40.........50.........60.........70.........80.........90.........100
# of tasks (Edge/Cloud/Mobile): 26429(22988/3441/0)
# of failed tasks (Edge/Cloud/Mobile): 109(93/16/0)
# of completed tasks (Edge/Cloud/Mobile): 26320(22895/3425/0)
# of uncompleted tasks (Edge/Cloud/Mobile): 103(99/0/4)
# of failed tasks due to vm capacity (Edge/Cloud/Mobile): 0(0/0/0)
# of failed tasks due to Mobility/Network(WLAN/MAN/WAN): 109/0(0/0/0)
percentage of failed tasks: 0,412426%
average service time: 0,944445 seconds. (on Edge: 0,911851, on Cloud: 1,162322, on Mobile: NaN)
average processing time: 0,760992 seconds. (on Edge: 0,841550, on Cloud: 0,222493, on Mobile: NaN)
average network delay: 0,183452 seconds. (LAN delay: 0,070301, MAN delay: NaN, WAN delay: 0,939830)
average server utilization Edge/Cloud/Mobile: 4,072522/1,387755/0,000000
average cost: 0.0$
Scenario finished at 18/09/2020 00:13:37. It took 2 Minutes 5 Seconds
----------------------------------------------------------------------
Scenario started at 18/09/2020 00:13:37
Scenario: TWO_TIER_WITH_EO - Policy: DDQN - #iteration: 2
Duration: 5.0 min (warm up period: 1.0 min) - #devices: 1000
Creating tasks...Done, 
Creating device locations...Done.
SimManager is starting...Done.
.........10.........20.........30.........40.........50.........60.........70.........80.........90.........100
# of tasks (Edge/Cloud/Mobile): 33444(15409/18035/0)
# of failed tasks (Edge/Cloud/Mobile): 302(84/218/0)
# of completed tasks (Edge/Cloud/Mobile): 33142(15325/17817/0)
# of uncompleted tasks (Edge/Cloud/Mobile): 311(142/22/147)
# of failed tasks due to vm capacity (Edge/Cloud/Mobile): 0(0/0/0)
# of failed tasks due to Mobility/Network(WLAN/MAN/WAN): 302/0(0/0/0)
percentage of failed tasks: 0,903002%
average service time: 1,697480 seconds. (on Edge: 1,212272, on Cloud: 2,114823, on Mobile: NaN)
average processing time: 0,596607 seconds. (on Edge: 1,129783, on Cloud: 0,138004, on Mobile: NaN)
average network delay: 1,100873 seconds. (LAN delay: 0,070841, MAN delay: 0,012570, WAN delay: 1,976818)
average server utilization Edge/Cloud/Mobile: 3,927114/2,904082/0,000000
average cost: 0.0$
Scenario finished at 18/09/2020 00:14:11. It took 33 Seconds
----------------------------------------------------------------------
Scenario started at 18/09/2020 00:14:11
Scenario: TWO_TIER_WITH_EO - Policy: NETWORK_BASED - #iteration: 2
Duration: 5.0 min (warm up period: 1.0 min) - #devices: 1000
Creating tasks...Done, 
Creating device locations...Done.
SimManager is starting...Done.
.........10.........20.........30.........40.........50.........60.........70.........80.........90.........100
# of tasks (Edge/Cloud/Mobile): 33445(15146/18299/0)
# of failed tasks (Edge/Cloud/Mobile): 276(86/190/0)
# of completed tasks (Edge/Cloud/Mobile): 33169(15060/18109/0)
# of uncompleted tasks (Edge/Cloud/Mobile): 213(82/31/100)
# of failed tasks due to vm capacity (Edge/Cloud/Mobile): 0(0/0/0)
# of failed tasks due to Mobility/Network(WLAN/MAN/WAN): 276/0(0/0/0)
percentage of failed tasks: 0,825235%
average service time: 1,554346 seconds. (on Edge: 1,282976, on Cloud: 1,780025, on Mobile: NaN)
average processing time: 0,603883 seconds. (on Edge: 1,195832, on Cloud: 0,111601, on Mobile: NaN)
average network delay: 0,950463 seconds. (LAN delay: 0,075365, MAN delay: 0,013118, WAN delay: 1,668424)
average server utilization Edge/Cloud/Mobile: 6,451166/1,970408/0,000000
average cost: 0.0$
Scenario finished at 18/09/2020 00:14:18. It took 7 Seconds
----------------------------------------------------------------------
Scenario started at 18/09/2020 00:14:18
Scenario: TWO_TIER_WITH_EO - Policy: UTILIZATION_BASED - #iteration: 2
Duration: 5.0 min (warm up period: 1.0 min) - #devices: 1000
Creating tasks...Done, 
Creating device locations...Done.
SimManager is starting...Done.
.........10.........20.........30.........40.........50.........60.........70.........80.........90.........100
# of tasks (Edge/Cloud/Mobile): 34437(34437/0/0)
# of failed tasks (Edge/Cloud/Mobile): 282(282/0/0)
# of completed tasks (Edge/Cloud/Mobile): 34155(34155/0/0)
# of uncompleted tasks (Edge/Cloud/Mobile): 213(199/0/14)
# of failed tasks due to vm capacity (Edge/Cloud/Mobile): 0(0/0/0)
# of failed tasks due to Mobility/Network(WLAN/MAN/WAN): 282/0(0/0/0)
percentage of failed tasks: 0,818887%
average service time: 1,532693 seconds. (on Edge: 1,532693, on Cloud: NaN, on Mobile: NaN)
average processing time: 1,434786 seconds. (on Edge: 1,434786, on Cloud: NaN, on Mobile: NaN)
average network delay: 0,097908 seconds. (LAN delay: 0,085371, MAN delay: 0,013570, WAN delay: NaN)
average server utilization Edge/Cloud/Mobile: 16,084184/0,000000/0,000000
average cost: 0.0$
Scenario finished at 18/09/2020 00:14:27. It took 9 Seconds
----------------------------------------------------------------------
Scenario started at 18/09/2020 00:14:27
Scenario: TWO_TIER_WITH_EO - Policy: HYBRID - #iteration: 2
Duration: 5.0 min (warm up period: 1.0 min) - #devices: 1000
Creating tasks...Done, 
Creating device locations...Done.
SimManager is starting...Done.
.........10.........20.........30.........40.........50.........60.........70.........80.........90.........100
# of tasks (Edge/Cloud/Mobile): 32378(32378/0/0)
# of failed tasks (Edge/Cloud/Mobile): 269(269/0/0)
# of completed tasks (Edge/Cloud/Mobile): 32109(32109/0/0)
# of uncompleted tasks (Edge/Cloud/Mobile): 202(193/0/9)
# of failed tasks due to vm capacity (Edge/Cloud/Mobile): 0(0/0/0)
# of failed tasks due to Mobility/Network(WLAN/MAN/WAN): 269/0(0/0/0)
percentage of failed tasks: 0,830811%
average service time: 1,470917 seconds. (on Edge: 1,470917, on Cloud: NaN, on Mobile: NaN)
average processing time: 1,377334 seconds. (on Edge: 1,377334, on Cloud: NaN, on Mobile: NaN)
average network delay: 0,093583 seconds. (LAN delay: 0,081100, MAN delay: 0,013508, WAN delay: NaN)
average server utilization Edge/Cloud/Mobile: 15,620627/0,000000/0,000000
average cost: 0.0$
Scenario finished at 18/09/2020 00:14:34. It took 6 Seconds
----------------------------------------------------------------------
Scenario started at 18/09/2020 00:14:34
Scenario: TWO_TIER_WITH_EO - Policy: FUZZY_BASED - #iteration: 2
Duration: 5.0 min (warm up period: 1.0 min) - #devices: 1000
Creating tasks...Done, 
Creating device locations...Done.
SimManager is starting...Done.
.........10.........20.........30.........40.........50.........60.........70.........80.........90.........100
# of tasks (Edge/Cloud/Mobile): 32832(28591/4241/0)
# of failed tasks (Edge/Cloud/Mobile): 146(124/22/0)
# of completed tasks (Edge/Cloud/Mobile): 32686(28467/4219/0)
# of uncompleted tasks (Edge/Cloud/Mobile): 206(184/1/21)
# of failed tasks due to vm capacity (Edge/Cloud/Mobile): 0(0/0/0)
# of failed tasks due to Mobility/Network(WLAN/MAN/WAN): 146/0(0/0/0)
percentage of failed tasks: 0,444688%
average service time: 1,032653 seconds. (on Edge: 0,995911, on Cloud: 1,280562, on Mobile: NaN)
average processing time: 0,828364 seconds. (on Edge: 0,916922, on Cloud: 0,230832, on Mobile: NaN)
average network delay: 0,204289 seconds. (LAN delay: 0,078922, MAN delay: 0,012775, WAN delay: 1,049730)
average server utilization Edge/Cloud/Mobile: 5,647230/1,892857/0,000000
average cost: 0.0$
Scenario finished at 18/09/2020 00:16:46. It took 2 Minutes 12 Seconds
----------------------------------------------------------------------
Scenario started at 18/09/2020 00:16:46
Scenario: TWO_TIER_WITH_EO - Policy: DDQN - #iteration: 2
Duration: 5.0 min (warm up period: 1.0 min) - #devices: 1200
Creating tasks...Done, 
Creating device locations...Done.
SimManager is starting...Done.
.........10.........20.........30.........40.........50.........60.........70.........80.........90.........100
# of tasks (Edge/Cloud/Mobile): 40303(21640/18663/0)
# of failed tasks (Edge/Cloud/Mobile): 408(151/257/0)
# of completed tasks (Edge/Cloud/Mobile): 39895(21489/18406/0)
# of uncompleted tasks (Edge/Cloud/Mobile): 360(178/16/166)
# of failed tasks due to vm capacity (Edge/Cloud/Mobile): 0(0/0/0)
# of failed tasks due to Mobility/Network(WLAN/MAN/WAN): 408/0(0/0/0)
percentage of failed tasks: 1,012332%
average service time: 1,869420 seconds. (on Edge: 1,465049, on Cloud: 2,341522, on Mobile: NaN)
average processing time: 0,806565 seconds. (on Edge: 1,374600, on Cloud: 0,143385, on Mobile: NaN)
average network delay: 1,062854 seconds. (LAN delay: 0,078684, MAN delay: 0,012662, WAN delay: 2,198137)
average server utilization Edge/Cloud/Mobile: 6,883017/3,204082/0,000000
average cost: 0.0$
Scenario finished at 18/09/2020 00:17:26. It took 39 Seconds
----------------------------------------------------------------------
Scenario started at 18/09/2020 00:17:26
Scenario: TWO_TIER_WITH_EO - Policy: NETWORK_BASED - #iteration: 2
Duration: 5.0 min (warm up period: 1.0 min) - #devices: 1200
Creating tasks...Done, 
Creating device locations...Done.
SimManager is starting...Done.
.........10.........20.........30.........40.........50.........60.........70.........80.........90.........100
# of tasks (Edge/Cloud/Mobile): 39071(19984/19087/0)
# of failed tasks (Edge/Cloud/Mobile): 312(125/187/0)
# of completed tasks (Edge/Cloud/Mobile): 38759(19859/18900/0)
# of uncompleted tasks (Edge/Cloud/Mobile): 269(126/15/128)
# of failed tasks due to vm capacity (Edge/Cloud/Mobile): 0(0/0/0)
# of failed tasks due to Mobility/Network(WLAN/MAN/WAN): 312/0(0/0/0)
percentage of failed tasks: 0,798546%
average service time: 1,569777 seconds. (on Edge: 1,345950, on Cloud: 1,804960, on Mobile: NaN)
average processing time: 0,697465 seconds. (on Edge: 1,253164, on Cloud: 0,113571, on Mobile: NaN)
average network delay: 0,872312 seconds. (LAN delay: 0,080618, MAN delay: 0,013412, WAN delay: 1,691390)
average server utilization Edge/Cloud/Mobile: 8,893586/2,129592/0,000000
average cost: 0.0$
Scenario finished at 18/09/2020 00:17:35. It took 9 Seconds
----------------------------------------------------------------------
Scenario started at 18/09/2020 00:17:35
Scenario: TWO_TIER_WITH_EO - Policy: UTILIZATION_BASED - #iteration: 2
Duration: 5.0 min (warm up period: 1.0 min) - #devices: 1200
Creating tasks...Done, 
Creating device locations...Done.
SimManager is starting...Done.
.........10.........20.........30.........40.........50.........60.........70.........80.........90.........100
# of tasks (Edge/Cloud/Mobile): 40557(40557/0/0)
# of failed tasks (Edge/Cloud/Mobile): 414(414/0/0)
# of completed tasks (Edge/Cloud/Mobile): 40143(40143/0/0)
# of uncompleted tasks (Edge/Cloud/Mobile): 292(272/0/20)
# of failed tasks due to vm capacity (Edge/Cloud/Mobile): 0(0/0/0)
# of failed tasks due to Mobility/Network(WLAN/MAN/WAN): 414/0(0/0/0)
percentage of failed tasks: 1,020786%
average service time: 1,922063 seconds. (on Edge: 1,922063, on Cloud: NaN, on Mobile: NaN)
average processing time: 1,814269 seconds. (on Edge: 1,814269, on Cloud: NaN, on Mobile: NaN)
average network delay: 0,107794 seconds. (LAN delay: 0,094697, MAN delay: 0,014130, WAN delay: NaN)
average server utilization Edge/Cloud/Mobile: 25,242711/0,000000/0,000000
average cost: 0.0$
Scenario finished at 18/09/2020 00:17:47. It took 11 Seconds
----------------------------------------------------------------------
Scenario started at 18/09/2020 00:17:47
Scenario: TWO_TIER_WITH_EO - Policy: HYBRID - #iteration: 2
Duration: 5.0 min (warm up period: 1.0 min) - #devices: 1200
Creating tasks...Done, 
Creating device locations...Done.
SimManager is starting...Done.
.........10.........20.........30.........40.........50.........60.........70.........80.........90.........100
# of tasks (Edge/Cloud/Mobile): 40437(40416/21/0)
# of failed tasks (Edge/Cloud/Mobile): 374(374/0/0)
# of completed tasks (Edge/Cloud/Mobile): 40063(40042/21/0)
# of uncompleted tasks (Edge/Cloud/Mobile): 311(296/0/15)
# of failed tasks due to vm capacity (Edge/Cloud/Mobile): 0(0/0/0)
# of failed tasks due to Mobility/Network(WLAN/MAN/WAN): 374/0(0/0/0)
percentage of failed tasks: 0,924896%
average service time: 1,898291 seconds. (on Edge: 1,899013, on Cloud: 0,522786, on Mobile: NaN)
average processing time: 1,789984 seconds. (on Edge: 1,790885, on Cloud: 0,072348, on Mobile: NaN)
average network delay: 0,108308 seconds. (LAN delay: 0,095143, MAN delay: 0,014051, WAN delay: 0,450438)
average server utilization Edge/Cloud/Mobile: 25,866618/0,023469/0,000000
average cost: 0.0$
Scenario finished at 18/09/2020 00:17:58. It took 11 Seconds
----------------------------------------------------------------------
Scenario started at 18/09/2020 00:17:58
Scenario: TWO_TIER_WITH_EO - Policy: FUZZY_BASED - #iteration: 2
Duration: 5.0 min (warm up period: 1.0 min) - #devices: 1200
Creating tasks...Done, 
Creating device locations...Done.
SimManager is starting...Done.
.........10.........20.........30.........40.........50.........60.........70.........80.........90.........100
# of tasks (Edge/Cloud/Mobile): 38253(32665/5588/0)
# of failed tasks (Edge/Cloud/Mobile): 187(160/27/0)
# of completed tasks (Edge/Cloud/Mobile): 38066(32505/5561/0)
# of uncompleted tasks (Edge/Cloud/Mobile): 220(209/0/11)
# of failed tasks due to vm capacity (Edge/Cloud/Mobile): 0(0/0/0)
# of failed tasks due to Mobility/Network(WLAN/MAN/WAN): 187/0(0/0/0)
percentage of failed tasks: 0,488851%
average service time: 1,119008 seconds. (on Edge: 1,085258, on Cloud: 1,316283, on Mobile: NaN)
average processing time: 0,887747 seconds. (on Edge: 1,000347, on Cloud: 0,229580, on Mobile: NaN)
average network delay: 0,231261 seconds. (LAN delay: 0,084663, MAN delay: 0,012941, WAN delay: 1,086703)
average server utilization Edge/Cloud/Mobile: 6,952988/2,744898/0,000000
average cost: 0.0$
Scenario finished at 18/09/2020 00:20:32. It took 2 Minutes 34 Seconds
----------------------------------------------------------------------
Scenario started at 18/09/2020 00:20:32
Scenario: TWO_TIER_WITH_EO - Policy: DDQN - #iteration: 2
Duration: 5.0 min (warm up period: 1.0 min) - #devices: 1400
Creating tasks...Done, 
Creating device locations...Done.
SimManager is starting...Done.
.........10.........20.........30.........40.........50.........60.........70.........80.........90.........100
# of tasks (Edge/Cloud/Mobile): 44956(26518/18438/0)
# of failed tasks (Edge/Cloud/Mobile): 508(224/284/0)
# of completed tasks (Edge/Cloud/Mobile): 44448(26294/18154/0)
# of uncompleted tasks (Edge/Cloud/Mobile): 473(272/14/187)
# of failed tasks due to vm capacity (Edge/Cloud/Mobile): 0(0/0/0)
# of failed tasks due to Mobility/Network(WLAN/MAN/WAN): 508/0(0/0/0)
percentage of failed tasks: 1,129994%
average service time: 2,011622 seconds. (on Edge: 1,689056, on Cloud: 2,478822, on Mobile: NaN)
average processing time: 1,003092 seconds. (on Edge: 1,590611, on Cloud: 0,152136, on Mobile: NaN)
average network delay: 1,008531 seconds. (LAN delay: 0,086513, MAN delay: 0,012762, WAN delay: 2,326686)
average server utilization Edge/Cloud/Mobile: 10,288630/3,625510/0,000000
average cost: 0.0$
Scenario finished at 18/09/2020 00:21:18. It took 45 Seconds
----------------------------------------------------------------------
Scenario started at 18/09/2020 00:21:18
Scenario: TWO_TIER_WITH_EO - Policy: NETWORK_BASED - #iteration: 2
Duration: 5.0 min (warm up period: 1.0 min) - #devices: 1400
Creating tasks...Done, 
Creating device locations...Done.
SimManager is starting...Done.
.........10.........20.........30.........40.........50.........60.........70.........80.........90.........100
# of tasks (Edge/Cloud/Mobile): 47179(27424/19755/0)
# of failed tasks (Edge/Cloud/Mobile): 402(206/196/0)
# of completed tasks (Edge/Cloud/Mobile): 46777(27218/19559/0)
# of uncompleted tasks (Edge/Cloud/Mobile): 413(243/26/144)
# of failed tasks due to vm capacity (Edge/Cloud/Mobile): 0(0/0/0)
# of failed tasks due to Mobility/Network(WLAN/MAN/WAN): 402/0(0/0/0)
percentage of failed tasks: 0,852074%
average service time: 1,624413 seconds. (on Edge: 1,489603, on Cloud: 1,812013, on Mobile: NaN)
average processing time: 0,856498 seconds. (on Edge: 1,390650, on Cloud: 0,113179, on Mobile: NaN)
average network delay: 0,767916 seconds. (LAN delay: 0,086007, MAN delay: 0,014062, WAN delay: 1,698833)
average server utilization Edge/Cloud/Mobile: 13,182945/2,290816/0,000000
average cost: 0.0$
Scenario finished at 18/09/2020 00:21:46. It took 27 Seconds
----------------------------------------------------------------------
Scenario started at 18/09/2020 00:21:46
Scenario: TWO_TIER_WITH_EO - Policy: UTILIZATION_BASED - #iteration: 2
Duration: 5.0 min (warm up period: 1.0 min) - #devices: 1400
Creating tasks...Done, 
Creating device locations...Done.
SimManager is starting...Done.
.........10.........20.........30.........40.........50.........60.........70.........80.........90.........100
# of tasks (Edge/Cloud/Mobile): 47049(46619/430/0)
# of failed tasks (Edge/Cloud/Mobile): 809(721/88/0)
# of completed tasks (Edge/Cloud/Mobile): 46240(45898/342/0)
# of uncompleted tasks (Edge/Cloud/Mobile): 787(773/0/14)
# of failed tasks due to vm capacity (Edge/Cloud/Mobile): 0(0/0/0)
# of failed tasks due to Mobility/Network(WLAN/MAN/WAN): 724/85(0/0/85)
percentage of failed tasks: 1,719484%
average service time: 2,781637 seconds. (on Edge: 2,790365, on Cloud: 1,610220, on Mobile: NaN)
average processing time: 2,652571 seconds. (on Edge: 2,671562, on Cloud: 0,103858, on Mobile: NaN)
average network delay: 0,129066 seconds. (LAN delay: 0,105036, MAN delay: 0,014843, WAN delay: 1,506361)
average server utilization Edge/Cloud/Mobile: 41,153061/0,178571/0,000000
average cost: 0.0$
Scenario finished at 18/09/2020 00:22:07. It took 20 Seconds
----------------------------------------------------------------------
Scenario started at 18/09/2020 00:22:07
Scenario: TWO_TIER_WITH_EO - Policy: HYBRID - #iteration: 2
Duration: 5.0 min (warm up period: 1.0 min) - #devices: 1400
Creating tasks...Done, 
Creating device locations...Done.
SimManager is starting...Done.
.........10.........20.........30.........40.........50.........60.........70.........80.........90.........100
# of tasks (Edge/Cloud/Mobile): 46159(46159/0/0)
# of failed tasks (Edge/Cloud/Mobile): 645(645/0/0)
# of completed tasks (Edge/Cloud/Mobile): 45514(45514/0/0)
# of uncompleted tasks (Edge/Cloud/Mobile): 688(666/0/22)
# of failed tasks due to vm capacity (Edge/Cloud/Mobile): 0(0/0/0)
# of failed tasks due to Mobility/Network(WLAN/MAN/WAN): 645/0(0/0/0)
percentage of failed tasks: 1,397344%
average service time: 2,565268 seconds. (on Edge: 2,565268, on Cloud: NaN, on Mobile: NaN)
average processing time: 2,444543 seconds. (on Edge: 2,444543, on Cloud: NaN, on Mobile: NaN)
average network delay: 0,120725 seconds. (LAN delay: 0,106963, MAN delay: 0,014833, WAN delay: NaN)
average server utilization Edge/Cloud/Mobile: 38,005466/0,089796/0,000000
average cost: 0.0$
Scenario finished at 18/09/2020 00:22:22. It took 15 Seconds
----------------------------------------------------------------------
Scenario started at 18/09/2020 00:22:22
Scenario: TWO_TIER_WITH_EO - Policy: FUZZY_BASED - #iteration: 2
Duration: 5.0 min (warm up period: 1.0 min) - #devices: 1400
Creating tasks...Done, 
Creating device locations...Done.
SimManager is starting...Done.
.........10.........20.........30.........40.........50.........60.........70.........80.........90.........100
# of tasks (Edge/Cloud/Mobile): 44942(38890/6052/0)
# of failed tasks (Edge/Cloud/Mobile): 260(219/41/0)
# of completed tasks (Edge/Cloud/Mobile): 44682(38671/6011/0)
# of uncompleted tasks (Edge/Cloud/Mobile): 284(266/0/18)
# of failed tasks due to vm capacity (Edge/Cloud/Mobile): 0(0/0/0)
# of failed tasks due to Mobility/Network(WLAN/MAN/WAN): 260/0(0/0/0)
percentage of failed tasks: 0,578523%
average service time: 1,257021 seconds. (on Edge: 1,242865, on Cloud: 1,348089, on Mobile: NaN)
average processing time: 1,024020 seconds. (on Edge: 1,147808, on Cloud: 0,227647, on Mobile: NaN)
average network delay: 0,233001 seconds. (LAN delay: 0,094440, MAN delay: 0,013086, WAN delay: 1,120442)
average server utilization Edge/Cloud/Mobile: 10,070700/2,724490/0,000000
average cost: 0.0$
Scenario finished at 18/09/2020 00:25:29. It took 3 Minutes 6 Seconds
----------------------------------------------------------------------
Scenario started at 18/09/2020 00:25:29
Scenario: TWO_TIER_WITH_EO - Policy: DDQN - #iteration: 2
Duration: 5.0 min (warm up period: 1.0 min) - #devices: 1600
Creating tasks...Done, 
Creating device locations...Done.
SimManager is starting...Done.
.........10.........20.........30.........40.........50.........60.........70.........80.........90.........100
# of tasks (Edge/Cloud/Mobile): 52108(34555/17553/0)
# of failed tasks (Edge/Cloud/Mobile): 609(333/276/0)
# of completed tasks (Edge/Cloud/Mobile): 51499(34222/17277/0)
# of uncompleted tasks (Edge/Cloud/Mobile): 634(399/19/216)
# of failed tasks due to vm capacity (Edge/Cloud/Mobile): 0(0/0/0)
# of failed tasks due to Mobility/Network(WLAN/MAN/WAN): 609/0(0/0/0)
percentage of failed tasks: 1,168726%
average service time: 2,315145 seconds. (on Edge: 2,088830, on Cloud: 2,763427, on Mobile: NaN)
average processing time: 1,367346 seconds. (on Edge: 1,977590, on Cloud: 0,158584, on Mobile: NaN)
average network delay: 0,947799 seconds. (LAN delay: 0,099161, MAN delay: 0,012899, WAN delay: 2,604843)
average server utilization Edge/Cloud/Mobile: 16,508746/4,055102/0,000000
average cost: 0.0$
Scenario finished at 18/09/2020 00:26:24. It took 54 Seconds
----------------------------------------------------------------------
Scenario started at 18/09/2020 00:26:24
Scenario: TWO_TIER_WITH_EO - Policy: NETWORK_BASED - #iteration: 2
Duration: 5.0 min (warm up period: 1.0 min) - #devices: 1600
Creating tasks...Done, 
Creating device locations...Done.
SimManager is starting...Done.
.........10.........20.........30.........40.........50.........60.........70.........80.........90.........100
# of tasks (Edge/Cloud/Mobile): 52954(33015/19939/0)
# of failed tasks (Edge/Cloud/Mobile): 427(244/183/0)
# of completed tasks (Edge/Cloud/Mobile): 52527(32771/19756/0)
# of uncompleted tasks (Edge/Cloud/Mobile): 377(215/37/125)
# of failed tasks due to vm capacity (Edge/Cloud/Mobile): 0(0/0/0)
# of failed tasks due to Mobility/Network(WLAN/MAN/WAN): 427/0(0/0/0)
percentage of failed tasks: 0,806360%
average service time: 1,685958 seconds. (on Edge: 1,608917, on Cloud: 1,813753, on Mobile: NaN)
average processing time: 0,978560 seconds. (on Edge: 1,500034, on Cloud: 0,113546, on Mobile: NaN)
average network delay: 0,707398 seconds. (LAN delay: 0,095274, MAN delay: 0,014745, WAN delay: 1,700207)
average server utilization Edge/Cloud/Mobile: 17,673834/2,504082/0,000000
average cost: 0.0$
Scenario finished at 18/09/2020 00:26:47. It took 22 Seconds
----------------------------------------------------------------------
Scenario started at 18/09/2020 00:26:47
Scenario: TWO_TIER_WITH_EO - Policy: UTILIZATION_BASED - #iteration: 2
Duration: 5.0 min (warm up period: 1.0 min) - #devices: 1600
Creating tasks...Done, 
Creating device locations...Done.
SimManager is starting...Done.
.........10.........20.........30.........40.........50.........60.........70.........80.........90.........100
# of tasks (Edge/Cloud/Mobile): 55367(50948/4419/0)
# of failed tasks (Edge/Cloud/Mobile): 2021(947/1074/0)
# of completed tasks (Edge/Cloud/Mobile): 53346(50001/3345/0)
# of uncompleted tasks (Edge/Cloud/Mobile): 1227(1163/5/59)
# of failed tasks due to vm capacity (Edge/Cloud/Mobile): 0(0/0/0)
# of failed tasks due to Mobility/Network(WLAN/MAN/WAN): 991/1030(0/0/1030)
percentage of failed tasks: 3,650189%
average service time: 3,854907 seconds. (on Edge: 3,975077, on Cloud: 2,058605, on Mobile: NaN)
average processing time: 3,606198 seconds. (on Edge: 3,840008, on Cloud: 0,111216, on Mobile: NaN)
average network delay: 0,248709 seconds. (LAN delay: 0,118347, MAN delay: 0,018026, WAN delay: 1,947390)
average server utilization Edge/Cloud/Mobile: 58,739067/0,422449/0,000000
average cost: 0.0$
Scenario finished at 18/09/2020 00:27:23. It took 36 Seconds
----------------------------------------------------------------------
Scenario started at 18/09/2020 00:27:23
Scenario: TWO_TIER_WITH_EO - Policy: HYBRID - #iteration: 2
Duration: 5.0 min (warm up period: 1.0 min) - #devices: 1600
Creating tasks...Done, 
Creating device locations...Done.
SimManager is starting...Done.
.........10.........20.........30.........40.........50.........60.........70.........80.........90.........100
# of tasks (Edge/Cloud/Mobile): 50905(48596/2309/0)
# of failed tasks (Edge/Cloud/Mobile): 779(750/29/0)
# of completed tasks (Edge/Cloud/Mobile): 50126(47846/2280/0)
# of uncompleted tasks (Edge/Cloud/Mobile): 1187(1161/0/26)
# of failed tasks due to vm capacity (Edge/Cloud/Mobile): 5(5/0/0)
# of failed tasks due to Mobility/Network(WLAN/MAN/WAN): 774/0(0/0/0)
percentage of failed tasks: 1,530302%
average service time: 3,208079 seconds. (on Edge: 3,279736, on Cloud: 1,704342, on Mobile: NaN)
average processing time: 3,019485 seconds. (on Edge: 3,157788, on Cloud: 0,117180, on Mobile: NaN)
average network delay: 0,188594 seconds. (LAN delay: 0,106842, MAN delay: 0,016261, WAN delay: 1,587162)
average server utilization Edge/Cloud/Mobile: 51,548834/0,381633/0,000000
average cost: 0.0$
Scenario finished at 18/09/2020 00:27:45. It took 22 Seconds
----------------------------------------------------------------------
Scenario started at 18/09/2020 00:27:45
Scenario: TWO_TIER_WITH_EO - Policy: FUZZY_BASED - #iteration: 2
Duration: 5.0 min (warm up period: 1.0 min) - #devices: 1600
Creating tasks...Done, 
Creating device locations...Done.
SimManager is starting...Done.
.........10.........20.........30.........40.........50.........60.........70.........80.........90.........100
# of tasks (Edge/Cloud/Mobile): 53256(47318/5938/0)
# of failed tasks (Edge/Cloud/Mobile): 385(338/47/0)
# of completed tasks (Edge/Cloud/Mobile): 52871(46980/5891/0)
# of uncompleted tasks (Edge/Cloud/Mobile): 440(408/0/32)
# of failed tasks due to vm capacity (Edge/Cloud/Mobile): 0(0/0/0)
# of failed tasks due to Mobility/Network(WLAN/MAN/WAN): 385/0(0/0/0)
percentage of failed tasks: 0,722923%
average service time: 1,551056 seconds. (on Edge: 1,565677, on Cloud: 1,434451, on Mobile: NaN)
average processing time: 1,320028 seconds. (on Edge: 1,453599, on Cloud: 0,254816, on Mobile: NaN)
average network delay: 0,231028 seconds. (LAN delay: 0,110317, MAN delay: 0,013690, WAN delay: 1,179635)
average server utilization Edge/Cloud/Mobile: 16,239067/3,043878/0,000000
average cost: 0.0$
Scenario finished at 18/09/2020 00:31:27. It took 3 Minutes 41 Seconds
----------------------------------------------------------------------
Scenario started at 18/09/2020 00:31:27
Scenario: TWO_TIER_WITH_EO - Policy: DDQN - #iteration: 2
Duration: 5.0 min (warm up period: 1.0 min) - #devices: 1800
Creating tasks...Done, 
Creating device locations...Done.
SimManager is starting...Done.
.........10.........20.........30.........40.........50.........60.........70.........80.........90.........100
# of tasks (Edge/Cloud/Mobile): 58314(41129/17185/0)
# of failed tasks (Edge/Cloud/Mobile): 1395(1104/291/0)
# of completed tasks (Edge/Cloud/Mobile): 56919(40025/16894/0)
# of uncompleted tasks (Edge/Cloud/Mobile): 789(561/24/204)
# of failed tasks due to vm capacity (Edge/Cloud/Mobile): 676(676/0/0)
# of failed tasks due to Mobility/Network(WLAN/MAN/WAN): 719/0(0/0/0)
percentage of failed tasks: 2,392221%
average service time: 2,456870 seconds. (on Edge: 2,257572, on Cloud: 2,929045, on Mobile: NaN)
average processing time: 1,552791 seconds. (on Edge: 2,139825, on Cloud: 0,161998, on Mobile: NaN)
average network delay: 0,904080 seconds. (LAN delay: 0,105549, MAN delay: 0,013014, WAN delay: 2,767048)
average server utilization Edge/Cloud/Mobile: 21,565598/4,157143/0,000000
average cost: 0.0$
Scenario finished at 18/09/2020 00:32:31. It took 1 Minute 3 Seconds
----------------------------------------------------------------------
Scenario started at 18/09/2020 00:32:31
Scenario: TWO_TIER_WITH_EO - Policy: NETWORK_BASED - #iteration: 2
Duration: 5.0 min (warm up period: 1.0 min) - #devices: 1800
Creating tasks...Done, 
Creating device locations...Done.
SimManager is starting...Done.
.........10.........20.........30.........40.........50.........60.........70.........80.........90.........100
# of tasks (Edge/Cloud/Mobile): 61084(40924/20160/0)
# of failed tasks (Edge/Cloud/Mobile): 732(498/234/0)
# of completed tasks (Edge/Cloud/Mobile): 60352(40426/19926/0)
# of uncompleted tasks (Edge/Cloud/Mobile): 774(594/28/152)
# of failed tasks due to vm capacity (Edge/Cloud/Mobile): 0(0/0/0)
# of failed tasks due to Mobility/Network(WLAN/MAN/WAN): 730/2(2/0/0)
percentage of failed tasks: 1,198350%
average service time: 2,096593 seconds. (on Edge: 2,228694, on Cloud: 1,828585, on Mobile: NaN)
average processing time: 1,446573 seconds. (on Edge: 2,101945, on Cloud: 0,116949, on Mobile: NaN)
average network delay: 0,650021 seconds. (LAN delay: 0,111416, MAN delay: 0,016540, WAN delay: 1,711636)
average server utilization Edge/Cloud/Mobile: 27,014577/2,487755/0,000000
average cost: 0.0$
Scenario finished at 18/09/2020 00:33:11. It took 40 Seconds
----------------------------------------------------------------------
Scenario started at 18/09/2020 00:33:11
Scenario: TWO_TIER_WITH_EO - Policy: UTILIZATION_BASED - #iteration: 2
Duration: 5.0 min (warm up period: 1.0 min) - #devices: 1800
Creating tasks...Done, 
Creating device locations...Done.
SimManager is starting...Done.
.........10.........20.........30.........40.........50.........60.........70.........80.........90.........100
# of tasks (Edge/Cloud/Mobile): 61412(51460/9952/0)
# of failed tasks (Edge/Cloud/Mobile): 4886(1033/3853/0)
# of completed tasks (Edge/Cloud/Mobile): 56526(50427/6099/0)
# of uncompleted tasks (Edge/Cloud/Mobile): 1356(1179/19/158)
# of failed tasks due to vm capacity (Edge/Cloud/Mobile): 0(0/0/0)
# of failed tasks due to Mobility/Network(WLAN/MAN/WAN): 1165/3721(0/0/3721)
percentage of failed tasks: 7,956100%
average service time: 4,099363 seconds. (on Edge: 4,125976, on Cloud: 3,879328, on Mobile: NaN)
average processing time: 3,570207 seconds. (on Edge: 3,988656, on Cloud: 0,110444, on Mobile: NaN)
average network delay: 0,529156 seconds. (LAN delay: 0,116389, MAN delay: 0,022529, WAN delay: 3,768884)
average server utilization Edge/Cloud/Mobile: 62,900510/0,640816/0,000000
average cost: 0.0$
Scenario finished at 18/09/2020 00:33:49. It took 38 Seconds
----------------------------------------------------------------------
Scenario started at 18/09/2020 00:33:49
Scenario: TWO_TIER_WITH_EO - Policy: HYBRID - #iteration: 2
Duration: 5.0 min (warm up period: 1.0 min) - #devices: 1800
Creating tasks...Done, 
Creating device locations...Done.
SimManager is starting...Done.
.........10.........20.........30.........40.........50.........60.........70.........80.........90.........100
# of tasks (Edge/Cloud/Mobile): 56089(50833/5256/0)
# of failed tasks (Edge/Cloud/Mobile): 1053(1003/50/0)
# of completed tasks (Edge/Cloud/Mobile): 55036(49830/5206/0)
# of uncompleted tasks (Edge/Cloud/Mobile): 1175(1131/0/44)
# of failed tasks due to vm capacity (Edge/Cloud/Mobile): 2(2/0/0)
# of failed tasks due to Mobility/Network(WLAN/MAN/WAN): 1050/1(1/0/0)
percentage of failed tasks: 1,877373%
average service time: 3,643671 seconds. (on Edge: 3,864170, on Cloud: 1,533133, on Mobile: NaN)
average processing time: 3,390439 seconds. (on Edge: 3,732454, on Cloud: 0,116795, on Mobile: NaN)
average network delay: 0,253232 seconds. (LAN delay: 0,114327, MAN delay: 0,018709, WAN delay: 1,416338)
average server utilization Edge/Cloud/Mobile: 60,072157/0,756122/0,000000
average cost: 0.0$
Scenario finished at 18/09/2020 00:34:15. It took 25 Seconds
----------------------------------------------------------------------
Scenario started at 18/09/2020 00:34:15
Scenario: TWO_TIER_WITH_EO - Policy: FUZZY_BASED - #iteration: 2
Duration: 5.0 min (warm up period: 1.0 min) - #devices: 1800
Creating tasks...Done, 
Creating device locations...Done.
SimManager is starting...Done.
.........10.........20.........30.........40.........50.........60.........70.........80.........90.........100
# of tasks (Edge/Cloud/Mobile): 56973(50049/6924/0)
# of failed tasks (Edge/Cloud/Mobile): 422(368/54/0)
# of completed tasks (Edge/Cloud/Mobile): 56551(49681/6870/0)
# of uncompleted tasks (Edge/Cloud/Mobile): 700(668/4/28)
# of failed tasks due to vm capacity (Edge/Cloud/Mobile): 0(0/0/0)
# of failed tasks due to Mobility/Network(WLAN/MAN/WAN): 418/4(4/0/0)
percentage of failed tasks: 0,740702%
average service time: 1,728260 seconds. (on Edge: 1,751735, on Cloud: 1,558502, on Mobile: NaN)
average processing time: 1,465777 seconds. (on Edge: 1,632206, on Cloud: 0,262228, on Mobile: NaN)
average network delay: 0,262483 seconds. (LAN delay: 0,117261, MAN delay: 0,013903, WAN delay: 1,296274)
average server utilization Edge/Cloud/Mobile: 18,666910/3,989796/0,000000
average cost: 0.0$
Scenario finished at 18/09/2020 00:38:39. It took 4 Minutes 24 Seconds
----------------------------------------------------------------------
Scenario started at 18/09/2020 00:38:39
Scenario: TWO_TIER_WITH_EO - Policy: DDQN - #iteration: 2
Duration: 5.0 min (warm up period: 1.0 min) - #devices: 2000
Creating tasks...Done, 
Creating device locations...Done.
SimManager is starting...Done.
.........10.........20.........30.........40.........50.........60.........70.........80.........90.........100
# of tasks (Edge/Cloud/Mobile): 67522(52008/15514/0)
# of failed tasks (Edge/Cloud/Mobile): 2830(2504/326/0)
# of completed tasks (Edge/Cloud/Mobile): 64692(49504/15188/0)
# of uncompleted tasks (Edge/Cloud/Mobile): 800(555/18/227)
# of failed tasks due to vm capacity (Edge/Cloud/Mobile): 1793(1793/0/0)
# of failed tasks due to Mobility/Network(WLAN/MAN/WAN): 1026/11(0/0/11)
percentage of failed tasks: 4,191227%
average service time: 3,070343 seconds. (on Edge: 2,972422, on Cloud: 3,389510, on Mobile: NaN)
average processing time: 2,203111 seconds. (on Edge: 2,826931, on Cloud: 0,169823, on Mobile: NaN)
average network delay: 0,867232 seconds. (LAN delay: 0,133232, MAN delay: 0,013220, WAN delay: 3,219687)
average server utilization Edge/Cloud/Mobile: 34,845845/4,086735/0,000000
average cost: 0.0$
Scenario finished at 18/09/2020 00:40:08. It took 1 Minute 28 Seconds
----------------------------------------------------------------------
Scenario started at 18/09/2020 00:40:08
Scenario: TWO_TIER_WITH_EO - Policy: NETWORK_BASED - #iteration: 2
Duration: 5.0 min (warm up period: 1.0 min) - #devices: 2000
Creating tasks...Done, 
Creating device locations...Done.
SimManager is starting...Done.
.........10.........20.........30.........40.........50.........60.........70.........80.........90.........100
# of tasks (Edge/Cloud/Mobile): 67341(47094/20247/0)
# of failed tasks (Edge/Cloud/Mobile): 3633(3431/202/0)
# of completed tasks (Edge/Cloud/Mobile): 63708(43663/20045/0)
# of uncompleted tasks (Edge/Cloud/Mobile): 1297(1098/36/163)
# of failed tasks due to vm capacity (Edge/Cloud/Mobile): 21(21/0/0)
# of failed tasks due to Mobility/Network(WLAN/MAN/WAN): 839/2773(17/2756/0)
percentage of failed tasks: 5,394930%
average service time: 2,722155 seconds. (on Edge: 3,133540, on Cloud: 1,826056, on Mobile: NaN)
average processing time: 2,077228 seconds. (on Edge: 2,978917, on Cloud: 0,113126, on Mobile: NaN)
average network delay: 0,644926 seconds. (LAN delay: 0,130631, MAN delay: 0,026043, WAN delay: 1,712930)
average server utilization Edge/Cloud/Mobile: 36,572157/2,259184/0,000000
average cost: 0.0$
Scenario finished at 18/09/2020 00:40:59. It took 51 Seconds
----------------------------------------------------------------------
Scenario started at 18/09/2020 00:40:59
Scenario: TWO_TIER_WITH_EO - Policy: UTILIZATION_BASED - #iteration: 2
Duration: 5.0 min (warm up period: 1.0 min) - #devices: 2000
Creating tasks...Done, 
Creating device locations...Done.
SimManager is starting...Done.
.........10.........20.........30.........40.........50.........60.........70.........80.........90.........100
# of tasks (Edge/Cloud/Mobile): 64636(54987/9649/0)
# of failed tasks (Edge/Cloud/Mobile): 13411(9528/3883/0)
# of completed tasks (Edge/Cloud/Mobile): 51225(45459/5766/0)
# of uncompleted tasks (Edge/Cloud/Mobile): 1352(1186/24/142)
# of failed tasks due to vm capacity (Edge/Cloud/Mobile): 0(0/0/0)
# of failed tasks due to Mobility/Network(WLAN/MAN/WAN): 1057/12354(23/8547/3784)
percentage of failed tasks: 20,748499%
average service time: 3,793803 seconds. (on Edge: 3,838216, on Cloud: 3,443651, on Mobile: NaN)
average processing time: 3,300644 seconds. (on Edge: 3,704374, on Cloud: 0,117646, on Mobile: NaN)
average network delay: 0,493159 seconds. (LAN delay: 0,111078, MAN delay: 0,025026, WAN delay: 3,326005)
average server utilization Edge/Cloud/Mobile: 54,499636/1,048980/0,000000
average cost: 0.0$
Scenario finished at 18/09/2020 00:41:37. It took 37 Seconds
----------------------------------------------------------------------
Scenario started at 18/09/2020 00:41:37
Scenario: TWO_TIER_WITH_EO - Policy: HYBRID - #iteration: 2
Duration: 5.0 min (warm up period: 1.0 min) - #devices: 2000
Creating tasks...Done, 
Creating device locations...Done.
SimManager is starting...Done.
.........10.........20.........30.........40.........50.........60.........70.........80.........90.........100
# of tasks (Edge/Cloud/Mobile): 66908(58763/8145/0)
# of failed tasks (Edge/Cloud/Mobile): 14813(14722/91/0)
# of completed tasks (Edge/Cloud/Mobile): 52095(44041/8054/0)
# of uncompleted tasks (Edge/Cloud/Mobile): 1448(1271/38/139)
# of failed tasks due to vm capacity (Edge/Cloud/Mobile): 295(295/0/0)
# of failed tasks due to Mobility/Network(WLAN/MAN/WAN): 901/13617(4/13613/0)
percentage of failed tasks: 22,139356%
average service time: 3,553040 seconds. (on Edge: 3,870499, on Cloud: 1,817110, on Mobile: NaN)
average processing time: 3,172735 seconds. (on Edge: 3,728479, on Cloud: 0,133804, on Mobile: NaN)
average network delay: 0,380305 seconds. (LAN delay: 0,126730, MAN delay: 0,017016, WAN delay: 1,683305)
average server utilization Edge/Cloud/Mobile: 52,509111/0,966327/0,000000
average cost: 0.0$
Scenario finished at 18/09/2020 00:42:16. It took 38 Seconds
----------------------------------------------------------------------
Scenario started at 18/09/2020 00:42:16
Scenario: TWO_TIER_WITH_EO - Policy: FUZZY_BASED - #iteration: 2
Duration: 5.0 min (warm up period: 1.0 min) - #devices: 2000
Creating tasks...Done, 
Creating device locations...Done.
SimManager is starting...Done.
.........10.........20.........30.........40.........50.........60.........70.........80.........90.........100
# of tasks (Edge/Cloud/Mobile): 64230(56744/7486/0)
# of failed tasks (Edge/Cloud/Mobile): 2064(1976/88/0)
# of completed tasks (Edge/Cloud/Mobile): 62166(54768/7398/0)
# of uncompleted tasks (Edge/Cloud/Mobile): 1249(1187/2/60)
# of failed tasks due to vm capacity (Edge/Cloud/Mobile): 44(44/0/0)
# of failed tasks due to Mobility/Network(WLAN/MAN/WAN): 766/1254(0/1243/11)
percentage of failed tasks: 3,213452%
average service time: 2,372459 seconds. (on Edge: 2,464384, on Cloud: 1,691937, on Mobile: NaN)
average processing time: 2,088291 seconds. (on Edge: 2,336023, on Cloud: 0,254314, on Mobile: NaN)
average network delay: 0,284168 seconds. (LAN delay: 0,124117, MAN delay: 0,014609, WAN delay: 1,437623)
average server utilization Edge/Cloud/Mobile: 33,016764/4,237755/0,000000
average cost: 0.0$
Scenario finished at 18/09/2020 00:47:14. It took 4 Minutes 58 Seconds
----------------------------------------------------------------------
Scenario started at 18/09/2020 00:47:14
Scenario: TWO_TIER_WITH_EO - Policy: DDQN - #iteration: 2
Duration: 5.0 min (warm up period: 1.0 min) - #devices: 2200
Creating tasks...Done, 
Creating device locations...Done.
SimManager is starting...Done.
.........10.........20.........30.........40.........50.........60.........70.........80.........90.........100
# of tasks (Edge/Cloud/Mobile): 69858(57049/12809/0)
# of failed tasks (Edge/Cloud/Mobile): 3963(3258/705/0)
# of completed tasks (Edge/Cloud/Mobile): 65895(53791/12104/0)
# of uncompleted tasks (Edge/Cloud/Mobile): 1295(1048/35/212)
# of failed tasks due to vm capacity (Edge/Cloud/Mobile): 2174(2174/0/0)
# of failed tasks due to Mobility/Network(WLAN/MAN/WAN): 1450/339(0/0/339)
percentage of failed tasks: 5,672937%
average service time: 3,853826 seconds. (on Edge: 3,719836, on Cloud: 4,449285, on Mobile: NaN)
average processing time: 2,951803 seconds. (on Edge: 3,568481, on Cloud: 0,211245, on Mobile: NaN)
average network delay: 0,902023 seconds. (LAN delay: 0,138975, MAN delay: 0,013333, WAN delay: 4,238040)
average server utilization Edge/Cloud/Mobile: 47,860423/5,194898/0,000000
average cost: 0.0$
Scenario finished at 18/09/2020 00:48:58. It took 1 Minute 43 Seconds
----------------------------------------------------------------------
Scenario started at 18/09/2020 00:48:58
Scenario: TWO_TIER_WITH_EO - Policy: NETWORK_BASED - #iteration: 2
Duration: 5.0 min (warm up period: 1.0 min) - #devices: 2200
Creating tasks...Done, 
Creating device locations...Done.
SimManager is starting...Done.
.........10.........20.........30.........40.........50.........60.........70.........80.........90.........100
# of tasks (Edge/Cloud/Mobile): 70204(49824/20380/0)
# of failed tasks (Edge/Cloud/Mobile): 10989(10779/210/0)
# of completed tasks (Edge/Cloud/Mobile): 59215(39045/20170/0)
# of uncompleted tasks (Edge/Cloud/Mobile): 1695(1511/38/146)
# of failed tasks due to vm capacity (Edge/Cloud/Mobile): 81(81/0/0)
# of failed tasks due to Mobility/Network(WLAN/MAN/WAN): 843/10065(22/10043/0)
percentage of failed tasks: 15,652954%
average service time: 2,846798 seconds. (on Edge: 3,376490, on Cloud: 1,821423, on Mobile: NaN)
average processing time: 2,173229 seconds. (on Edge: 3,236626, on Cloud: 0,114710, on Mobile: NaN)
average network delay: 0,673569 seconds. (LAN delay: 0,120558, MAN delay: 0,021460, WAN delay: 1,706713)
average server utilization Edge/Cloud/Mobile: 39,558309/2,300000/0,000000
average cost: 0.0$
Scenario finished at 18/09/2020 00:50:19. It took 1 Minute 21 Seconds
----------------------------------------------------------------------
Scenario started at 18/09/2020 00:50:19
Scenario: TWO_TIER_WITH_EO - Policy: UTILIZATION_BASED - #iteration: 2
Duration: 5.0 min (warm up period: 1.0 min) - #devices: 2200
Creating tasks...Done, 
Creating device locations...Done.
SimManager is starting...Done.
.........10.........20.........30.........40.........50.........60.........70.........80.........90.........100
# of tasks (Edge/Cloud/Mobile): 76540(61318/15222/0)
# of failed tasks (Edge/Cloud/Mobile): 27663(17450/10213/0)
# of completed tasks (Edge/Cloud/Mobile): 48877(43868/5009/0)
# of uncompleted tasks (Edge/Cloud/Mobile): 1650(1336/24/290)
# of failed tasks due to vm capacity (Edge/Cloud/Mobile): 0(0/0/0)
# of failed tasks due to Mobility/Network(WLAN/MAN/WAN): 1118/26545(4/16454/10087)
percentage of failed tasks: 36,141887%
average service time: 4,226164 seconds. (on Edge: 4,113356, on Cloud: 5,214112, on Mobile: NaN)
average processing time: 3,575608 seconds. (on Edge: 3,971354, on Cloud: 0,109728, on Mobile: NaN)
average network delay: 0,650555 seconds. (LAN delay: 0,124180, MAN delay: 0,019963, WAN delay: 5,104384)
average server utilization Edge/Cloud/Mobile: 54,162901/0,691837/0,000000
average cost: 0.0$
Scenario finished at 18/09/2020 00:51:31. It took 1 Minute 11 Seconds
----------------------------------------------------------------------
Scenario started at 18/09/2020 00:51:31
Scenario: TWO_TIER_WITH_EO - Policy: HYBRID - #iteration: 2
Duration: 5.0 min (warm up period: 1.0 min) - #devices: 2200
Creating tasks...Done, 
Creating device locations...Done.
SimManager is starting...Done.
.........10.........20.........30.........40.........50.........60.........70.........80.........90.........100
# of tasks (Edge/Cloud/Mobile): 71653(61673/9980/0)
# of failed tasks (Edge/Cloud/Mobile): 16866(16749/117/0)
# of completed tasks (Edge/Cloud/Mobile): 54787(44924/9863/0)
# of uncompleted tasks (Edge/Cloud/Mobile): 2055(1866/37/152)
# of failed tasks due to vm capacity (Edge/Cloud/Mobile): 225(225/0/0)
# of failed tasks due to Mobility/Network(WLAN/MAN/WAN): 1087/15554(13/15541/0)
percentage of failed tasks: 23,538442%
average service time: 3,899991 seconds. (on Edge: 4,355438, on Cloud: 1,825516, on Mobile: NaN)
average processing time: 3,468732 seconds. (on Edge: 4,201350, on Cloud: 0,131803, on Mobile: NaN)
average network delay: 0,431258 seconds. (LAN delay: 0,134651, MAN delay: 0,021659, WAN delay: 1,693713)
average server utilization Edge/Cloud/Mobile: 59,004373/1,186735/0,000000
average cost: 0.0$
Scenario finished at 18/09/2020 00:52:40. It took 1 Minute 9 Seconds
----------------------------------------------------------------------
Scenario started at 18/09/2020 00:52:40
Scenario: TWO_TIER_WITH_EO - Policy: FUZZY_BASED - #iteration: 2
Duration: 5.0 min (warm up period: 1.0 min) - #devices: 2200
Creating tasks...Done, 
Creating device locations...Done.
SimManager is starting...Done.
.........10.........20.........30.........40.........50.........60.........70.........80.........90.........100
# of tasks (Edge/Cloud/Mobile): 71785(60790/10995/0)
# of failed tasks (Edge/Cloud/Mobile): 3959(2979/980/0)
# of completed tasks (Edge/Cloud/Mobile): 67826(57811/10015/0)
# of uncompleted tasks (Edge/Cloud/Mobile): 1665(1460/51/154)
# of failed tasks due to vm capacity (Edge/Cloud/Mobile): 798(798/0/0)
# of failed tasks due to Mobility/Network(WLAN/MAN/WAN): 1307/1854(0/1049/805)
percentage of failed tasks: 5,515080%
average service time: 3,754581 seconds. (on Edge: 3,844191, on Cloud: 3,237308, on Mobile: NaN)
average processing time: 3,190462 seconds. (on Edge: 3,707398, on Cloud: 0,206478, on Mobile: NaN)
average network delay: 0,564119 seconds. (LAN delay: 0,131824, MAN delay: 0,014756, WAN delay: 3,030830)
average server utilization Edge/Cloud/Mobile: 52,556122/3,691837/0,000000
average cost: 0.0$
Scenario finished at 18/09/2020 00:58:29. It took 5 Minutes 48 Seconds
----------------------------------------------------------------------
Scenario started at 18/09/2020 00:58:29
Scenario: TWO_TIER_WITH_EO - Policy: DDQN - #iteration: 2
Duration: 5.0 min (warm up period: 1.0 min) - #devices: 2400
Creating tasks...Done, 
Creating device locations...Done.
SimManager is starting...Done.
.........10.........20.........30.........40.........50.........60.........70.........80.........90.........100
# of tasks (Edge/Cloud/Mobile): 82908(71362/11546/0)
# of failed tasks (Edge/Cloud/Mobile): 15376(13857/1519/0)
# of completed tasks (Edge/Cloud/Mobile): 67532(57505/10027/0)
# of uncompleted tasks (Edge/Cloud/Mobile): 1327(1103/19/205)
# of failed tasks due to vm capacity (Edge/Cloud/Mobile): 12214(12214/0/0)
# of failed tasks due to Mobility/Network(WLAN/MAN/WAN): 2018/1144(0/0/1144)
percentage of failed tasks: 18,545858%
average service time: 5,449430 seconds. (on Edge: 5,386389, on Cloud: 5,810970, on Mobile: NaN)
average processing time: 4,479862 seconds. (on Edge: 5,230301, on Cloud: 0,176084, on Mobile: NaN)
average network delay: 0,969567 seconds. (LAN delay: 0,143539, MAN delay: 0,013438, WAN delay: 5,634885)
average server utilization Edge/Cloud/Mobile: 72,532070/3,940816/0,000000
average cost: 0.0$
Scenario finished at 18/09/2020 01:00:17. It took 1 Minute 48 Seconds
----------------------------------------------------------------------
Scenario started at 18/09/2020 01:00:17
Scenario: TWO_TIER_WITH_EO - Policy: NETWORK_BASED - #iteration: 2
Duration: 5.0 min (warm up period: 1.0 min) - #devices: 2400
Creating tasks...Done, 
Creating device locations...Done.
SimManager is starting...Done.
.........10.........20.........30.........40.........50.........60.........70.........80.........90.........100
# of tasks (Edge/Cloud/Mobile): 76860(56690/20170/0)
# of failed tasks (Edge/Cloud/Mobile): 16892(16652/240/0)
# of completed tasks (Edge/Cloud/Mobile): 59968(40038/19930/0)
# of uncompleted tasks (Edge/Cloud/Mobile): 2623(2431/37/155)
# of failed tasks due to vm capacity (Edge/Cloud/Mobile): 469(469/0/0)
# of failed tasks due to Mobility/Network(WLAN/MAN/WAN): 1027/15396(9/15387/0)
percentage of failed tasks: 21,977622%
average service time: 3,248757 seconds. (on Edge: 3,944178, on Cloud: 1,851704, on Mobile: NaN)
average processing time: 2,563470 seconds. (on Edge: 3,781431, on Cloud: 0,116670, on Mobile: NaN)
average network delay: 0,685287 seconds. (LAN delay: 0,135211, MAN delay: 0,030920, WAN delay: 1,735035)
average server utilization Edge/Cloud/Mobile: 46,141035/2,438776/0,000000
average cost: 0.0$
Scenario finished at 18/09/2020 01:01:19. It took 1 Minute 1 Seconds
----------------------------------------------------------------------
Scenario started at 18/09/2020 01:01:19
Scenario: TWO_TIER_WITH_EO - Policy: UTILIZATION_BASED - #iteration: 2
Duration: 5.0 min (warm up period: 1.0 min) - #devices: 2400
Creating tasks...Done, 
Creating device locations...Done.
SimManager is starting...Done.
.........10.........20.........30.........40.........50.........60.........70.........80.........90.........100
# of tasks (Edge/Cloud/Mobile): 78867(61670/17197/0)
# of failed tasks (Edge/Cloud/Mobile): 30916(19354/11562/0)
# of completed tasks (Edge/Cloud/Mobile): 47951(42316/5635/0)
# of uncompleted tasks (Edge/Cloud/Mobile): 1651(1292/42/317)
# of failed tasks due to vm capacity (Edge/Cloud/Mobile): 0(0/0/0)
# of failed tasks due to Mobility/Network(WLAN/MAN/WAN): 1037/29879(5/18453/11421)
percentage of failed tasks: 39,200172%
average service time: 4,154308 seconds. (on Edge: 4,057049, on Cloud: 4,884676, on Mobile: NaN)
average processing time: 3,464434 seconds. (on Edge: 3,910547, on Cloud: 0,114353, on Mobile: NaN)
average network delay: 0,689874 seconds. (LAN delay: 0,127876, MAN delay: 0,020974, WAN delay: 4,770323)
average server utilization Edge/Cloud/Mobile: 52,853499/0,971429/0,000000
average cost: 0.0$
Scenario finished at 18/09/2020 01:02:12. It took 53 Seconds
----------------------------------------------------------------------
Scenario started at 18/09/2020 01:02:12
Scenario: TWO_TIER_WITH_EO - Policy: HYBRID - #iteration: 2
Duration: 5.0 min (warm up period: 1.0 min) - #devices: 2400
Creating tasks...Done, 
Creating device locations...Done.
SimManager is starting...Done.
.........10.........20.........30.........40.........50.........60.........70.........80.........90.........100
# of tasks (Edge/Cloud/Mobile): 76867(67571/9296/0)
# of failed tasks (Edge/Cloud/Mobile): 25586(25464/122/0)
# of completed tasks (Edge/Cloud/Mobile): 51281(42107/9174/0)
# of uncompleted tasks (Edge/Cloud/Mobile): 2449(2262/35/152)
# of failed tasks due to vm capacity (Edge/Cloud/Mobile): 1040(1040/0/0)
# of failed tasks due to Mobility/Network(WLAN/MAN/WAN): 1023/23523(9/23514/0)
percentage of failed tasks: 33,286066%
average service time: 3,888608 seconds. (on Edge: 4,323962, on Cloud: 1,890414, on Mobile: NaN)
average processing time: 3,446408 seconds. (on Edge: 4,167867, on Cloud: 0,135041, on Mobile: NaN)
average network delay: 0,442200 seconds. (LAN delay: 0,137179, MAN delay: 0,021590, WAN delay: 1,755373)
average server utilization Edge/Cloud/Mobile: 56,855321/1,377551/0,000000
average cost: 0.0$
Scenario finished at 18/09/2020 01:03:04. It took 51 Seconds
----------------------------------------------------------------------
Scenario started at 18/09/2020 01:03:04
Scenario: TWO_TIER_WITH_EO - Policy: FUZZY_BASED - #iteration: 2
Duration: 5.0 min (warm up period: 1.0 min) - #devices: 2400
Creating tasks...Done, 
Creating device locations...Done.
SimManager is starting...Done.
.........10.........20.........30.........40.........50.........60.........70.........80.........90.........100
# of tasks (Edge/Cloud/Mobile): 79962(68632/11330/0)
# of failed tasks (Edge/Cloud/Mobile): 17903(16544/1359/0)
# of completed tasks (Edge/Cloud/Mobile): 62059(52088/9971/0)
# of uncompleted tasks (Edge/Cloud/Mobile): 1037(869/37/131)
# of failed tasks due to vm capacity (Edge/Cloud/Mobile): 2632(2632/0/0)
# of failed tasks due to Mobility/Network(WLAN/MAN/WAN): 1129/14142(1/12959/1182)
percentage of failed tasks: 22,389385%
average service time: 3,551284 seconds. (on Edge: 3,666984, on Cloud: 2,946876, on Mobile: NaN)
average processing time: 2,996499 seconds. (on Edge: 3,518305, on Cloud: 0,270609, on Mobile: NaN)
average network delay: 0,554786 seconds. (LAN delay: 0,143181, MAN delay: 0,015204, WAN delay: 2,676267)
average server utilization Edge/Cloud/Mobile: 49,282799/5,919388/0,000000
average cost: 0.0$
Scenario finished at 18/09/2020 01:09:12. It took 6 Minutes 8 Seconds
----------------------------------------------------------------------
Simulation finished at 18/09/2020 01:09:12. It took 1 Hour 2 Minutes 35 Seconds
