#auto generated file!
6.0;0.0;0.0;0.0
12.0;0.0;0.5;0.0
18.0;0.8571428571428571;1.45;0.0
24.0;5.75;3.35;0.0
30.0;14.267857142857142;2.2499999999999996;0.0
36.0;29.910714285714285;1.25;0.0
42.0;58.32142857142857;1.95;0.0
48.0;44.142857142857146;2.9000000000000004;0.0
54.0;8.910714285714286;3.9499999999999997;0.0
60.0;5.410714285714286;4.6;0.0
66.0;10.803571428571429;1.4500000000000002;0.0
72.0;21.375;4.1499999999999995;0.0
78.0;25.75;1.35;0.0
84.0;23.214285714285715;2.7;0.0
90.0;19.107142857142858;3.0500000000000003;0.0
96.0;26.589285714285715;1.15;0.0
102.0;34.035714285714285;1.75;0.0
108.0;53.214285714285715;3.45;0.0
114.0;85.375;1.55;0.0
120.0;102.08928571428571;2.65;0.0
126.0;91.875;1.7999999999999998;0.0
132.0;60.410714285714285;1.15;0.0
138.0;15.321428571428571;1.75;0.0
144.0;6.553571428571429;1.8499999999999999;0.0
150.0;6.321428571428571;1.7999999999999998;0.0
156.0;8.160714285714286;1.55;0.0
162.0;13.875;0.9;0.0
168.0;21.285714285714285;1.2;0.0
174.0;32.857142857142854;1.25;0.0
180.0;47.107142857142854;1.75;0.0
186.0;52.75;1.1;0.0
192.0;53.25;2.4499999999999997;0.0
198.0;48.464285714285715;2.6999999999999997;0.0
204.0;35.589285714285715;2.3499999999999996;0.0
210.0;20.732142857142858;1.05;0.0
216.0;19.178571428571427;2.75;0.0
222.0;23.875;1.2;0.0
228.0;44.982142857142854;2.85;0.0
234.0;58.19642857142857;3.1499999999999995;0.0
240.0;56.339285714285715;1.9;0.0
246.0;57.42857142857143;4.6;0.0
252.0;48.732142857142854;7.199999999999999;0.0
258.0;40.982142857142854;4.7;0.0
264.0;46.107142857142854;8.099999999999998;0.0
270.0;51.42857142857143;3.7;0.0
276.0;49.089285714285715;5.65;0.0
282.0;51.92857142857143;4.55;0.0
288.0;55.875;2.5;0.0
294.0;67.57142857142857;0.9;0.0
